
********** Robot program starting **********
   Welcome 5024!
-------------------
Robot Starting..
Creating Subsystems.. DONE
Creating Commands.. DONE
Starting CameraServer.. DONE
CS: Back: Connecting to USB camera on /dev/video1
CS: Front: Connecting to USB camera on /dev/video0
CS: Front: SetConfigJson: setting pixelFormat 1
CS: Front: set format 1 res 160x120
CS: Back: set format 1 res 160x120
CS: Front: SetConfigJson: setting width 160, height 120
CS: Front: SetConfigJson: setting property 'connect_verbose' to 1
CS: Front: SetConfigJson: setting property 'raw_brightness' to 50
CS: Front: SetConfigJson: setting property 'brightness' to 9
CS: Front: SetConfigJson: setting property 'raw_contrast' to 10
CS: Front: SetConfigJson: setting property 'contrast' to 100
CS: Front: SetConfigJson: setting property 'raw_saturation' to 14
CS: Front: SetConfigJson: setting property 'saturation' to 7
CS: Front: SetConfigJson: setting property 'white_balance_temperature_auto' to 0
CS: Front: SetConfigJson: setting property 'power_line_frequency' to 2
CS: Front: SetConfigJson: setting property 'white_balance_temperature' to 2800
CS: Front: SetConfigJson: setting property 'raw_sharpness' to 0
CS: Front: SetConfigJson: setting property 'sharpness' to 0
CS: Front: SetConfigJson: setting property 'backlight_compensation' to 0
CS: Front: SetConfigJson: setting property 'exposure_auto' to 1
CS: Front: SetConfigJson: setting property 'raw_exposure_absolute' to 78
CS: Front: SetConfigJson: setting property 'exposure_absolute' to 32
CS: Front: SetConfigJson: setting property 'pan_absolute' to 0
CS: Front: SetConfigJson: setting property 'tilt_absolute' to 0
CS: Front: SetConfigJson: setting property 'zoom_absolute' to 0
CS: Back: SetConfigJson: setting pixelFormat 1
CS: Back: SetConfigJson: setting width 160, height 120
CS: Back: SetConfigJson: setting property 'connect_verbose' to 1
CS: Back: SetConfigJson: setting property 'raw_brightness' to 50
CS: Back: SetConfigJson: setting property 'brightness' to 9
CS: Back: SetConfigJson: setting property 'raw_contrast' to 10
CS: Back: SetConfigJson: setting property 'contrast' to 100
CS: Back: SetConfigJson: setting property 'raw_saturation' to 14
CS: Back: SetConfigJson: setting property 'saturation' to 7
CS: Back: SetConfigJson: setting property 'white_balance_temperature_auto' to 0
CS: Back: SetConfigJson: setting property 'power_line_frequency' to 2
CS: Back: SetConfigJson: setting property 'white_balance_temperature' to 2800
CS: Back: SetConfigJson: setting property 'raw_sharpness' to 0
CS: Back: SetConfigJson: setting property 'sharpness' to 0
CS: Back: SetConfigJson: setting property 'backlight_compensation' to 0
CS: Back: SetConfigJson: setting property 'exposure_auto' to 1
CS: Back: SetConfigJson: setting property 'raw_exposure_absolute' to 78
CS: Back: SetConfigJson: setting property 'exposure_absolute' to 32
CS: Back: SetConfigJson: setting property 'pan_absolute' to 0
CS: Back: SetConfigJson: setting property 'tilt_absolute' to 0
CS: Back: SetConfigJson: setting property 'zoom_absolute' to 0
Setting camera config.. DONE
Resetting Gyro.. Instantiating navX-Sensor on SPI Port 4.
navX-Sensor Yaw Reset request ignored - startup calibration is currently in progress.
DONE
Connecting to telemetry table.. DONE
navX-Sensor startup initialization and startup calibration complete.
navX-Sensor onboard startup calibration complete.
navX-Sensor Yaw angle auto-reset to 0.0 due to startup calibration.
Robot disabling.. DONE
NT: server: client CONNECTED: 10.50.24.22 port 65410
NT: server: client CONNECTED: 169.254.48.36 port 39970
Watchdog not fed within 0.020000s
Loop time of 2.000000e-02s overrun

	RobotPeriodic(): 0.000115s
	DisabledPeriodic(): 0.026606s
AutonomousInit starting.. DONE
Resetting gyro.. navX-Sensor Software Yaw Reset completed.
DONE
Joystick Axis missing, check if all controllers are plugged in
Watchdog not fed within 0.020000s
Loop time of 2.000000e-02s overrun

Joystick Axis missing, check if all controllers are plugged in
	RobotPeriodic(): 0.000109s
	AutonomousPeriodic(): 0.027033s
Joystick Axis missing, check if all controllers are plugged in
Watchdog not fed within 0.020000s
Loop time of 2.000000e-02s overrun

	RobotPeriodic(): 0.000135s
	AutonomousPeriodic(): 0.022630s
Joystick Axis missing, check if all controllers are plugged in
Watchdog not fed within 0.020000s
Loop time of 2.000000e-02s overrun

	RobotPeriodic(): 0.000126s
	AutonomousPeriodic(): 0.028990s
Joystick Axis missing, check if all controllers are plugged in
Watchdog not fed within 0.020000s
Loop time of 2.000000e-02s overrun

	RobotPeriodic(): 0.000598s
	AutonomousPeriodic(): 0.021650s
Joystick Axis missing, check if all controllers are plugged in
Watchdog not fed within 0.020000s
Loop time of 2.000000e-02s overrun

	RobotPeriodic(): 0.000435s
	AutonomousPeriodic(): 0.020446s
Joystick Axis missing, check if all controllers are plugged in
Watchdog not fed within 0.020000s
Loop time of 2.000000e-02s overrun

	RobotPeriodic(): 0.000127s
	AutonomousPeriodic(): 0.027741s
Joystick Axis missing, check if all controllers are plugged in
Watchdog not fed within 0.020000s
Loop time of 2.000000e-02s overrun

	RobotPeriodic(): 0.000130s
	AutonomousPeriodic(): 0.034802s
Joystick Axis missing, check if all controllers are plugged in
Watchdog not fed within 0.020000s
Loop time of 2.000000e-02s overrun

	RobotPeriodic(): 0.000141s
	AutonomousPeriodic(): 0.032653s
Joystick Axis missing, check if all controllers are plugged in
Watchdog not fed within 0.020000s
Loop time of 2.000000e-02s overrun

	RobotPeriodic(): 0.000138s
	AutonomousPeriodic(): 0.029177s
Joystick Axis missing, check if all controllers are plugged in
Watchdog not fed within 0.020000s
Loop time of 2.000000e-02s overrun

	RobotPeriodic(): 0.000125s
	AutonomousPeriodic(): 0.037355s
Joystick Axis missing, check if all controllers are plugged in
Watchdog not fed within 0.020000s
Loop time of 2.000000e-02s overrun

	RobotPeriodic(): 0.000123s
	AutonomousPeriodic(): 0.028337s
Joystick Axis missing, check if all controllers are plugged in
Watchdog not fed within 0.020000s
Loop time of 2.000000e-02s overrun

	RobotPeriodic(): 0.000386s
	AutonomousPeriodic(): 0.024061s
Joystick Axis missing, check if all controllers are plugged in
Watchdog not fed within 0.020000s
Loop time of 2.000000e-02s overrun

	RobotPeriodic(): 0.000147s
	AutonomousPeriodic(): 0.033893s
Joystick Axis missing, check if all controllers are plugged in
Joystick Axis missing, check if all controllers are plugged in
Robot disabling.. DONE
Teleop commands starting.. DONE
Watchdog not fed within 0.020000s
Loop time of 2.000000e-02s overrun

	RobotPeriodic(): 0.000131s
	TeleopPeriodic(): 0.031003s
	TeleopInit(): 0.003810s
Joystick Axis missing, check if all controllers are plugged in
Watchdog not fed within 0.020000s
Loop time of 2.000000e-02s overrun

	RobotPeriodic(): 0.000132s
	TeleopPeriodic(): 0.027906s
-- 97.3676 since boot --
Finger Down!
Joystick Axis missing, check if all controllers are plugged in
-- 97.4345 since boot --
Finger Down!
-- 97.4863 since boot --
Finger Down!
-- 97.5391 since boot --
Finger Down!
-- 97.5831 since boot --
Finger Down!
-- 97.6126 since boot --
Finger Down!
-- 97.6438 since boot --
Finger Down!
-- 97.6717 since boot --
Finger Down!
-- 97.7032 since boot --
Finger Down!
-- 97.7486 since boot --
Finger Down!
Watchdog not fed within 0.020000s
Loop time of 2.000000e-02s overrun

-- 97.8133 since boot --
Finger Down!
	RobotPeriodic(): 0.004007s
	TeleopPeriodic(): 0.032151s
-- 97.859 since boot --
Finger Down!
-- 97.9374 since boot --
Finger Down!
-- 97.9774 since boot --
Finger Down!
-- 98.0193 since boot --
Finger Down!
-- 98.0936 since boot --
Finger Down!
-- 98.1302 since boot --
Finger Down!
-- 98.1602 since boot --
Finger Down!
-- 98.1896 since boot --
Finger Down!
-- 98.2156 since boot --
Finger Down!
-- 98.2462 since boot --
Finger Down!
-- 98.2825 since boot --
Finger Down!
-- 98.3229 since boot --
Finger Down!
-- 98.3726 since boot --
Finger Down!
-- 98.3992 since boot --
Finger Down!
-- 98.4249 since boot --
Finger Down!
-- 98.4494 since boot --
Finger Down!
-- 98.4796 since boot --
Finger Down!
-- 98.5015 since boot --
Finger Down!
-- 98.5498 since boot --
Finger Down!
-- 98.6206 since boot --
Finger Down!
Joystick Axis missing, check if all controllers are plugged in
-- 98.6535 since boot --
Finger Down!
-- 98.704 since boot --
Finger Down!
-- 98.7455 since boot --
Finger Down!
Watchdog not fed within 0.020000s
Loop time of 2.000000e-02s overrun

	RobotPeriodic(): 0.000126s
	TeleopPeriodic(): 0.030305s
Joystick Axis missing, check if all controllers are plugged in
Watchdog not fed within 0.020000s
Loop time of 2.000000e-02s overrun

	RobotPeriodic(): 0.000578s
	TeleopPeriodic(): 0.019882s
-- 100.923 since boot --
Finger Down!
-- 100.994 since boot --
Finger Down!
-- 101.05 since boot --
Finger Down!
-- 101.09 since boot --
Finger Down!
-- 101.134 since boot --
Finger Down!
-- 101.172 since boot --
Finger Down!
-- 101.2 since boot --
Finger Down!
Joystick Axis missing, check if all controllers are plugged in
-- 101.284 since boot --
Finger Down!
-- 101.342 since boot --
Finger Down!
-- 101.396 since boot --
Finger Down!
-- 101.445 since boot --
Finger Down!
-- 101.48 since boot --
Finger Down!
-- 101.52 since boot --
Finger Down!
-- 101.557 since boot --
Finger Down!
-- 101.596 since boot --
Finger Down!
-- 101.639 since boot --
Finger Down!
-- 101.681 since boot --
Finger Down!
-- 101.721 since boot --
Finger Down!
-- 101.759 since boot --
Finger Down!
-- 101.802 since boot --
Finger Down!
-- 101.84 since boot --
Finger Down!
-- 101.882 since boot --
Finger Down!
-- 101.922 since boot --
Finger Down!
-- 101.961 since boot --
Finger Down!
Watchdog not fed within 0.020000s
Loop time of 2.000000e-02s overrun

	RobotPeriodic(): 0.004439s
	TeleopPeriodic(): 0.016149s
-- 102.017 since boot --
Finger Down!
-- 102.05 since boot --
Finger Down!
-- 102.114 since boot --
Finger Down!
-- 102.161 since boot --
Finger Down!
-- 102.212 since boot --
Finger Down!
-- 102.249 since boot --
Finger Down!
-- 102.281 since boot --
Finger Down!
-- 102.312 since boot --
Finger Down!
-- 102.346 since boot --
Finger Down!
-- 102.377 since boot --
Finger Down!
-- 102.408 since boot --
Finger Down!
-- 102.427 since boot --
Finger Down!
Joystick Axis missing, check if all controllers are plugged in
-- 102.521 since boot --
Finger Down!
-- 102.597 since boot --
Finger Down!
-- 102.677 since boot --
Finger Down!
-- 102.732 since boot --
Finger Down!
-- 102.804 since boot --
Finger Down!
-- 102.847 since boot --
Finger Down!
-- 102.898 since boot --
Finger Down!
-- 102.957 since boot --
Finger Down!
-- 103.022 since boot --
Finger Down!
-- 103.067 since boot --
Finger Down!
-- 103.149 since boot --
Finger Down!
Watchdog not fed within 0.020000s
-- 103.193 since boot --
Finger Down!
Loop time of 2.000000e-02s overrun

	RobotPeriodic(): 0.000235s
	TeleopPeriodic(): 0.020121s
-- 103.263 since boot --
Finger Down!
-- 103.3 since boot --
Finger Down!
-- 103.376 since boot --
Finger Down!
-- 103.459 since boot --
Finger Down!
-- 103.543 since boot --
Finger Down!
-- 103.588 since boot --
Finger Down!
-- 103.655 since boot --
Finger Down!
-- 103.715 since boot --
Finger Down!
-- 103.735 since boot --
Finger Down!
Joystick Axis missing, check if all controllers are plugged in
-- 103.77 since boot --
Finger Down!
-- 103.804 since boot --
Finger Down!
-- 103.848 since boot --
Finger Down!
-- 103.879 since boot --
Finger Down!
-- 103.952 since boot --
Finger Down!
-- 104.005 since boot --
Finger Down!
-- 104.062 since boot --
Finger Down!
-- 104.121 since boot --
Finger Down!
-- 104.176 since boot --
Finger Down!
-- 104.23 since boot --
Finger Down!
-- 104.266 since boot --
Finger Down!
-- 104.327 since boot --
Finger Down!
-- 104.39 since boot --
Finger Down!
-- 104.441 since boot --
Finger Down!
Watchdog not fed within 0.020000s
Loop time of 2.000000e-02s overrun

	RobotPeriodic(): 0.003822s
	TeleopPeriodic(): 0.018093s
-- 104.482 since boot --
Finger Down!
-- 104.515 since boot --
Finger Down!
-- 104.564 since boot --
Finger Down!
-- 104.611 since boot --
Finger Down!
-- 104.668 since boot --
Finger Down!
-- 104.689 since boot --
Finger Down!
-- 104.738 since boot --
Finger Down!
-- 104.785 since boot --
Finger Down!
-- 104.827 since boot --
Finger Down!
-- 104.858 since boot --
Finger Down!
-- 104.927 since boot --
Finger Down!
-- 104.966 since boot --
Finger Down!
Joystick Axis missing, check if all controllers are plugged in
-- 105.004 since boot --
Finger Down!
-- 105.033 since boot --
Finger Down!
-- 105.069 since boot --
Finger Down!
-- 105.102 since boot --
Finger Down!
-- 105.183 since boot --
Finger Down!
-- 105.235 since boot --
Finger Down!
-- 105.305 since boot --
Finger Down!
-- 105.368 since boot --
Finger Down!
-- 105.403 since boot --
Finger Down!
-- 105.451 since boot --
Finger Down!
-- 105.488 since boot --
Finger Down!
-- 105.519 since boot --
Finger Down!
-- 105.558 since boot --
Finger Down!
-- 105.591 since boot --
Finger Down!
-- 105.626 since boot --
Finger Down!
-- 105.659 since boot --
Finger Down!
Watchdog not fed within 0.020000s
Loop time of 2.000000e-02s overrun

-- 105.734 since boot --
Finger Down!
	RobotPeriodic(): 0.001168s
	TeleopPeriodic(): 0.026945s
-- 105.808 since boot --
Finger Down!
-- 105.84 since boot --
Finger Down!
-- 105.865 since boot --
Finger Down!
-- 105.898 since boot --
Finger Down!
-- 105.962 since boot --
Finger Down!
-- 106.021 since boot --
Finger Down!
-- 106.076 since boot --
Finger Down!
-- 106.117 since boot --
Finger Down!
-- 106.174 since boot --
Finger Down!
Joystick Axis missing, check if all controllers are plugged in
-- 106.219 since boot --
Finger Down!
-- 106.272 since boot --
Finger Down!
-- 106.318 since boot --
Finger Down!
-- 106.375 since boot --
Finger Down!
-- 106.432 since boot --
Finger Down!
-- 106.495 since boot --
Finger Down!
-- 106.563 since boot --
Finger Down!
-- 106.629 since boot --
Finger Down!
-- 106.695 since boot --
Finger Down!
-- 106.758 since boot --
Finger Down!
-- 106.826 since boot --
Finger Down!
-- 106.862 since boot --
Finger Down!
-- 106.909 since boot --
Finger Down!
-- 106.948 since boot --
Finger Down!
Watchdog not fed within 0.020000s
-- 106.984 since boot --
Finger Down!
Loop time of 2.000000e-02s overrun

	RobotPeriodic(): 0.000998s
	TeleopPeriodic(): 0.027625s
-- 107.029 since boot --
Finger Down!
-- 107.075 since boot --
Finger Down!
-- 107.127 since boot --
Finger Down!
-- 107.155 since boot --
Finger Down!
-- 107.185 since boot --
Finger Down!
-- 107.217 since boot --
Finger Down!
-- 107.246 since boot --
Finger Down!
-- 107.31 since boot --
Finger Down!
-- 107.359 since boot --
Finger Down!
Joystick Axis missing, check if all controllers are plugged in
Watchdog not fed within 0.020000s
Loop time of 2.000000e-02s overrun

	RobotPeriodic(): 0.000310s
	TeleopPeriodic(): 0.025726s
Joystick Axis missing, check if all controllers are plugged in
Watchdog not fed within 0.020000s
Loop time of 2.000000e-02s overrun

	RobotPeriodic(): 0.000141s
	TeleopPeriodic(): 0.029652s
Joystick Axis missing, check if all controllers are plugged in
Watchdog not fed within 0.020000s
Loop time of 2.000000e-02s overrun

	RobotPeriodic(): 0.000142s
	TeleopPeriodic(): 0.025417s
Joystick Axis missing, check if all controllers are plugged in
Watchdog not fed within 0.020000s
Loop time of 2.000000e-02s overrun

	RobotPeriodic(): 0.000145s
	TeleopPeriodic(): 0.027981s
Joystick Axis missing, check if all controllers are plugged in
Joystick Axis missing, check if all controllers are plugged in
Watchdog not fed within 0.020000s
Loop time of 2.000000e-02s overrun

	RobotPeriodic(): 0.000130s
	TeleopPeriodic(): 0.022887s
Joystick Axis missing, check if all controllers are plugged in
Watchdog not fed within 0.020000s
Loop time of 2.000000e-02s overrun

	RobotPeriodic(): 0.000127s
	TeleopPeriodic(): 0.030348s
-- 116.004 since boot --
Finger Down!
-- 116.068 since boot --
Finger Down!
-- 116.136 since boot --
Finger Down!
-- 116.197 since boot --
Finger Down!
-- 116.245 since boot --
Finger Down!
Joystick Axis missing, check if all controllers are plugged in
-- 116.271 since boot --
Finger Down!
-- 116.295 since boot --
Finger Down!
-- 116.313 since boot --
Finger Down!
-- 116.379 since boot --
Finger Down!
-- 116.436 since boot --
Finger Down!
-- 116.492 since boot --
Finger Down!
-- 116.524 since boot --
Finger Down!
-- 116.58 since boot --
Finger Down!
-- 116.617 since boot --
Finger Down!
-- 116.646 since boot --
Finger Down!
-- 116.684 since boot --
Finger Down!
Watchdog not fed within 0.020000s
Loop time of 2.000000e-02s overrun

-- 116.733 since boot --
Finger Down!
	RobotPeriodic(): 0.000275s
	TeleopPeriodic(): 0.027346s
-- 116.8 since boot --
Finger Down!
-- 116.849 since boot --
Finger Down!
-- 116.893 since boot --
Finger Down!
-- 116.968 since boot --
Finger Down!
-- 117.023 since boot --
Finger Down!
-- 117.055 since boot --
Finger Down!
-- 117.093 since boot --
Finger Down!
-- 117.149 since boot --
Finger Down!
-- 117.207 since boot --
Finger Down!
-- 117.267 since boot --
Finger Down!
-- 117.296 since boot --
Finger Down!
-- 117.318 since boot --
Finger Down!
-- 117.337 since boot --
Finger Down!
-- 117.361 since boot --
Finger Down!
-- 117.388 since boot --
Finger Down!
-- 117.422 since boot --
Finger Down!
-- 117.461 since boot --
Finger Down!
Joystick Axis missing, check if all controllers are plugged in
-- 117.487 since boot --
Finger Down!
-- 117.52 since boot --
Finger Down!
-- 117.552 since boot --
Finger Down!
-- 117.584 since boot --
Finger Down!
-- 117.634 since boot --
Finger Down!
-- 117.666 since boot --
Finger Down!
-- 117.703 since boot --
Finger Down!
-- 117.729 since boot --
Finger Down!
-- 117.774 since boot --
Finger Down!
-- 117.82 since boot --
Finger Down!
-- 117.866 since boot --
Finger Down!
-- 117.909 since boot --
Finger Down!
-- 117.948 since boot --
Finger Down!
-- 118 since boot --
Finger Down!
Watchdog not fed within 0.020000s
Loop time of 2.000000e-02s overrun

	RobotPeriodic(): 0.003340s
	TeleopPeriodic(): 0.018643s
-- 118.056 since boot --
Finger Down!
Joystick Axis missing, check if all controllers are plugged in
Watchdog not fed within 0.020000s
Loop time of 2.000000e-02s overrun

	RobotPeriodic(): 0.000120s
	TeleopPeriodic(): 0.036649s
Joystick Axis missing, check if all controllers are plugged in
-- 120.206 since boot --
Finger Down!
-- 120.261 since boot --
Finger Down!
-- 120.296 since boot --
Finger Down!
-- 120.354 since boot --
Finger Down!
-- 120.375 since boot --
Finger Down!
-- 120.419 since boot --
Finger Down!
-- 120.47 since boot --
Finger Down!
-- 120.491 since boot --
Finger Down!
-- 120.521 since boot --
Finger Down!
-- 120.556 since boot --
Finger Down!
-- 120.597 since boot --
Watchdog not fed within 0.020000s
Finger Down!
Loop time of 2.000000e-02s overrun

	RobotPeriodic(): 0.004368s
	TeleopPeriodic(): 0.018915s
-- 120.636 since boot --
Finger Down!
-- 120.658 since boot --
Finger Down!
-- 120.708 since boot --
Finger Down!
-- 120.756 since boot --
Finger Down!
-- 120.817 since boot --
Finger Down!
-- 120.871 since boot --
Finger Down!
-- 120.94 since boot --
Finger Down!
-- 120.998 since boot --
Finger Down!
-- 121.056 since boot --
Finger Down!
-- 121.134 since boot --
Finger Down!
-- 121.176 since boot --
Finger Down!
Joystick Axis missing, check if all controllers are plugged in
-- 121.22 since boot --
Finger Down!
-- 121.267 since boot --
Finger Down!
-- 121.309 since boot --
Finger Down!
-- 121.351 since boot --
Finger Down!
-- 121.394 since boot --
Finger Down!
-- 121.434 since boot --
Finger Down!
-- 121.478 since boot --
Finger Down!
-- 121.516 since boot --
Finger Down!
-- 121.553 since boot --
Finger Down!
-- 121.593 since boot --
Finger Down!
-- 121.625 since boot --
Finger Down!
-- 121.661 since boot --
Finger Down!
-- 121.699 since boot --
Finger Down!
-- 121.754 since boot --
Finger Down!
-- 121.777 since boot --
Finger Down!
Watchdog not fed within 0.020000s
Loop time of 2.000000e-02s overrun

-- 121.868 since boot --
Finger Down!
	RobotPeriodic(): 0.006054s
	TeleopPeriodic(): 0.039343s
-- 121.947 since boot --
Finger Down!
-- 122.001 since boot --
Finger Down!
-- 122.058 since boot --
Finger Down!
-- 122.104 since boot --
Finger Down!
-- 122.157 since boot --
Finger Down!
-- 122.204 since boot --
Finger Down!
-- 122.249 since boot --
Finger Down!
-- 122.311 since boot --
Finger Down!
-- 122.386 since boot --
Finger Down!
Joystick Axis missing, check if all controllers are plugged in
-- 122.458 since boot --
Finger Down!
-- 122.491 since boot --
Finger Down!
-- 122.553 since boot --
Finger Down!
-- 122.601 since boot --
Finger Down!
-- 122.672 since boot --
Finger Down!
-- 122.702 since boot --
Finger Down!
-- 122.767 since boot --
Finger Down!
-- 122.806 since boot --
Finger Down!
-- 122.87 since boot --
Finger Down!
-- 122.919 since boot --
Finger Down!
-- 122.97 since boot --
Finger Down!
-- 123.014 since boot --
Finger Down!
-- 123.052 since boot --
Finger Down!
-- 123.095 since boot --
Finger Down!
-- 123.136 since boot --
Finger Down!
Watchdog not fed within 0.020000s
Loop time of 2.000000e-02s overrun

	RobotPeriodic(): 0.004164s
	TeleopPeriodic(): 0.019825s
-- 123.228 since boot --
Finger Down!
-- 123.268 since boot --
Finger Down!
-- 123.329 since boot --
Finger Down!
-- 123.377 since boot --
Finger Down!
-- 123.432 since boot --
Finger Down!
-- 123.506 since boot --
Finger Down!
-- 123.561 since boot --
Finger Down!
-- 123.627 since boot --
Finger Down!
-- 123.67 since boot --
Finger Down!
Joystick Axis missing, check if all controllers are plugged in
-- 123.737 since boot --
Finger Down!
-- 123.759 since boot --
Finger Down!
-- 123.829 since boot --
Finger Down!
-- 123.873 since boot --
Finger Down!
-- 123.905 since boot --
Finger Down!
-- 123.937 since boot --
Finger Down!
-- 123.979 since boot --
Finger Down!
-- 124.034 since boot --
Finger Down!
-- 124.091 since boot --
Finger Down!
-- 124.121 since boot --
Finger Down!
-- 124.148 since boot --
Finger Down!
-- 124.177 since boot --
Finger Down!
-- 124.202 since boot --
Finger Down!
-- 124.228 since boot --
Finger Down!
-- 124.258 since boot --
Finger Down!
-- 124.296 since boot --
Finger Down!
-- 124.33 since boot --
Finger Down!
Watchdog not fed within 0.020000s
-- 124.373 since boot --
Finger Down!
Loop time of 2.000000e-02s overrun

	RobotPeriodic(): 0.000233s
	TeleopPeriodic(): 0.023767s
-- 124.415 since boot --
Finger Down!
-- 124.472 since boot --
Finger Down!
-- 124.505 since boot --
Finger Down!
-- 124.57 since boot --
Finger Down!
-- 124.622 since boot --
Finger Down!
-- 124.692 since boot --
Finger Down!
-- 124.748 since boot --
Finger Down!
-- 124.804 since boot --
Finger Down!
-- 124.855 since boot --
Finger Down!
-- 124.898 since boot --
Finger Down!
Joystick Axis missing, check if all controllers are plugged in
-- 124.94 since boot --
Finger Down!
-- 124.97 since boot --
Finger Down!
-- 125.001 since boot --
Finger Down!
-- 125.085 since boot --
Finger Down!
-- 125.152 since boot --
Finger Down!
-- 125.195 since boot --
Finger Down!
-- 125.253 since boot --
Finger Down!
-- 125.286 since boot --
Finger Down!
-- 125.306 since boot --
Finger Down!
-- 125.331 since boot --
Finger Down!
-- 125.352 since boot --
Finger Down!
-- 125.378 since boot --
Finger Down!
-- 125.403 since boot --
Finger Down!
-- 125.424 since boot --
Finger Down!
-- 125.472 since boot --
Finger Down!
-- 125.53 since boot --
Finger Down!
-- 125.587 since boot --
Finger Down!
Watchdog not fed within 0.020000s
Loop time of 2.000000e-02s overrun

-- 125.641 since boot --
Finger Down!
	RobotPeriodic(): 0.000423s
	TeleopPeriodic(): 0.027929s
-- 125.699 since boot --
Finger Down!
-- 125.74 since boot --
Finger Down!
-- 125.767 since boot --
Finger Down!
-- 125.833 since boot --
Finger Down!
-- 125.874 since boot --
Finger Down!
-- 125.921 since boot --
Finger Down!
-- 125.973 since boot --
Finger Down!
-- 126.03 since boot --
Finger Down!
-- 126.069 since boot --
Finger Down!
-- 126.125 since boot --
Finger Down!
Joystick Axis missing, check if all controllers are plugged in
-- 126.16 since boot --
Finger Down!
-- 126.187 since boot --
Finger Down!
-- 126.212 since boot --
Finger Down!
Watchdog not fed within 0.020000s
Loop time of 2.000000e-02s overrun

	RobotPeriodic(): 0.000134s
	TeleopPeriodic(): 0.031795s
Joystick Axis missing, check if all controllers are plugged in
Watchdog not fed within 0.020000s
Loop time of 2.000000e-02s overrun

	RobotPeriodic(): 0.000244s
	TeleopPeriodic(): 0.025552s
Joystick Axis missing, check if all controllers are plugged in
-- 129.346 since boot --
Finger Down!
-- 129.371 since boot --
Finger Down!
-- 129.446 since boot --
Finger Down!
-- 129.486 since boot --
Finger Down!
Watchdog not fed within 0.020000s
Loop time of 2.000000e-02s overrun

-- 129.544 since boot --
Finger Down!
	RobotPeriodic(): 0.000822s
	TeleopPeriodic(): 0.031034s
-- 129.578 since boot --
Finger Down!
-- 129.613 since boot --
Finger Down!
-- 129.649 since boot --
Finger Down!
-- 129.686 since boot --
Finger Down!
-- 129.719 since boot --
Finger Down!
-- 129.75 since boot --
Finger Down!
-- 129.803 since boot --
Finger Down!
-- 129.848 since boot --
Finger Down!
-- 129.896 since boot --
Finger Down!
Joystick Axis missing, check if all controllers are plugged in
-- 129.953 since boot --
Finger Down!
-- 129.991 since boot --
Finger Down!
-- 130.02 since boot --
Finger Down!
-- 130.066 since boot --
Finger Down!
-- 130.106 since boot --
Finger Down!
-- 130.137 since boot --
Finger Down!
-- 130.165 since boot --
Finger Down!
-- 130.191 since boot --
Finger Down!
-- 130.216 since boot --
Finger Down!
-- 130.243 since boot --
Finger Down!
-- 130.269 since boot --
Finger Down!
-- 130.295 since boot --
Finger Down!
-- 130.32 since boot --
Finger Down!
-- 130.348 since boot --
Finger Down!
-- 130.397 since boot --
Finger Down!
-- 130.443 since boot --
Finger Down!
-- 130.507 since boot --
Finger Down!
-- 130.555 since boot --
Finger Down!
-- 130.62 since boot --
Finger Down!
-- 130.679 since boot --
Finger Down!
Watchdog not fed within 0.020000s
Loop time of 2.000000e-02s overrun

-- 130.736 since boot --
Finger Down!
	RobotPeriodic(): 0.000228s
	TeleopPeriodic(): 0.035789s
-- 130.785 since boot --
Finger Down!
-- 130.84 since boot --
Finger Down!
-- 130.898 since boot --
Finger Down!
-- 130.93 since boot --
Finger Down!
-- 130.969 since boot --
Finger Down!
-- 131.018 since boot --
Finger Down!
-- 131.045 since boot --
Finger Down!
-- 131.097 since boot --
Finger Down!
Joystick Axis missing, check if all controllers are plugged in
-- 131.145 since boot --
Finger Down!
-- 131.18 since boot --
Finger Down!
-- 131.231 since boot --
Finger Down!
-- 131.291 since boot --
Finger Down!
-- 131.348 since boot --
Finger Down!
-- 131.426 since boot --
Finger Down!
-- 131.474 since boot --
Finger Down!
-- 131.504 since boot --
Finger Down!
-- 131.538 since boot --
Finger Down!
-- 131.574 since boot --
Finger Down!
-- 131.611 since boot --
Finger Down!
-- 131.66 since boot --
Finger Down!
-- 131.688 since boot --
Finger Down!
-- 131.717 since boot --
Finger Down!
-- 131.759 since boot --
Finger Down!
-- 131.81 since boot --
Finger Down!
-- 131.872 since boot --
Finger Down!
-- 131.924 since boot --
Finger Down!
-- 131.959 since boot --
Finger Down!
-- 131.993 since boot --
Finger Down!
-- 132.02 since boot --
Finger Down!
-- 132.04 since boot --
Finger Down!
-- 132.064 since boot --
Finger Down!
-- 132.088 since boot --
Finger Down!
-- 132.115 since boot --
Finger Down!
Watchdog not fed within 0.020000s
Loop time of 2.000000e-02s overrun

-- 132.164 since boot --
Finger Down!
	RobotPeriodic(): 0.000967s
	TeleopPeriodic(): 0.031164s
-- 132.222 since boot --
Finger Down!
-- 132.273 since boot --
Finger Down!
-- 132.323 since boot --
Finger Down!
Joystick Axis missing, check if all controllers are plugged in
-- 132.403 since boot --
Finger Down!
-- 132.444 since boot --
Finger Down!
-- 132.493 since boot --
Finger Down!
-- 132.541 since boot --
Finger Down!
-- 132.593 since boot --
Finger Down!
-- 132.646 since boot --
Finger Down!
-- 132.731 since boot --
Finger Down!
-- 132.76 since boot --
Finger Down!
-- 132.789 since boot --
Finger Down!
-- 132.821 since boot --
Finger Down!
-- 132.862 since boot --
Finger Down!
-- 132.893 since boot --
Finger Down!
Watchdog not fed within 0.020000s
Loop time of 2.000000e-02s overrun

	RobotPeriodic(): 0.000122s
	TeleopPeriodic(): 0.027501s
Joystick Axis missing, check if all controllers are plugged in
Watchdog not fed within 0.020000s
Loop time of 2.000000e-02s overrun

	RobotPeriodic(): 0.000130s
	TeleopPeriodic(): 0.035966s
Joystick Axis missing, check if all controllers are plugged in
Watchdog not fed within 0.020000s
Loop time of 2.000000e-02s overrun

	RobotPeriodic(): 0.000134s
	TeleopPeriodic(): 0.024944s
Joystick Axis missing, check if all controllers are plugged in
Joystick Axis missing, check if all controllers are plugged in
Watchdog not fed within 0.020000s
Loop time of 2.000000e-02s overrun

	RobotPeriodic(): 0.000122s
	TeleopPeriodic(): 0.029881s
Joystick Axis missing, check if all controllers are plugged in
Watchdog not fed within 0.020000s
Loop time of 2.000000e-02s overrun

	RobotPeriodic(): 0.000234s
	TeleopPeriodic(): 0.028640s
Joystick Axis missing, check if all controllers are plugged in
Watchdog not fed within 0.020000s
Loop time of 2.000000e-02s overrun

	RobotPeriodic(): 0.000160s
	TeleopPeriodic(): 0.028552s
Joystick Axis missing, check if all controllers are plugged in
Watchdog not fed within 0.020000s
Loop time of 2.000000e-02s overrun

	RobotPeriodic(): 0.000147s
	TeleopPeriodic(): 0.026059s
Joystick Axis missing, check if all controllers are plugged in
Watchdog not fed within 0.020000s
Loop time of 2.000000e-02s overrun

	RobotPeriodic(): 0.000294s
	TeleopPeriodic(): 0.033453s
-- 143.165 since boot --
Finger Down!
-- 143.187 since boot --
Finger Down!
-- 143.212 since boot --
Finger Down!
-- 143.248 since boot --
Finger Down!
-- 143.285 since boot --
Finger Down!
-- 143.339 since boot --
Finger Down!
-- 143.377 since boot --
Finger Down!
-- 143.421 since boot --
Finger Down!
-- 143.472 since boot --
Finger Down!
-- 143.501 since boot --
Finger Down!
-- 143.535 since boot --
Finger Down!
-- 143.565 since boot --
Finger Down!
Joystick Axis missing, check if all controllers are plugged in
-- 143.601 since boot --
Finger Down!
-- 143.658 since boot --
Finger Down!
-- 143.713 since boot --
Finger Down!
-- 143.772 since boot --
Finger Down!
Watchdog not fed within 0.020000s
Loop time of 2.000000e-02s overrun

-- 143.837 since boot --
Finger Down!
	RobotPeriodic(): 0.000429s
	TeleopPeriodic(): 0.043298s
-- 143.902 since boot --
Finger Down!
-- 143.92 since boot --
Finger Down!
-- 143.987 since boot --
Finger Down!
-- 144.028 since boot --
Finger Down!
-- 144.08 since boot --
Finger Down!
-- 144.129 since boot --
Finger Down!
-- 144.21 since boot --
Finger Down!
-- 144.275 since boot --
Finger Down!
-- 144.332 since boot --
Finger Down!
-- 144.39 since boot --
Finger Down!
-- 144.421 since boot --
Finger Down!
-- 144.453 since boot --
Finger Down!
-- 144.491 since boot --
Finger Down!
-- 144.557 since boot --
Finger Down!
-- 144.597 since boot --
Finger Down!
-- 144.645 since boot --
Finger Down!
-- 144.704 since boot --
Finger Down!
-- 144.76 since boot --
Finger Down!
-- 144.816 since boot --
Finger Down!
Joystick Axis missing, check if all controllers are plugged in
-- 144.871 since boot --
Finger Down!
-- 144.889 since boot --
Finger Down!
-- 144.909 since boot --
Finger Down!
-- 144.919 since boot --
Finger Down!
-- 144.936 since boot --
Finger Down!
-- 144.973 since boot --
Finger Down!
Watchdog not fed within 0.020000s
Loop time of 2.000000e-02s overrun

-- 145.025 since boot --
Finger Down!
-- 145.065 since boot --
Finger Down!
	RobotPeriodic(): 0.000580s
	TeleopPeriodic(): 0.020604s
-- 145.103 since boot --
Finger Down!
-- 145.152 since boot --
Finger Down!
-- 145.193 since boot --
Finger Down!
-- 145.206 since boot --
Finger Down!
-- 145.242 since boot --
Finger Down!
-- 145.269 since boot --
Finger Down!
-- 145.302 since boot --
Finger Down!
-- 145.361 since boot --
Finger Down!
-- 145.412 since boot --
Finger Down!
-- 145.469 since boot --
Finger Down!
-- 145.526 since boot --
Finger Down!
-- 145.581 since boot --
Finger Down!
-- 145.634 since boot --
Finger Down!
-- 145.693 since boot --
Finger Down!
-- 145.74 since boot --
Finger Down!
-- 145.775 since boot --
Finger Down!
-- 145.807 since boot --
Finger Down!
-- 145.839 since boot --
Finger Down!
-- 145.862 since boot --
Finger Down!
-- 145.886 since boot --
Finger Down!
-- 145.908 since boot --
Finger Down!
-- 145.93 since boot --
Finger Down!
-- 145.956 since boot --
Finger Down!
-- 145.98 since boot --
Finger Down!
-- 146.011 since boot --
Finger Down!
Joystick Axis missing, check if all controllers are plugged in
-- 146.074 since boot --
Finger Down!
-- 146.108 since boot --
Finger Down!
-- 146.15 since boot --
Finger Down!
-- 146.171 since boot --
Finger Down!
-- 146.199 since boot --
Finger Down!
-- 146.227 since boot --
Finger Down!
Watchdog not fed within 0.020000s
Loop time of 2.000000e-02s overrun

-- 146.265 since boot --
Finger Down!
	RobotPeriodic(): 0.000229s
	TeleopPeriodic(): 0.026367s
-- 146.309 since boot --
Finger Down!
-- 146.347 since boot --
Finger Down!
-- 146.386 since boot --
Finger Down!
-- 146.424 since boot --
Finger Down!
-- 146.466 since boot --
Finger Down!
-- 146.509 since boot --
Finger Down!
-- 146.551 since boot --
Finger Down!
-- 146.589 since boot --
Finger Down!
-- 146.617 since boot --
Finger Down!
-- 146.667 since boot --
Finger Down!
-- 146.72 since boot --
Finger Down!
-- 146.748 since boot --
Finger Down!
-- 146.774 since boot --
Finger Down!
-- 146.805 since boot --
Finger Down!
-- 146.845 since boot --
Finger Down!
-- 146.905 since boot --
Finger Down!
Joystick Axis missing, check if all controllers are plugged in
Watchdog not fed within 0.020000s
Loop time of 2.000000e-02s overrun

	RobotPeriodic(): 0.000129s
	TeleopPeriodic(): 0.029084s
Joystick Axis missing, check if all controllers are plugged in
Watchdog not fed within 0.020000s
Loop time of 2.000000e-02s overrun

	RobotPeriodic(): 0.000241s
	TeleopPeriodic(): 0.024027s
Joystick Axis missing, check if all controllers are plugged in
Watchdog not fed within 0.020000s
Loop time of 2.000000e-02s overrun

	RobotPeriodic(): 0.000128s
	TeleopPeriodic(): 0.029219s
Joystick Axis missing, check if all controllers are plugged in
Joystick Axis missing, check if all controllers are plugged in
Watchdog not fed within 0.020000s
Loop time of 2.000000e-02s overrun

	RobotPeriodic(): 0.000201s
	TeleopPeriodic(): 0.041023s
Joystick Axis missing, check if all controllers are plugged in
Watchdog not fed within 0.020000s
Loop time of 2.000000e-02s overrun

	RobotPeriodic(): 0.001429s
	TeleopPeriodic(): 0.026362s
Joystick Axis missing, check if all controllers are plugged in
Watchdog not fed within 0.020000s
Loop time of 2.000000e-02s overrun

	RobotPeriodic(): 0.000125s
	TeleopPeriodic(): 0.027783s
Joystick Axis missing, check if all controllers are plugged in
Watchdog not fed within 0.020000s
Loop time of 2.000000e-02s overrun

	RobotPeriodic(): 0.000642s
	TeleopPeriodic(): 0.021062s
Joystick Axis missing, check if all controllers are plugged in
Watchdog not fed within 0.020000s
Loop time of 2.000000e-02s overrun

	RobotPeriodic(): 0.000193s
	TeleopPeriodic(): 0.026494s
Joystick Axis missing, check if all controllers are plugged in
Watchdog not fed within 0.020000s
Loop time of 2.000000e-02s overrun

	RobotPeriodic(): 0.003394s
	TeleopPeriodic(): 0.023675s
Joystick Axis missing, check if all controllers are plugged in
Watchdog not fed within 0.020000s
Loop time of 2.000000e-02s overrun

	RobotPeriodic(): 0.000126s
	TeleopPeriodic(): 0.021880s
Joystick Axis missing, check if all controllers are plugged in
Watchdog not fed within 0.020000s
Loop time of 2.000000e-02s overrun

	RobotPeriodic(): 0.000123s
	TeleopPeriodic(): 0.026238s
Joystick Axis missing, check if all controllers are plugged in
Watchdog not fed within 0.020000s
Loop time of 2.000000e-02s overrun

	RobotPeriodic(): 0.000415s
	TeleopPeriodic(): 0.020745s
Joystick Axis missing, check if all controllers are plugged in
Watchdog not fed within 0.020000s
Loop time of 2.000000e-02s overrun

	RobotPeriodic(): 0.000144s
	TeleopPeriodic(): 0.030366s
Joystick Axis missing, check if all controllers are plugged in
Watchdog not fed within 0.020000s
Loop time of 2.000000e-02s overrun

	RobotPeriodic(): 0.000223s
	TeleopPeriodic(): 0.025968s
Joystick Axis missing, check if all controllers are plugged in
	RobotPeriodic(): 0.000126s
	TeleopPeriodic(): 0.030921s
Watchdog not fed within 0.020000s
Loop time of 2.000000e-02s overrun

Joystick Axis missing, check if all controllers are plugged in
	RobotPeriodic(): 0.000125s
	TeleopPeriodic(): 0.033470s
Watchdog not fed within 0.020000s
Loop time of 2.000000e-02s overrun

Joystick Axis missing, check if all controllers are plugged in
Watchdog not fed within 0.020000s
Loop time of 2.000000e-02s overrun

	RobotPeriodic(): 0.000257s
	TeleopPeriodic(): 0.028706s
Joystick Axis missing, check if all controllers are plugged in
Watchdog not fed within 0.020000s
Loop time of 2.000000e-02s overrun

	RobotPeriodic(): 0.000138s
	TeleopPeriodic(): 0.020329s
Joystick Axis missing, check if all controllers are plugged in
Watchdog not fed within 0.020000s
Loop time of 2.000000e-02s overrun

	RobotPeriodic(): 0.000135s
	TeleopPeriodic(): 0.020253s
Joystick Axis missing, check if all controllers are plugged in
	RobotPeriodic(): 0.000444s
	TeleopPeriodic(): 0.023796s
Watchdog not fed within 0.020000s
Loop time of 2.000000e-02s overrun

Joystick Axis missing, check if all controllers are plugged in
	RobotPeriodic(): 0.000125s
	TeleopPeriodic(): 0.021541s
Joystick Axis missing, check if all controllers are plugged in
Watchdog not fed within 0.020000s
Loop time of 2.000000e-02s overrun

	RobotPeriodic(): 0.000149s
	TeleopPeriodic(): 0.027630s
Joystick Axis missing, check if all controllers are plugged in
Watchdog not fed within 0.020000s
Loop time of 2.000000e-02s overrun

	RobotPeriodic(): 0.000128s
	TeleopPeriodic(): 0.031096s
Joystick Axis missing, check if all controllers are plugged in
Watchdog not fed within 0.020000s
Loop time of 2.000000e-02s overrun

	RobotPeriodic(): 0.000498s
	TeleopPeriodic(): 0.024580s
Joystick Axis missing, check if all controllers are plugged in
Watchdog not fed within 0.020000s
Loop time of 2.000000e-02s overrun

Joystick Axis missing, check if all controllers are plugged in
Watchdog not fed within 0.020000s
Loop time of 2.000000e-02s overrun

	RobotPeriodic(): 0.000129s
	TeleopPeriodic(): 0.029330s
Joystick Axis missing, check if all controllers are plugged in
Watchdog not fed within 0.020000s
Loop time of 2.000000e-02s overrun

	RobotPeriodic(): 0.000126s
	TeleopPeriodic(): 0.023381s
Joystick Axis missing, check if all controllers are plugged in
Watchdog not fed within 0.020000s
Loop time of 2.000000e-02s overrun

	RobotPeriodic(): 0.000137s
	TeleopPeriodic(): 0.024889s
Joystick Axis missing, check if all controllers are plugged in
Watchdog not fed within 0.020000s
Loop time of 2.000000e-02s overrun

	RobotPeriodic(): 0.000131s
	TeleopPeriodic(): 0.027517s
Joystick Axis missing, check if all controllers are plugged in
Watchdog not fed within 0.020000s
Loop time of 2.000000e-02s overrun

	RobotPeriodic(): 0.000145s
	TeleopPeriodic(): 0.027374s
Joystick Axis missing, check if all controllers are plugged in
Watchdog not fed within 0.020000s
Loop time of 2.000000e-02s overrun

	RobotPeriodic(): 0.000123s
	TeleopPeriodic(): 0.025421s
Joystick Axis missing, check if all controllers are plugged in
Watchdog not fed within 0.020000s
Loop time of 2.000000e-02s overrun

	RobotPeriodic(): 0.000145s
	TeleopPeriodic(): 0.021345s
Joystick Axis missing, check if all controllers are plugged in
Watchdog not fed within 0.020000s
Loop time of 2.000000e-02s overrun

	RobotPeriodic(): 0.000489s
	TeleopPeriodic(): 0.028518s
Joystick Axis missing, check if all controllers are plugged in
Watchdog not fed within 0.020000s
Loop time of 2.000000e-02s overrun

	RobotPeriodic(): 0.000149s
	TeleopPeriodic(): 0.035339s
Joystick Axis missing, check if all controllers are plugged in
Watchdog not fed within 0.020000s
Loop time of 2.000000e-02s overrun

	RobotPeriodic(): 0.000128s
	TeleopPeriodic(): 0.026343s
Joystick Axis missing, check if all controllers are plugged in
Watchdog not fed within 0.020000s
Loop time of 2.000000e-02s overrun

	RobotPeriodic(): 0.000720s
	TeleopPeriodic(): 0.020150s
Joystick Axis missing, check if all controllers are plugged in
Watchdog not fed within 0.020000s
Loop time of 2.000000e-02s overrun

	RobotPeriodic(): 0.000142s
	TeleopPeriodic(): 0.025702s
Joystick Axis missing, check if all controllers are plugged in
Watchdog not fed within 0.020000s
Loop time of 2.000000e-02s overrun

	RobotPeriodic(): 0.000370s
	TeleopPeriodic(): 0.024270s
Joystick Axis missing, check if all controllers are plugged in
Watchdog not fed within 0.020000s
Loop time of 2.000000e-02s overrun

	RobotPeriodic(): 0.000154s
	TeleopPeriodic(): 0.028428s
Joystick Axis missing, check if all controllers are plugged in
Joystick Axis missing, check if all controllers are plugged in
Watchdog not fed within 0.020000s
Loop time of 2.000000e-02s overrun

	RobotPeriodic(): 0.000483s
	TeleopPeriodic(): 0.027821s
Joystick Axis missing, check if all controllers are plugged in
Watchdog not fed within 0.020000s
Loop time of 2.000000e-02s overrun

	RobotPeriodic(): 0.000568s
	TeleopPeriodic(): 0.027420s
Joystick Axis missing, check if all controllers are plugged in
Watchdog not fed within 0.020000s
Loop time of 2.000000e-02s overrun

	RobotPeriodic(): 0.000148s
	TeleopPeriodic(): 0.032534s
Joystick Axis missing, check if all controllers are plugged in
Watchdog not fed within 0.020000s
Loop time of 2.000000e-02s overrun

	RobotPeriodic(): 0.000329s
	TeleopPeriodic(): 0.026433s
Watchdog not fed within 0.020000s
Loop time of 2.000000e-02s overrun

Joystick Axis missing, check if all controllers are plugged in
	RobotPeriodic(): 0.000468s
	TeleopPeriodic(): 0.046696s
Joystick Axis missing, check if all controllers are plugged in
Watchdog not fed within 0.020000s
Loop time of 2.000000e-02s overrun

	RobotPeriodic(): 0.000276s
	TeleopPeriodic(): 0.023212s
Joystick Axis missing, check if all controllers are plugged in
Watchdog not fed within 0.020000s
Loop time of 2.000000e-02s overrun

	RobotPeriodic(): 0.000154s
	TeleopPeriodic(): 0.035110s
Joystick Axis missing, check if all controllers are plugged in
	RobotPeriodic(): 0.000388s
	TeleopPeriodic(): 0.052423s
Watchdog not fed within 0.020000s
Loop time of 2.000000e-02s overrun

Joystick Axis missing, check if all controllers are plugged in
Watchdog not fed within 0.020000s
Loop time of 2.000000e-02s overrun

	RobotPeriodic(): 0.000115s
	TeleopPeriodic(): 0.027262s
Joystick Axis missing, check if all controllers are plugged in
Watchdog not fed within 0.020000s
Loop time of 2.000000e-02s overrun

	RobotPeriodic(): 0.000143s
	TeleopPeriodic(): 0.030515s
Joystick Axis missing, check if all controllers are plugged in
Watchdog not fed within 0.020000s
Loop time of 2.000000e-02s overrun

	RobotPeriodic(): 0.000387s
	TeleopPeriodic(): 0.028998s
Joystick Axis missing, check if all controllers are plugged in
Watchdog not fed within 0.020000s
Loop time of 2.000000e-02s overrun

	RobotPeriodic(): 0.000123s
	TeleopPeriodic(): 0.024454s
Joystick Axis missing, check if all controllers are plugged in
Watchdog not fed within 0.020000s
Loop time of 2.000000e-02s overrun

	RobotPeriodic(): 0.000124s
	TeleopPeriodic(): 0.039511s
Joystick Axis missing, check if all controllers are plugged in
Watchdog not fed within 0.020000s
Loop time of 2.000000e-02s overrun

	RobotPeriodic(): 0.000270s
	TeleopPeriodic(): 0.023828s
Joystick Axis missing, check if all controllers are plugged in
Watchdog not fed within 0.020000s
Loop time of 2.000000e-02s overrun

	RobotPeriodic(): 0.001809s
	TeleopPeriodic(): 0.019526s
Joystick Axis missing, check if all controllers are plugged in
Watchdog not fed within 0.020000s
Loop time of 2.000000e-02s overrun

	RobotPeriodic(): 0.000142s
	TeleopPeriodic(): 0.040978s
Joystick Axis missing, check if all controllers are plugged in
Watchdog not fed within 0.020000s
Loop time of 2.000000e-02s overrun

Joystick Axis missing, check if all controllers are plugged in
	RobotPeriodic(): 0.000128s
	TeleopPeriodic(): 0.022534s
Watchdog not fed within 0.020000s
Loop time of 2.000000e-02s overrun

Joystick Axis missing, check if all controllers are plugged in
	RobotPeriodic(): 0.000125s
	TeleopPeriodic(): 0.028015s
Joystick Axis missing, check if all controllers are plugged in
Watchdog not fed within 0.020000s
Loop time of 2.000000e-02s overrun

Joystick Axis missing, check if all controllers are plugged in
	RobotPeriodic(): 0.000109s
	TeleopPeriodic(): 0.032168s
Watchdog not fed within 0.020000s
Loop time of 2.000000e-02s overrun

Joystick Axis missing, check if all controllers are plugged in
	RobotPeriodic(): 0.000602s
	TeleopPeriodic(): 0.026661s
Watchdog not fed within 0.020000s
Loop time of 2.000000e-02s overrun

-- 225.631 since boot --
Manual climb starting
Watchdog not fed within 0.020000s
Loop time of 2.000000e-02s overrun

	RobotPeriodic(): 0.001529s
	TeleopPeriodic(): 0.026810s
Watchdog not fed within 0.020000s
Loop time of 2.000000e-02s overrun

	RobotPeriodic(): 0.000138s
	TeleopPeriodic(): 0.034191s
Watchdog not fed within 0.020000s
Loop time of 2.000000e-02s overrun

	RobotPeriodic(): 0.000143s
	TeleopPeriodic(): 0.027766s
Watchdog not fed within 0.020000s
Loop time of 2.000000e-02s overrun

	RobotPeriodic(): 0.000139s
	TeleopPeriodic(): 0.025612s
Watchdog not fed within 0.020000s
Loop time of 2.000000e-02s overrun

	RobotPeriodic(): 0.000128s
	TeleopPeriodic(): 0.026518s
Watchdog not fed within 0.020000s
Loop time of 2.000000e-02s overrun

	RobotPeriodic(): 0.000136s
	TeleopPeriodic(): 0.029437s
-- 234.076 since boot --
Arms are being full-forced!
-- 234.127 since boot --
Arms are being full-forced!
-- 234.156 since boot --
Arms are being full-forced!
-- 234.201 since boot --
Arms are being full-forced!
-- 234.239 since boot --
Arms are being full-forced!
-- 234.282 since boot --
Arms are being full-forced!
-- 234.326 since boot --
Arms are being full-forced!
-- 234.374 since boot --
Arms are being full-forced!
-- 234.415 since boot --
Arms are being full-forced!
-- 234.447 since boot --
Arms are being full-forced!
-- 234.486 since boot --
Arms are being full-forced!
Watchdog not fed within 0.020000s
Loop time of 2.000000e-02s overrun

-- 234.53 since boot --
Pushing legs down!
Arms are being full-forced!
	RobotPeriodic(): 0.000256s
	TeleopPeriodic(): 0.026479s
-- 234.572 since boot --
Pushing legs down!
Arms are being full-forced!
-- 234.619 since boot --
Pushing legs down!
Arms are being full-forced!
-- 234.647 since boot --
Pushing legs down!
Arms are being full-forced!
-- 234.695 since boot --
Pushing legs down!
Arms are being full-forced!
-- 234.73 since boot --
Pushing legs down!
Arms are being full-forced!
-- 234.761 since boot --
Pushing legs down!
Arms are being full-forced!
-- 234.793 since boot --
Pushing legs down!
Arms are being full-forced!
-- 234.862 since boot --
Pushing legs down!
Arms are being full-forced!
-- 234.892 since boot --
Pushing legs down!
Arms are being full-forced!
-- 234.916 since boot --
Pushing legs down!
Arms are being full-forced!
-- 234.947 since boot --
Pushing legs down!
Arms are being full-forced!
-- 234.998 since boot --
Pushing legs down!
Arms are being full-forced!
-- 235.023 since boot --
Pushing legs down!
Arms are being full-forced!
-- 235.05 since boot --
Pushing legs down!
Arms are being full-forced!
-- 235.076 since boot --
Pushing legs down!
Arms are being full-forced!
-- 235.1 since boot --
Pushing legs down!
Arms are being full-forced!
-- 235.149 since boot --
Pushing legs down!
Arms are being full-forced!
-- 235.184 since boot --
Pushing legs down!
Arms are being full-forced!
-- 235.206 since boot --
Pushing legs down!
Arms are being full-forced!
-- 235.234 since boot --
Pushing legs down!
Arms are being full-forced!
-- 235.256 since boot --
Pushing legs down!
Arms are being full-forced!
-- 235.288 since boot --
Pushing legs down!
Arms are being full-forced!
-- 235.352 since boot --
Pushing legs down!
Arms are being full-forced!
-- 235.406 since boot --
Pushing legs down!
Arms are being full-forced!
-- 235.447 since boot --
Pushing legs down!
Arms are being full-forced!
-- 235.504 since boot --
Pushing legs down!
Arms are being full-forced!
-- 235.561 since boot --
Pushing legs down!
Arms are being full-forced!
-- 235.588 since boot --
Pushing legs down!
Arms are being full-forced!
-- 235.616 since boot --
Pushing legs down!
Arms are being full-forced!
-- 235.642 since boot --
Pushing legs down!
Arms are being full-forced!
-- 235.664 since boot --
Pushing legs down!
Arms are being full-forced!
-- 235.692 since boot --
Pushing legs down!
Arms are being full-forced!
-- 235.726 since boot --
Pushing legs down!
Arms are being full-forced!
-- 235.759 since boot --
Pushing legs down!
Arms are being full-forced!
Watchdog not fed within 0.020000s
-- 235.797 since boot --
Pushing legs down!
Arms are being full-forced!
Loop time of 2.000000e-02s overrun

	RobotPeriodic(): 0.004901s
	TeleopPeriodic(): 0.023417s
-- 235.863 since boot --
Pushing legs down!
Arms are being full-forced!
-- 235.906 since boot --
Pushing legs down!
Arms are being full-forced!
-- 235.951 since boot --
Pushing legs down!
Arms are being full-forced!
-- 235.992 since boot --
Pushing legs down!
Arms are being full-forced!
-- 236.033 since boot --
Pushing legs down!
Arms are being full-forced!
-- 236.08 since boot --
Pushing legs down!
Arms are being full-forced!
-- 236.13 since boot --
Pushing legs down!
Arms are being full-forced!
-- 236.164 since boot --
Pushing legs down!
Arms are being full-forced!
-- 236.206 since boot --
Pushing legs down!
Arms are being full-forced!
-- 236.25 since boot --
Pushing legs down!
Arms are being full-forced!
-- 236.277 since boot --
Pushing legs down!
Arms are being full-forced!
-- 236.329 since boot --
Pushing legs down!
Arms are being full-forced!
-- 236.383 since boot --
Pushing legs down!
Arms are being full-forced!
-- 236.444 since boot --
Pushing legs down!
Arms are being full-forced!
-- 236.485 since boot --
Pushing legs down!
Arms are being full-forced!
-- 236.546 since boot --
Pushing legs down!
Arms are being full-forced!
-- 236.59 since boot --
Pushing legs down!
Arms are being full-forced!
-- 236.639 since boot --
Pushing legs down!
Arms are being full-forced!
-- 236.69 since boot --
Pushing legs down!
Arms are being full-forced!
-- 236.711 since boot --
Pushing legs down!
Arms are being full-forced!
-- 236.748 since boot --
Pushing legs down!
Arms are being full-forced!
-- 236.803 since boot --
Pushing legs down!
Arms are being full-forced!
-- 236.841 since boot --
Pushing legs down!
Arms are being full-forced!
-- 236.889 since boot --
Pushing legs down!
Arms are being full-forced!
-- 236.916 since boot --
Pushing legs down!
Arms are being full-forced!
-- 236.938 since boot --
Pushing legs down!
Arms are being full-forced!
-- 236.967 since boot --
Pushing legs down!
Arms are being full-forced!
-- 236.998 since boot --
Pushing legs down!
Arms are being full-forced!
-- 237.02 since boot --
Pushing legs down!
Arms are being full-forced!
Watchdog not fed within 0.020000s
Loop time of 2.000000e-02s overrun

-- 237.084 since boot --
Pushing legs down!
Arms are being full-forced!
	RobotPeriodic(): 0.000513s
	TeleopPeriodic(): 0.022507s
-- 237.15 since boot --
Pushing legs down!
Arms are being full-forced!
-- 237.17 since boot --
Pushing legs down!
Arms are being full-forced!
-- 237.194 since boot --
Pushing legs down!
Arms are being full-forced!
-- 237.217 since boot --
Pushing legs down!
Arms are being full-forced!
-- 237.241 since boot --
Pushing legs down!
Arms are being full-forced!
-- 237.265 since boot --
Pushing legs down!
Arms are being full-forced!
-- 237.33 since boot --
Pushing legs down!
Arms are being full-forced!
-- 237.358 since boot --
Pushing legs down!
Arms are being full-forced!
-- 237.418 since boot --
Pushing legs down!
Arms are being full-forced!
-- 237.456 since boot --
Pushing legs down!
Arms are being full-forced!
-- 237.481 since boot --
Pushing legs down!
Arms are being full-forced!
-- 237.494 since boot --
Pushing legs down!
Arms are being full-forced!
-- 237.565 since boot --
Pushing legs down!
Arms are being full-forced!
-- 237.61 since boot --
Pushing legs down!
Arms are being full-forced!
-- 237.662 since boot --
Pushing legs down!
Arms are being full-forced!
-- 237.677 since boot --
Pushing legs down!
Arms are being full-forced!
-- 237.696 since boot --
Pushing legs down!
Arms are being full-forced!
-- 237.708 since boot --
Pushing legs down!
Arms are being full-forced!
-- 237.735 since boot --
Pushing legs down!
Arms are being full-forced!
-- 237.789 since boot --
Pushing legs down!
Arms are being full-forced!
-- 237.858 since boot --
Pushing legs down!
Arms are being full-forced!
-- 237.9 since boot --
Pushing legs down!
Arms are being full-forced!
-- 237.918 since boot --
Pushing legs down!
Arms are being full-forced!
-- 237.946 since boot --
Pushing legs down!
Arms are being full-forced!
-- 237.973 since boot --
Pushing legs down!
Arms are being full-forced!
-- 238.009 since boot --
Pushing legs down!
Arms are being full-forced!
-- 238.068 since boot --
Pushing legs down!
Arms are being full-forced!
-- 238.122 since boot --
Pushing legs down!
Arms are being full-forced!
-- 238.176 since boot --
Pushing legs down!
Arms are being full-forced!
-- 238.241 since boot --
Pushing legs down!
Arms are being full-forced!
-- 238.292 since boot --
Pushing legs down!
Arms are being full-forced!
Watchdog not fed within 0.020000s
Loop time of 2.000000e-02s overrun

-- 238.35 since boot --
Pushing legs down!
Arms are being full-forced!
	RobotPeriodic(): 0.000219s
	TeleopPeriodic(): 0.028863s
-- 238.403 since boot --
Pushing legs down!
Arms are being full-forced!
-- 238.45 since boot --
Pushing legs down!
Arms are being full-forced!
-- 238.494 since boot --
Pushing legs down!
Arms are being full-forced!
-- 238.537 since boot --
Pushing legs down!
Arms are being full-forced!
-- 238.581 since boot --
Pushing legs down!
Arms are being full-forced!
-- 238.629 since boot --
Pushing legs down!
Arms are being full-forced!
-- 238.653 since boot --
Pushing legs down!
Arms are being full-forced!
-- 238.683 since boot --
Pushing legs down!
Arms are being full-forced!
-- 238.727 since boot --
Pushing legs down!
Arms are being full-forced!
-- 238.773 since boot --
Pushing legs down!
Arms are being full-forced!
-- 238.844 since boot --
Pushing legs down!
Arms are being full-forced!
-- 238.899 since boot --
Pushing legs down!
Arms are being full-forced!
-- 238.956 since boot --
Pushing legs down!
Arms are being full-forced!
-- 239.014 since boot --
Pushing legs down!
Arms are being full-forced!
-- 239.062 since boot --
Pushing legs down!
Arms are being full-forced!
-- 239.126 since boot --
Pushing legs down!
Arms are being full-forced!
-- 239.197 since boot --
Pushing legs down!
Arms are being full-forced!
-- 239.256 since boot --
Pushing legs down!
Arms are being full-forced!
-- 239.303 since boot --
Pushing legs down!
Arms are being full-forced!
-- 239.37 since boot --
Pushing legs down!
Arms are being full-forced!
-- 239.418 since boot --
Pushing legs down!
Arms are being full-forced!
-- 239.473 since boot --
Pushing legs down!
Arms are being full-forced!
-- 239.536 since boot --
Pushing legs down!
Arms are being full-forced!
-- 239.565 since boot --
Pushing legs down!
Arms are being full-forced!
-- 239.592 since boot --
Pushing legs down!
Arms are being full-forced!
-- 239.619 since boot --
Pushing legs down!
Arms are being full-forced!
Watchdog not fed within 0.020000s
Loop time of 2.000000e-02s overrun

-- 239.666 since boot --
Pushing legs down!
Arms are being full-forced!
	RobotPeriodic(): 0.000834s
	TeleopPeriodic(): 0.026095s
-- 239.705 since boot --
Pushing legs down!
Arms are being full-forced!
-- 239.782 since boot --
Pushing legs down!
Arms are being full-forced!
-- 239.828 since boot --
Pushing legs down!
Arms are being full-forced!
-- 239.895 since boot --
Pushing legs down!
Arms are being full-forced!
-- 239.963 since boot --
Pushing legs down!
Arms are being full-forced!
-- 240.035 since boot --
Pushing legs down!
Arms are being full-forced!
-- 240.108 since boot --
Pushing legs down!
Arms are being full-forced!
-- 240.151 since boot --
Pushing legs down!
Arms are being full-forced!
-- 240.212 since boot --
Pushing legs down!
Arms are being full-forced!
-- 240.283 since boot --
Pushing legs down!
Arms are being full-forced!
-- 240.336 since boot --
Pushing legs down!
Arms are being full-forced!
-- 240.39 since boot --
Pushing legs down!
Arms are being full-forced!
-- 240.439 since boot --
Pushing legs down!
Arms are being full-forced!
-- 240.497 since boot --
Pushing legs down!
Arms are being full-forced!
-- 240.548 since boot --
Pushing legs down!
Arms are being full-forced!
-- 240.606 since boot --
Pushing legs down!
Arms are being full-forced!
-- 240.682 since boot --
Pushing legs down!
Arms are being full-forced!
-- 240.711 since boot --
Pushing legs down!
Arms are being full-forced!
-- 240.742 since boot --
Pushing legs down!
Arms are being full-forced!
-- 240.773 since boot --
Pushing legs down!
Arms are being full-forced!
-- 240.807 since boot --
Pushing legs down!
Arms are being full-forced!
-- 240.841 since boot --
Pushing legs down!
Arms are being full-forced!
-- 240.883 since boot --
Pushing legs down!
Arms are being full-forced!
	RobotPeriodic(): 0.000916s
	TeleopPeriodic(): 0.022444s
Watchdog not fed within 0.020000s
Loop time of 2.000000e-02s overrun

-- 240.939 since boot --
Pushing legs down!
Arms are being full-forced!
-- 240.961 since boot --
Pushing legs down!
Arms are being full-forced!
-- 240.996 since boot --
Pushing legs down!
Arms are being full-forced!
-- 241.017 since boot --
Pushing legs down!
Arms are being full-forced!
-- 241.085 since boot --
Pushing legs down!
Arms are being full-forced!
-- 241.132 since boot --
Pushing legs down!
Arms are being full-forced!
-- 241.172 since boot --
Pushing legs down!
Arms are being full-forced!
-- 241.218 since boot --
Pushing legs down!
Arms are being full-forced!
-- 241.268 since boot --
Pushing legs down!
Arms are being full-forced!
-- 241.341 since boot --
Pushing legs down!
Arms are being full-forced!
-- 241.392 since boot --
Pushing legs down!
Arms are being full-forced!
-- 241.435 since boot --
Pushing legs down!
Arms are being full-forced!
-- 241.484 since boot --
Pushing legs down!
Arms are being full-forced!
-- 241.55 since boot --
Pushing legs down!
Arms are being full-forced!
-- 241.605 since boot --
Pushing legs down!
Arms are being full-forced!
-- 241.632 since boot --
Pushing legs down!
Arms are being full-forced!
-- 241.66 since boot --
Pushing legs down!
Arms are being full-forced!
-- 241.687 since boot --
Pushing legs down!
Arms are being full-forced!
-- 241.722 since boot --
Pushing legs down!
Arms are being full-forced!
-- 241.744 since boot --
Pushing legs down!
Arms are being full-forced!
-- 241.785 since boot --
Pushing legs down!
Arms are being full-forced!
-- 241.813 since boot --
Pushing legs down!
Arms are being full-forced!
-- 241.847 since boot --
Pushing legs down!
Arms are being full-forced!
-- 241.921 since boot --
Pushing legs down!
Arms are being full-forced!
-- 241.977 since boot --
Pushing legs down!
Arms are being full-forced!
-- 242.031 since boot --
Pushing legs down!
Arms are being full-forced!
-- 242.071 since boot --
Pushing legs down!
Arms are being full-forced!
-- 242.129 since boot --
Pushing legs down!
Arms are being full-forced!
	RobotPeriodic(): 0.000266s
	TeleopPeriodic(): 0.029263s
Watchdog not fed within 0.020000s
Loop time of 2.000000e-02s overrun

-- 242.189 since boot --
Pushing legs down!
Arms are being full-forced!
-- 242.236 since boot --
Pushing legs down!
Arms are being full-forced!
-- 242.285 since boot --
Pushing legs down!
Arms are being full-forced!
-- 242.343 since boot --
Pushing legs down!
Arms are being full-forced!
-- 242.384 since boot --
Pushing legs down!
Arms are being full-forced!
-- 242.431 since boot --
Pushing legs down!
Arms are being full-forced!
-- 242.469 since boot --
Pushing legs down!
Arms are being full-forced!
-- 242.496 since boot --
Pushing legs down!
Arms are being full-forced!
-- 242.536 since boot --
Pushing legs down!
Arms are being full-forced!
-- 242.564 since boot --
Pushing legs down!
Arms are being full-forced!
-- 242.602 since boot --
Pushing legs down!
Arms are being full-forced!
-- 242.651 since boot --
Pushing legs down!
Arms are being full-forced!
-- 242.7 since boot --
Pushing legs down!
Arms are being full-forced!
-- 242.746 since boot --
Pushing legs down!
Arms are being full-forced!
-- 242.793 since boot --
Pushing legs down!
Arms are being full-forced!
-- 242.855 since boot --
Pushing legs down!
Arms are being full-forced!
-- 242.91 since boot --
Pushing legs down!
Arms are being full-forced!
-- 242.946 since boot --
Pushing legs down!
Arms are being full-forced!
-- 242.984 since boot --
Pushing legs down!
Arms are being full-forced!
-- 243.057 since boot --
Pushing legs down!
Arms are being full-forced!
-- 243.081 since boot --
Pushing legs down!
Arms are being full-forced!
-- 243.157 since boot --
Pushing legs down!
Arms are being full-forced!
-- 243.23 since boot --
Pushing legs down!
Arms are being full-forced!
-- 243.275 since boot --
Pushing legs down!
Arms are being full-forced!
-- 243.314 since boot --
Pushing legs down!
Arms are being full-forced!
-- 243.358 since boot --
Pushing legs down!
Arms are being full-forced!
	RobotPeriodic(): 0.000516s
	TeleopPeriodic(): 0.024677s
Watchdog not fed within 0.020000s
Loop time of 2.000000e-02s overrun

-- 243.451 since boot --
Pushing legs down!
Arms are being full-forced!
-- 243.521 since boot --
Pushing legs down!
Arms are being full-forced!
-- 243.598 since boot --
Pushing legs down!
Arms are being full-forced!
-- 243.636 since boot --
Pushing legs down!
Arms are being full-forced!
-- 243.683 since boot --
Pushing legs down!
Arms are being full-forced!
-- 243.727 since boot --
Pushing legs down!
Arms are being full-forced!
-- 243.752 since boot --
Pushing legs down!
Arms are being full-forced!
-- 243.845 since boot --
Pushing legs down!
Arms are being full-forced!
-- 243.889 since boot --
Pushing legs down!
Arms are being full-forced!
-- 243.93 since boot --
Pushing legs down!
Arms are being full-forced!
-- 243.971 since boot --
Pushing legs down!
Arms are being full-forced!
-- 244.003 since boot --
Pushing legs down!
Arms are being full-forced!
-- 244.038 since boot --
Pushing legs down!
Arms are being full-forced!
-- 244.069 since boot --
Pushing legs down!
Arms are being full-forced!
-- 244.101 since boot --
Pushing legs down!
Arms are being full-forced!
-- 244.149 since boot --
Pushing legs down!
Arms are being full-forced!
-- 244.192 since boot --
Pushing legs down!
Arms are being full-forced!
-- 244.254 since boot --
Pushing legs down!
Arms are being full-forced!
-- 244.309 since boot --
Pushing legs down!
Arms are being full-forced!
-- 244.367 since boot --
Pushing legs down!
Arms are being full-forced!
-- 244.411 since boot --
Pushing legs down!
Arms are being full-forced!
-- 244.469 since boot --
Pushing legs down!
Arms are being full-forced!
-- 244.523 since boot --
Pushing legs down!
Arms are being full-forced!
-- 244.549 since boot --
Pushing legs down!
Arms are being full-forced!
-- 244.584 since boot --
Pushing legs down!
Arms are being full-forced!
-- 244.617 since boot --
Pushing legs down!
Arms are being full-forced!
-- 244.65 since boot --
Pushing legs down!
Arms are being full-forced!
-- 244.675 since boot --
Pushing legs down!
Arms are being full-forced!
Watchdog not fed within 0.020000s
Loop time of 2.000000e-02s overrun

-- 244.734 since boot --
Pushing legs down!
Arms are being full-forced!
	RobotPeriodic(): 0.000867s
	TeleopPeriodic(): 0.024908s
-- 244.78 since boot --
Pushing legs down!
Arms are being full-forced!
-- 244.803 since boot --
Pushing legs down!
Arms are being full-forced!
-- 244.832 since boot --
Pushing legs down!
Arms are being full-forced!
-- 244.861 since boot --
Pushing legs down!
Arms are being full-forced!
-- 244.886 since boot --
Pushing legs down!
Arms are being full-forced!
-- 244.932 since boot --
Pushing legs down!
Arms are being full-forced!
-- 244.975 since boot --
Pushing legs down!
Arms are being full-forced!
-- 245.032 since boot --
Pushing legs down!
Arms are being full-forced!
-- 245.094 since boot --
Pushing legs down!
Arms are being full-forced!
-- 245.116 since boot --
Pushing legs down!
Arms are being full-forced!
-- 245.146 since boot --
Pushing legs down!
Arms are being full-forced!
-- 245.174 since boot --
Pushing legs down!
Arms are being full-forced!
-- 245.204 since boot --
Pushing legs down!
Arms are being full-forced!
-- 245.226 since boot --
Pushing legs down!
Arms are being full-forced!
-- 245.302 since boot --
Pushing legs down!
Arms are being full-forced!
-- 245.361 since boot --
Pushing legs down!
Arms are being full-forced!
-- 245.45 since boot --
Pushing legs down!
Arms are being full-forced!
-- 245.498 since boot --
Pushing legs down!
Arms are being full-forced!
-- 245.537 since boot --
Pushing legs down!
Arms are being full-forced!
-- 245.555 since boot --
Pushing legs down!
Arms are being full-forced!
-- 245.577 since boot --
Pushing legs down!
Arms are being full-forced!
-- 245.618 since boot --
Arms are being full-forced!
-- 245.685 since boot --
Arms are being full-forced!
-- 245.73 since boot --
Arms are being full-forced!
-- 245.773 since boot --
Arms are being full-forced!
Watchdog not fed within 0.020000s
Loop time of 2.000000e-02s overrun

	RobotPeriodic(): 0.000130s
	TeleopPeriodic(): 0.023351s
-- 246.287 since boot --
Pushing legs down!
-- 246.33 since boot --
Pushing legs down!
-- 246.797 since boot --
Arms are being full-forced!
-- 246.818 since boot --
Arms are being full-forced!
-- 246.847 since boot --
Arms are being full-forced!
-- 246.87 since boot --
Arms are being full-forced!
-- 246.896 since boot --
Arms are being full-forced!
-- 246.939 since boot --
Arms are being full-forced!
-- 246.98 since boot --
Arms are being full-forced!
-- 247.04 since boot --
Arms are being full-forced!
-- 247.104 since boot --
Arms are being full-forced!
-- 247.151 since boot --
Arms are being full-forced!
-- 247.189 since boot --
Arms are being full-forced!
-- 247.206 since boot --
Arms are being full-forced!
-- 247.229 since boot --
Arms are being full-forced!
-- 247.277 since boot --
Arms are being full-forced!
-- 247.306 since boot --
Arms are being full-forced!
-- 247.327 since boot --
Arms are being full-forced!
-- 247.357 since boot --
Arms are being full-forced!
-- 247.381 since boot --
Arms are being full-forced!
-- 247.41 since boot --
Watchdog not fed within 0.020000s
Loop time of 2.000000e-02s overrun

Arms are being full-forced!
	RobotPeriodic(): 0.007270s
	TeleopPeriodic(): 0.018255s
-- 247.474 since boot --
Arms are being full-forced!
-- 247.532 since boot --
Arms are being full-forced!
-- 247.564 since boot --
Arms are being full-forced!
Watchdog not fed within 0.020000s
Loop time of 2.000000e-02s overrun

	RobotPeriodic(): 0.000139s
	TeleopPeriodic(): 0.020715s
Watchdog not fed within 0.020000s
Loop time of 2.000000e-02s overrun

	RobotPeriodic(): 0.000124s
	TeleopPeriodic(): 0.022975s
-- 250.292 since boot --
Pushing legs down!
-- 250.343 since boot --
Pushing legs down!
-- 250.537 since boot --
Pushing legs down!
-- 250.572 since boot --
Pushing legs down!
-- 250.611 since boot --
Pushing legs down!
-- 250.649 since boot --
Pushing legs down!
-- 251.17 since boot --
Arms are being full-forced!
-- 251.21 since boot --
Arms are being full-forced!
-- 251.245 since boot --
Arms are being full-forced!
-- 251.283 since boot --
Arms are being full-forced!
Watchdog not fed within 0.020000s
Loop time of 2.000000e-02s overrun

-- 251.354 since boot --
Arms are being full-forced!
	RobotPeriodic(): 0.002924s
	TeleopPeriodic(): 0.033462s
-- 251.387 since boot --
Arms are being full-forced!
-- 251.443 since boot --
Arms are being full-forced!
-- 251.568 since boot --
Arms are being full-forced!
-- 251.606 since boot --
Arms are being full-forced!
-- 251.66 since boot --
Arms are being full-forced!
-- 251.699 since boot --
Arms are being full-forced!
-- 251.735 since boot --
Arms are being full-forced!
-- 251.784 since boot --
Arms are being full-forced!
-- 251.84 since boot --
Arms are being full-forced!
-- 251.888 since boot --
Arms are being full-forced!
-- 251.932 since boot --
Arms are being full-forced!
-- 251.994 since boot --
Arms are being full-forced!
Watchdog not fed within 0.020000s
Loop time of 2.000000e-02s overrun

	RobotPeriodic(): 0.000125s
	TeleopPeriodic(): 0.028568s
-- 252.982 since boot --
Pushing legs down!
-- 253.542 since boot --
Arms are being full-forced!
-- 253.567 since boot --
Arms are being full-forced!
-- 253.617 since boot --
Arms are being full-forced!
-- 253.654 since boot --
Arms are being full-forced!
Watchdog not fed within 0.020000s
-- 253.828 since boot --
Arms are being full-forced!
Loop time of 2.000000e-02s overrun

	RobotPeriodic(): 0.000286s
	TeleopPeriodic(): 0.020679s
-- 253.854 since boot --
Arms are being full-forced!
-- 253.877 since boot --
Arms are being full-forced!
-- 253.897 since boot --
Arms are being full-forced!
-- 253.924 since boot --
Arms are being full-forced!
-- 253.956 since boot --
Arms are being full-forced!
-- 253.986 since boot --
Arms are being full-forced!
-- 254.017 since boot --
Arms are being full-forced!
-- 254.056 since boot --
Arms are being full-forced!
-- 254.087 since boot --
Arms are being full-forced!
-- 254.12 since boot --
Arms are being full-forced!
-- 254.149 since boot --
Arms are being full-forced!
-- 254.182 since boot --
Arms are being full-forced!
-- 254.214 since boot --
Arms are being full-forced!
-- 254.245 since boot --
Arms are being full-forced!
-- 254.276 since boot --
Arms are being full-forced!
-- 254.305 since boot --
Arms are being full-forced!
	RobotPeriodic(): 0.000127s
	TeleopPeriodic(): 0.029236s
Watchdog not fed within 0.020000s
Loop time of 2.000000e-02s overrun

-- 255.898 since boot --
Arms are being full-forced!
-- 255.926 since boot --
Arms are being full-forced!
-- 255.945 since boot --
Arms are being full-forced!
-- 255.962 since boot --
Arms are being full-forced!
	RobotPeriodic(): 0.000152s
	TeleopPeriodic(): 0.023502s
Watchdog not fed within 0.020000s
Loop time of 2.000000e-02s overrun

Watchdog not fed within 0.020000s
Loop time of 2.000000e-02s overrun

	RobotPeriodic(): 0.000726s
	TeleopPeriodic(): 0.025730s
Watchdog not fed within 0.020000s
Loop time of 2.000000e-02s overrun

	RobotPeriodic(): 0.000485s
	TeleopPeriodic(): 0.020806s
Robot disabling.. DONE
