
********** Robot program starting **********
   Welcome 5024!
-------------------
Robot Starting..
Creating Subsystems.. DONE
Creating Commands.. DONE
CS: Back: Connecting to USB camera on /dev/video1
Starting CameraServer.. DONE
CS: Front: Connecting to USB camera on /dev/video0
CS: Front: SetConfigJson: setting pixelFormat 1
CS: Front: set format 1 res 160x120
CS: Back: set format 1 res 160x120
CS: Front: SetConfigJson: setting width 160, height 120
CS: Front: SetConfigJson: setting property 'connect_verbose' to 1
CS: Front: SetConfigJson: setting property 'raw_brightness' to 50
CS: Front: SetConfigJson: setting property 'brightness' to 9
CS: Front: SetConfigJson: setting property 'raw_contrast' to 10
CS: Front: SetConfigJson: setting property 'contrast' to 100
CS: Front: SetConfigJson: setting property 'raw_saturation' to 14
CS: Front: SetConfigJson: setting property 'saturation' to 7
CS: Front: SetConfigJson: setting property 'white_balance_temperature_auto' to 0
CS: Front: SetConfigJson: setting property 'power_line_frequency' to 2
CS: Front: SetConfigJson: setting property 'white_balance_temperature' to 2800
CS: Front: SetConfigJson: setting property 'raw_sharpness' to 0
CS: Front: SetConfigJson: setting property 'sharpness' to 0
CS: Front: SetConfigJson: setting property 'backlight_compensation' to 0
CS: Front: SetConfigJson: setting property 'exposure_auto' to 1
CS: Front: SetConfigJson: setting property 'raw_exposure_absolute' to 78
CS: Front: SetConfigJson: setting property 'exposure_absolute' to 32
CS: Front: SetConfigJson: setting property 'pan_absolute' to 0
CS: Front: SetConfigJson: setting property 'tilt_absolute' to 0
CS: Front: SetConfigJson: setting property 'zoom_absolute' to 0
CS: Back: SetConfigJson: setting pixelFormat 1
CS: Back: SetConfigJson: setting width 160, height 120
CS: Back: SetConfigJson: setting property 'connect_verbose' to 1
CS: Back: SetConfigJson: setting property 'raw_brightness' to 50
CS: Back: SetConfigJson: setting property 'brightness' to 9
CS: Back: SetConfigJson: setting property 'raw_contrast' to 10
CS: Back: SetConfigJson: setting property 'contrast' to 100
CS: Back: SetConfigJson: setting property 'raw_saturation' to 14
CS: Back: SetConfigJson: setting property 'saturation' to 7
CS: Back: SetConfigJson: setting property 'white_balance_temperature_auto' to 0
CS: Back: SetConfigJson: setting property 'power_line_frequency' to 2
CS: Back: SetConfigJson: setting property 'white_balance_temperature' to 2800
CS: Back: SetConfigJson: setting property 'raw_sharpness' to 0
CS: Back: SetConfigJson: setting property 'sharpness' to 0
CS: Back: SetConfigJson: setting property 'backlight_compensation' to 0
CS: Back: SetConfigJson: setting property 'exposure_auto' to 1
CS: Back: SetConfigJson: setting property 'raw_exposure_absolute' to 78
CS: Back: SetConfigJson: setting property 'exposure_absolute' to 32
CS: Back: SetConfigJson: setting property 'pan_absolute' to 0
CS: Back: SetConfigJson: setting property 'tilt_absolute' to 0
CS: Back: SetConfigJson: setting property 'zoom_absolute' to 0
Setting camera config.. DONE
Resetting Gyro.. Instantiating navX-Sensor on SPI Port 4.
navX-Sensor Yaw Reset request ignored - startup calibration is currently in progress.
DONE
Connecting to telemetry table.. DONE
navX-Sensor startup initialization and startup calibration complete.
navX-Sensor onboard startup calibration complete.
navX-Sensor Yaw angle auto-reset to 0.0 due to startup calibration.
Robot disabling.. DONE
NT: server: client CONNECTED: 10.50.24.22 port 50847
NT: server: client CONNECTED: 169.254.48.36 port 58274
Watchdog not fed within 0.020000s
Loop time of 2.000000e-02s overrun

	RobotPeriodic(): 0.000135s
	DisabledPeriodic(): 0.022122s
AutonomousInit starting.. DONE
Resetting gyro.. navX-Sensor Software Yaw Reset completed.
DONE
Watchdog not fed within 0.020000s
Loop time of 2.000000e-02s overrun

	RobotPeriodic(): 0.000487s
	AutonomousPeriodic(): 0.035372s
	AutonomousInit(): 0.003886s
Joystick Axis missing, check if all controllers are plugged in
-- 212.283 since boot --
Coasting
Watchdog not fed within 0.020000s
Loop time of 2.000000e-02s overrun

	RobotPeriodic(): 0.000117s
	AutonomousPeriodic(): 0.026911s
Joystick Axis missing, check if all controllers are plugged in
Joystick Axis missing, check if all controllers are plugged in
Watchdog not fed within 0.020000s
Loop time of 2.000000e-02s overrun

	RobotPeriodic(): 0.000142s
	AutonomousPeriodic(): 0.026227s
Joystick Axis missing, check if all controllers are plugged in
Watchdog not fed within 0.020000s
Loop time of 2.000000e-02s overrun

	RobotPeriodic(): 0.000128s
	AutonomousPeriodic(): 0.027766s
Joystick Axis missing, check if all controllers are plugged in
Watchdog not fed within 0.020000s
Loop time of 2.000000e-02s overrun

	RobotPeriodic(): 0.000907s
	AutonomousPeriodic(): 0.024962s
Joystick Axis missing, check if all controllers are plugged in
Watchdog not fed within 0.020000s
Loop time of 2.000000e-02s overrun

	RobotPeriodic(): 0.000122s
	AutonomousPeriodic(): 0.031191s
Joystick Axis missing, check if all controllers are plugged in
Watchdog not fed within 0.020000s
Loop time of 2.000000e-02s overrun

	RobotPeriodic(): 0.000135s
	AutonomousPeriodic(): 0.027144s
Joystick Axis missing, check if all controllers are plugged in
Watchdog not fed within 0.020000s
Loop time of 2.000000e-02s overrun

	RobotPeriodic(): 0.000125s
	AutonomousPeriodic(): 0.030603s
Joystick Axis missing, check if all controllers are plugged in
Watchdog not fed within 0.020000s
Loop time of 2.000000e-02s overrun

	RobotPeriodic(): 0.000127s
	AutonomousPeriodic(): 0.027930s
Joystick Axis missing, check if all controllers are plugged in
Watchdog not fed within 0.020000s
Loop time of 2.000000e-02s overrun

	RobotPeriodic(): 0.000268s
	AutonomousPeriodic(): 0.028063s
Joystick Axis missing, check if all controllers are plugged in
Watchdog not fed within 0.020000s
Loop time of 2.000000e-02s overrun

	RobotPeriodic(): 0.000137s
	AutonomousPeriodic(): 0.020965s
Joystick Axis missing, check if all controllers are plugged in
Joystick Axis missing, check if all controllers are plugged in
Watchdog not fed within 0.020000s
Loop time of 2.000000e-02s overrun

	RobotPeriodic(): 0.000167s
	AutonomousPeriodic(): 0.025575s
Joystick Axis missing, check if all controllers are plugged in
Watchdog not fed within 0.020000s
Loop time of 2.000000e-02s overrun

	RobotPeriodic(): 0.000112s
	AutonomousPeriodic(): 0.024089s
-- 229.369 since boot --
Finger Down!
-- 229.418 since boot --
Finger Down!
-- 229.461 since boot --
Finger Down!
-- 229.502 since boot --
Finger Down!
-- 229.552 since boot --
Finger Down!
-- 229.583 since boot --
Finger Down!
-- 229.616 since boot --
Finger Down!
-- 229.664 since boot --
Finger Down!
-- 229.699 since boot --
Finger Down!
Joystick Axis missing, check if all controllers are plugged in
-- 229.73 since boot --
Finger Down!
-- 229.764 since boot --
Finger Down!
-- 229.799 since boot --
Finger Down!
-- 229.865 since boot --
Finger Down!
-- 229.895 since boot --
Finger Down!
-- 229.925 since boot --
Finger Down!
-- 229.96 since boot --
Finger Down!
Watchdog not fed within 0.020000s
Loop time of 2.000000e-02s overrun

	RobotPeriodic(): 0.016061s
	AutonomousPeriodic(): 0.005880s
-- 230.04 since boot --
Finger Down!
-- 230.095 since boot --
Finger Down!
-- 230.141 since boot --
Finger Down!
-- 230.186 since boot --
Finger Down!
-- 230.245 since boot --
Finger Down!
-- 230.304 since boot --
Finger Down!
-- 230.356 since boot --
Finger Down!
-- 230.386 since boot --
Finger Down!
-- 230.423 since boot --
Finger Down!
-- 230.459 since boot --
Finger Down!
-- 230.495 since boot --
Finger Down!
-- 230.543 since boot --
Finger Down!
-- 230.586 since boot --
Finger Down!
-- 230.637 since boot --
Finger Down!
-- 230.687 since boot --
Finger Down!
-- 230.756 since boot --
Finger Down!
-- 230.804 since boot --
Finger Down!
-- 230.837 since boot --
Finger Down!
Robot disabling.. DONE
Teleop commands starting.. DONE
-- 231.201 since boot --
Finger Down!
Joystick Axis missing, check if all controllers are plugged in
Watchdog not fed within 0.020000s
Loop time of 2.000000e-02s overrun

-- 231.254 since boot --
Finger Down!
	RobotPeriodic(): 0.000247s
	TeleopPeriodic(): 0.030462s
-- 231.295 since boot --
Finger Down!
-- 231.347 since boot --
Finger Down!
-- 231.388 since boot --
Finger Down!
-- 231.425 since boot --
Finger Down!
-- 231.465 since boot --
Finger Down!
-- 231.505 since boot --
Finger Down!
-- 231.551 since boot --
Finger Down!
-- 231.586 since boot --
Finger Down!
-- 231.624 since boot --
Finger Down!
-- 231.665 since boot --
Finger Down!
-- 231.705 since boot --
Finger Down!
-- 231.746 since boot --
Finger Down!
-- 231.784 since boot --
Finger Down!
-- 231.827 since boot --
Finger Down!
-- 231.865 since boot --
Finger Down!
-- 231.891 since boot --
Finger Down!
-- 231.927 since boot --
Finger Down!
-- 231.98 since boot --
Finger Down!
-- 232.02 since boot --
Finger Down!
-- 232.061 since boot --
Finger Down!
-- 232.108 since boot --
Finger Down!
-- 232.156 since boot --
Finger Down!
-- 232.186 since boot --
Finger Down!
-- 232.221 since boot --
Finger Down!
-- 232.256 since boot --
Finger Down!
-- 232.291 since boot --
Finger Down!
-- 232.332 since boot --
Finger Down!
-- 232.375 since boot --
Finger Down!
-- 232.418 since boot --
Finger Down!
Joystick Axis missing, check if all controllers are plugged in
Watchdog not fed within 0.020000s
Loop time of 2.000000e-02s overrun

-- 232.482 since boot --
Finger Down!
	RobotPeriodic(): 0.000236s
	TeleopPeriodic(): 0.030132s
-- 232.51 since boot --
Finger Down!
-- 232.542 since boot --
Finger Down!
-- 232.575 since boot --
Finger Down!
-- 232.603 since boot --
Finger Down!
-- 232.633 since boot --
Finger Down!
-- 232.671 since boot --
Finger Down!
-- 232.707 since boot --
Finger Down!
-- 232.742 since boot --
Finger Down!
-- 232.78 since boot --
Finger Down!
-- 232.834 since boot --
Finger Down!
-- 232.856 since boot --
Finger Down!
-- 232.884 since boot --
Finger Down!
-- 232.907 since boot --
Finger Down!
-- 232.935 since boot --
Finger Down!
-- 232.973 since boot --
Finger Down!
-- 233.016 since boot --
Finger Down!
-- 233.054 since boot --
Finger Down!
-- 233.092 since boot --
Finger Down!
-- 233.152 since boot --
Finger Down!
-- 233.194 since boot --
Finger Down!
-- 233.23 since boot --
Finger Down!
-- 233.272 since boot --
Finger Down!
-- 233.312 since boot --
Finger Down!
-- 233.355 since boot --
Finger Down!
-- 233.384 since boot --
Finger Down!
-- 233.419 since boot --
Finger Down!
-- 233.454 since boot --
Finger Down!
-- 233.489 since boot --
Finger Down!
-- 233.519 since boot --
Finger Down!
-- 233.545 since boot --
Finger Down!
-- 233.574 since boot --
Finger Down!
-- 233.6 since boot --
Finger Down!
-- 233.631 since boot --
Finger Down!
Joystick Axis missing, check if all controllers are plugged in
-- 233.663 since boot --
Finger Down!
Watchdog not fed within 0.020000s
Loop time of 2.000000e-02s overrun

-- 233.695 since boot --
Finger Down!
	RobotPeriodic(): 0.000394s
	TeleopPeriodic(): 0.023268s
-- 233.737 since boot --
Finger Down!
-- 233.781 since boot --
Finger Down!
-- 233.821 since boot --
Finger Down!
-- 233.869 since boot --
Finger Down!
Joystick Axis missing, check if all controllers are plugged in
Watchdog not fed within 0.020000s
Loop time of 2.000000e-02s overrun

	RobotPeriodic(): 0.000170s
	TeleopPeriodic(): 0.020845s
Joystick Axis missing, check if all controllers are plugged in
Watchdog not fed within 0.020000s
Loop time of 2.000000e-02s overrun

	RobotPeriodic(): 0.003996s
	TeleopPeriodic(): 0.021216s
Joystick Axis missing, check if all controllers are plugged in
Watchdog not fed within 0.020000s
Loop time of 2.000000e-02s overrun

	RobotPeriodic(): 0.000125s
	TeleopPeriodic(): 0.028086s
Joystick Axis missing, check if all controllers are plugged in
-- 238.726 since boot --
Finger Down!
-- 238.786 since boot --
Finger Down!
-- 238.823 since boot --
Finger Down!
-- 238.837 since boot --
Finger Down!
-- 238.855 since boot --
Finger Down!
-- 238.885 since boot --
Finger Down!
-- 238.924 since boot --
Finger Down!
Watchdog not fed within 0.020000s
Loop time of 2.000000e-02s overrun

-- 238.968 since boot --
Finger Down!
	RobotPeriodic(): 0.000237s
	TeleopPeriodic(): 0.024221s
-- 238.982 since boot --
Finger Down!
-- 239.033 since boot --
Finger Down!
-- 239.058 since boot --
Finger Down!
-- 239.083 since boot --
Finger Down!
-- 239.113 since boot --
Finger Down!
-- 239.132 since boot --
Finger Down!
-- 239.187 since boot --
Finger Down!
-- 239.24 since boot --
Finger Down!
-- 239.267 since boot --
Finger Down!
-- 239.29 since boot --
Finger Down!
-- 239.316 since boot --
Finger Down!
-- 239.346 since boot --
Finger Down!
-- 239.378 since boot --
Finger Down!
-- 239.399 since boot --
Finger Down!
-- 239.449 since boot --
Finger Down!
-- 239.495 since boot --
Finger Down!
-- 239.536 since boot --
Finger Down!
-- 239.578 since boot --
Finger Down!
-- 239.614 since boot --
Finger Down!
-- 239.653 since boot --
Finger Down!
-- 239.693 since boot --
Finger Down!
-- 239.765 since boot --
Finger Down!
-- 239.78 since boot --
Finger Down!
Joystick Axis missing, check if all controllers are plugged in
-- 239.823 since boot --
Finger Down!
-- 239.85 since boot --
Finger Down!
-- 239.878 since boot --
Finger Down!
-- 239.905 since boot --
Finger Down!
-- 239.937 since boot --
Finger Down!
-- 239.964 since boot --
Finger Down!
-- 240.001 since boot --
Finger Down!
-- 240.029 since boot --
Finger Down!
-- 240.058 since boot --
Finger Down!
-- 240.079 since boot --
Finger Down!
-- 240.104 since boot --
Finger Down!
Watchdog not fed within 0.020000s
Loop time of 2.000000e-02s overrun

-- 240.146 since boot --
Finger Down!
	RobotPeriodic(): 0.000435s
	TeleopPeriodic(): 0.028762s
-- 240.195 since boot --
Finger Down!
-- 240.217 since boot --
Finger Down!
-- 240.244 since boot --
Finger Down!
-- 240.312 since boot --
Finger Down!
-- 240.364 since boot --
Finger Down!
-- 240.405 since boot --
Finger Down!
-- 240.461 since boot --
Finger Down!
-- 240.508 since boot --
Finger Down!
-- 240.536 since boot --
Finger Down!
-- 240.595 since boot --
Finger Down!
-- 240.652 since boot --
Finger Down!
-- 240.675 since boot --
Finger Down!
-- 240.701 since boot --
Finger Down!
-- 240.727 since boot --
Finger Down!
-- 240.76 since boot --
Finger Down!
-- 240.779 since boot --
Finger Down!
-- 240.811 since boot --
Finger Down!
-- 240.847 since boot --
Finger Down!
-- 240.881 since boot --
Finger Down!
-- 240.911 since boot --
Finger Down!
-- 240.937 since boot --
Finger Down!
Joystick Axis missing, check if all controllers are plugged in
-- 241.012 since boot --
Finger Down!
-- 241.039 since boot --
Finger Down!
-- 241.056 since boot --
Finger Down!
-- 241.087 since boot --
Finger Down!
-- 241.117 since boot --
Finger Down!
-- 241.155 since boot --
Finger Down!
-- 241.204 since boot --
Finger Down!
-- 241.255 since boot --
Finger Down!
-- 241.296 since boot --
Finger Down!
-- 241.347 since boot --
Finger Down!
-- 241.391 since boot --
Finger Down!
-- 241.426 since boot --
Finger Down!
Watchdog not fed within 0.020000s
Loop time of 2.000000e-02s overrun

-- 241.493 since boot --
Finger Down!
	RobotPeriodic(): 0.000221s
	TeleopPeriodic(): 0.026196s
-- 241.525 since boot --
Finger Down!
-- 241.546 since boot --
Finger Down!
-- 241.569 since boot --
Finger Down!
-- 241.595 since boot --
Finger Down!
-- 241.626 since boot --
Finger Down!
-- 241.675 since boot --
Finger Down!
-- 241.711 since boot --
Finger Down!
-- 241.747 since boot --
Finger Down!
-- 241.787 since boot --
Finger Down!
-- 241.824 since boot --
Finger Down!
-- 241.86 since boot --
Finger Down!
-- 241.899 since boot --
Finger Down!
-- 241.942 since boot --
Finger Down!
-- 241.988 since boot --
Finger Down!
-- 242.001 since boot --
Finger Down!
-- 242.038 since boot --
Finger Down!
-- 242.06 since boot --
Finger Down!
-- 242.092 since boot --
Finger Down!
-- 242.125 since boot --
Finger Down!
-- 242.146 since boot --
Finger Down!
Joystick Axis missing, check if all controllers are plugged in
-- 242.181 since boot --
Finger Down!
-- 242.216 since boot --
Finger Down!
-- 242.248 since boot --
Finger Down!
-- 242.291 since boot --
Finger Down!
-- 242.345 since boot --
Finger Down!
-- 242.387 since boot --
Finger Down!
-- 242.439 since boot --
Finger Down!
-- 242.492 since boot --
Finger Down!
-- 242.52 since boot --
Finger Down!
-- 242.541 since boot --
Finger Down!
-- 242.569 since boot --
Finger Down!
-- 242.615 since boot --
Finger Down!
-- 242.674 since boot --
Finger Down!
Watchdog not fed within 0.020000s
Loop time of 2.000000e-02s overrun

-- 242.748 since boot --
Finger Down!
	RobotPeriodic(): 0.000565s
	TeleopPeriodic(): 0.033866s
-- 242.796 since boot --
Finger Down!
-- 242.833 since boot --
Finger Down!
-- 242.91 since boot --
Finger Down!
Joystick Axis missing, check if all controllers are plugged in
Watchdog not fed within 0.020000s
Loop time of 2.000000e-02s overrun

	RobotPeriodic(): 0.000113s
	TeleopPeriodic(): 0.036863s
Joystick Axis missing, check if all controllers are plugged in
-- 245.316 since boot --
Finger Down!
-- 245.374 since boot --
Finger Down!
-- 245.389 since boot --
Finger Down!
-- 245.445 since boot --
Finger Down!
-- 245.487 since boot --
Watchdog not fed within 0.020000s
Finger Down!
Loop time of 2.000000e-02s overrun

	RobotPeriodic(): 0.001767s
	TeleopPeriodic(): 0.019177s
-- 245.529 since boot --
Finger Down!
-- 245.586 since boot --
Finger Down!
-- 245.668 since boot --
Finger Down!
-- 245.745 since boot --
Finger Down!
-- 245.756 since boot --
Finger Down!
-- 245.822 since boot --
Finger Down!
-- 245.863 since boot --
Finger Down!
Joystick Axis missing, check if all controllers are plugged in
-- 245.925 since boot --
Finger Down!
-- 245.977 since boot --
Finger Down!
-- 246.013 since boot --
Finger Down!
-- 246.048 since boot --
Finger Down!
-- 246.08 since boot --
Finger Down!
-- 246.108 since boot --
Finger Down!
-- 246.185 since boot --
Finger Down!
-- 246.249 since boot --
Finger Down!
-- 246.317 since boot --
Finger Down!
-- 246.38 since boot --
Finger Down!
-- 246.439 since boot --
Finger Down!
-- 246.505 since boot --
Finger Down!
-- 246.569 since boot --
Finger Down!
-- 246.609 since boot --
Finger Down!
-- 246.67 since boot --
Finger Down!
-- 246.726 since boot --
Finger Down!
	RobotPeriodic(): 0.000236s
	TeleopPeriodic(): 0.022254s
Watchdog not fed within 0.020000s
Loop time of 2.000000e-02s overrun

-- 246.788 since boot --
Finger Down!
-- 246.829 since boot --
Finger Down!
-- 246.904 since boot --
Finger Down!
-- 246.972 since boot --
Finger Down!
-- 247.036 since boot --
Finger Down!
-- 247.101 since boot --
Finger Down!
-- 247.165 since boot --
Finger Down!
Joystick Axis missing, check if all controllers are plugged in
-- 247.242 since boot --
Finger Down!
-- 247.286 since boot --
Finger Down!
-- 247.341 since boot --
Finger Down!
-- 247.381 since boot --
Finger Down!
-- 247.412 since boot --
Finger Down!
-- 247.446 since boot --
Finger Down!
-- 247.476 since boot --
Finger Down!
-- 247.5 since boot --
Finger Down!
-- 247.55 since boot --
Finger Down!
-- 247.622 since boot --
Finger Down!
-- 247.692 since boot --
Finger Down!
-- 247.753 since boot --
Finger Down!
-- 247.812 since boot --
Finger Down!
-- 247.845 since boot --
Finger Down!
-- 247.876 since boot --
Finger Down!
-- 247.907 since boot --
Finger Down!
-- 247.945 since boot --
Finger Down!
-- 247.991 since boot --
Finger Down!
	RobotPeriodic(): 0.004324s
	TeleopPeriodic(): 0.023955s
Watchdog not fed within 0.020000s
Loop time of 2.000000e-02s overrun

Joystick Axis missing, check if all controllers are plugged in
Watchdog not fed within 0.020000s
Loop time of 2.000000e-02s overrun

	RobotPeriodic(): 0.000116s
	TeleopPeriodic(): 0.020025s
Joystick Axis missing, check if all controllers are plugged in
Joystick Axis missing, check if all controllers are plugged in
Watchdog not fed within 0.020000s
Loop time of 2.000000e-02s overrun

	RobotPeriodic(): 0.000114s
	TeleopPeriodic(): 0.033460s
-- 252.141 since boot --
Finger Down!
-- 252.199 since boot --
Finger Down!
-- 252.259 since boot --
Finger Down!
Joystick Axis missing, check if all controllers are plugged in
Watchdog not fed within 0.020000s
Loop time of 2.000000e-02s overrun

-- 252.313 since boot --
Finger Down!
	RobotPeriodic(): 0.001092s
	TeleopPeriodic(): 0.032509s
-- 252.366 since boot --
Finger Down!
-- 252.404 since boot --
Finger Down!
-- 252.435 since boot --
Finger Down!
-- 252.467 since boot --
Finger Down!
-- 252.5 since boot --
Finger Down!
-- 252.558 since boot --
Finger Down!
-- 252.627 since boot --
Finger Down!
-- 252.69 since boot --
Finger Down!
-- 252.755 since boot --
Finger Down!
-- 252.79 since boot --
Finger Down!
-- 252.827 since boot --
Finger Down!
-- 252.859 since boot --
Finger Down!
-- 252.892 since boot --
Finger Down!
-- 252.911 since boot --
Finger Down!
-- 252.919 since boot --
Finger Down!
-- 252.94 since boot --
Finger Down!
Joystick Axis missing, check if all controllers are plugged in
Watchdog not fed within 0.020000s
Loop time of 2.000000e-02s overrun

	RobotPeriodic(): 0.000257s
	TeleopPeriodic(): 0.027118s
Joystick Axis missing, check if all controllers are plugged in
Watchdog not fed within 0.020000s
Loop time of 2.000000e-02s overrun

	RobotPeriodic(): 0.000134s
	TeleopPeriodic(): 0.021114s
Joystick Axis missing, check if all controllers are plugged in
Watchdog not fed within 0.020000s
Loop time of 2.000000e-02s overrun

	RobotPeriodic(): 0.000163s
	TeleopPeriodic(): 0.023628s
Joystick Axis missing, check if all controllers are plugged in
Watchdog not fed within 0.020000s
Loop time of 2.000000e-02s overrun

	RobotPeriodic(): 0.000126s
	TeleopPeriodic(): 0.026115s
Joystick Axis missing, check if all controllers are plugged in
Watchdog not fed within 0.020000s
Loop time of 2.000000e-02s overrun

	RobotPeriodic(): 0.000154s
	TeleopPeriodic(): 0.030633s
Joystick Axis missing, check if all controllers are plugged in
Watchdog not fed within 0.020000s
Loop time of 2.000000e-02s overrun

	RobotPeriodic(): 0.000128s
	TeleopPeriodic(): 0.034823s
Joystick Axis missing, check if all controllers are plugged in
Watchdog not fed within 0.020000s
Loop time of 2.000000e-02s overrun

	RobotPeriodic(): 0.000130s
	TeleopPeriodic(): 0.033662s
Joystick Axis missing, check if all controllers are plugged in
Watchdog not fed within 0.020000s
Loop time of 2.000000e-02s overrun

	RobotPeriodic(): 0.000117s
	TeleopPeriodic(): 0.032189s
Joystick Axis missing, check if all controllers are plugged in
Watchdog not fed within 0.020000s
Loop time of 2.000000e-02s overrun

	RobotPeriodic(): 0.000123s
	TeleopPeriodic(): 0.031951s
Joystick Axis missing, check if all controllers are plugged in
Watchdog not fed within 0.020000s
Loop time of 2.000000e-02s overrun

	RobotPeriodic(): 0.000143s
	TeleopPeriodic(): 0.022625s
Joystick Axis missing, check if all controllers are plugged in
Watchdog not fed within 0.020000s
Loop time of 2.000000e-02s overrun

	RobotPeriodic(): 0.000132s
	TeleopPeriodic(): 0.024747s
Joystick Axis missing, check if all controllers are plugged in
Watchdog not fed within 0.020000s
Loop time of 2.000000e-02s overrun

	RobotPeriodic(): 0.000473s
	TeleopPeriodic(): 0.026890s
Joystick Axis missing, check if all controllers are plugged in
Watchdog not fed within 0.020000s
Loop time of 2.000000e-02s overrun

	RobotPeriodic(): 0.000915s
	TeleopPeriodic(): 0.036290s
-- 269.941 since boot --
Coasting
Joystick Axis missing, check if all controllers are plugged in
Watchdog not fed within 0.020000s
Loop time of 2.000000e-02s overrun

	RobotPeriodic(): 0.000131s
	TeleopPeriodic(): 0.026402s
Joystick Axis missing, check if all controllers are plugged in
Watchdog not fed within 0.020000s
Loop time of 2.000000e-02s overrun

	RobotPeriodic(): 0.000150s
	TeleopPeriodic(): 0.028533s
Joystick Axis missing, check if all controllers are plugged in
Watchdog not fed within 0.020000s
Loop time of 2.000000e-02s overrun

	RobotPeriodic(): 0.000135s
	TeleopPeriodic(): 0.021297s
Joystick Axis missing, check if all controllers are plugged in
Watchdog not fed within 0.020000s
Loop time of 2.000000e-02s overrun

	RobotPeriodic(): 0.000127s
	TeleopPeriodic(): 0.025794s
Joystick Axis missing, check if all controllers are plugged in
Watchdog not fed within 0.020000s
Loop time of 2.000000e-02s overrun

	RobotPeriodic(): 0.000151s
	TeleopPeriodic(): 0.031592s
Joystick Axis missing, check if all controllers are plugged in
Watchdog not fed within 0.020000s
Loop time of 2.000000e-02s overrun

	RobotPeriodic(): 0.000230s
	TeleopPeriodic(): 0.037716s
Joystick Axis missing, check if all controllers are plugged in
Watchdog not fed within 0.020000s
Loop time of 2.000000e-02s overrun

	RobotPeriodic(): 0.000123s
	TeleopPeriodic(): 0.037052s
Joystick Axis missing, check if all controllers are plugged in
Watchdog not fed within 0.020000s
Loop time of 2.000000e-02s overrun

	RobotPeriodic(): 0.000130s
	TeleopPeriodic(): 0.037266s
Joystick Axis missing, check if all controllers are plugged in
Watchdog not fed within 0.020000s
Loop time of 2.000000e-02s overrun

	RobotPeriodic(): 0.000127s
	TeleopPeriodic(): 0.030016s
Joystick Axis missing, check if all controllers are plugged in
Watchdog not fed within 0.020000s
Loop time of 2.000000e-02s overrun

	RobotPeriodic(): 0.000135s
	TeleopPeriodic(): 0.031816s
Joystick Axis missing, check if all controllers are plugged in
Watchdog not fed within 0.020000s
Loop time of 2.000000e-02s overrun

	RobotPeriodic(): 0.000295s
	TeleopPeriodic(): 0.022940s
Joystick Axis missing, check if all controllers are plugged in
Watchdog not fed within 0.020000s
Loop time of 2.000000e-02s overrun

	RobotPeriodic(): 0.000218s
	TeleopPeriodic(): 0.029028s
Joystick Axis missing, check if all controllers are plugged in
Watchdog not fed within 0.020000s
Loop time of 2.000000e-02s overrun

	RobotPeriodic(): 0.000127s
	TeleopPeriodic(): 0.028941s
Joystick Axis missing, check if all controllers are plugged in
Watchdog not fed within 0.020000s
Loop time of 2.000000e-02s overrun

	RobotPeriodic(): 0.000158s
	TeleopPeriodic(): 0.023608s
Joystick Axis missing, check if all controllers are plugged in
Watchdog not fed within 0.020000s
Loop time of 2.000000e-02s overrun

	RobotPeriodic(): 0.000125s
	TeleopPeriodic(): 0.039671s
Joystick Axis missing, check if all controllers are plugged in
Watchdog not fed within 0.020000s
Joystick Axis missing, check if all controllers are plugged in
Loop time of 2.000000e-02s overrun

	RobotPeriodic(): 0.000133s
	TeleopPeriodic(): 0.038695s
Joystick Axis missing, check if all controllers are plugged in
Watchdog not fed within 0.020000s
Loop time of 2.000000e-02s overrun

	RobotPeriodic(): 0.000175s
	TeleopPeriodic(): 0.022101s
Joystick Axis missing, check if all controllers are plugged in
Watchdog not fed within 0.020000s
Loop time of 2.000000e-02s overrun

	RobotPeriodic(): 0.000482s
	TeleopPeriodic(): 0.030428s
Joystick Axis missing, check if all controllers are plugged in
Watchdog not fed within 0.020000s
Loop time of 2.000000e-02s overrun

	RobotPeriodic(): 0.000370s
	TeleopPeriodic(): 0.029596s
Joystick Axis missing, check if all controllers are plugged in
Watchdog not fed within 0.020000s
Loop time of 2.000000e-02s overrun

	RobotPeriodic(): 0.000154s
	TeleopPeriodic(): 0.029146s
Joystick Axis missing, check if all controllers are plugged in
Watchdog not fed within 0.020000s
Loop time of 2.000000e-02s overrun

	RobotPeriodic(): 0.000273s
	TeleopPeriodic(): 0.030722s
Joystick Axis missing, check if all controllers are plugged in
Watchdog not fed within 0.020000s
Loop time of 2.000000e-02s overrun

	RobotPeriodic(): 0.000151s
	TeleopPeriodic(): 0.024060s
Joystick Axis missing, check if all controllers are plugged in
Watchdog not fed within 0.020000s
Loop time of 2.000000e-02s overrun

	RobotPeriodic(): 0.000151s
	TeleopPeriodic(): 0.021575s
Joystick Axis missing, check if all controllers are plugged in
Watchdog not fed within 0.020000s
Loop time of 2.000000e-02s overrun

	RobotPeriodic(): 0.000126s
	TeleopPeriodic(): 0.027182s
Joystick Axis missing, check if all controllers are plugged in
Watchdog not fed within 0.020000s
Loop time of 2.000000e-02s overrun

	RobotPeriodic(): 0.000398s
	TeleopPeriodic(): 0.028355s
Joystick Axis missing, check if all controllers are plugged in
Watchdog not fed within 0.020000s
Loop time of 2.000000e-02s overrun

	RobotPeriodic(): 0.000196s
	TeleopPeriodic(): 0.031942s
Joystick Axis missing, check if all controllers are plugged in
Watchdog not fed within 0.020000s
Loop time of 2.000000e-02s overrun

	RobotPeriodic(): 0.000111s
	TeleopPeriodic(): 0.028366s
Joystick Axis missing, check if all controllers are plugged in
Watchdog not fed within 0.020000s
Loop time of 2.000000e-02s overrun

	RobotPeriodic(): 0.000127s
	TeleopPeriodic(): 0.027708s
Joystick Axis missing, check if all controllers are plugged in
Watchdog not fed within 0.020000s
Loop time of 2.000000e-02s overrun

	RobotPeriodic(): 0.000396s
	TeleopPeriodic(): 0.027448s
Joystick Axis missing, check if all controllers are plugged in
Watchdog not fed within 0.020000s
Loop time of 2.000000e-02s overrun

	RobotPeriodic(): 0.000439s
	TeleopPeriodic(): 0.023844s
Joystick Axis missing, check if all controllers are plugged in
Watchdog not fed within 0.020000s
Loop time of 2.000000e-02s overrun

	RobotPeriodic(): 0.000128s
	TeleopPeriodic(): 0.044462s
Joystick Axis missing, check if all controllers are plugged in
Watchdog not fed within 0.020000s
Loop time of 2.000000e-02s overrun

	RobotPeriodic(): 0.000129s
	TeleopPeriodic(): 0.035092s
Joystick Axis missing, check if all controllers are plugged in
Watchdog not fed within 0.020000s
Loop time of 2.000000e-02s overrun

	RobotPeriodic(): 0.000151s
	TeleopPeriodic(): 0.033757s
Joystick Axis missing, check if all controllers are plugged in
Watchdog not fed within 0.020000s
Loop time of 2.000000e-02s overrun

	RobotPeriodic(): 0.001051s
	TeleopPeriodic(): 0.037112s
Joystick Axis missing, check if all controllers are plugged in
Watchdog not fed within 0.020000s
Loop time of 2.000000e-02s overrun

	RobotPeriodic(): 0.000796s
	TeleopPeriodic(): 0.040958s
Joystick Axis missing, check if all controllers are plugged in
Joystick Axis missing, check if all controllers are plugged in
Watchdog not fed within 0.020000s
Loop time of 2.000000e-02s overrun

	RobotPeriodic(): 0.000133s
	TeleopPeriodic(): 0.031715s
Joystick Axis missing, check if all controllers are plugged in
Watchdog not fed within 0.020000s
Loop time of 2.000000e-02s overrun

	RobotPeriodic(): 0.000143s
	TeleopPeriodic(): 0.030358s
Joystick Axis missing, check if all controllers are plugged in
Watchdog not fed within 0.020000s
Loop time of 2.000000e-02s overrun

	RobotPeriodic(): 0.000117s
	TeleopPeriodic(): 0.029876s
Joystick Axis missing, check if all controllers are plugged in
Watchdog not fed within 0.020000s
Loop time of 2.000000e-02s overrun

	RobotPeriodic(): 0.000126s
	TeleopPeriodic(): 0.033583s
Joystick Axis missing, check if all controllers are plugged in
Watchdog not fed within 0.020000s
Loop time of 2.000000e-02s overrun

	RobotPeriodic(): 0.000120s
	TeleopPeriodic(): 0.035789s
Joystick Axis missing, check if all controllers are plugged in
Watchdog not fed within 0.020000s
Loop time of 2.000000e-02s overrun

	RobotPeriodic(): 0.000119s
	TeleopPeriodic(): 0.030257s
Joystick Axis missing, check if all controllers are plugged in
Watchdog not fed within 0.020000s
Loop time of 2.000000e-02s overrun

	RobotPeriodic(): 0.000231s
	TeleopPeriodic(): 0.026016s
Joystick Axis missing, check if all controllers are plugged in
Watchdog not fed within 0.020000s
Loop time of 2.000000e-02s overrun

	RobotPeriodic(): 0.000270s
	TeleopPeriodic(): 0.025511s
Joystick Axis missing, check if all controllers are plugged in
Watchdog not fed within 0.020000s
Loop time of 2.000000e-02s overrun

	RobotPeriodic(): 0.000125s
	TeleopPeriodic(): 0.034370s
Joystick Axis missing, check if all controllers are plugged in
Watchdog not fed within 0.020000s
Loop time of 2.000000e-02s overrun

	RobotPeriodic(): 0.000141s
	TeleopPeriodic(): 0.033230s
Joystick Axis missing, check if all controllers are plugged in
Watchdog not fed within 0.020000s
Loop time of 2.000000e-02s overrun

	RobotPeriodic(): 0.000159s
	TeleopPeriodic(): 0.031385s
Joystick Axis missing, check if all controllers are plugged in
Watchdog not fed within 0.020000s
Loop time of 2.000000e-02s overrun

	RobotPeriodic(): 0.000124s
	TeleopPeriodic(): 0.029560s
Joystick Axis missing, check if all controllers are plugged in
Watchdog not fed within 0.020000s
Loop time of 2.000000e-02s overrun

	RobotPeriodic(): 0.003163s
	TeleopPeriodic(): 0.033568s
Joystick Axis missing, check if all controllers are plugged in
Watchdog not fed within 0.020000s
Loop time of 2.000000e-02s overrun

	RobotPeriodic(): 0.000142s
	TeleopPeriodic(): 0.033421s
Joystick Axis missing, check if all controllers are plugged in
Watchdog not fed within 0.020000s
Loop time of 2.000000e-02s overrun

	RobotPeriodic(): 0.000141s
	TeleopPeriodic(): 0.026395s
Joystick Axis missing, check if all controllers are plugged in
Watchdog not fed within 0.020000s
Loop time of 2.000000e-02s overrun

	RobotPeriodic(): 0.000141s
	TeleopPeriodic(): 0.035508s
Joystick Axis missing, check if all controllers are plugged in
Watchdog not fed within 0.020000s
Loop time of 2.000000e-02s overrun

	RobotPeriodic(): 0.000150s
	TeleopPeriodic(): 0.032773s
Joystick Axis missing, check if all controllers are plugged in
-- 338.584 since boot --
Manual climb starting
Watchdog not fed within 0.020000s
Loop time of 2.000000e-02s overrun

	RobotPeriodic(): 0.001975s
	TeleopPeriodic(): 0.022706s
Watchdog not fed within 0.020000s
Loop time of 2.000000e-02s overrun

	RobotPeriodic(): 0.000135s
	TeleopPeriodic(): 0.030933s
Watchdog not fed within 0.020000s
Loop time of 2.000000e-02s overrun

	RobotPeriodic(): 0.000295s
	TeleopPeriodic(): 0.021214s
Watchdog not fed within 0.020000s
Loop time of 2.000000e-02s overrun

	RobotPeriodic(): 0.000131s
	TeleopPeriodic(): 0.033982s
-- 343.875 since boot --
Arms are being full-forced!
-- 343.915 since boot --
Arms are being full-forced!
-- 343.943 since boot --
Arms are being full-forced!
-- 343.986 since boot --
Arms are being full-forced!
-- 344.032 since boot --
Arms are being full-forced!
-- 344.063 since boot --
Arms are being full-forced!
-- 344.095 since boot --
Arms are being full-forced!
-- 344.126 since boot --
Arms are being full-forced!
-- 344.155 since boot --
Arms are being full-forced!
-- 344.191 since boot --
Arms are being full-forced!
-- 344.222 since boot --
Arms are being full-forced!
-- 344.254 since boot --
Arms are being full-forced!
-- 344.286 since boot --
Arms are being full-forced!
-- 344.311 since boot --
Arms are being full-forced!
-- 344.358 since boot --
Arms are being full-forced!
-- 344.401 since boot --
Arms are being full-forced!
-- 344.457 since boot --
Arms are being full-forced!
-- 344.514 since boot --
Arms are being full-forced!
-- 344.535 since boot --
Arms are being full-forced!
-- 344.561 since boot --
Arms are being full-forced!
-- 344.596 since boot --
Arms are being full-forced!
-- 344.638 since boot --
Arms are being full-forced!
-- 344.667 since boot --
Arms are being full-forced!
-- 344.701 since boot --
Arms are being full-forced!
-- 344.736 since boot --
Arms are being full-forced!
-- 344.752 since boot --
Arms are being full-forced!
Watchdog not fed within 0.020000s
Loop time of 2.000000e-02s overrun

-- 344.809 since boot --
Arms are being full-forced!
	RobotPeriodic(): 0.000552s
	TeleopPeriodic(): 0.024230s
Watchdog not fed within 0.020000s
Loop time of 2.000000e-02s overrun

	RobotPeriodic(): 0.000139s
	TeleopPeriodic(): 0.026128s
	RobotPeriodic(): 0.001837s
	TeleopPeriodic(): 0.041257s
-- 347.363 since boot --
Arms are being full-forced!
-- 347.39 since boot --
Arms are being full-forced!
-- 347.421 since boot --
Arms are being full-forced!
Watchdog not fed within 0.020000s
Loop time of 2.000000e-02s overrun

-- 347.478 since boot --
Arms are being full-forced!
-- 347.514 since boot --
Arms are being full-forced!
-- 347.579 since boot --
Arms are being full-forced!
-- 347.653 since boot --
Arms are being full-forced!
-- 347.691 since boot --
Arms are being full-forced!
-- 347.721 since boot --
Arms are being full-forced!
-- 347.751 since boot --
Arms are being full-forced!
-- 347.778 since boot --
Arms are being full-forced!
-- 347.838 since boot --
Arms are being full-forced!
-- 347.888 since boot --
Arms are being full-forced!
-- 347.933 since boot --
Arms are being full-forced!
-- 347.982 since boot --
Arms are being full-forced!
-- 348.038 since boot --
Arms are being full-forced!
	RobotPeriodic(): 0.000121s
	TeleopPeriodic(): 0.030561s
-- 348.947 since boot --
Pushing legs down!
-- 348.984 since boot --
Pushing legs down!
Arms are being full-forced!
-- 349.016 since boot --
Pushing legs down!
Arms are being full-forced!
-- 349.05 since boot --
Pushing legs down!
Arms are being full-forced!
Watchdog not fed within 0.020000s
Loop time of 2.000000e-02s overrun

-- 349.09 since boot --
Pushing legs down!
Arms are being full-forced!
-- 349.127 since boot --
Pushing legs down!
Arms are being full-forced!
-- 349.162 since boot --
Pushing legs down!
Arms are being full-forced!
-- 349.192 since boot --
Pushing legs down!
Arms are being full-forced!
-- 349.233 since boot --
Pushing legs down!
Arms are being full-forced!
-- 349.273 since boot --
Pushing legs down!
Arms are being full-forced!
-- 349.312 since boot --
Pushing legs down!
Arms are being full-forced!
-- 349.35 since boot --
Pushing legs down!
Arms are being full-forced!
-- 349.397 since boot --
Pushing legs down!
Arms are being full-forced!
-- 349.439 since boot --
Pushing legs down!
Arms are being full-forced!
-- 349.482 since boot --
Pushing legs down!
Arms are being full-forced!
-- 349.512 since boot --
Pushing legs down!
Arms are being full-forced!
-- 349.551 since boot --
Pushing legs down!
Arms are being full-forced!
-- 349.582 since boot --
Pushing legs down!
Arms are being full-forced!
-- 349.61 since boot --
Pushing legs down!
Arms are being full-forced!
-- 349.636 since boot --
Pushing legs down!
Arms are being full-forced!
-- 349.664 since boot --
Pushing legs down!
Arms are being full-forced!
-- 349.694 since boot --
Pushing legs down!
Arms are being full-forced!
-- 349.737 since boot --
Pushing legs down!
Arms are being full-forced!
-- 349.777 since boot --
Pushing legs down!
Arms are being full-forced!
	RobotPeriodic(): 0.004029s
	TeleopPeriodic(): 0.022792s
-- 349.828 since boot --
Pushing legs down!
Arms are being full-forced!
-- 349.864 since boot --
Pushing legs down!
Arms are being full-forced!
-- 349.884 since boot --
Pushing legs down!
Arms are being full-forced!
-- 349.904 since boot --
Pushing legs down!
Arms are being full-forced!
-- 349.937 since boot --
Pushing legs down!
Arms are being full-forced!
-- 349.964 since boot --
Pushing legs down!
Arms are being full-forced!
-- 349.995 since boot --
Pushing legs down!
Arms are being full-forced!
-- 350.025 since boot --
Pushing legs down!
Arms are being full-forced!
-- 350.05 since boot --
Pushing legs down!
Arms are being full-forced!
-- 350.084 since boot --
Pushing legs down!
Arms are being full-forced!
-- 350.118 since boot --
Pushing legs down!
Arms are being full-forced!
-- 350.156 since boot --
Pushing legs down!
Arms are being full-forced!
-- 350.198 since boot --
Pushing legs down!
Arms are being full-forced!
Watchdog not fed within 0.020000s
Loop time of 2.000000e-02s overrun

-- 350.277 since boot --
Pushing legs down!
Arms are being full-forced!
-- 350.335 since boot --
Pushing legs down!
Arms are being full-forced!
-- 350.366 since boot --
Pushing legs down!
Arms are being full-forced!
-- 350.401 since boot --
Pushing legs down!
Arms are being full-forced!
-- 350.435 since boot --
Pushing legs down!
Arms are being full-forced!
-- 350.507 since boot --
Pushing legs down!
Arms are being full-forced!
-- 350.538 since boot --
Pushing legs down!
Arms are being full-forced!
-- 350.565 since boot --
Pushing legs down!
Arms are being full-forced!
-- 350.598 since boot --
Pushing legs down!
Arms are being full-forced!
-- 350.629 since boot --
Pushing legs down!
Arms are being full-forced!
-- 350.664 since boot --
Pushing legs down!
Arms are being full-forced!
-- 350.721 since boot --
Pushing legs down!
Arms are being full-forced!
-- 350.756 since boot --
Pushing legs down!
Arms are being full-forced!
-- 350.788 since boot --
Pushing legs down!
Arms are being full-forced!
-- 350.818 since boot --
Pushing legs down!
Arms are being full-forced!
-- 350.845 since boot --
Pushing legs down!
Arms are being full-forced!
-- 350.889 since boot --
Pushing legs down!
Arms are being full-forced!
-- 350.935 since boot --
Pushing legs down!
Arms are being full-forced!
	RobotPeriodic(): 0.000214s
	TeleopPeriodic(): 0.020959s
-- 351.001 since boot --
Pushing legs down!
Arms are being full-forced!
-- 351.053 since boot --
Pushing legs down!
Arms are being full-forced!
-- 351.096 since boot --
Pushing legs down!
Arms are being full-forced!
-- 351.148 since boot --
Pushing legs down!
Arms are being full-forced!
-- 351.182 since boot --
Pushing legs down!
Arms are being full-forced!
-- 351.214 since boot --
Pushing legs down!
Arms are being full-forced!
-- 351.246 since boot --
Pushing legs down!
Arms are being full-forced!
-- 351.28 since boot --
Pushing legs down!
Arms are being full-forced!
-- 351.34 since boot --
Pushing legs down!
Arms are being full-forced!
-- 351.392 since boot --
Pushing legs down!
Arms are being full-forced!
-- 351.408 since boot --
Pushing legs down!
Arms are being full-forced!
-- 351.423 since boot --
Pushing legs down!
Arms are being full-forced!
-- 351.459 since boot --
Pushing legs down!
Arms are being full-forced!
Watchdog not fed within 0.020000s
Loop time of 2.000000e-02s overrun

-- 351.533 since boot --
Pushing legs down!
Arms are being full-forced!
-- 351.586 since boot --
Pushing legs down!
Arms are being full-forced!
-- 351.62 since boot --
Pushing legs down!
Arms are being full-forced!
-- 351.649 since boot --
Pushing legs down!
Arms are being full-forced!
-- 351.683 since boot --
Pushing legs down!
Arms are being full-forced!
-- 351.711 since boot --
Pushing legs down!
Arms are being full-forced!
-- 351.737 since boot --
Pushing legs down!
Arms are being full-forced!
-- 351.763 since boot --
Pushing legs down!
Arms are being full-forced!
-- 351.792 since boot --
Pushing legs down!
Arms are being full-forced!
-- 351.828 since boot --
Pushing legs down!
Arms are being full-forced!
-- 351.862 since boot --
Pushing legs down!
Arms are being full-forced!
-- 351.882 since boot --
Pushing legs down!
Arms are being full-forced!
-- 351.906 since boot --
Pushing legs down!
Arms are being full-forced!
-- 351.933 since boot --
Pushing legs down!
Arms are being full-forced!
-- 351.954 since boot --
Pushing legs down!
Arms are being full-forced!
-- 351.983 since boot --
Pushing legs down!
Arms are being full-forced!
-- 352.023 since boot --
Pushing legs down!
Arms are being full-forced!
-- 352.058 since boot --
Pushing legs down!
Arms are being full-forced!
-- 352.095 since boot --
Pushing legs down!
Arms are being full-forced!
-- 352.127 since boot --
Pushing legs down!
Arms are being full-forced!
-- 352.156 since boot --
Pushing legs down!
Arms are being full-forced!
-- 352.182 since boot --
Pushing legs down!
Arms are being full-forced!
-- 352.22 since boot --
Pushing legs down!
Arms are being full-forced!
-- 352.268 since boot --
Pushing legs down!
Arms are being full-forced!
	RobotPeriodic(): 0.000254s
	TeleopPeriodic(): 0.022477s
-- 352.313 since boot --
Pushing legs down!
Arms are being full-forced!
-- 352.345 since boot --
Pushing legs down!
Arms are being full-forced!
-- 352.375 since boot --
Pushing legs down!
Arms are being full-forced!
-- 352.395 since boot --
Pushing legs down!
Arms are being full-forced!
-- 352.416 since boot --
Pushing legs down!
Arms are being full-forced!
-- 352.442 since boot --
Pushing legs down!
Arms are being full-forced!
-- 352.466 since boot --
Pushing legs down!
Arms are being full-forced!
-- 352.495 since boot --
Pushing legs down!
Arms are being full-forced!
-- 352.523 since boot --
Pushing legs down!
Arms are being full-forced!
-- 352.564 since boot --
Pushing legs down!
Arms are being full-forced!
-- 352.601 since boot --
Pushing legs down!
Arms are being full-forced!
Watchdog not fed within 0.020000s
-- 352.65 since boot --
Pushing legs down!
Arms are being full-forced!
Loop time of 2.000000e-02s overrun

-- 352.702 since boot --
Pushing legs down!
Arms are being full-forced!
-- 352.735 since boot --
Pushing legs down!
Arms are being full-forced!
-- 352.784 since boot --
Pushing legs down!
Arms are being full-forced!
-- 352.828 since boot --
Pushing legs down!
Arms are being full-forced!
-- 352.87 since boot --
Pushing legs down!
Arms are being full-forced!
-- 352.918 since boot --
Pushing legs down!
Arms are being full-forced!
-- 352.969 since boot --
Pushing legs down!
Arms are being full-forced!
-- 353 since boot --
Pushing legs down!
Arms are being full-forced!
-- 353.029 since boot --
Pushing legs down!
Arms are being full-forced!
-- 353.055 since boot --
Pushing legs down!
Arms are being full-forced!
-- 353.092 since boot --
Pushing legs down!
Arms are being full-forced!
-- 353.129 since boot --
Pushing legs down!
Arms are being full-forced!
-- 353.159 since boot --
Pushing legs down!
Arms are being full-forced!
-- 353.186 since boot --
Pushing legs down!
Arms are being full-forced!
-- 353.21 since boot --
Pushing legs down!
Arms are being full-forced!
-- 353.241 since boot --
Pushing legs down!
Arms are being full-forced!
-- 353.263 since boot --
Pushing legs down!
Arms are being full-forced!
-- 353.348 since boot --
Pushing legs down!
Arms are being full-forced!
-- 353.366 since boot --
Pushing legs down!
Arms are being full-forced!
-- 353.425 since boot --
Pushing legs down!
Arms are being full-forced!
	RobotPeriodic(): 0.000545s
	TeleopPeriodic(): 0.040854s
-- 353.476 since boot --
Pushing legs down!
Arms are being full-forced!
-- 353.508 since boot --
Pushing legs down!
Arms are being full-forced!
-- 353.536 since boot --
Pushing legs down!
Arms are being full-forced!
-- 353.557 since boot --
Pushing legs down!
Arms are being full-forced!
-- 353.582 since boot --
Pushing legs down!
Arms are being full-forced!
-- 353.608 since boot --
Pushing legs down!
Arms are being full-forced!
-- 353.63 since boot --
Pushing legs down!
Arms are being full-forced!
-- 353.669 since boot --
Pushing legs down!
Arms are being full-forced!
-- 353.702 since boot --
Pushing legs down!
Arms are being full-forced!
-- 353.75 since boot --
Pushing legs down!
Arms are being full-forced!
Watchdog not fed within 0.020000s
Loop time of 2.000000e-02s overrun

-- 353.808 since boot --
Pushing legs down!
Arms are being full-forced!
-- 353.87 since boot --
Pushing legs down!
Arms are being full-forced!
-- 353.921 since boot --
Pushing legs down!
Arms are being full-forced!
-- 353.975 since boot --
Pushing legs down!
Arms are being full-forced!
-- 354.01 since boot --
Pushing legs down!
Arms are being full-forced!
-- 354.05 since boot --
Pushing legs down!
Arms are being full-forced!
-- 354.095 since boot --
Pushing legs down!
Arms are being full-forced!
-- 354.134 since boot --
Pushing legs down!
Arms are being full-forced!
-- 354.165 since boot --
Pushing legs down!
Arms are being full-forced!
-- 354.189 since boot --
Pushing legs down!
Arms are being full-forced!
-- 354.217 since boot --
Pushing legs down!
Arms are being full-forced!
-- 354.238 since boot --
Pushing legs down!
Arms are being full-forced!
-- 354.284 since boot --
Pushing legs down!
Arms are being full-forced!
-- 354.314 since boot --
Pushing legs down!
Arms are being full-forced!
-- 354.34 since boot --
Pushing legs down!
Arms are being full-forced!
-- 354.367 since boot --
Pushing legs down!
Arms are being full-forced!
-- 354.392 since boot --
Pushing legs down!
Arms are being full-forced!
-- 354.433 since boot --
Pushing legs down!
Arms are being full-forced!
-- 354.463 since boot --
Pushing legs down!
Arms are being full-forced!
-- 354.494 since boot --
Pushing legs down!
Arms are being full-forced!
-- 354.528 since boot --
Pushing legs down!
Arms are being full-forced!
-- 354.57 since boot --
Pushing legs down!
Arms are being full-forced!
-- 354.629 since boot --
Pushing legs down!
Arms are being full-forced!
-- 354.651 since boot --
Pushing legs down!
Arms are being full-forced!
-- 354.673 since boot --
Pushing legs down!
Arms are being full-forced!
-- 354.694 since boot --
Pushing legs down!
Arms are being full-forced!
-- 354.715 since boot --
Pushing legs down!
Arms are being full-forced!
-- 354.751 since boot --
Pushing legs down!
Arms are being full-forced!
	RobotPeriodic(): 0.000407s
	TeleopPeriodic(): 0.020409s
-- 354.805 since boot --
Pushing legs down!
Arms are being full-forced!
-- 354.865 since boot --
Pushing legs down!
Arms are being full-forced!
-- 354.898 since boot --
Pushing legs down!
Arms are being full-forced!
Watchdog not fed within 0.020000s
Loop time of 2.000000e-02s overrun

-- 354.953 since boot --
Pushing legs down!
Arms are being full-forced!
-- 354.994 since boot --
Pushing legs down!
Arms are being full-forced!
-- 355.043 since boot --
Pushing legs down!
Arms are being full-forced!
-- 355.119 since boot --
Pushing legs down!
Arms are being full-forced!
-- 355.156 since boot --
Pushing legs down!
Arms are being full-forced!
-- 355.19 since boot --
Pushing legs down!
Arms are being full-forced!
-- 355.233 since boot --
Pushing legs down!
Arms are being full-forced!
-- 355.28 since boot --
Pushing legs down!
Arms are being full-forced!
-- 355.323 since boot --
Pushing legs down!
Arms are being full-forced!
-- 355.375 since boot --
Pushing legs down!
Arms are being full-forced!
-- 355.423 since boot --
Pushing legs down!
Arms are being full-forced!
-- 355.473 since boot --
Pushing legs down!
Arms are being full-forced!
-- 355.515 since boot --
Pushing legs down!
Arms are being full-forced!
-- 355.555 since boot --
Pushing legs down!
Arms are being full-forced!
-- 355.603 since boot --
Pushing legs down!
Arms are being full-forced!
-- 355.658 since boot --
Pushing legs down!
Arms are being full-forced!
-- 355.691 since boot --
Pushing legs down!
Arms are being full-forced!
-- 355.75 since boot --
Pushing legs down!
Arms are being full-forced!
-- 355.806 since boot --
Pushing legs down!
Arms are being full-forced!
-- 355.854 since boot --
Pushing legs down!
Arms are being full-forced!
-- 355.917 since boot --
Pushing legs down!
Arms are being full-forced!
-- 355.968 since boot --
Pushing legs down!
Arms are being full-forced!
	RobotPeriodic(): 0.000230s
	TeleopPeriodic(): 0.023902s
-- 356.007 since boot --
Pushing legs down!
Arms are being full-forced!
-- 356.063 since boot --
Pushing legs down!
Arms are being full-forced!
-- 356.103 since boot --
Pushing legs down!
Arms are being full-forced!
-- 356.142 since boot --
Pushing legs down!
Arms are being full-forced!
-- 356.161 since boot --
Pushing legs down!
Arms are being full-forced!
-- 356.196 since boot --
Pushing legs down!
Arms are being full-forced!
-- 356.229 since boot --
Pushing legs down!
Arms are being full-forced!
-- 356.251 since boot --
Pushing legs down!
Arms are being full-forced!
Watchdog not fed within 0.020000s
Loop time of 2.000000e-02s overrun

-- 356.302 since boot --
Pushing legs down!
Arms are being full-forced!
-- 356.342 since boot --
Pushing legs down!
Arms are being full-forced!
-- 356.379 since boot --
Pushing legs down!
Arms are being full-forced!
-- 356.412 since boot --
Pushing legs down!
Arms are being full-forced!
-- 356.447 since boot --
Pushing legs down!
Arms are being full-forced!
-- 356.48 since boot --
Pushing legs down!
Arms are being full-forced!
-- 356.513 since boot --
Pushing legs down!
Arms are being full-forced!
-- 356.546 since boot --
Pushing legs down!
Arms are being full-forced!
-- 356.579 since boot --
Pushing legs down!
Arms are being full-forced!
-- 356.612 since boot --
Pushing legs down!
Arms are being full-forced!
-- 356.646 since boot --
Pushing legs down!
Arms are being full-forced!
-- 356.679 since boot --
Pushing legs down!
Arms are being full-forced!
-- 356.712 since boot --
Pushing legs down!
Arms are being full-forced!
-- 356.746 since boot --
Pushing legs down!
Arms are being full-forced!
-- 356.8 since boot --
Pushing legs down!
Arms are being full-forced!
-- 356.832 since boot --
Pushing legs down!
Arms are being full-forced!
-- 356.863 since boot --
Pushing legs down!
Arms are being full-forced!
-- 356.896 since boot --
Pushing legs down!
Arms are being full-forced!
-- 356.941 since boot --
Pushing legs down!
Arms are being full-forced!
-- 356.977 since boot --
Pushing legs down!
Arms are being full-forced!
-- 356.994 since boot --
Pushing legs down!
Arms are being full-forced!
-- 357.006 since boot --
Pushing legs down!
Arms are being full-forced!
-- 357.022 since boot --
Pushing legs down!
Arms are being full-forced!
-- 357.031 since boot --
Pushing legs down!
Arms are being full-forced!
-- 357.051 since boot --
Pushing legs down!
Arms are being full-forced!
-- 357.093 since boot --
Pushing legs down!
Arms are being full-forced!
-- 357.131 since boot --
Pushing legs down!
Arms are being full-forced!
	RobotPeriodic(): 0.007519s
	TeleopPeriodic(): 0.017634s
-- 357.162 since boot --
Pushing legs down!
Arms are being full-forced!
-- 357.191 since boot --
Pushing legs down!
Arms are being full-forced!
-- 357.215 since boot --
Pushing legs down!
Arms are being full-forced!
-- 357.234 since boot --
Pushing legs down!
Arms are being full-forced!
-- 357.254 since boot --
Pushing legs down!
Arms are being full-forced!
-- 357.271 since boot --
Pushing legs down!
Arms are being full-forced!
-- 357.289 since boot --
Pushing legs down!
Arms are being full-forced!
-- 357.311 since boot --
Pushing legs down!
Arms are being full-forced!
-- 357.336 since boot --
Pushing legs down!
Arms are being full-forced!
-- 357.357 since boot --
Pushing legs down!
Arms are being full-forced!
-- 357.38 since boot --
Pushing legs down!
Arms are being full-forced!
-- 357.402 since boot --
Arms are being full-forced!
-- 357.428 since boot --
Arms are being full-forced!
-- 357.459 since boot --
Arms are being full-forced!
-- 357.487 since boot --
Arms are being full-forced!
-- 357.524 since boot --
Arms are being full-forced!
Watchdog not fed within 0.020000s
-- 357.561 since boot --
Arms are being full-forced!
Loop time of 2.000000e-02s overrun

-- 357.594 since boot --
Arms are being full-forced!
-- 357.625 since boot --
Arms are being full-forced!
-- 357.661 since boot --
Arms are being full-forced!
-- 357.684 since boot --
Arms are being full-forced!
-- 357.716 since boot --
Arms are being full-forced!
-- 357.751 since boot --
Arms are being full-forced!
-- 357.785 since boot --
Arms are being full-forced!
-- 357.823 since boot --
Arms are being full-forced!
-- 357.87 since boot --
Pushing legs down!
Arms are being full-forced!
-- 357.902 since boot --
Pushing legs down!
Arms are being full-forced!
-- 357.946 since boot --
Pushing legs down!
Arms are being full-forced!
-- 358.007 since boot --
Pushing legs down!
Arms are being full-forced!
-- 358.064 since boot --
Pushing legs down!
Arms are being full-forced!
-- 358.101 since boot --
Pushing legs down!
Arms are being full-forced!
-- 358.117 since boot --
Pushing legs down!
Arms are being full-forced!
-- 358.13 since boot --
Pushing legs down!
Arms are being full-forced!
-- 358.158 since boot --
Pushing legs down!
Arms are being full-forced!
-- 358.175 since boot --
Pushing legs down!
Arms are being full-forced!
-- 358.195 since boot --
Pushing legs down!
Arms are being full-forced!
-- 358.226 since boot --
Pushing legs down!
Arms are being full-forced!
-- 358.253 since boot --
Pushing legs down!
Arms are being full-forced!
-- 358.278 since boot --
Pushing legs down!
Arms are being full-forced!
-- 358.31 since boot --
Pushing legs down!
Arms are being full-forced!
-- 358.346 since boot --
Pushing legs down!
Arms are being full-forced!
-- 358.382 since boot --
Pushing legs down!
Arms are being full-forced!
-- 358.447 since boot --
Pushing legs down!
Arms are being full-forced!
	RobotPeriodic(): 0.000652s
	TeleopPeriodic(): 0.027069s
-- 358.487 since boot --
Pushing legs down!
Arms are being full-forced!
-- 358.519 since boot --
Pushing legs down!
Arms are being full-forced!
-- 358.543 since boot --
Pushing legs down!
Arms are being full-forced!
-- 358.569 since boot --
Pushing legs down!
Arms are being full-forced!
-- 358.599 since boot --
Pushing legs down!
Arms are being full-forced!
-- 358.634 since boot --
Pushing legs down!
Arms are being full-forced!
-- 358.667 since boot --
Pushing legs down!
Arms are being full-forced!
-- 358.701 since boot --
Pushing legs down!
Arms are being full-forced!
-- 358.736 since boot --
Pushing legs down!
Arms are being full-forced!
Watchdog not fed within 0.020000s
Loop time of 2.000000e-02s overrun

-- 358.775 since boot --
Pushing legs down!
Arms are being full-forced!
-- 358.822 since boot --
Pushing legs down!
Arms are being full-forced!
-- 358.864 since boot --
Pushing legs down!
Arms are being full-forced!
-- 358.887 since boot --
Pushing legs down!
Arms are being full-forced!
-- 358.912 since boot --
Pushing legs down!
Arms are being full-forced!
-- 358.938 since boot --
Arms are being full-forced!
-- 358.966 since boot --
Arms are being full-forced!
-- 358.993 since boot --
Arms are being full-forced!
-- 359.018 since boot --
Arms are being full-forced!
-- 359.045 since boot --
Arms are being full-forced!
-- 359.075 since boot --
Arms are being full-forced!
-- 359.112 since boot --
Arms are being full-forced!
-- 359.149 since boot --
Arms are being full-forced!
-- 359.185 since boot --
Arms are being full-forced!
-- 359.237 since boot --
Arms are being full-forced!
-- 359.318 since boot --
Arms are being full-forced!
-- 359.369 since boot --
Arms are being full-forced!
-- 359.408 since boot --
Arms are being full-forced!
-- 359.445 since boot --
Arms are being full-forced!
-- 359.491 since boot --
Arms are being full-forced!
-- 359.527 since boot --
Arms are being full-forced!
-- 359.568 since boot --
Arms are being full-forced!
-- 359.618 since boot --
Arms are being full-forced!
-- 359.664 since boot --
Arms are being full-forced!
-- 359.705 since boot --
Arms are being full-forced!
-- 359.741 since boot --
Arms are being full-forced!
-- 359.777 since boot --
Arms are being full-forced!
-- 359.807 since boot --
Arms are being full-forced!
-- 359.869 since boot --
Arms are being full-forced!
	RobotPeriodic(): 0.000254s
	TeleopPeriodic(): 0.021613s
-- 359.903 since boot --
Arms are being full-forced!
-- 359.922 since boot --
Arms are being full-forced!
-- 359.944 since boot --
Arms are being full-forced!
-- 359.969 since boot --
Arms are being full-forced!
Watchdog not fed within 0.020000s
Loop time of 2.000000e-02s overrun

-- 360.018 since boot --
Arms are being full-forced!
-- 360.05 since boot --
Arms are being full-forced!
-- 360.075 since boot --
Arms are being full-forced!
-- 360.097 since boot --
Arms are being full-forced!
-- 360.123 since boot --
Arms are being full-forced!
-- 360.15 since boot --
Arms are being full-forced!
-- 360.172 since boot --
Arms are being full-forced!
-- 360.212 since boot --
Arms are being full-forced!
-- 360.554 since boot --
Arms are being full-forced!
-- 360.614 since boot --
Arms are being full-forced!
	RobotPeriodic(): 0.000130s
	TeleopPeriodic(): 0.030604s
Watchdog not fed within 0.020000s
Loop time of 2.000000e-02s overrun

-- 362.257 since boot --
Arms are being full-forced!
-- 362.33 since boot --
Arms are being full-forced!
-- 362.376 since boot --
Arms are being full-forced!
-- 362.414 since boot --
Arms are being full-forced!
-- 362.452 since boot --
Arms are being full-forced!
-- 362.499 since boot --
Arms are being full-forced!
	RobotPeriodic(): 0.003196s
	TeleopPeriodic(): 0.021542s
Watchdog not fed within 0.020000s
Loop time of 2.000000e-02s overrun

-- 362.801 since boot --
Arms are being full-forced!
-- 362.852 since boot --
Arms are being full-forced!
-- 362.902 since boot --
Arms are being full-forced!
-- 362.957 since boot --
Arms are being full-forced!
-- 362.989 since boot --
Arms are being full-forced!
-- 363.031 since boot --
Arms are being full-forced!
-- 363.096 since boot --
Arms are being full-forced!
-- 363.147 since boot --
Arms are being full-forced!
-- 363.205 since boot --
Arms are being full-forced!
-- 363.237 since boot --
Arms are being full-forced!
-- 363.27 since boot --
Arms are being full-forced!
-- 363.295 since boot --
Arms are being full-forced!
-- 363.326 since boot --
Arms are being full-forced!
-- 363.354 since boot --
Arms are being full-forced!
-- 363.377 since boot --
Arms are being full-forced!
-- 363.409 since boot --
Arms are being full-forced!
-- 363.442 since boot --
Arms are being full-forced!
-- 363.483 since boot --
Arms are being full-forced!
Watchdog not fed within 0.020000s
Loop time of 2.000000e-02s overrun

	RobotPeriodic(): 0.000125s
	TeleopPeriodic(): 0.037501s
Watchdog not fed within 0.020000s
Loop time of 2.000000e-02s overrun

	RobotPeriodic(): 0.000488s
	TeleopPeriodic(): 0.026314s
Watchdog not fed within 0.020000s
Loop time of 2.000000e-02s overrun

	RobotPeriodic(): 0.000120s
	TeleopPeriodic(): 0.026957s
-- 366.664 since boot --
Arms are being full-forced!
-- 366.683 since boot --
Arms are being full-forced!
-- 366.706 since boot --
Arms are being full-forced!
-- 366.753 since boot --
Arms are being full-forced!
-- 366.808 since boot --
Arms are being full-forced!
-- 366.864 since boot --
Arms are being full-forced!
-- 366.898 since boot --
Arms are being full-forced!
-- 366.915 since boot --
Arms are being full-forced!
-- 366.932 since boot --
Arms are being full-forced!
-- 366.942 since boot --
Arms are being full-forced!
-- 366.968 since boot --
Arms are being full-forced!
-- 367.037 since boot --
Arms are being full-forced!
-- 367.076 since boot --
Arms are being full-forced!
-- 367.117 since boot --
Arms are being full-forced!
-- 367.157 since boot --
Arms are being full-forced!
-- 367.192 since boot --
Arms are being full-forced!
-- 367.228 since boot --
Arms are being full-forced!
-- 367.263 since boot --
Arms are being full-forced!
-- 367.301 since boot --
Arms are being full-forced!
-- 367.359 since boot --
Arms are being full-forced!
-- 367.412 since boot --
Arms are being full-forced!
-- 367.451 since boot --
Arms are being full-forced!
-- 367.511 since boot --
Arms are being full-forced!
-- 367.569 since boot --
Pushing legs down!
Arms are being full-forced!
-- 367.606 since boot --
Pushing legs down!
Arms are being full-forced!
-- 367.663 since boot --
Pushing legs down!
Arms are being full-forced!
-- 367.704 since boot --
Pushing legs down!
Arms are being full-forced!
-- 367.74 since boot --
Pushing legs down!
Arms are being full-forced!
-- 367.766 since boot --
Arms are being full-forced!
Watchdog not fed within 0.020000s
Loop time of 2.000000e-02s overrun

	RobotPeriodic(): 0.000153s
	TeleopPeriodic(): 0.047166s
-- 367.98 since boot --
Pushing legs down!
-- 368.022 since boot --
Pushing legs down!
-- 368.065 since boot --
Pushing legs down!
-- 368.099 since boot --
Pushing legs down!
-- 368.125 since boot --
Pushing legs down!
-- 368.159 since boot --
Pushing legs down!
-- 368.191 since boot --
Pushing legs down!
-- 368.221 since boot --
Pushing legs down!
-- 368.258 since boot --
Pushing legs down!
-- 368.657 since boot --
Pushing legs down!
-- 368.709 since boot --
Pushing legs down!
-- 368.743 since boot --
Pushing legs down!
Arms are being full-forced!
-- 368.788 since boot --
Pushing legs down!
Arms are being full-forced!
-- 368.827 since boot --
Pushing legs down!
Arms are being full-forced!
-- 368.859 since boot --
Pushing legs down!
Arms are being full-forced!
-- 368.888 since boot --
Pushing legs down!
Arms are being full-forced!
-- 368.929 since boot --
Pushing legs down!
Arms are being full-forced!
-- 368.96 since boot --
Pushing legs down!
Arms are being full-forced!
-- 369.01 since boot --
Pushing legs down!
Arms are being full-forced!
Watchdog not fed within 0.020000s
Loop time of 2.000000e-02s overrun

-- 369.071 since boot --
Pushing legs down!
Arms are being full-forced!
	RobotPeriodic(): 0.001414s
	TeleopPeriodic(): 0.027488s
-- 369.105 since boot --
Pushing legs down!
Arms are being full-forced!
-- 369.146 since boot --
Pushing legs down!
Arms are being full-forced!
-- 369.173 since boot --
Pushing legs down!
Arms are being full-forced!
-- 369.217 since boot --
Pushing legs down!
Arms are being full-forced!
-- 369.256 since boot --
Pushing legs down!
Arms are being full-forced!
-- 369.307 since boot --
Pushing legs down!
Arms are being full-forced!
-- 369.36 since boot --
Pushing legs down!
Arms are being full-forced!
-- 369.397 since boot --
Pushing legs down!
Arms are being full-forced!
-- 369.422 since boot --
Pushing legs down!
Arms are being full-forced!
-- 369.439 since boot --
Pushing legs down!
Arms are being full-forced!
-- 369.513 since boot --
Pushing legs down!
Arms are being full-forced!
-- 369.54 since boot --
Pushing legs down!
Arms are being full-forced!
-- 369.582 since boot --
Pushing legs down!
Arms are being full-forced!
-- 369.609 since boot --
Pushing legs down!
Arms are being full-forced!
-- 369.637 since boot --
Pushing legs down!
Arms are being full-forced!
-- 369.67 since boot --
Pushing legs down!
Arms are being full-forced!
-- 369.687 since boot --
Pushing legs down!
Arms are being full-forced!
-- 369.726 since boot --
Pushing legs down!
Arms are being full-forced!
-- 369.759 since boot --
Pushing legs down!
Arms are being full-forced!
-- 369.799 since boot --
Pushing legs down!
Arms are being full-forced!
-- 369.824 since boot --
Pushing legs down!
Arms are being full-forced!
-- 369.867 since boot --
Pushing legs down!
Arms are being full-forced!
-- 369.91 since boot --
Pushing legs down!
Arms are being full-forced!
-- 369.94 since boot --
Pushing legs down!
Arms are being full-forced!
-- 369.978 since boot --
Pushing legs down!
Arms are being full-forced!
-- 370.021 since boot --
Pushing legs down!
Arms are being full-forced!
-- 370.052 since boot --
Pushing legs down!
Arms are being full-forced!
-- 370.105 since boot --
Pushing legs down!
Arms are being full-forced!
-- 370.169 since boot --
Pushing legs down!
Arms are being full-forced!
-- 370.217 since boot --
Watchdog not fed within 0.020000s
Pushing legs down!
Arms are being full-forced!
Loop time of 2.000000e-02s overrun

	RobotPeriodic(): 0.016463s
	TeleopPeriodic(): 0.018519s
-- 370.29 since boot --
Pushing legs down!
Arms are being full-forced!
-- 370.325 since boot --
Pushing legs down!
Arms are being full-forced!
-- 370.375 since boot --
Pushing legs down!
Arms are being full-forced!
-- 370.432 since boot --
Pushing legs down!
Arms are being full-forced!
-- 370.502 since boot --
Pushing legs down!
Arms are being full-forced!
-- 370.543 since boot --
Pushing legs down!
Arms are being full-forced!
-- 370.593 since boot --
Pushing legs down!
Arms are being full-forced!
-- 370.641 since boot --
Pushing legs down!
Arms are being full-forced!
-- 370.697 since boot --
Pushing legs down!
Arms are being full-forced!
-- 370.73 since boot --
Pushing legs down!
Arms are being full-forced!
-- 370.757 since boot --
Pushing legs down!
Arms are being full-forced!
-- 370.787 since boot --
Pushing legs down!
Arms are being full-forced!
-- 370.822 since boot --
Pushing legs down!
Arms are being full-forced!
-- 370.86 since boot --
Pushing legs down!
Arms are being full-forced!
-- 370.888 since boot --
Pushing legs down!
Arms are being full-forced!
-- 370.905 since boot --
Pushing legs down!
Arms are being full-forced!
-- 370.925 since boot --
Pushing legs down!
Arms are being full-forced!
-- 370.949 since boot --
Pushing legs down!
Arms are being full-forced!
-- 370.978 since boot --
Pushing legs down!
Arms are being full-forced!
-- 371.019 since boot --
Pushing legs down!
Arms are being full-forced!
-- 371.057 since boot --
Pushing legs down!
Arms are being full-forced!
-- 371.095 since boot --
Pushing legs down!
Arms are being full-forced!
-- 371.13 since boot --
Pushing legs down!
Arms are being full-forced!
-- 371.168 since boot --
Pushing legs down!
Arms are being full-forced!
-- 371.216 since boot --
Pushing legs down!
Arms are being full-forced!
-- 371.252 since boot --
Pushing legs down!
Arms are being full-forced!
-- 371.289 since boot --
Pushing legs down!
Arms are being full-forced!
-- 371.326 since boot --
Pushing legs down!
Arms are being full-forced!
-- 371.378 since boot --
Pushing legs down!
Arms are being full-forced!
-- 371.412 since boot --
Pushing legs down!
Arms are being full-forced!
-- 371.447 since boot --
Pushing legs down!
Arms are being full-forced!
-- 371.477 since boot --
Pushing legs down!
Arms are being full-forced!
-- 371.508 since boot --
Pushing legs down!
Arms are being full-forced!
-- 371.54 since boot --
Pushing legs down!
Arms are being full-forced!
-- 371.562 since boot --
Pushing legs down!
Arms are being full-forced!
Watchdog not fed within 0.020000s
-- 371.613 since boot --
Pushing legs down!
Arms are being full-forced!
Loop time of 2.000000e-02s overrun

	RobotPeriodic(): 0.001404s
	TeleopPeriodic(): 0.020020s
-- 371.671 since boot --
Pushing legs down!
Arms are being full-forced!
-- 371.724 since boot --
Pushing legs down!
Arms are being full-forced!
-- 371.749 since boot --
Pushing legs down!
Arms are being full-forced!
-- 371.793 since boot --
Pushing legs down!
Arms are being full-forced!
-- 371.835 since boot --
Pushing legs down!
Arms are being full-forced!
-- 371.877 since boot --
Pushing legs down!
Arms are being full-forced!
-- 371.932 since boot --
Pushing legs down!
Arms are being full-forced!
-- 371.969 since boot --
Pushing legs down!
Arms are being full-forced!
-- 372 since boot --
Pushing legs down!
Arms are being full-forced!
-- 372.029 since boot --
Pushing legs down!
Arms are being full-forced!
-- 372.06 since boot --
Pushing legs down!
Arms are being full-forced!
-- 372.091 since boot --
Pushing legs down!
Arms are being full-forced!
-- 372.12 since boot --
Pushing legs down!
Arms are being full-forced!
-- 372.174 since boot --
Pushing legs down!
Arms are being full-forced!
-- 372.226 since boot --
Pushing legs down!
Arms are being full-forced!
-- 372.277 since boot --
Pushing legs down!
Arms are being full-forced!
-- 372.312 since boot --
Pushing legs down!
Arms are being full-forced!
-- 372.35 since boot --
Pushing legs down!
Arms are being full-forced!
-- 372.383 since boot --
Pushing legs down!
Arms are being full-forced!
-- 372.418 since boot --
Pushing legs down!
Arms are being full-forced!
-- 372.454 since boot --
Pushing legs down!
Arms are being full-forced!
-- 372.511 since boot --
Pushing legs down!
Arms are being full-forced!
-- 372.534 since boot --
Pushing legs down!
Arms are being full-forced!
-- 372.557 since boot --
Pushing legs down!
Arms are being full-forced!
-- 372.587 since boot --
Pushing legs down!
Arms are being full-forced!
-- 372.625 since boot --
Pushing legs down!
Arms are being full-forced!
-- 372.657 since boot --
Pushing legs down!
Arms are being full-forced!
-- 372.708 since boot --
Pushing legs down!
Arms are being full-forced!
-- 372.763 since boot --
Pushing legs down!
Arms are being full-forced!
Watchdog not fed within 0.020000s
Loop time of 2.000000e-02s overrun

-- 372.823 since boot --
Pushing legs down!
Arms are being full-forced!
	RobotPeriodic(): 0.000210s
	TeleopPeriodic(): 0.026664s
-- 372.866 since boot --
Pushing legs down!
Arms are being full-forced!
-- 372.904 since boot --
Pushing legs down!
Arms are being full-forced!
-- 372.96 since boot --
Pushing legs down!
Arms are being full-forced!
-- 373.01 since boot --
Pushing legs down!
Arms are being full-forced!
-- 373.044 since boot --
Pushing legs down!
Arms are being full-forced!
-- 373.099 since boot --
Pushing legs down!
Arms are being full-forced!
-- 373.159 since boot --
Pushing legs down!
Arms are being full-forced!
-- 373.207 since boot --
Pushing legs down!
Arms are being full-forced!
-- 373.243 since boot --
Pushing legs down!
Arms are being full-forced!
-- 373.275 since boot --
Pushing legs down!
Arms are being full-forced!
-- 373.31 since boot --
Pushing legs down!
Arms are being full-forced!
-- 373.346 since boot --
Pushing legs down!
Arms are being full-forced!
-- 373.38 since boot --
Pushing legs down!
Arms are being full-forced!
-- 373.417 since boot --
Pushing legs down!
Arms are being full-forced!
-- 373.464 since boot --
Pushing legs down!
Arms are being full-forced!
-- 373.501 since boot --
Pushing legs down!
Arms are being full-forced!
-- 373.541 since boot --
Pushing legs down!
Arms are being full-forced!
-- 373.593 since boot --
Pushing legs down!
Arms are being full-forced!
-- 373.633 since boot --
Pushing legs down!
Arms are being full-forced!
-- 373.672 since boot --
Pushing legs down!
Arms are being full-forced!
-- 373.713 since boot --
Pushing legs down!
Arms are being full-forced!
-- 373.751 since boot --
Pushing legs down!
Arms are being full-forced!
-- 373.792 since boot --
Pushing legs down!
Arms are being full-forced!
-- 373.828 since boot --
Pushing legs down!
Arms are being full-forced!
-- 373.864 since boot --
Pushing legs down!
Arms are being full-forced!
-- 373.903 since boot --
Pushing legs down!
Arms are being full-forced!
-- 373.949 since boot --
Pushing legs down!
Arms are being full-forced!
Watchdog not fed within 0.020000s
-- 373.988 since boot --
Pushing legs down!
Arms are being full-forced!
Loop time of 2.000000e-02s overrun

	RobotPeriodic(): 0.000250s
	TeleopPeriodic(): 0.021104s
-- 374.022 since boot --
Pushing legs down!
Arms are being full-forced!
-- 374.073 since boot --
Pushing legs down!
Arms are being full-forced!
-- 374.095 since boot --
Pushing legs down!
Arms are being full-forced!
-- 374.136 since boot --
Pushing legs down!
Arms are being full-forced!
-- 374.184 since boot --
Pushing legs down!
Arms are being full-forced!
-- 374.251 since boot --
Pushing legs down!
Arms are being full-forced!
-- 374.289 since boot --
Pushing legs down!
Arms are being full-forced!
-- 374.32 since boot --
Pushing legs down!
Arms are being full-forced!
-- 374.392 since boot --
Pushing legs down!
Arms are being full-forced!
-- 374.455 since boot --
Pushing legs down!
Arms are being full-forced!
-- 374.495 since boot --
Pushing legs down!
Arms are being full-forced!
-- 374.52 since boot --
Pushing legs down!
Arms are being full-forced!
-- 374.55 since boot --
Pushing legs down!
Arms are being full-forced!
-- 374.598 since boot --
Pushing legs down!
Arms are being full-forced!
-- 374.654 since boot --
Pushing legs down!
Arms are being full-forced!
-- 374.688 since boot --
Pushing legs down!
Arms are being full-forced!
-- 374.714 since boot --
Pushing legs down!
Arms are being full-forced!
-- 374.739 since boot --
Pushing legs down!
Arms are being full-forced!
-- 374.77 since boot --
Pushing legs down!
Arms are being full-forced!
-- 374.804 since boot --
Pushing legs down!
Arms are being full-forced!
-- 374.831 since boot --
Pushing legs down!
Arms are being full-forced!
-- 374.853 since boot --
Pushing legs down!
Arms are being full-forced!
-- 374.876 since boot --
Pushing legs down!
Arms are being full-forced!
-- 374.9 since boot --
Pushing legs down!
Arms are being full-forced!
-- 374.918 since boot --
Pushing legs down!
Arms are being full-forced!
-- 374.967 since boot --
Pushing legs down!
Arms are being full-forced!
-- 375.015 since boot --
Pushing legs down!
Arms are being full-forced!
-- 375.08 since boot --
Pushing legs down!
Arms are being full-forced!
-- 375.162 since boot --
Pushing legs down!
Arms are being full-forced!
	RobotPeriodic(): 0.000538s
	TeleopPeriodic(): 0.034434s
Watchdog not fed within 0.020000s
Loop time of 2.000000e-02s overrun

-- 375.248 since boot --
Pushing legs down!
Arms are being full-forced!
-- 375.314 since boot --
Pushing legs down!
Arms are being full-forced!
-- 375.369 since boot --
Pushing legs down!
Arms are being full-forced!
-- 375.442 since boot --
Pushing legs down!
Arms are being full-forced!
-- 375.515 since boot --
Pushing legs down!
Arms are being full-forced!
-- 375.587 since boot --
Pushing legs down!
Arms are being full-forced!
-- 375.658 since boot --
Pushing legs down!
Arms are being full-forced!
-- 375.727 since boot --
Pushing legs down!
Arms are being full-forced!
-- 375.793 since boot --
Pushing legs down!
Arms are being full-forced!
-- 375.863 since boot --
Pushing legs down!
Arms are being full-forced!
-- 375.934 since boot --
Pushing legs down!
Arms are being full-forced!
-- 376.004 since boot --
Pushing legs down!
Arms are being full-forced!
-- 376.051 since boot --
Pushing legs down!
Arms are being full-forced!
-- 376.109 since boot --
Pushing legs down!
Arms are being full-forced!
-- 376.157 since boot --
Pushing legs down!
Arms are being full-forced!
-- 376.203 since boot --
Pushing legs down!
Arms are being full-forced!
-- 376.259 since boot --
Pushing legs down!
Arms are being full-forced!
-- 376.289 since boot --
Pushing legs down!
Arms are being full-forced!
-- 376.32 since boot --
Pushing legs down!
Arms are being full-forced!
-- 376.353 since boot --
Pushing legs down!
Arms are being full-forced!
-- 376.384 since boot --
Pushing legs down!
Arms are being full-forced!
-- 376.418 since boot --
Pushing legs down!
Arms are being full-forced!
-- 376.46 since boot --
Pushing legs down!
Arms are being full-forced!
-- 376.487 since boot --
Pushing legs down!
Arms are being full-forced!
Watchdog not fed within 0.020000s
Loop time of 2.000000e-02s overrun

	RobotPeriodic(): 0.010171s
	TeleopPeriodic(): 0.013092s
-- 376.556 since boot --
Pushing legs down!
Arms are being full-forced!
-- 376.609 since boot --
Pushing legs down!
Arms are being full-forced!
-- 376.654 since boot --
Pushing legs down!
Arms are being full-forced!
-- 376.712 since boot --
Pushing legs down!
Arms are being full-forced!
-- 376.725 since boot --
Pushing legs down!
Arms are being full-forced!
-- 376.803 since boot --
Pushing legs down!
Arms are being full-forced!
-- 376.83 since boot --
Pushing legs down!
Arms are being full-forced!
-- 376.896 since boot --
Pushing legs down!
Arms are being full-forced!
-- 376.935 since boot --
Pushing legs down!
Arms are being full-forced!
-- 376.966 since boot --
Pushing legs down!
Arms are being full-forced!
-- 376.998 since boot --
Pushing legs down!
Arms are being full-forced!
-- 377.025 since boot --
Pushing legs down!
Arms are being full-forced!
-- 377.049 since boot --
Pushing legs down!
Arms are being full-forced!
-- 377.075 since boot --
Pushing legs down!
Arms are being full-forced!
-- 377.112 since boot --
Pushing legs down!
Arms are being full-forced!
-- 377.163 since boot --
Pushing legs down!
Arms are being full-forced!
-- 377.216 since boot --
Pushing legs down!
Arms are being full-forced!
-- 377.285 since boot --
Pushing legs down!
Arms are being full-forced!
-- 377.34 since boot --
Pushing legs down!
Arms are being full-forced!
-- 377.357 since boot --
Pushing legs down!
Arms are being full-forced!
-- 377.428 since boot --
Pushing legs down!
Arms are being full-forced!
-- 377.501 since boot --
Pushing legs down!
Arms are being full-forced!
-- 377.571 since boot --
Pushing legs down!
Arms are being full-forced!
-- 377.633 since boot --
Pushing legs down!
Arms are being full-forced!
-- 377.648 since boot --
Pushing legs down!
Arms are being full-forced!
Watchdog not fed within 0.020000s
Loop time of 2.000000e-02s overrun

-- 377.738 since boot --
Pushing legs down!
Arms are being full-forced!
	RobotPeriodic(): 0.003960s
	TeleopPeriodic(): 0.024860s
-- 377.752 since boot --
Pushing legs down!
Arms are being full-forced!
-- 377.792 since boot --
Pushing legs down!
Arms are being full-forced!
-- 377.814 since boot --
Pushing legs down!
Arms are being full-forced!
-- 377.843 since boot --
Pushing legs down!
Arms are being full-forced!
-- 377.866 since boot --
Pushing legs down!
Arms are being full-forced!
-- 377.892 since boot --
Pushing legs down!
Arms are being full-forced!
-- 377.931 since boot --
Pushing legs down!
Arms are being full-forced!
-- 377.961 since boot --
Pushing legs down!
Arms are being full-forced!
-- 377.992 since boot --
Pushing legs down!
Arms are being full-forced!
-- 378.025 since boot --
Pushing legs down!
Arms are being full-forced!
-- 378.053 since boot --
Pushing legs down!
Arms are being full-forced!
-- 378.107 since boot --
Pushing legs down!
Arms are being full-forced!
-- 378.152 since boot --
Pushing legs down!
Arms are being full-forced!
-- 378.185 since boot --
Pushing legs down!
Arms are being full-forced!
-- 378.218 since boot --
Pushing legs down!
Arms are being full-forced!
-- 378.251 since boot --
Pushing legs down!
Arms are being full-forced!
-- 378.283 since boot --
Pushing legs down!
Arms are being full-forced!
-- 378.316 since boot --
Pushing legs down!
Arms are being full-forced!
-- 378.35 since boot --
Pushing legs down!
Arms are being full-forced!
-- 378.383 since boot --
Pushing legs down!
Arms are being full-forced!
-- 378.416 since boot --
Pushing legs down!
Arms are being full-forced!
-- 378.45 since boot --
Pushing legs down!
Arms are being full-forced!
-- 378.494 since boot --
Pushing legs down!
Arms are being full-forced!
-- 378.534 since boot --
Pushing legs down!
Arms are being full-forced!
-- 378.567 since boot --
Pushing legs down!
Arms are being full-forced!
-- 378.6 since boot --
Pushing legs down!
Arms are being full-forced!
-- 378.63 since boot --
Pushing legs down!
Arms are being full-forced!
-- 378.657 since boot --
Pushing legs down!
Arms are being full-forced!
-- 378.689 since boot --
Pushing legs down!
Arms are being full-forced!
-- 378.735 since boot --
Pushing legs down!
Arms are being full-forced!
-- 378.777 since boot --
Pushing legs down!
Arms are being full-forced!
-- 378.816 since boot --
Pushing legs down!
Arms are being full-forced!
Watchdog not fed within 0.020000s
Loop time of 2.000000e-02s overrun

-- 378.859 since boot --
Pushing legs down!
Arms are being full-forced!
	RobotPeriodic(): 0.001784s
	TeleopPeriodic(): 0.020665s
-- 378.884 since boot --
Pushing legs down!
Arms are being full-forced!
-- 378.912 since boot --
Pushing legs down!
Arms are being full-forced!
-- 378.942 since boot --
Pushing legs down!
Arms are being full-forced!
-- 378.976 since boot --
Pushing legs down!
Arms are being full-forced!
-- 379.025 since boot --
Pushing legs down!
Arms are being full-forced!
-- 379.098 since boot --
Pushing legs down!
Arms are being full-forced!
-- 379.155 since boot --
Pushing legs down!
Arms are being full-forced!
-- 379.214 since boot --
Pushing legs down!
Arms are being full-forced!
-- 379.284 since boot --
Pushing legs down!
Arms are being full-forced!
-- 379.331 since boot --
Pushing legs down!
Arms are being full-forced!
-- 379.342 since boot --
Pushing legs down!
Arms are being full-forced!
-- 379.365 since boot --
Pushing legs down!
Arms are being full-forced!
-- 379.392 since boot --
Pushing legs down!
Arms are being full-forced!
-- 379.43 since boot --
Pushing legs down!
Arms are being full-forced!
-- 379.448 since boot --
Pushing legs down!
Arms are being full-forced!
-- 379.493 since boot --
Pushing legs down!
Arms are being full-forced!
-- 379.528 since boot --
Pushing legs down!
Arms are being full-forced!
-- 379.568 since boot --
Pushing legs down!
Arms are being full-forced!
-- 379.636 since boot --
Pushing legs down!
Arms are being full-forced!
-- 379.68 since boot --
Pushing legs down!
Arms are being full-forced!
-- 379.711 since boot --
Pushing legs down!
Arms are being full-forced!
-- 379.749 since boot --
Pushing legs down!
Arms are being full-forced!
-- 379.808 since boot --
Pushing legs down!
Arms are being full-forced!
-- 379.85 since boot --
Pushing legs down!
Arms are being full-forced!
-- 379.888 since boot --
Pushing legs down!
Arms are being full-forced!
-- 379.932 since boot --
Pushing legs down!
Arms are being full-forced!
-- 379.989 since boot --
Pushing legs down!
Arms are being full-forced!
-- 380.024 since boot --
Pushing legs down!
Arms are being full-forced!
-- 380.056 since boot --
Pushing legs down!
Arms are being full-forced!
-- 380.092 since boot --
Pushing legs down!
Arms are being full-forced!
Watchdog not fed within 0.020000s
Loop time of 2.000000e-02s overrun

-- 380.159 since boot --
Pushing legs down!
Arms are being full-forced!
	RobotPeriodic(): 0.000809s
	TeleopPeriodic(): 0.026687s
-- 380.197 since boot --
Pushing legs down!
Arms are being full-forced!
-- 380.234 since boot --
Pushing legs down!
Arms are being full-forced!
-- 380.271 since boot --
Pushing legs down!
Arms are being full-forced!
-- 380.332 since boot --
Pushing legs down!
Arms are being full-forced!
-- 380.397 since boot --
Pushing legs down!
Arms are being full-forced!
-- 380.443 since boot --
Pushing legs down!
Arms are being full-forced!
-- 380.474 since boot --
Pushing legs down!
Arms are being full-forced!
-- 380.507 since boot --
Pushing legs down!
Arms are being full-forced!
-- 380.544 since boot --
Pushing legs down!
Arms are being full-forced!
-- 380.582 since boot --
Pushing legs down!
Arms are being full-forced!
-- 380.619 since boot --
Pushing legs down!
Arms are being full-forced!
-- 380.657 since boot --
Pushing legs down!
Arms are being full-forced!
-- 380.69 since boot --
Pushing legs down!
Arms are being full-forced!
-- 380.723 since boot --
Pushing legs down!
Arms are being full-forced!
-- 380.767 since boot --
Pushing legs down!
Arms are being full-forced!
-- 380.795 since boot --
Pushing legs down!
Arms are being full-forced!
-- 380.828 since boot --
Pushing legs down!
Arms are being full-forced!
-- 380.857 since boot --
Pushing legs down!
Arms are being full-forced!
-- 380.897 since boot --
Pushing legs down!
Arms are being full-forced!
-- 380.941 since boot --
Pushing legs down!
Arms are being full-forced!
-- 381.004 since boot --
Pushing legs down!
Arms are being full-forced!
-- 381.054 since boot --
Pushing legs down!
Arms are being full-forced!
-- 381.12 since boot --
Pushing legs down!
Arms are being full-forced!
-- 381.164 since boot --
Pushing legs down!
Arms are being full-forced!
-- 381.207 since boot --
Pushing legs down!
Arms are being full-forced!
-- 381.236 since boot --
Pushing legs down!
Arms are being full-forced!
-- 381.265 since boot --
Pushing legs down!
Arms are being full-forced!
-- 381.287 since boot --
Pushing legs down!
Arms are being full-forced!
Watchdog not fed within 0.020000s
Loop time of 2.000000e-02s overrun

-- 381.35 since boot --
Pushing legs down!
Arms are being full-forced!
	RobotPeriodic(): 0.006090s
	TeleopPeriodic(): 0.027974s
-- 381.375 since boot --
Pushing legs down!
Arms are being full-forced!
-- 381.39 since boot --
Pushing legs down!
Arms are being full-forced!
-- 381.4 since boot --
Pushing legs down!
Arms are being full-forced!
-- 381.435 since boot --
Pushing legs down!
Arms are being full-forced!
-- 381.465 since boot --
Pushing legs down!
Arms are being full-forced!
-- 381.502 since boot --
Pushing legs down!
Arms are being full-forced!
-- 381.538 since boot --
Pushing legs down!
Arms are being full-forced!
-- 381.572 since boot --
Pushing legs down!
Arms are being full-forced!
-- 381.597 since boot --
Pushing legs down!
Arms are being full-forced!
-- 381.63 since boot --
Pushing legs down!
Arms are being full-forced!
-- 381.654 since boot --
Pushing legs down!
Arms are being full-forced!
-- 381.721 since boot --
Pushing legs down!
Arms are being full-forced!
-- 381.771 since boot --
Pushing legs down!
Arms are being full-forced!
-- 381.814 since boot --
Pushing legs down!
Arms are being full-forced!
-- 381.85 since boot --
Pushing legs down!
Arms are being full-forced!
-- 381.873 since boot --
Pushing legs down!
Arms are being full-forced!
-- 381.907 since boot --
Pushing legs down!
Arms are being full-forced!
-- 381.959 since boot --
Pushing legs down!
Arms are being full-forced!
-- 382.01 since boot --
Pushing legs down!
Arms are being full-forced!
-- 382.051 since boot --
Pushing legs down!
Arms are being full-forced!
-- 382.089 since boot --
Arms are being full-forced!
-- 382.139 since boot --
Arms are being full-forced!
-- 382.162 since boot --
Arms are being full-forced!
-- 382.189 since boot --
Arms are being full-forced!
-- 382.217 since boot --
Arms are being full-forced!
-- 382.245 since boot --
Arms are being full-forced!
-- 382.289 since boot --
Arms are being full-forced!
-- 382.314 since boot --
Arms are being full-forced!
-- 382.348 since boot --
Arms are being full-forced!
-- 382.371 since boot --
Arms are being full-forced!
-- 382.398 since boot --
Arms are being full-forced!
-- 382.43 since boot --
Arms are being full-forced!
-- 382.475 since boot --
Arms are being full-forced!
-- 382.505 since boot --
Arms are being full-forced!
-- 382.538 since boot --
Arms are being full-forced!
-- 382.577 since boot --
Arms are being full-forced!
-- 382.611 since boot --
Arms are being full-forced!
-- 382.646 since boot --
Arms are being full-forced!
-- 382.681 since boot --
Arms are being full-forced!
-- 382.711 since boot --
Arms are being full-forced!
-- 382.753 since boot --
Arms are being full-forced!
Watchdog not fed within 0.020000s
Loop time of 2.000000e-02s overrun

-- 382.805 since boot --
Arms are being full-forced!
	RobotPeriodic(): 0.000220s
	TeleopPeriodic(): 0.024682s
-- 382.858 since boot --
Arms are being full-forced!
-- 382.905 since boot --
Arms are being full-forced!
-- 382.953 since boot --
Arms are being full-forced!
-- 382.99 since boot --
Arms are being full-forced!
-- 383.058 since boot --
Arms are being full-forced!
-- 383.077 since boot --
Arms are being full-forced!
-- 383.124 since boot --
Arms are being full-forced!
-- 383.16 since boot --
Arms are being full-forced!
-- 383.208 since boot --
Arms are being full-forced!
-- 383.244 since boot --
Arms are being full-forced!
-- 383.278 since boot --
Arms are being full-forced!
-- 383.319 since boot --
Arms are being full-forced!
-- 383.365 since boot --
Arms are being full-forced!
-- 383.399 since boot --
Arms are being full-forced!
-- 383.432 since boot --
Arms are being full-forced!
-- 383.467 since boot --
Arms are being full-forced!
-- 383.503 since boot --
Arms are being full-forced!
-- 383.56 since boot --
Arms are being full-forced!
-- 383.603 since boot --
Arms are being full-forced!
-- 383.643 since boot --
Arms are being full-forced!
-- 383.697 since boot --
Arms are being full-forced!
-- 383.764 since boot --
Arms are being full-forced!
-- 383.794 since boot --
Arms are being full-forced!
-- 383.821 since boot --
Arms are being full-forced!
-- 383.849 since boot --
Arms are being full-forced!
-- 383.89 since boot --
Arms are being full-forced!
-- 383.947 since boot --
Arms are being full-forced!
-- 383.996 since boot --
Arms are being full-forced!
-- 384.035 since boot --
Arms are being full-forced!
Watchdog not fed within 0.020000s
Loop time of 2.000000e-02s overrun

	RobotPeriodic(): 0.005949s
	TeleopPeriodic(): 0.017037s
-- 384.075 since boot --
Arms are being full-forced!
-- 384.109 since boot --
Arms are being full-forced!
-- 384.163 since boot --
Arms are being full-forced!
-- 384.227 since boot --
Arms are being full-forced!
-- 384.29 since boot --
Arms are being full-forced!
Watchdog not fed within 0.020000s
Loop time of 2.000000e-02s overrun

	RobotPeriodic(): 0.000625s
	TeleopPeriodic(): 0.029287s
-- 385.803 since boot --
Pushing legs down!
Arms are being full-forced!
-- 385.851 since boot --
Pushing legs down!
Arms are being full-forced!
-- 385.896 since boot --
Pushing legs down!
Arms are being full-forced!
-- 385.946 since boot --
Pushing legs down!
Arms are being full-forced!
-- 385.989 since boot --
Pushing legs down!
Arms are being full-forced!
-- 386.033 since boot --
Pushing legs down!
Arms are being full-forced!
-- 386.067 since boot --
Pushing legs down!
Arms are being full-forced!
-- 386.113 since boot --
Pushing legs down!
Arms are being full-forced!
-- 386.173 since boot --
Pushing legs down!
Arms are being full-forced!
-- 386.222 since boot --
Pushing legs down!
Arms are being full-forced!
-- 386.27 since boot --
Pushing legs down!
Arms are being full-forced!
-- 386.308 since boot --
Pushing legs down!
Arms are being full-forced!
-- 386.345 since boot --
Pushing legs down!
Arms are being full-forced!
-- 386.402 since boot --
Arms are being full-forced!
-- 386.423 since boot --
Arms are being full-forced!
-- 386.451 since boot --
Arms are being full-forced!
-- 386.477 since boot --
Arms are being full-forced!
-- 386.505 since boot --
Arms are being full-forced!
-- 386.537 since boot --
Arms are being full-forced!
-- 386.588 since boot --
Arms are being full-forced!
Watchdog not fed within 0.020000s
Loop time of 2.000000e-02s overrun

-- 386.652 since boot --
Arms are being full-forced!
	RobotPeriodic(): 0.000237s
	TeleopPeriodic(): 0.026953s
-- 386.71 since boot --
Arms are being full-forced!
-- 386.778 since boot --
Arms are being full-forced!
-- 386.854 since boot --
Arms are being full-forced!
-- 386.914 since boot --
Pushing legs down!
Arms are being full-forced!
-- 386.985 since boot --
Pushing legs down!
Arms are being full-forced!
-- 387.055 since boot --
Pushing legs down!
Arms are being full-forced!
-- 387.113 since boot --
Pushing legs down!
Arms are being full-forced!
-- 387.147 since boot --
Pushing legs down!
Arms are being full-forced!
-- 387.202 since boot --
Pushing legs down!
Arms are being full-forced!
-- 387.225 since boot --
Pushing legs down!
Arms are being full-forced!
-- 387.275 since boot --
Pushing legs down!
Arms are being full-forced!
-- 387.325 since boot --
Pushing legs down!
Arms are being full-forced!
-- 387.369 since boot --
Pushing legs down!
Arms are being full-forced!
-- 387.4 since boot --
Pushing legs down!
Arms are being full-forced!
-- 387.426 since boot --
Pushing legs down!
Arms are being full-forced!
-- 387.456 since boot --
Pushing legs down!
Arms are being full-forced!
-- 387.482 since boot --
Pushing legs down!
Arms are being full-forced!
-- 387.558 since boot --
Pushing legs down!
Arms are being full-forced!
-- 387.631 since boot --
Pushing legs down!
Arms are being full-forced!
-- 387.666 since boot --
Pushing legs down!
Arms are being full-forced!
-- 387.688 since boot --
Pushing legs down!
Arms are being full-forced!
-- 387.716 since boot --
Pushing legs down!
Arms are being full-forced!
-- 387.748 since boot --
Pushing legs down!
Arms are being full-forced!
-- 387.776 since boot --
Pushing legs down!
Arms are being full-forced!
-- 387.825 since boot --
Pushing legs down!
Arms are being full-forced!
	RobotPeriodic(): 0.000239s
	TeleopPeriodic(): 0.033109s
Watchdog not fed within 0.020000s
Loop time of 2.000000e-02s overrun

-- 387.893 since boot --
Pushing legs down!
Arms are being full-forced!
-- 387.943 since boot --
Pushing legs down!
Arms are being full-forced!
-- 388.014 since boot --
Pushing legs down!
Arms are being full-forced!
-- 388.071 since boot --
Pushing legs down!
Arms are being full-forced!
-- 388.117 since boot --
Pushing legs down!
Arms are being full-forced!
-- 388.142 since boot --
Pushing legs down!
Arms are being full-forced!
-- 388.168 since boot --
Pushing legs down!
Arms are being full-forced!
-- 388.217 since boot --
Pushing legs down!
Arms are being full-forced!
-- 388.285 since boot --
Pushing legs down!
Arms are being full-forced!
-- 388.307 since boot --
Pushing legs down!
Arms are being full-forced!
-- 388.349 since boot --
Pushing legs down!
Arms are being full-forced!
-- 388.377 since boot --
Pushing legs down!
Arms are being full-forced!
-- 388.408 since boot --
Pushing legs down!
Arms are being full-forced!
-- 388.436 since boot --
Pushing legs down!
Arms are being full-forced!
-- 388.45 since boot --
Pushing legs down!
Arms are being full-forced!
-- 388.486 since boot --
Pushing legs down!
Arms are being full-forced!
-- 388.52 since boot --
Pushing legs down!
Arms are being full-forced!
-- 388.546 since boot --
Pushing legs down!
Arms are being full-forced!
-- 388.574 since boot --
Pushing legs down!
Arms are being full-forced!
-- 388.599 since boot --
Pushing legs down!
Arms are being full-forced!
-- 388.671 since boot --
Pushing legs down!
Arms are being full-forced!
-- 388.743 since boot --
Pushing legs down!
Arms are being full-forced!
-- 388.798 since boot --
Pushing legs down!
Arms are being full-forced!
-- 388.839 since boot --
Pushing legs down!
Arms are being full-forced!
-- 388.901 since boot --
Pushing legs down!
Arms are being full-forced!
-- 388.953 since boot --
Pushing legs down!
Arms are being full-forced!
-- 388.995 since boot --
Pushing legs down!
Arms are being full-forced!
	RobotPeriodic(): 0.001664s
	TeleopPeriodic(): 0.019562s
Watchdog not fed within 0.020000s
-- 389.056 since boot --
Pushing legs down!
Arms are being full-forced!
Loop time of 2.000000e-02s overrun

-- 389.121 since boot --
Arms are being full-forced!
-- 389.148 since boot --
Arms are being full-forced!
-- 389.195 since boot --
Arms are being full-forced!
-- 389.255 since boot --
Arms are being full-forced!
-- 389.322 since boot --
Arms are being full-forced!
-- 389.396 since boot --
Arms are being full-forced!
-- 389.466 since boot --
Arms are being full-forced!
-- 389.533 since boot --
Arms are being full-forced!
-- 389.546 since boot --
Arms are being full-forced!
-- 390.57 since boot --
Manual climb is being cancled
Watchdog not fed within 0.020000s
Loop time of 2.000000e-02s overrun

	RobotPeriodic(): 0.003990s
	TeleopPeriodic(): 0.020020s
Watchdog not fed within 0.020000s
Loop time of 2.000000e-02s overrun

	RobotPeriodic(): 0.000126s
	TeleopPeriodic(): 0.045356s
-- 392.679 since boot --
Manual climb starting
Watchdog not fed within 0.020000s
Loop time of 2.000000e-02s overrun

	RobotPeriodic(): 0.000105s
	TeleopPeriodic(): 0.039133s
Watchdog not fed within 0.020000s
Loop time of 2.000000e-02s overrun

	RobotPeriodic(): 0.000101s
	TeleopPeriodic(): 0.027261s
Watchdog not fed within 0.020000s
Loop time of 2.000000e-02s overrun

	RobotPeriodic(): 0.000127s
	TeleopPeriodic(): 0.026652s
Robot disabling.. DONE
