
********** Robot program starting **********
   Welcome 5024!
-------------------
Robot Starting..
Creating Subsystems.. DONE
Creating Commands.. DONE
CS: Back: Connecting to USB camera on /dev/video1
Starting CameraServer.. DONE
CS: Front: Connecting to USB camera on /dev/video0
CS: Front: SetConfigJson: setting pixelFormat 1
CS: Back: set format 1 res 160x120
CS: Front: set format 1 res 160x120
CS: Front: SetConfigJson: setting width 160, height 120
CS: Front: SetConfigJson: setting property 'connect_verbose' to 1
CS: Front: SetConfigJson: setting property 'raw_brightness' to 50
CS: Front: SetConfigJson: setting property 'brightness' to 9
CS: Front: SetConfigJson: setting property 'raw_contrast' to 10
CS: Front: SetConfigJson: setting property 'contrast' to 100
CS: Front: SetConfigJson: setting property 'raw_saturation' to 20
CS: Front: SetConfigJson: setting property 'saturation' to 10
CS: Front: SetConfigJson: setting property 'white_balance_temperature_auto' to 0
CS: Front: SetConfigJson: setting property 'power_line_frequency' to 2
CS: Front: SetConfigJson: setting property 'white_balance_temperature' to 2800
CS: Front: SetConfigJson: setting property 'raw_sharpness' to 0
CS: Front: SetConfigJson: setting property 'sharpness' to 0
CS: Front: SetConfigJson: setting property 'backlight_compensation' to 0
CS: Front: SetConfigJson: setting property 'exposure_auto' to 1
CS: Front: SetConfigJson: setting property 'raw_exposure_absolute' to 78
CS: Front: SetConfigJson: setting property 'exposure_absolute' to 32
CS: Front: SetConfigJson: setting property 'pan_absolute' to 0
CS: Front: SetConfigJson: setting property 'tilt_absolute' to 0
CS: Front: SetConfigJson: setting property 'zoom_absolute' to 0
CS: Back: SetConfigJson: setting pixelFormat 1
CS: Back: SetConfigJson: setting width 160, height 120
CS: Back: SetConfigJson: setting property 'connect_verbose' to 1
CS: Back: SetConfigJson: setting property 'raw_brightness' to 50
CS: Back: SetConfigJson: setting property 'brightness' to 9
CS: Back: SetConfigJson: setting property 'raw_contrast' to 10
CS: Back: SetConfigJson: setting property 'contrast' to 100
CS: Back: SetConfigJson: setting property 'raw_saturation' to 20
CS: Back: SetConfigJson: setting property 'saturation' to 10
CS: Back: SetConfigJson: setting property 'white_balance_temperature_auto' to 0
CS: Back: SetConfigJson: setting property 'power_line_frequency' to 2
CS: Back: SetConfigJson: setting property 'white_balance_temperature' to 2800
CS: Back: SetConfigJson: setting property 'raw_sharpness' to 0
CS: Back: SetConfigJson: setting property 'sharpness' to 0
CS: Back: SetConfigJson: setting property 'backlight_compensation' to 0
CS: Back: SetConfigJson: setting property 'exposure_auto' to 1
CS: Back: SetConfigJson: setting property 'raw_exposure_absolute' to 78
CS: Back: SetConfigJson: setting property 'exposure_absolute' to 32
CS: Back: SetConfigJson: setting property 'pan_absolute' to 0
CS: Back: SetConfigJson: setting property 'tilt_absolute' to 0
CS: Back: SetConfigJson: setting property 'zoom_absolute' to 0
Setting camera config.. DONE
Resetting Gyro.. Instantiating navX-Sensor on SPI Port 4.
navX-Sensor Yaw Reset request ignored - startup calibration is currently in progress.
DONE
Connecting to telemetry table.. DONE
navX-Sensor startup initialization and startup calibration complete.
navX-Sensor onboard startup calibration complete.
navX-Sensor Yaw angle auto-reset to 0.0 due to startup calibration.
Robot disabling.. DONE
NT: server: client CONNECTED: 169.254.48.36 port 51114
NT: server: client CONNECTED: 10.50.24.22 port 50033
Auto commands starting.. DONE
Resetting gyro.. navX-Sensor Software Yaw Reset completed.
DONE
Watchdog not fed within 0.020000s
Loop time of 2.000000e-02s overrun

	RobotPeriodic(): 0.000075s
	AutonomousPeriodic(): 0.030864s
	AutonomousInit(): 0.000294s
Joystick Axis missing, check if all controllers are plugged in
Watchdog not fed within 0.020000s
Loop time of 2.000000e-02s overrun

	RobotPeriodic(): 0.000080s
	AutonomousPeriodic(): 0.031163s
Joystick Axis missing, check if all controllers are plugged in
Joystick Axis missing, check if all controllers are plugged in
Watchdog not fed within 0.020000s
Loop time of 2.000000e-02s overrun

	RobotPeriodic(): 0.000094s
	AutonomousPeriodic(): 0.027063s
Joystick Axis missing, check if all controllers are plugged in
Watchdog not fed within 0.020000s
Loop time of 2.000000e-02s overrun

	RobotPeriodic(): 0.000087s
	AutonomousPeriodic(): 0.023812s
Joystick Axis missing, check if all controllers are plugged in
Watchdog not fed within 0.020000s
Loop time of 2.000000e-02s overrun

	RobotPeriodic(): 0.000088s
	AutonomousPeriodic(): 0.029798s
Joystick Axis missing, check if all controllers are plugged in
Watchdog not fed within 0.020000s
Loop time of 2.000000e-02s overrun

	RobotPeriodic(): 0.000086s
	AutonomousPeriodic(): 0.028133s
Joystick Axis missing, check if all controllers are plugged in
Watchdog not fed within 0.020000s
Loop time of 2.000000e-02s overrun

	RobotPeriodic(): 0.000086s
	AutonomousPeriodic(): 0.026200s
Joystick Axis missing, check if all controllers are plugged in
Watchdog not fed within 0.020000s
Loop time of 2.000000e-02s overrun

	RobotPeriodic(): 0.000097s
	AutonomousPeriodic(): 0.028200s
Joystick Axis missing, check if all controllers are plugged in
Watchdog not fed within 0.020000s
Loop time of 2.000000e-02s overrun

	RobotPeriodic(): 0.000298s
	AutonomousPeriodic(): 0.025737s
Joystick Axis missing, check if all controllers are plugged in
Joystick Axis missing, check if all controllers are plugged in
Watchdog not fed within 0.020000s
Loop time of 2.000000e-02s overrun

	RobotPeriodic(): 0.000098s
	AutonomousPeriodic(): 0.028295s
Joystick Axis missing, check if all controllers are plugged in
Watchdog not fed within 0.020000s
Loop time of 2.000000e-02s overrun

	RobotPeriodic(): 0.000285s
	AutonomousPeriodic(): 0.020385s
Joystick Axis missing, check if all controllers are plugged in
Watchdog not fed within 0.020000s
Loop time of 2.000000e-02s overrun

	RobotPeriodic(): 0.000067s
	AutonomousPeriodic(): 0.024856s
Joystick Axis missing, check if all controllers are plugged in
navX-Sensor DISCONNECTED!!!.
Joystick Axis missing, check if all controllers are plugged in
Watchdog not fed within 0.020000s
Loop time of 2.000000e-02s overrun

	RobotPeriodic(): 0.000066s
	AutonomousPeriodic(): 0.029292s
Joystick Axis missing, check if all controllers are plugged in
Robot disabling.. DONE
Teleop commands starting.. DONE
Watchdog not fed within 0.020000s
Loop time of 2.000000e-02s overrun

	RobotPeriodic(): 0.000094s
	TeleopPeriodic(): 0.020620s
	TeleopInit(): 0.000121s
Joystick Axis missing, check if all controllers are plugged in
Watchdog not fed within 0.020000s
Loop time of 2.000000e-02s overrun

	RobotPeriodic(): 0.000085s
	TeleopPeriodic(): 0.044475s
navX-Sensor Connected.
navX-Sensor startup initialization underway; startup calibration in progress.
Joystick Axis missing, check if all controllers are plugged in
Watchdog not fed within 0.020000s
Loop time of 2.000000e-02s overrun

	RobotPeriodic(): 0.000113s
	TeleopPeriodic(): 0.025644s
Joystick Axis missing, check if all controllers are plugged in
Joystick Axis missing, check if all controllers are plugged in
Watchdog not fed within 0.020000s
Loop time of 2.000000e-02s overrun

	RobotPeriodic(): 0.000130s
	TeleopPeriodic(): 0.026299s
Joystick Axis missing, check if all controllers are plugged in
Watchdog not fed within 0.020000s
Loop time of 2.000000e-02s overrun

	RobotPeriodic(): 0.000083s
	TeleopPeriodic(): 0.033941s
Joystick Axis missing, check if all controllers are plugged in
Watchdog not fed within 0.020000s
Loop time of 2.000000e-02s overrun

	RobotPeriodic(): 0.000088s
	TeleopPeriodic(): 0.038644s
Joystick Axis missing, check if all controllers are plugged in
Watchdog not fed within 0.020000s
Loop time of 2.000000e-02s overrun

	RobotPeriodic(): 0.000082s
	TeleopPeriodic(): 0.021647s
Joystick Axis missing, check if all controllers are plugged in
Joystick Axis missing, check if all controllers are plugged in
Watchdog not fed within 0.020000s
Loop time of 2.000000e-02s overrun

	RobotPeriodic(): 0.000081s
	TeleopPeriodic(): 0.025807s
Joystick Axis missing, check if all controllers are plugged in
Watchdog not fed within 0.020000s
Loop time of 2.000000e-02s overrun

	RobotPeriodic(): 0.000106s
	TeleopPeriodic(): 0.029688s
Joystick Axis missing, check if all controllers are plugged in
Watchdog not fed within 0.020000s
Loop time of 2.000000e-02s overrun

	RobotPeriodic(): 0.000960s
	TeleopPeriodic(): 0.033251s
Joystick Axis missing, check if all controllers are plugged in
Watchdog not fed within 0.020000s
Loop time of 2.000000e-02s overrun

	RobotPeriodic(): 0.000107s
	TeleopPeriodic(): 0.031663s
Joystick Axis missing, check if all controllers are plugged in
Watchdog not fed within 0.020000s
Loop time of 2.000000e-02s overrun

	RobotPeriodic(): 0.000150s
	TeleopPeriodic(): 0.030782s
Joystick Axis missing, check if all controllers are plugged in
Watchdog not fed within 0.020000s
Loop time of 2.000000e-02s overrun

	RobotPeriodic(): 0.000083s
	TeleopPeriodic(): 0.028056s
Joystick Axis missing, check if all controllers are plugged in
Watchdog not fed within 0.020000s
Loop time of 2.000000e-02s overrun

	RobotPeriodic(): 0.000089s
	TeleopPeriodic(): 0.022797s
Joystick Axis missing, check if all controllers are plugged in
Watchdog not fed within 0.020000s
Loop time of 2.000000e-02s overrun

	RobotPeriodic(): 0.000096s
	TeleopPeriodic(): 0.029461s
Joystick Axis missing, check if all controllers are plugged in
Watchdog not fed within 0.020000s
Loop time of 2.000000e-02s overrun

	RobotPeriodic(): 0.000089s
	TeleopPeriodic(): 0.021752s
Joystick Axis missing, check if all controllers are plugged in
Watchdog not fed within 0.020000s
Loop time of 2.000000e-02s overrun

	RobotPeriodic(): 0.000081s
	TeleopPeriodic(): 0.022349s
Joystick Axis missing, check if all controllers are plugged in
Watchdog not fed within 0.020000s
Loop time of 2.000000e-02s overrun

	RobotPeriodic(): 0.000078s
	TeleopPeriodic(): 0.022493s
Joystick Axis missing, check if all controllers are plugged in
Joystick Axis missing, check if all controllers are plugged in
Watchdog not fed within 0.020000s
Loop time of 2.000000e-02s overrun

	RobotPeriodic(): 0.000086s
	TeleopPeriodic(): 0.020397s
navX-Sensor onboard startup calibration complete.
navX-Sensor Yaw angle auto-reset to 0.0 due to startup calibration.
Joystick Axis missing, check if all controllers are plugged in
Watchdog not fed within 0.020000s
Loop time of 2.000000e-02s overrun

	RobotPeriodic(): 0.001564s
	TeleopPeriodic(): 0.031232s
Joystick Axis missing, check if all controllers are plugged in
Joystick Axis missing, check if all controllers are plugged in
Watchdog not fed within 0.020000s
Loop time of 2.000000e-02s overrun

	RobotPeriodic(): 0.000090s
	TeleopPeriodic(): 0.020538s
Joystick Axis missing, check if all controllers are plugged in
Watchdog not fed within 0.020000s
Loop time of 2.000000e-02s overrun

	RobotPeriodic(): 0.000141s
	TeleopPeriodic(): 0.020039s
Joystick Axis missing, check if all controllers are plugged in
Watchdog not fed within 0.020000s
Loop time of 2.000000e-02s overrun

	RobotPeriodic(): 0.000090s
	TeleopPeriodic(): 0.034156s
Joystick Axis missing, check if all controllers are plugged in
Watchdog not fed within 0.020000s
Loop time of 2.000000e-02s overrun

	RobotPeriodic(): 0.000103s
	TeleopPeriodic(): 0.026565s
Joystick Axis missing, check if all controllers are plugged in
Watchdog not fed within 0.020000s
Loop time of 2.000000e-02s overrun

	RobotPeriodic(): 0.000082s
	TeleopPeriodic(): 0.027945s
Joystick Axis missing, check if all controllers are plugged in
Watchdog not fed within 0.020000s
Loop time of 2.000000e-02s overrun

	RobotPeriodic(): 0.000079s
	TeleopPeriodic(): 0.022783s
Joystick Axis missing, check if all controllers are plugged in
Watchdog not fed within 0.020000s
Loop time of 2.000000e-02s overrun

	RobotPeriodic(): 0.000086s
	TeleopPeriodic(): 0.036919s
Joystick Axis missing, check if all controllers are plugged in
Watchdog not fed within 0.020000s
Loop time of 2.000000e-02s overrun

	RobotPeriodic(): 0.000078s
	TeleopPeriodic(): 0.026417s
Joystick Axis missing, check if all controllers are plugged in
Joystick Axis missing, check if all controllers are plugged in
Watchdog not fed within 0.020000s
Loop time of 2.000000e-02s overrun

	RobotPeriodic(): 0.009442s
	TeleopPeriodic(): 0.015264s
Joystick Axis missing, check if all controllers are plugged in
Watchdog not fed within 0.020000s
Loop time of 2.000000e-02s overrun

	RobotPeriodic(): 0.000084s
	TeleopPeriodic(): 0.026979s
Joystick Axis missing, check if all controllers are plugged in
Watchdog not fed within 0.020000s
Loop time of 2.000000e-02s overrun

	RobotPeriodic(): 0.000085s
	TeleopPeriodic(): 0.026095s
Joystick Axis missing, check if all controllers are plugged in
Watchdog not fed within 0.020000s
Loop time of 2.000000e-02s overrun

	RobotPeriodic(): 0.000080s
	TeleopPeriodic(): 0.024767s
Joystick Axis missing, check if all controllers are plugged in
Watchdog not fed within 0.020000s
Loop time of 2.000000e-02s overrun

	RobotPeriodic(): 0.000080s
	TeleopPeriodic(): 0.030252s
Joystick Axis missing, check if all controllers are plugged in
Watchdog not fed within 0.020000s
Loop time of 2.000000e-02s overrun

	RobotPeriodic(): 0.003085s
	TeleopPeriodic(): 0.019198s
Joystick Axis missing, check if all controllers are plugged in
Joystick Axis missing, check if all controllers are plugged in
Watchdog not fed within 0.020000s
Loop time of 2.000000e-02s overrun

	RobotPeriodic(): 0.001388s
	TeleopPeriodic(): 0.020560s
Joystick Axis missing, check if all controllers are plugged in
Watchdog not fed within 0.020000s
Loop time of 2.000000e-02s overrun

	RobotPeriodic(): 0.000094s
	TeleopPeriodic(): 0.028336s
Joystick Axis missing, check if all controllers are plugged in
Watchdog not fed within 0.020000s
Loop time of 2.000000e-02s overrun

	RobotPeriodic(): 0.000086s
	TeleopPeriodic(): 0.026910s
Joystick Axis missing, check if all controllers are plugged in
Watchdog not fed within 0.020000s
Loop time of 2.000000e-02s overrun

	RobotPeriodic(): 0.000066s
	TeleopPeriodic(): 0.034526s
Joystick Axis missing, check if all controllers are plugged in
Joystick Axis missing, check if all controllers are plugged in
Watchdog not fed within 0.020000s
Loop time of 2.000000e-02s overrun

	RobotPeriodic(): 0.000091s
	TeleopPeriodic(): 0.026363s
Joystick Axis missing, check if all controllers are plugged in
Watchdog not fed within 0.020000s
Loop time of 2.000000e-02s overrun

	RobotPeriodic(): 0.000102s
	TeleopPeriodic(): 0.022132s
Joystick Axis missing, check if all controllers are plugged in
Watchdog not fed within 0.020000s
Loop time of 2.000000e-02s overrun

	RobotPeriodic(): 0.000085s
	TeleopPeriodic(): 0.028675s
Joystick Axis missing, check if all controllers are plugged in
Watchdog not fed within 0.020000s
Loop time of 2.000000e-02s overrun

	RobotPeriodic(): 0.000115s
	TeleopPeriodic(): 0.026358s
Joystick Axis missing, check if all controllers are plugged in
Watchdog not fed within 0.020000s
Loop time of 2.000000e-02s overrun

	RobotPeriodic(): 0.000087s
	TeleopPeriodic(): 0.025487s
Joystick Axis missing, check if all controllers are plugged in
Watchdog not fed within 0.020000s
Loop time of 2.000000e-02s overrun

	RobotPeriodic(): 0.000263s
	TeleopPeriodic(): 0.028752s
Joystick Axis missing, check if all controllers are plugged in
Watchdog not fed within 0.020000s
Loop time of 2.000000e-02s overrun

	RobotPeriodic(): 0.000299s
	TeleopPeriodic(): 0.028453s
Joystick Axis missing, check if all controllers are plugged in
Watchdog not fed within 0.020000s
Loop time of 2.000000e-02s overrun

	RobotPeriodic(): 0.000088s
	TeleopPeriodic(): 0.022760s
Joystick Axis missing, check if all controllers are plugged in
Joystick Axis missing, check if all controllers are plugged in
Watchdog not fed within 0.020000s
Loop time of 2.000000e-02s overrun

	RobotPeriodic(): 0.000086s
	TeleopPeriodic(): 0.027859s
Joystick Axis missing, check if all controllers are plugged in
Watchdog not fed within 0.020000s
Loop time of 2.000000e-02s overrun

	RobotPeriodic(): 0.000129s
	TeleopPeriodic(): 0.027459s
Joystick Axis missing, check if all controllers are plugged in
Watchdog not fed within 0.020000s
Loop time of 2.000000e-02s overrun

	RobotPeriodic(): 0.000183s
	TeleopPeriodic(): 0.031981s
Joystick Axis missing, check if all controllers are plugged in
Watchdog not fed within 0.020000s
Loop time of 2.000000e-02s overrun

	RobotPeriodic(): 0.000092s
	TeleopPeriodic(): 0.028256s
Joystick Axis missing, check if all controllers are plugged in
Watchdog not fed within 0.020000s
Loop time of 2.000000e-02s overrun

	RobotPeriodic(): 0.000078s
	TeleopPeriodic(): 0.021128s
Joystick Axis missing, check if all controllers are plugged in
Joystick Axis missing, check if all controllers are plugged in
Watchdog not fed within 0.020000s
Loop time of 2.000000e-02s overrun

	RobotPeriodic(): 0.000381s
	TeleopPeriodic(): 0.040162s
Joystick Axis missing, check if all controllers are plugged in
Watchdog not fed within 0.020000s
Loop time of 2.000000e-02s overrun

	RobotPeriodic(): 0.000082s
	TeleopPeriodic(): 0.021892s
Joystick Axis missing, check if all controllers are plugged in
Watchdog not fed within 0.020000s
Loop time of 2.000000e-02s overrun

	RobotPeriodic(): 0.000122s
	TeleopPeriodic(): 0.032030s
Joystick Axis missing, check if all controllers are plugged in
Joystick Axis missing, check if all controllers are plugged in
Watchdog not fed within 0.020000s
Loop time of 2.000000e-02s overrun

	RobotPeriodic(): 0.001630s
	TeleopPeriodic(): 0.019102s
Joystick Axis missing, check if all controllers are plugged in
Watchdog not fed within 0.020000s
Loop time of 2.000000e-02s overrun

	RobotPeriodic(): 0.000085s
	TeleopPeriodic(): 0.026337s
Joystick Axis missing, check if all controllers are plugged in
Watchdog not fed within 0.020000s
Loop time of 2.000000e-02s overrun

	RobotPeriodic(): 0.000093s
	TeleopPeriodic(): 0.028264s
Joystick Axis missing, check if all controllers are plugged in
Watchdog not fed within 0.020000s
Loop time of 2.000000e-02s overrun

	RobotPeriodic(): 0.000080s
	TeleopPeriodic(): 0.027479s
Joystick Axis missing, check if all controllers are plugged in
Watchdog not fed within 0.020000s
Loop time of 2.000000e-02s overrun

	RobotPeriodic(): 0.000096s
	TeleopPeriodic(): 0.020475s
Joystick Axis missing, check if all controllers are plugged in
Joystick Axis missing, check if all controllers are plugged in
Watchdog not fed within 0.020000s
Loop time of 2.000000e-02s overrun

	RobotPeriodic(): 0.005378s
	TeleopPeriodic(): 0.019213s
Joystick Axis missing, check if all controllers are plugged in
Watchdog not fed within 0.020000s
Loop time of 2.000000e-02s overrun

	RobotPeriodic(): 0.000134s
	TeleopPeriodic(): 0.023909s
Joystick Axis missing, check if all controllers are plugged in
Watchdog not fed within 0.020000s
Loop time of 2.000000e-02s overrun

	RobotPeriodic(): 0.000245s
	TeleopPeriodic(): 0.028203s
Joystick Axis missing, check if all controllers are plugged in
Watchdog not fed within 0.020000s
Loop time of 2.000000e-02s overrun

	RobotPeriodic(): 0.000091s
	TeleopPeriodic(): 0.022714s
Joystick Axis missing, check if all controllers are plugged in
Joystick Axis missing, check if all controllers are plugged in
Watchdog not fed within 0.020000s
Loop time of 2.000000e-02s overrun

	RobotPeriodic(): 0.000121s
	TeleopPeriodic(): 0.028016s
Joystick Axis missing, check if all controllers are plugged in
Watchdog not fed within 0.020000s
Loop time of 2.000000e-02s overrun

	RobotPeriodic(): 0.000139s
	TeleopPeriodic(): 0.024088s
Joystick Axis missing, check if all controllers are plugged in
Watchdog not fed within 0.020000s
Loop time of 2.000000e-02s overrun

	RobotPeriodic(): 0.000081s
	TeleopPeriodic(): 0.025862s
Joystick Axis missing, check if all controllers are plugged in
Watchdog not fed within 0.020000s
Loop time of 2.000000e-02s overrun

	RobotPeriodic(): 0.000084s
	TeleopPeriodic(): 0.030818s
Joystick Axis missing, check if all controllers are plugged in
Watchdog not fed within 0.020000s
Loop time of 2.000000e-02s overrun

	RobotPeriodic(): 0.000105s
	TeleopPeriodic(): 0.020892s
Joystick Axis missing, check if all controllers are plugged in
Watchdog not fed within 0.020000s
Loop time of 2.000000e-02s overrun

	RobotPeriodic(): 0.000089s
	TeleopPeriodic(): 0.031554s
Joystick Axis missing, check if all controllers are plugged in
Watchdog not fed within 0.020000s
Loop time of 2.000000e-02s overrun

	RobotPeriodic(): 0.000213s
	TeleopPeriodic(): 0.032546s
Joystick Axis missing, check if all controllers are plugged in
Joystick Axis missing, check if all controllers are plugged in
Watchdog not fed within 0.020000s
Loop time of 2.000000e-02s overrun

	RobotPeriodic(): 0.000101s
	TeleopPeriodic(): 0.020140s
Joystick Axis missing, check if all controllers are plugged in
Watchdog not fed within 0.020000s
Loop time of 2.000000e-02s overrun

	RobotPeriodic(): 0.001438s
	TeleopPeriodic(): 0.027242s
Joystick Axis missing, check if all controllers are plugged in
Watchdog not fed within 0.020000s
Loop time of 2.000000e-02s overrun

	RobotPeriodic(): 0.000095s
	TeleopPeriodic(): 0.047667s
Joystick Axis missing, check if all controllers are plugged in
Joystick Axis missing, check if all controllers are plugged in
Watchdog not fed within 0.020000s
Loop time of 2.000000e-02s overrun

	RobotPeriodic(): 0.000177s
	TeleopPeriodic(): 0.024663s
Climb mode active! Button combo being held!
Climb mode active! Button combo being held!
Climb mode active! Button combo being held!
Climb mode active! Button combo being held!
Climb mode active! Button combo being held!
Climb mode active! Button combo being held!
Climb mode active! Button combo being held!
Climb mode active! Button combo being held!
Climb mode active! Button combo being held!
Climb mode active! Button combo being held!
Climb mode active! Button combo being held!
Climb mode active! Button combo being held!
Climb mode active! Button combo being held!
Climb mode active! Button combo being held!
Climb mode active! Button combo being held!
Climb mode active! Button combo being held!
Watchdog not fed within 0.020000s
Climb mode active! Button combo being held!
Loop time of 2.000000e-02s overrun

	RobotPeriodic(): 0.000638s
	TeleopPeriodic(): 0.029504s
Climb mode active! Button combo being held!
Climb mode active! Button combo being held!
Climb mode active! Button combo being held!
Climb mode active! Button combo being held!
Watchdog not fed within 0.020000s
Loop time of 2.000000e-02s overrun

	RobotPeriodic(): 0.000450s
	TeleopPeriodic(): 0.026389s
Watchdog not fed within 0.020000s
Loop time of 2.000000e-02s overrun

	RobotPeriodic(): 0.001678s
	TeleopPeriodic(): 0.020146s
Pushing legs down!
Pushing legs down!
Pushing legs down!
Pushing legs down!
Pushing legs down!
Pushing legs down!
Pushing legs down!
Pushing legs down!
Pushing legs down!
Pushing legs down!
Pushing legs down!
Pushing legs down!
Pushing legs down!
Pushing legs down!
Pushing legs down!
Pushing legs down!
Watchdog not fed within 0.020000s
Loop time of 2.000000e-02s overrun

Pushing legs down!
	RobotPeriodic(): 0.001122s
	TeleopPeriodic(): 0.026548s
Pushing legs down!
Pushing legs down!
Pushing legs down!
Pushing legs down!
Pushing legs down!
Pushing legs down!
Pushing legs down!
Pushing legs down!
Pushing legs down!
Pushing legs down!
Pushing legs down!
Pushing legs down!
Pushing legs down!
Pushing legs down!
Pushing legs down!
Pushing legs down!
Pushing legs down!
Pushing legs down!
Pushing legs down!
Pushing legs down!
Pushing legs down!
Pushing legs down!
Pushing legs down!
Pushing legs down!
Pushing legs down!
Pushing legs down!
Pushing legs down!
Pushing legs down!
Pushing legs down!
Pushing legs down!
Pushing legs down!
Pushing legs down!
Pushing legs down!
Pushing legs down!
Pushing legs down!
Pushing legs down!
Pushing legs down!
Pushing legs down!
Pushing legs down!
Pushing legs down!
Pushing legs down!
Pushing legs down!
Watchdog not fed within 0.020000s
Loop time of 2.000000e-02s overrun

Pushing legs down!
	RobotPeriodic(): 0.000097s
	TeleopPeriodic(): 0.037583s
Pushing legs down!
Pushing legs down!
Pushing legs down!
Pushing legs down!
Pushing legs down!
Pushing legs down!
Pushing legs down!
Pushing legs down!
Pushing legs down!
Pushing legs down!
Pushing legs down!
Pushing legs down!
Pushing legs down!
Pushing legs down!
Pushing legs down!
Pushing legs down!
Pushing legs down!
Pushing legs down!
Pushing legs down!
Pushing legs down!
Pushing legs down!
Pushing legs down!
Pushing legs down!
Pushing legs down!
Pushing legs down!
Pushing legs down!
Pushing legs down!
Pushing legs down!
Pushing legs down!
Pushing legs down!
Pushing legs down!
Pushing legs down!
Pushing legs down!
Pushing legs down!
Pushing legs down!
Pushing legs down!
Pushing legs down!
Pushing legs down!
Pushing legs down!
Pushing legs down!
Pushing legs down!
Pushing legs down!
Pushing legs down!
Pushing legs down!
Pushing legs down!
Pushing legs down!
Pushing legs down!
Pushing legs down!
Pushing legs down!
Pushing legs down!
Pushing legs down!
Pushing legs down!
Pushing legs down!
Pushing legs down!
Pushing legs down!
Watchdog not fed within 0.020000s
Loop time of 2.000000e-02s overrun

Pushing legs down!
	RobotPeriodic(): 0.000072s
	TeleopPeriodic(): 0.031630s
Pushing legs down!
Pushing legs down!
Pushing legs down!
Pushing legs down!
Pushing legs down!
Pushing legs down!
Pushing legs down!
Pushing legs down!
Pushing legs down!
Pushing legs down!
Pushing legs down!
Pushing legs down!
Pushing legs down!
Pushing legs down!
Pushing legs down!
Pushing legs down!
Pushing legs down!
Pushing legs down!
Pushing legs down!
Pushing legs down!
Pushing legs down!
Pushing legs down!
Pushing legs down!
Pushing legs down!
Pushing legs down!
Pushing legs down!
Pushing legs down!
Pushing legs down!
Pushing legs down!
Pushing legs down!
Pushing legs down!
Pushing legs down!
Pushing legs down!
Pushing legs down!
Pushing legs down!
Pushing legs down!
Pushing legs down!
Pushing legs down!
Pushing legs down!
Pushing legs down!
Pushing legs down!
Pushing legs down!
Pushing legs down!
Watchdog not fed within 0.020000s
Loop time of 2.000000e-02s overrun

Pushing legs down!
	RobotPeriodic(): 0.001417s
	TeleopPeriodic(): 0.026646s
Pushing legs down!
Pushing legs down!
Pushing legs down!
Pushing legs down!
Pushing legs down!
Pushing legs down!
Pushing legs down!
Pushing legs down!
Pushing legs down!
Pushing legs down!
Pushing legs down!
Pushing legs down!
Pushing legs down!
Pushing legs down!
Pushing legs down!
Pushing legs down!
Pushing legs down!
Pushing legs down!
Pushing legs down!
Pushing legs down!
Pushing legs down!
Pushing legs down!
Pushing legs down!
Pushing legs down!
Pushing legs down!
Pushing legs down!
Pushing legs down!
Pushing legs down!
Pushing legs down!
Pushing legs down!
Pushing legs down!
Pushing legs down!
Pushing legs down!
Pushing legs down!
Pushing legs down!
Pushing legs down!
Pushing legs down!
Pushing legs down!
Pushing legs down!
Pushing legs down!
Pushing legs down!
Watchdog not fed within 0.020000s
Loop time of 2.000000e-02s overrun

Pushing legs down!
	RobotPeriodic(): 0.001214s
	TeleopPeriodic(): 0.025966s
Pushing legs down!
Pushing legs down!
Pushing legs down!
Pushing legs down!
Pushing legs down!
Pushing legs down!
Pushing legs down!
Pushing legs down!
Pushing legs down!
Pushing legs down!
Pushing legs down!
Pushing legs down!
Pushing legs down!
Pushing legs down!
Pushing legs down!
Pushing legs down!
Pushing legs down!
Pushing legs down!
Pushing legs down!
Pushing legs down!
Pushing legs down!
Pushing legs down!
Pushing legs down!
Pushing legs down!
Pushing legs down!
Pushing legs down!
Pushing legs down!
Pushing legs down!
Pushing legs down!
Pushing legs down!
Pushing legs down!
Pushing legs down!
Pushing legs down!
Pushing legs down!
Pushing legs down!
Pushing legs down!
Pushing legs down!
Pushing legs down!
Pushing legs down!
Pushing legs down!
Pushing legs down!
Watchdog not fed within 0.020000s
Loop time of 2.000000e-02s overrun

	RobotPeriodic(): 0.000137s
	TeleopPeriodic(): 0.020113s
Pushing legs down!
Pushing legs down!
Pushing legs down!
Pushing legs down!
Pushing legs down!
Pushing legs down!
Pushing legs down!
Pushing legs down!
Pushing legs down!
Pushing legs down!
Pushing legs down!
Pushing legs down!
Pushing legs down!
Pushing legs down!
Pushing legs down!
Pushing legs down!
Pushing legs down!
Pushing legs down!
Pushing legs down!
Pushing legs down!
Pushing legs down!
Pushing legs down!
Pushing legs down!
Pushing legs down!
Pushing legs down!
Pushing legs down!
Pushing legs down!
Pushing legs down!
Pushing legs down!
Pushing legs down!
Pushing legs down!
Pushing legs down!
Pushing legs down!
Pushing legs down!
Pushing legs down!
Pushing legs down!
Pushing legs down!
Pushing legs down!
Pushing legs down!
Pushing legs down!
Pushing legs down!
Pushing legs down!
Pushing legs down!
Pushing legs down!
Pushing legs down!
Pushing legs down!
Pushing legs down!
Pushing legs down!
Pushing legs down!
Pushing legs down!
Pushing legs down!
Pushing legs down!
Pushing legs down!
Watchdog not fed within 0.020000s
Loop time of 2.000000e-02s overrun

Pushing legs down!
	RobotPeriodic(): 0.000095s
	TeleopPeriodic(): 0.026615s
Pushing legs down!
Pushing legs down!
Pushing legs down!
Pushing legs down!
Pushing legs down!
Pushing legs down!
Pushing legs down!
Pushing legs down!
Pushing legs down!
Pushing legs down!
Pushing legs down!
Pushing legs down!
Pushing legs down!
Pushing legs down!
Pushing legs down!
Pushing legs down!
Pushing legs down!
Pushing legs down!
Pushing legs down!
Pushing legs down!
Pushing legs down!
Pushing legs down!
Pushing legs down!
Pushing legs down!
Pushing legs down!
Pushing legs down!
Pushing legs down!
Pushing legs down!
Pushing legs down!
Pushing legs down!
Pushing legs down!
Pushing legs down!
Pushing legs down!
Pushing legs down!
Pushing legs down!
Pushing legs down!
Pushing legs down!
Pushing legs down!
Pushing legs down!
Pushing legs down!
Pushing legs down!
Pushing legs down!
Pushing legs down!
Pushing legs down!
Pushing legs down!
Pushing legs down!
Pushing legs down!
Pushing legs down!
Pushing legs down!
Pushing legs down!
Pushing legs down!
Watchdog not fed within 0.020000s
Loop time of 2.000000e-02s overrun

Pushing legs down!
	RobotPeriodic(): 0.000243s
	TeleopPeriodic(): 0.031156s
Pushing legs down!
Pushing legs down!
Pushing legs down!
Pushing legs down!
Pushing legs down!
Pushing legs down!
Pushing legs down!
Pushing legs down!
Pushing legs down!
Pushing legs down!
Pushing legs down!
Pushing legs down!
Pushing legs down!
Pushing legs down!
Pushing legs down!
Pushing legs down!
Pushing legs down!
Pushing legs down!
Pushing legs down!
Pushing legs down!
Pushing legs down!
Pushing legs down!
Pushing legs down!
Pushing legs down!
Pushing legs down!
Pushing legs down!
Pushing legs down!
Pushing legs down!
Pushing legs down!
Pushing legs down!
Pushing legs down!
Pushing legs down!
Pushing legs down!
Pushing legs down!
Pushing legs down!
Pushing legs down!
Pushing legs down!
Pushing legs down!
Pushing legs down!
Pushing legs down!
Watchdog not fed within 0.020000s
Loop time of 2.000000e-02s overrun

Pushing legs down!
	RobotPeriodic(): 0.000113s
	TeleopPeriodic(): 0.032794s
Pushing legs down!
Pushing legs down!
Pushing legs down!
Pushing legs down!
Pushing legs down!
Pushing legs down!
Pushing legs down!
Pushing legs down!
Pushing legs down!
Pushing legs down!
Pushing legs down!
Pushing legs down!
Pushing legs down!
Pushing legs down!
Pushing legs down!
Pushing legs down!
Pushing legs down!
Pushing legs down!
Pushing legs down!
Pushing legs down!
Pushing legs down!
Pushing legs down!
Pushing legs down!
Pushing legs down!
Pushing legs down!
Pushing legs down!
Pushing legs down!
Pushing legs down!
Pushing legs down!
Pushing legs down!
Pushing legs down!
Pushing legs down!
Pushing legs down!
Pushing legs down!
Pushing legs down!
Pushing legs down!
Pushing legs down!
Pushing legs down!
Pushing legs down!
Pushing legs down!
Pushing legs down!
Pushing legs down!
Pushing legs down!
Pushing legs down!
Pushing legs down!
Watchdog not fed within 0.020000s
Loop time of 2.000000e-02s overrun

	RobotPeriodic(): 0.000144s
	TeleopPeriodic(): 0.023568s
Pushing legs down!
Pushing legs down!
Pushing legs down!
Pushing legs down!
Pushing legs down!
Pushing legs down!
Pushing legs down!
Pushing legs down!
Pushing legs down!
Pushing legs down!
Pushing legs down!
Pushing legs down!
Pushing legs down!
Pushing legs down!
Pushing legs down!
Pushing legs down!
Pushing legs down!
Pushing legs down!
Pushing legs down!
Pushing legs down!
Pushing legs down!
Pushing legs down!
Watchdog not fed within 0.020000s
Pushing legs down!
Loop time of 2.000000e-02s overrun

	RobotPeriodic(): 0.000088s
	TeleopPeriodic(): 0.024821s
Pushing legs down!
Pushing legs down!
Pushing legs down!
Pushing legs down!
Pushing legs down!
Pushing legs down!
Pushing legs down!
Pushing legs down!
Pushing legs down!
Pushing legs down!
Pushing legs down!
Pushing legs down!
Pushing legs down!
Pushing legs down!
Pushing legs down!
Pushing legs down!
Pushing legs down!
Pushing legs down!
Pushing legs down!
Pushing legs down!
Pushing legs down!
Pushing legs down!
Pushing legs down!
Pushing legs down!
Pushing legs down!
Pushing legs down!
Pushing legs down!
Pushing legs down!
Pushing legs down!
Pushing legs down!
Pushing legs down!
Pushing legs down!
Pushing legs down!
Pushing legs down!
Pushing legs down!
Pushing legs down!
Watchdog not fed within 0.020000s
Loop time of 2.000000e-02s overrun

Pushing legs down!
	RobotPeriodic(): 0.000109s
	TeleopPeriodic(): 0.027425s
Pushing legs down!
Pushing legs down!
Pushing legs down!
Pushing legs down!
Pushing legs down!
Pushing legs down!
Pushing legs down!
Pushing legs down!
Pushing legs down!
Pushing legs down!
Pushing legs down!
Pushing legs down!
Pushing legs down!
Pushing legs down!
Pushing legs down!
Pushing legs down!
Pushing legs down!
Pushing legs down!
Pushing legs down!
Pushing legs down!
Pushing legs down!
Pushing legs down!
Pushing legs down!
Pushing legs down!
Pushing legs down!
Pushing legs down!
Pushing legs down!
Pushing legs down!
Pushing legs down!
Pushing legs down!
Pushing legs down!
Pushing legs down!
Pushing legs down!
Pushing legs down!
Pushing legs down!
Pushing legs down!
Pushing legs down!
Pushing legs down!
Pushing legs down!
Pushing legs down!
Watchdog not fed within 0.020000s
Loop time of 2.000000e-02s overrun

Pushing legs down!
	RobotPeriodic(): 0.001095s
	TeleopPeriodic(): 0.030512s
Pushing legs down!
Pushing legs down!
Pushing legs down!
Pushing legs down!
Pushing legs down!
Pushing legs down!
Pushing legs down!
Pushing legs down!
Pushing legs down!
Pushing legs down!
Pushing legs down!
Pushing legs down!
Pushing legs down!
Pushing legs down!
Pushing legs down!
Pushing legs down!
Pushing legs down!
Pushing legs down!
Pushing legs down!
Pushing legs down!
Pushing legs down!
Pushing legs down!
Pushing legs down!
Pushing legs down!
Pushing legs down!
Pushing legs down!
Pushing legs down!
Pushing legs down!
Pushing legs down!
Pushing legs down!
Pushing legs down!
Pushing legs down!
Pushing legs down!
Pushing legs down!
Pushing legs down!
Pushing legs down!
Pushing legs down!
Pushing legs down!
Pushing legs down!
Pushing legs down!
Pushing legs down!
Pushing legs down!
Pushing legs down!
Pushing legs down!
Pushing legs down!
Pushing legs down!
Pushing legs down!
Pushing legs down!
Pushing legs down!
Pushing legs down!
Watchdog not fed within 0.020000s
Loop time of 2.000000e-02s overrun

	RobotPeriodic(): 0.000067s
	TeleopPeriodic(): 0.027227s
Pushing legs down!
Pushing legs down!
Pushing legs down!
Pushing legs down!
Pushing legs down!
Pushing legs down!
navX-Sensor DISCONNECTED!!!.
Watchdog not fed within 0.020000s
Loop time of 2.000000e-02s overrun

	RobotPeriodic(): 0.000116s
	TeleopPeriodic(): 0.026152s
Watchdog not fed within 0.020000s
Loop time of 2.000000e-02s overrun

	RobotPeriodic(): 0.000119s
	TeleopPeriodic(): 0.029229s
Pushing legs down!
Pushing legs down!
Pushing legs down!
Pushing legs down!
Pushing legs down!
Pushing legs down!
Pushing legs down!
Pushing legs down!
Pushing legs down!
Pushing legs down!
Pushing legs down!
Pushing legs down!
Pushing legs down!
Pushing legs down!
Pushing legs down!
Pushing legs down!
Pushing legs down!
Pushing legs down!
Pushing legs down!
Pushing legs down!
Pushing legs down!
Pushing legs down!
Pushing legs down!
Pushing legs down!
Pushing legs down!
Pushing legs down!
Pushing legs down!
Pushing legs down!
Pushing legs down!
Pushing legs down!
Pushing legs down!
Pushing legs down!
Watchdog not fed within 0.020000s
Loop time of 2.000000e-02s overrun

	RobotPeriodic(): 0.000069s
	TeleopPeriodic(): 0.024665s
Watchdog not fed within 0.020000s
Loop time of 2.000000e-02s overrun

	RobotPeriodic(): 0.000067s
	TeleopPeriodic(): 0.032609s
Watchdog not fed within 0.020000s
Loop time of 2.000000e-02s overrun

	RobotPeriodic(): 0.000099s
	TeleopPeriodic(): 0.027580s
Watchdog not fed within 0.020000s
Loop time of 2.000000e-02s overrun

	RobotPeriodic(): 0.000066s
	TeleopPeriodic(): 0.022484s
Watchdog not fed within 0.020000s
Loop time of 2.000000e-02s overrun

	RobotPeriodic(): 0.000074s
	TeleopPeriodic(): 0.020174s
Pushing legs down!
Pushing legs down!
Pushing legs down!
Pushing legs down!
Pushing legs down!
Pushing legs down!
Pushing legs down!
Pushing legs down!
Pushing legs down!
Pushing legs down!
Pushing legs down!
Pushing legs down!
Pushing legs down!
Pushing legs down!
Pushing legs down!
Pushing legs down!
Pushing legs down!
Pushing legs down!
Pushing legs down!
Pushing legs down!
Pushing legs down!
Pushing legs down!
Pushing legs down!
Pushing legs down!
Pushing legs down!
Pushing legs down!
Pushing legs down!
Pushing legs down!
Pushing legs down!
Pushing legs down!
Pushing legs down!
Pushing legs down!
Pushing legs down!
Pushing legs down!
Watchdog not fed within 0.020000s
Pushing legs down!
Loop time of 2.000000e-02s overrun

	RobotPeriodic(): 0.001021s
	TeleopPeriodic(): 0.023162s
Pushing legs down!
Pushing legs down!
Pushing legs down!
Pushing legs down!
Pushing legs down!
Pushing legs down!
Pushing legs down!
Pushing legs down!
Pushing legs down!
Pushing legs down!
Pushing legs down!
Pushing legs down!
Pushing legs down!
Pushing legs down!
Pushing legs down!
Pushing legs down!
Pushing legs down!
Pushing legs down!
Pushing legs down!
Pushing legs down!
Pushing legs down!
Pushing legs down!
Pushing legs down!
Pushing legs down!
Pushing legs down!
Pushing legs down!
Pushing legs down!
Pushing legs down!
Pushing legs down!
Pushing legs down!
Pushing legs down!
Pushing legs down!
Pushing legs down!
Pushing legs down!
Pushing legs down!
Pushing legs down!
Watchdog not fed within 0.020000s
Loop time of 2.000000e-02s overrun

	RobotPeriodic(): 0.001094s
	TeleopPeriodic(): 0.019479s
Pushing legs down!
Pushing legs down!
Pushing legs down!
Pushing legs down!
Pushing legs down!
Pushing legs down!
Pushing legs down!
Pushing legs down!
Pushing legs down!
Pushing legs down!
Pushing legs down!
Pushing legs down!
Pushing legs down!
Pushing legs down!
Pushing legs down!
Pushing legs down!
Pushing legs down!
Pushing legs down!
Pushing legs down!
Pushing legs down!
Pushing legs down!
Pushing legs down!
Pushing legs down!
Pushing legs down!
Pushing legs down!
Pushing legs down!
Pushing legs down!
Pushing legs down!
Pushing legs down!
Pushing legs down!
Pushing legs down!
Pushing legs down!
Pushing legs down!
Pushing legs down!
Pushing legs down!
Pushing legs down!
Pushing legs down!
Pushing legs down!
Pushing legs down!
Pushing legs down!
Pushing legs down!
Pushing legs down!
Pushing legs down!
Watchdog not fed within 0.020000s
Loop time of 2.000000e-02s overrun

	RobotPeriodic(): 0.000089s
	TeleopPeriodic(): 0.022524s
Pushing legs down!
Pushing legs down!
Pushing legs down!
Pushing legs down!
Pushing legs down!
Pushing legs down!
Pushing legs down!
Pushing legs down!
Pushing legs down!
Pushing legs down!
Pushing legs down!
Pushing legs down!
Pushing legs down!
navX-Sensor Connected.
navX-Sensor startup initialization underway; startup calibration in progress.
Pushing legs down!
Pushing legs down!
Pushing legs down!
Pushing legs down!
Pushing legs down!
Pushing legs down!
Pushing legs down!
Pushing legs down!
Pushing legs down!
Pushing legs down!
Pushing legs down!
Pushing legs down!
Pushing legs down!
Pushing legs down!
Pushing legs down!
Pushing legs down!
Pushing legs down!
Pushing legs down!
Pushing legs down!
Pushing legs down!
Pushing legs down!
Watchdog not fed within 0.020000s
Pushing legs down!
Loop time of 2.000000e-02s overrun

	RobotPeriodic(): 0.001215s
	TeleopPeriodic(): 0.021595s
Pushing legs down!
Pushing legs down!
Pushing legs down!
Pushing legs down!
Pushing legs down!
Pushing legs down!
Pushing legs down!
Pushing legs down!
Pushing legs down!
Pushing legs down!
Pushing legs down!
Pushing legs down!
Pushing legs down!
Pushing legs down!
Pushing legs down!
Pushing legs down!
Pushing legs down!
Pushing legs down!
Pushing legs down!
Pushing legs down!
Pushing legs down!
Pushing legs down!
Pushing legs down!
Pushing legs down!
Pushing legs down!
Pushing legs down!
Pushing legs down!
Pushing legs down!
Pushing legs down!
Pushing legs down!
Pushing legs down!
Pushing legs down!
Pushing legs down!
Pushing legs down!
Pushing legs down!
Pushing legs down!
Watchdog not fed within 0.020000s
Loop time of 2.000000e-02s overrun

	RobotPeriodic(): 0.004322s
	TeleopPeriodic(): 0.019553s
Pushing legs down!
Pushing legs down!
Pushing legs down!
Pushing legs down!
Pushing legs down!
Pushing legs down!
Pushing legs down!
Pushing legs down!
Pushing legs down!
Pushing legs down!
Pushing legs down!
Pushing legs down!
Pushing legs down!
Pushing legs down!
Pushing legs down!
Pushing legs down!
Pushing legs down!
Pushing legs down!
Pushing legs down!
Pushing legs down!
Pushing legs down!
Pushing legs down!
Pushing legs down!
Pushing legs down!
Pushing legs down!
Pushing legs down!
Pushing legs down!
Pushing legs down!
Pushing legs down!
Pushing legs down!
Pushing legs down!
Pushing legs down!
Pushing legs down!
Pushing legs down!
Pushing legs down!
Pushing legs down!
Pushing legs down!
Pushing legs down!
Pushing legs down!
navX-Sensor DISCONNECTED!!!.
Pushing legs down!
Pushing legs down!
Pushing legs down!
Pushing legs down!
Watchdog not fed within 0.020000s
Loop time of 2.000000e-02s overrun

Pushing legs down!
	RobotPeriodic(): 0.000094s
	TeleopPeriodic(): 0.028194s
Pushing legs down!
Pushing legs down!
Pushing legs down!
Pushing legs down!
Pushing legs down!
Pushing legs down!
Pushing legs down!
Pushing legs down!
Pushing legs down!
Pushing legs down!
Pushing legs down!
Pushing legs down!
Pushing legs down!
Pushing legs down!
Pushing legs down!
Pushing legs down!
Pushing legs down!
Pushing legs down!
Pushing legs down!
Pushing legs down!
Pushing legs down!
Pushing legs down!
Pushing legs down!
Pushing legs down!
Watchdog not fed within 0.020000s
Loop time of 2.000000e-02s overrun

Pushing legs down!
	RobotPeriodic(): 0.000066s
	TeleopPeriodic(): 0.037857s
Pushing legs down!
Pushing legs down!
Pushing legs down!
Pushing legs down!
Pushing legs down!
Pushing legs down!
Pushing legs down!
Pushing legs down!
Pushing legs down!
Pushing legs down!
Pushing legs down!
Pushing legs down!
Pushing legs down!
Pushing legs down!
Pushing legs down!
Pushing legs down!
Pushing legs down!
Pushing legs down!
Pushing legs down!
Pushing legs down!
Pushing legs down!
Pushing legs down!
Pushing legs down!
Pushing legs down!
Pushing legs down!
Pushing legs down!
Pushing legs down!
Pushing legs down!
Pushing legs down!
Pushing legs down!
Pushing legs down!
Pushing legs down!
Pushing legs down!
Pushing legs down!
Watchdog not fed within 0.020000s
Loop time of 2.000000e-02s overrun

	RobotPeriodic(): 0.000065s
	TeleopPeriodic(): 0.023492s
Pushing legs down!
Pushing legs down!
Pushing legs down!
Pushing legs down!
Pushing legs down!
Pushing legs down!
Pushing legs down!
Pushing legs down!
Pushing legs down!
Pushing legs down!
Pushing legs down!
Pushing legs down!
Pushing legs down!
Pushing legs down!
Pushing legs down!
Pushing legs down!
Pushing legs down!
Pushing legs down!
Pushing legs down!
Pushing legs down!
Pushing legs down!
Pushing legs down!
Pushing legs down!
Pushing legs down!
Pushing legs down!
Pushing legs down!
Pushing legs down!
Pushing legs down!
Pushing legs down!
Pushing legs down!
Pushing legs down!
Pushing legs down!
Pushing legs down!
Pushing legs down!
Pushing legs down!
Pushing legs down!
Pushing legs down!
Pushing legs down!
Pushing legs down!
Pushing legs down!
Pushing legs down!
Watchdog not fed within 0.020000s
Loop time of 2.000000e-02s overrun

	RobotPeriodic(): 0.003894s
	TeleopPeriodic(): 0.020375s
Pushing legs down!
Pushing legs down!
Pushing legs down!
Pushing legs down!
Pushing legs down!
Pushing legs down!
Pushing legs down!
Pushing legs down!
Pushing legs down!
Pushing legs down!
Pushing legs down!
Pushing legs down!
Pushing legs down!
Pushing legs down!
Pushing legs down!
Pushing legs down!
Pushing legs down!
Pushing legs down!
Pushing legs down!
Pushing legs down!
Pushing legs down!
Pushing legs down!
Pushing legs down!
Pushing legs down!
Pushing legs down!
Pushing legs down!
Pushing legs down!
Pushing legs down!
Pushing legs down!
Pushing legs down!
Pushing legs down!
Pushing legs down!
Pushing legs down!
Pushing legs down!
Pushing legs down!
Pushing legs down!
Pushing legs down!
navX-Sensor Connected.
navX-Sensor startup initialization underway; startup calibration in progress.
Watchdog not fed within 0.020000s
Loop time of 2.000000e-02s overrun

Pushing legs down!
	RobotPeriodic(): 0.000575s
	TeleopPeriodic(): 0.027845s
Pushing legs down!
Pushing legs down!
Pushing legs down!
Pushing legs down!
Pushing legs down!
Pushing legs down!
Pushing legs down!
Pushing legs down!
Pushing legs down!
Pushing legs down!
Pushing legs down!
Pushing legs down!
Pushing legs down!
Pushing legs down!
Pushing legs down!
Pushing legs down!
Pushing legs down!
Pushing legs down!
Pushing legs down!
Pushing legs down!
Pushing legs down!
Pushing legs down!
Pushing legs down!
Pushing legs down!
Pushing legs down!
Pushing legs down!
Pushing legs down!
Pushing legs down!
Pushing legs down!
Pushing legs down!
Pushing legs down!
Pushing legs down!
Pushing legs down!
Pushing legs down!
Pushing legs down!
Pushing legs down!
Pushing legs down!
Pushing legs down!
Pushing legs down!
Pushing legs down!
Pushing legs down!
Pushing legs down!
Pushing legs down!
Watchdog not fed within 0.020000s
Loop time of 2.000000e-02s overrun

	RobotPeriodic(): 0.000285s
	TeleopPeriodic(): 0.024164s
Pushing legs down!
Pushing legs down!
Pushing legs down!
Pushing legs down!
Pushing legs down!
Pushing legs down!
Pushing legs down!
Pushing legs down!
Pushing legs down!
Pushing legs down!
Pushing legs down!
Pushing legs down!
Pushing legs down!
Pushing legs down!
Pushing legs down!
Pushing legs down!
Pushing legs down!
Pushing legs down!
Pushing legs down!
Pushing legs down!
Pushing legs down!
Pushing legs down!
Pushing legs down!
Pushing legs down!
Pushing legs down!
Pushing legs down!
Pushing legs down!
Pushing legs down!
Pushing legs down!
Pushing legs down!
Watchdog not fed within 0.020000s
Loop time of 2.000000e-02s overrun

	RobotPeriodic(): 0.000087s
	TeleopPeriodic(): 0.025332s
Pushing legs down!
Pushing legs down!
Pushing legs down!
Pushing legs down!
Pushing legs down!
Pushing legs down!
Pushing legs down!
Pushing legs down!
Pushing legs down!
Pushing legs down!
Pushing legs down!
Pushing legs down!
Pushing legs down!
Pushing legs down!
Pushing legs down!
Pushing legs down!
Pushing legs down!
Pushing legs down!
Pushing legs down!
Pushing legs down!
Pushing legs down!
Pushing legs down!
Pushing legs down!
Pushing legs down!
Pushing legs down!
Pushing legs down!
Pushing legs down!
Pushing legs down!
Pushing legs down!
Pushing legs down!
Pushing legs down!
Pushing legs down!
Watchdog not fed within 0.020000s
Loop time of 2.000000e-02s overrun

Pushing legs down!
	RobotPeriodic(): 0.000083s
	TeleopPeriodic(): 0.029648s
Pushing legs down!
Pushing legs down!
Pushing legs down!
Pushing legs down!
Pushing legs down!
Pushing legs down!
Pushing legs down!
Pushing legs down!
Pushing legs down!
Pushing legs down!
Pushing legs down!
Pushing legs down!
Pushing legs down!
Pushing legs down!
Pushing legs down!
Pushing legs down!
Pushing legs down!
Pushing legs down!
Pushing legs down!
Pushing legs down!
Pushing legs down!
Pushing legs down!
Pushing legs down!
Pushing legs down!
Pushing legs down!
Pushing legs down!
Pushing legs down!
Pushing legs down!
Pushing legs down!
Pushing legs down!
Pushing legs down!
Pushing legs down!
Pushing legs down!
Pushing legs down!
Pushing legs down!
Pushing legs down!
Pushing legs down!
Pushing legs down!
Pushing legs down!
Pushing legs down!
Pushing legs down!
Pushing legs down!
Pushing legs down!
Pushing legs down!
Pushing legs down!
Pushing legs down!
Pushing legs down!
Pushing legs down!
Pushing legs down!
Pushing legs down!
Pushing legs down!
Pushing legs down!
Pushing legs down!
Pushing legs down!
Watchdog not fed within 0.020000s
Loop time of 2.000000e-02s overrun

	RobotPeriodic(): 0.000080s
	TeleopPeriodic(): 0.026425s
Pushing legs down!
Pushing legs down!
Pushing legs down!
Pushing legs down!
Pushing legs down!
Pushing legs down!
Pushing legs down!
Pushing legs down!
Pushing legs down!
Pushing legs down!
Pushing legs down!
Pushing legs down!
Pushing legs down!
Pushing legs down!
Pushing legs down!
Pushing legs down!
Pushing legs down!
Pushing legs down!
Pushing legs down!
Pushing legs down!
Pushing legs down!
Pushing legs down!
Pushing legs down!
Pushing legs down!
Pushing legs down!
Pushing legs down!
Pushing legs down!
Pushing legs down!
Pushing legs down!
Pushing legs down!
Pushing legs down!
Pushing legs down!
Robot disabling.. DONE
navX-Sensor DISCONNECTED!!!.
navX-Sensor Connected.
navX-Sensor startup initialization underway; startup calibration in progress.
navX-Sensor onboard startup calibration complete.
navX-Sensor Yaw angle auto-reset to 0.0 due to startup calibration.
