
********** Robot program starting **********
   Welcome 5024!
-------------------
Robot Starting..
Creating Subsystems.. DONE
Creating Commands.. DONE
CS: Back: Connecting to USB camera on /dev/video1
Starting CameraServer.. DONE
CS: Front: Connecting to USB camera on /dev/video0
CS: Front: SetConfigJson: setting pixelFormat 1
CS: Back: set format 1 res 160x120
CS: Front: set format 1 res 160x120
CS: Front: SetConfigJson: setting width 160, height 120
CS: Front: SetConfigJson: setting property 'connect_verbose' to 1
CS: Front: SetConfigJson: setting property 'raw_brightness' to 50
CS: Front: SetConfigJson: setting property 'brightness' to 9
CS: Front: SetConfigJson: setting property 'raw_contrast' to 10
CS: Front: SetConfigJson: setting property 'contrast' to 100
CS: Front: SetConfigJson: setting property 'raw_saturation' to 20
CS: Front: SetConfigJson: setting property 'saturation' to 10
CS: Front: SetConfigJson: setting property 'white_balance_temperature_auto' to 0
CS: Front: SetConfigJson: setting property 'power_line_frequency' to 2
CS: Front: SetConfigJson: setting property 'white_balance_temperature' to 2800
CS: Front: SetConfigJson: setting property 'raw_sharpness' to 0
CS: Front: SetConfigJson: setting property 'sharpness' to 0
CS: Front: SetConfigJson: setting property 'backlight_compensation' to 0
CS: Front: SetConfigJson: setting property 'exposure_auto' to 1
CS: Front: SetConfigJson: setting property 'raw_exposure_absolute' to 78
CS: Front: SetConfigJson: setting property 'exposure_absolute' to 32
CS: Front: SetConfigJson: setting property 'pan_absolute' to 0
CS: Front: SetConfigJson: setting property 'tilt_absolute' to 0
CS: Front: SetConfigJson: setting property 'zoom_absolute' to 0
CS: Back: SetConfigJson: setting pixelFormat 1
CS: Back: SetConfigJson: setting width 160, height 120
CS: Back: SetConfigJson: setting property 'connect_verbose' to 1
CS: Back: SetConfigJson: setting property 'raw_brightness' to 50
CS: Back: SetConfigJson: setting property 'brightness' to 9
CS: Back: SetConfigJson: setting property 'raw_contrast' to 10
CS: Back: SetConfigJson: setting property 'contrast' to 100
CS: Back: SetConfigJson: setting property 'raw_saturation' to 20
CS: Back: SetConfigJson: setting property 'saturation' to 10
CS: Back: SetConfigJson: setting property 'white_balance_temperature_auto' to 0
CS: Back: SetConfigJson: setting property 'power_line_frequency' to 2
CS: Back: SetConfigJson: setting property 'white_balance_temperature' to 2800
CS: Back: SetConfigJson: setting property 'raw_sharpness' to 0
CS: Back: SetConfigJson: setting property 'sharpness' to 0
CS: Back: SetConfigJson: setting property 'backlight_compensation' to 0
CS: Back: SetConfigJson: setting property 'exposure_auto' to 1
CS: Back: SetConfigJson: setting property 'raw_exposure_absolute' to 78
CS: Back: SetConfigJson: setting property 'exposure_absolute' to 32
CS: Back: SetConfigJson: setting property 'pan_absolute' to 0
CS: Back: SetConfigJson: setting property 'tilt_absolute' to 0
CS: Back: SetConfigJson: setting property 'zoom_absolute' to 0
Setting camera config.. DONE
Resetting Gyro.. Instantiating navX-Sensor on SPI Port 4.
navX-Sensor Yaw Reset request ignored - startup calibration is currently in progress.
DONE
Connecting to telemetry table.. DONE
navX-Sensor startup initialization and startup calibration complete.
navX-Sensor onboard startup calibration complete.
navX-Sensor Yaw angle auto-reset to 0.0 due to startup calibration.
Robot disabling.. DONE
NT: server: client CONNECTED: 169.254.48.36 port 59146
NT: server: client CONNECTED: 10.50.24.22 port 59754
Auto commands starting.. DONE
Resetting gyro.. navX-Sensor Software Yaw Reset completed.
DONE
Watchdog not fed within 0.020000s
Loop time of 2.000000e-02s overrun

	RobotPeriodic(): 0.000091s
	AutonomousPeriodic(): 0.056131s
	AutonomousInit(): 0.003589s
Joystick Axis missing, check if all controllers are plugged in
Joystick Axis missing, check if all controllers are plugged in
Watchdog not fed within 0.020000s
Loop time of 2.000000e-02s overrun

	RobotPeriodic(): 0.000080s
	AutonomousPeriodic(): 0.024411s
Joystick Axis missing, check if all controllers are plugged in
Watchdog not fed within 0.020000s
Loop time of 2.000000e-02s overrun

	RobotPeriodic(): 0.000103s
	AutonomousPeriodic(): 0.027465s
Joystick Axis missing, check if all controllers are plugged in
Watchdog not fed within 0.020000s
Loop time of 2.000000e-02s overrun

	RobotPeriodic(): 0.000079s
	AutonomousPeriodic(): 0.028857s
Joystick Axis missing, check if all controllers are plugged in
Watchdog not fed within 0.020000s
Loop time of 2.000000e-02s overrun

	RobotPeriodic(): 0.006943s
	AutonomousPeriodic(): 0.018780s
Joystick Axis missing, check if all controllers are plugged in
Joystick Axis missing, check if all controllers are plugged in
Watchdog not fed within 0.020000s
Loop time of 2.000000e-02s overrun

	RobotPeriodic(): 0.000099s
	AutonomousPeriodic(): 0.020422s
Joystick Axis missing, check if all controllers are plugged in
Watchdog not fed within 0.020000s
Loop time of 2.000000e-02s overrun

	RobotPeriodic(): 0.000082s
	AutonomousPeriodic(): 0.030886s
Joystick Axis missing, check if all controllers are plugged in
Watchdog not fed within 0.020000s
Loop time of 2.000000e-02s overrun

	RobotPeriodic(): 0.000406s
	AutonomousPeriodic(): 0.032773s
Joystick Axis missing, check if all controllers are plugged in
Joystick Axis missing, check if all controllers are plugged in
Watchdog not fed within 0.020000s
Loop time of 2.000000e-02s overrun

	RobotPeriodic(): 0.000083s
	AutonomousPeriodic(): 0.023546s
Joystick Axis missing, check if all controllers are plugged in
Joystick Axis missing, check if all controllers are plugged in
Watchdog not fed within 0.020000s
Loop time of 2.000000e-02s overrun

	RobotPeriodic(): 0.000085s
	AutonomousPeriodic(): 0.030309s
Joystick Axis missing, check if all controllers are plugged in
Watchdog not fed within 0.020000s
Loop time of 2.000000e-02s overrun

	RobotPeriodic(): 0.000085s
	AutonomousPeriodic(): 0.026084s
Joystick Axis missing, check if all controllers are plugged in
Watchdog not fed within 0.020000s
Loop time of 2.000000e-02s overrun

	RobotPeriodic(): 0.000083s
	AutonomousPeriodic(): 0.029877s
Joystick Axis missing, check if all controllers are plugged in
Robot disabling.. DONE
Teleop commands starting.. DONE
Joystick Axis missing, check if all controllers are plugged in
Watchdog not fed within 0.020000s
Loop time of 2.000000e-02s overrun

	RobotPeriodic(): 0.000083s
	TeleopPeriodic(): 0.028178s
Joystick Axis missing, check if all controllers are plugged in
Watchdog not fed within 0.020000s
Loop time of 2.000000e-02s overrun

	RobotPeriodic(): 0.000089s
	TeleopPeriodic(): 0.024759s
Joystick Axis missing, check if all controllers are plugged in
Joystick Axis missing, check if all controllers are plugged in
Watchdog not fed within 0.020000s
Loop time of 2.000000e-02s overrun

	RobotPeriodic(): 0.000216s
	TeleopPeriodic(): 0.022398s
Joystick Axis missing, check if all controllers are plugged in
Watchdog not fed within 0.020000s
Loop time of 2.000000e-02s overrun

	RobotPeriodic(): 0.000579s
	TeleopPeriodic(): 0.020632s
Joystick Axis missing, check if all controllers are plugged in
Watchdog not fed within 0.020000s
Loop time of 2.000000e-02s overrun

	RobotPeriodic(): 0.000157s
	TeleopPeriodic(): 0.021602s
Joystick Axis missing, check if all controllers are plugged in
Watchdog not fed within 0.020000s
Loop time of 2.000000e-02s overrun

	RobotPeriodic(): 0.000085s
	TeleopPeriodic(): 0.027202s
Joystick Axis missing, check if all controllers are plugged in
Joystick Axis missing, check if all controllers are plugged in
Watchdog not fed within 0.020000s
Loop time of 2.000000e-02s overrun

	RobotPeriodic(): 0.000363s
	TeleopPeriodic(): 0.027356s
Joystick Axis missing, check if all controllers are plugged in
Joystick Axis missing, check if all controllers are plugged in
Watchdog not fed within 0.020000s
Loop time of 2.000000e-02s overrun

	RobotPeriodic(): 0.000082s
	TeleopPeriodic(): 0.027261s
Joystick Axis missing, check if all controllers are plugged in
Watchdog not fed within 0.020000s
Loop time of 2.000000e-02s overrun

	RobotPeriodic(): 0.000086s
	TeleopPeriodic(): 0.026085s
Joystick Axis missing, check if all controllers are plugged in
Watchdog not fed within 0.020000s
Loop time of 2.000000e-02s overrun

	RobotPeriodic(): 0.000089s
	TeleopPeriodic(): 0.026788s
Joystick Axis missing, check if all controllers are plugged in
Watchdog not fed within 0.020000s
Loop time of 2.000000e-02s overrun

	RobotPeriodic(): 0.000107s
	TeleopPeriodic(): 0.023911s
Joystick Axis missing, check if all controllers are plugged in
Watchdog not fed within 0.020000s
Loop time of 2.000000e-02s overrun

	RobotPeriodic(): 0.000103s
	TeleopPeriodic(): 0.020153s
Joystick Axis missing, check if all controllers are plugged in
Watchdog not fed within 0.020000s
Loop time of 2.000000e-02s overrun

	RobotPeriodic(): 0.000081s
	TeleopPeriodic(): 0.024916s
Joystick Axis missing, check if all controllers are plugged in
Watchdog not fed within 0.020000s
Loop time of 2.000000e-02s overrun

	RobotPeriodic(): 0.001547s
	TeleopPeriodic(): 0.021126s
Joystick Axis missing, check if all controllers are plugged in
	RobotPeriodic(): 0.000353s
	TeleopPeriodic(): 0.023678s
Watchdog not fed within 0.020000s
Loop time of 2.000000e-02s overrun

Joystick Axis missing, check if all controllers are plugged in
Watchdog not fed within 0.020000s
Loop time of 2.000000e-02s overrun

	RobotPeriodic(): 0.000094s
	TeleopPeriodic(): 0.033764s
Joystick Axis missing, check if all controllers are plugged in
Joystick Axis missing, check if all controllers are plugged in
Watchdog not fed within 0.020000s
Loop time of 2.000000e-02s overrun

	RobotPeriodic(): 0.000111s
	TeleopPeriodic(): 0.020330s
Joystick Axis missing, check if all controllers are plugged in
Watchdog not fed within 0.020000s
Loop time of 2.000000e-02s overrun

	RobotPeriodic(): 0.000299s
	TeleopPeriodic(): 0.022094s
Joystick Axis missing, check if all controllers are plugged in
Watchdog not fed within 0.020000s
Loop time of 2.000000e-02s overrun

	RobotPeriodic(): 0.000077s
	TeleopPeriodic(): 0.025600s
Joystick Axis missing, check if all controllers are plugged in
Joystick Axis missing, check if all controllers are plugged in
Watchdog not fed within 0.020000s
Loop time of 2.000000e-02s overrun

	RobotPeriodic(): 0.000085s
	TeleopPeriodic(): 0.028017s
Joystick Axis missing, check if all controllers are plugged in
Watchdog not fed within 0.020000s
Loop time of 2.000000e-02s overrun

	RobotPeriodic(): 0.000422s
	TeleopPeriodic(): 0.022160s
Joystick Axis missing, check if all controllers are plugged in
Watchdog not fed within 0.020000s
Loop time of 2.000000e-02s overrun

	RobotPeriodic(): 0.000083s
	TeleopPeriodic(): 0.031672s
Joystick Axis missing, check if all controllers are plugged in
Joystick Axis missing, check if all controllers are plugged in
Watchdog not fed within 0.020000s
Loop time of 2.000000e-02s overrun

	RobotPeriodic(): 0.000087s
	TeleopPeriodic(): 0.028278s
Joystick Axis missing, check if all controllers are plugged in
Watchdog not fed within 0.020000s
Loop time of 2.000000e-02s overrun

	RobotPeriodic(): 0.000084s
	TeleopPeriodic(): 0.029369s
Joystick Axis missing, check if all controllers are plugged in
Watchdog not fed within 0.020000s
Loop time of 2.000000e-02s overrun

	RobotPeriodic(): 0.000090s
	TeleopPeriodic(): 0.034349s
Joystick Axis missing, check if all controllers are plugged in
Watchdog not fed within 0.020000s
Loop time of 2.000000e-02s overrun

	RobotPeriodic(): 0.000086s
	TeleopPeriodic(): 0.024211s
Joystick Axis missing, check if all controllers are plugged in
Joystick Axis missing, check if all controllers are plugged in
Watchdog not fed within 0.020000s
Loop time of 2.000000e-02s overrun

	RobotPeriodic(): 0.000144s
	TeleopPeriodic(): 0.020965s
Joystick Axis missing, check if all controllers are plugged in
Watchdog not fed within 0.020000s
Loop time of 2.000000e-02s overrun

	RobotPeriodic(): 0.000724s
	TeleopPeriodic(): 0.031400s
Joystick Axis missing, check if all controllers are plugged in
Watchdog not fed within 0.020000s
Loop time of 2.000000e-02s overrun

	RobotPeriodic(): 0.000092s
	TeleopPeriodic(): 0.022190s
Joystick Axis missing, check if all controllers are plugged in
Joystick Axis missing, check if all controllers are plugged in
Watchdog not fed within 0.020000s
Loop time of 2.000000e-02s overrun

	RobotPeriodic(): 0.000088s
	TeleopPeriodic(): 0.023372s
Joystick Axis missing, check if all controllers are plugged in
Watchdog not fed within 0.020000s
Loop time of 2.000000e-02s overrun

	RobotPeriodic(): 0.000088s
	TeleopPeriodic(): 0.028489s
Joystick Axis missing, check if all controllers are plugged in
Watchdog not fed within 0.020000s
Loop time of 2.000000e-02s overrun

	RobotPeriodic(): 0.000084s
	TeleopPeriodic(): 0.027623s
Joystick Axis missing, check if all controllers are plugged in
Watchdog not fed within 0.020000s
Loop time of 2.000000e-02s overrun

	RobotPeriodic(): 0.000083s
	TeleopPeriodic(): 0.026329s
Joystick Axis missing, check if all controllers are plugged in
Watchdog not fed within 0.020000s
Loop time of 2.000000e-02s overrun

	RobotPeriodic(): 0.000111s
	TeleopPeriodic(): 0.023909s
Joystick Axis missing, check if all controllers are plugged in
Watchdog not fed within 0.020000s
Loop time of 2.000000e-02s overrun

	RobotPeriodic(): 0.001421s
	TeleopPeriodic(): 0.019674s
Joystick Axis missing, check if all controllers are plugged in
Watchdog not fed within 0.020000s
Loop time of 2.000000e-02s overrun

	RobotPeriodic(): 0.000116s
	TeleopPeriodic(): 0.025612s
Joystick Axis missing, check if all controllers are plugged in
Watchdog not fed within 0.020000s
Loop time of 2.000000e-02s overrun

	RobotPeriodic(): 0.000408s
	TeleopPeriodic(): 0.024283s
Joystick Axis missing, check if all controllers are plugged in
Joystick Axis missing, check if all controllers are plugged in
Watchdog not fed within 0.020000s
Loop time of 2.000000e-02s overrun

	RobotPeriodic(): 0.000420s
	TeleopPeriodic(): 0.027869s
Joystick Axis missing, check if all controllers are plugged in
Watchdog not fed within 0.020000s
Loop time of 2.000000e-02s overrun

	RobotPeriodic(): 0.000104s
	TeleopPeriodic(): 0.024636s
Joystick Axis missing, check if all controllers are plugged in
Watchdog not fed within 0.020000s
Loop time of 2.000000e-02s overrun

	RobotPeriodic(): 0.000084s
	TeleopPeriodic(): 0.024576s
Joystick Axis missing, check if all controllers are plugged in
Joystick Axis missing, check if all controllers are plugged in
Watchdog not fed within 0.020000s
Loop time of 2.000000e-02s overrun

	RobotPeriodic(): 0.000083s
	TeleopPeriodic(): 0.023171s
Joystick Axis missing, check if all controllers are plugged in
Watchdog not fed within 0.020000s
Loop time of 2.000000e-02s overrun

	RobotPeriodic(): 0.000105s
	TeleopPeriodic(): 0.033825s
Joystick Axis missing, check if all controllers are plugged in
Joystick Axis missing, check if all controllers are plugged in
Watchdog not fed within 0.020000s
Loop time of 2.000000e-02s overrun

	RobotPeriodic(): 0.000405s
	TeleopPeriodic(): 0.026698s
Joystick Axis missing, check if all controllers are plugged in
Watchdog not fed within 0.020000s
Loop time of 2.000000e-02s overrun

	RobotPeriodic(): 0.000081s
	TeleopPeriodic(): 0.022634s
Joystick Axis missing, check if all controllers are plugged in
Watchdog not fed within 0.020000s
Loop time of 2.000000e-02s overrun

	RobotPeriodic(): 0.000094s
	TeleopPeriodic(): 0.023879s
Joystick Axis missing, check if all controllers are plugged in
Watchdog not fed within 0.020000s
Loop time of 2.000000e-02s overrun

	RobotPeriodic(): 0.000083s
	TeleopPeriodic(): 0.033425s
Joystick Axis missing, check if all controllers are plugged in
Watchdog not fed within 0.020000s
Loop time of 2.000000e-02s overrun

	RobotPeriodic(): 0.000085s
	TeleopPeriodic(): 0.023995s
Joystick Axis missing, check if all controllers are plugged in
Watchdog not fed within 0.020000s
Loop time of 2.000000e-02s overrun

	RobotPeriodic(): 0.000094s
	TeleopPeriodic(): 0.020471s
Joystick Axis missing, check if all controllers are plugged in
Watchdog not fed within 0.020000s
Loop time of 2.000000e-02s overrun

	RobotPeriodic(): 0.000087s
	TeleopPeriodic(): 0.029620s
Joystick Axis missing, check if all controllers are plugged in
Joystick Axis missing, check if all controllers are plugged in
Watchdog not fed within 0.020000s
Loop time of 2.000000e-02s overrun

	RobotPeriodic(): 0.000080s
	TeleopPeriodic(): 0.026460s
Joystick Axis missing, check if all controllers are plugged in
Watchdog not fed within 0.020000s
Loop time of 2.000000e-02s overrun

	RobotPeriodic(): 0.000088s
	TeleopPeriodic(): 0.025854s
Joystick Axis missing, check if all controllers are plugged in
Watchdog not fed within 0.020000s
Loop time of 2.000000e-02s overrun

	RobotPeriodic(): 0.000113s
	TeleopPeriodic(): 0.024870s
Joystick Axis missing, check if all controllers are plugged in
Watchdog not fed within 0.020000s
Loop time of 2.000000e-02s overrun

	RobotPeriodic(): 0.000106s
	TeleopPeriodic(): 0.025703s
Joystick Axis missing, check if all controllers are plugged in
Watchdog not fed within 0.020000s
Loop time of 2.000000e-02s overrun

	RobotPeriodic(): 0.000086s
	TeleopPeriodic(): 0.029135s
Joystick Axis missing, check if all controllers are plugged in
Watchdog not fed within 0.020000s
Loop time of 2.000000e-02s overrun

	RobotPeriodic(): 0.000085s
	TeleopPeriodic(): 0.027757s
Joystick Axis missing, check if all controllers are plugged in
Joystick Axis missing, check if all controllers are plugged in
Watchdog not fed within 0.020000s
Loop time of 2.000000e-02s overrun

	RobotPeriodic(): 0.000088s
	TeleopPeriodic(): 0.024166s
Joystick Axis missing, check if all controllers are plugged in
Watchdog not fed within 0.020000s
Loop time of 2.000000e-02s overrun

	RobotPeriodic(): 0.000087s
	TeleopPeriodic(): 0.020834s
Joystick Axis missing, check if all controllers are plugged in
Watchdog not fed within 0.020000s
Loop time of 2.000000e-02s overrun

	RobotPeriodic(): 0.000085s
	TeleopPeriodic(): 0.022786s
Joystick Axis missing, check if all controllers are plugged in
Watchdog not fed within 0.020000s
Loop time of 2.000000e-02s overrun

	RobotPeriodic(): 0.000081s
	TeleopPeriodic(): 0.027710s
Joystick Axis missing, check if all controllers are plugged in
Watchdog not fed within 0.020000s
Loop time of 2.000000e-02s overrun

	RobotPeriodic(): 0.000101s
	TeleopPeriodic(): 0.031098s
Joystick Axis missing, check if all controllers are plugged in
Joystick Axis missing, check if all controllers are plugged in
Watchdog not fed within 0.020000s
Loop time of 2.000000e-02s overrun

	RobotPeriodic(): 0.000339s
	TeleopPeriodic(): 0.028651s
Joystick Axis missing, check if all controllers are plugged in
Watchdog not fed within 0.020000s
Loop time of 2.000000e-02s overrun

	RobotPeriodic(): 0.000281s
	TeleopPeriodic(): 0.026259s
Joystick Axis missing, check if all controllers are plugged in
Watchdog not fed within 0.020000s
Loop time of 2.000000e-02s overrun

	RobotPeriodic(): 0.000227s
	TeleopPeriodic(): 0.028360s
Joystick Axis missing, check if all controllers are plugged in
Joystick Axis missing, check if all controllers are plugged in
Watchdog not fed within 0.020000s
Loop time of 2.000000e-02s overrun

	RobotPeriodic(): 0.000112s
	TeleopPeriodic(): 0.028855s
Joystick Axis missing, check if all controllers are plugged in
Watchdog not fed within 0.020000s
Loop time of 2.000000e-02s overrun

	RobotPeriodic(): 0.000086s
	TeleopPeriodic(): 0.021799s
Joystick Axis missing, check if all controllers are plugged in
Joystick Axis missing, check if all controllers are plugged in
Watchdog not fed within 0.020000s
Loop time of 2.000000e-02s overrun

	RobotPeriodic(): 0.000188s
	TeleopPeriodic(): 0.025776s
Joystick Axis missing, check if all controllers are plugged in
Watchdog not fed within 0.020000s
Loop time of 2.000000e-02s overrun

	RobotPeriodic(): 0.000091s
	TeleopPeriodic(): 0.022200s
Joystick Axis missing, check if all controllers are plugged in
Watchdog not fed within 0.020000s
Loop time of 2.000000e-02s overrun

	RobotPeriodic(): 0.000101s
	TeleopPeriodic(): 0.021229s
Joystick Axis missing, check if all controllers are plugged in
Joystick Axis missing, check if all controllers are plugged in
Watchdog not fed within 0.020000s
Loop time of 2.000000e-02s overrun

	RobotPeriodic(): 0.000094s
	TeleopPeriodic(): 0.026831s
Joystick Axis missing, check if all controllers are plugged in
Watchdog not fed within 0.020000s
Loop time of 2.000000e-02s overrun

	RobotPeriodic(): 0.000088s
	TeleopPeriodic(): 0.023405s
Joystick Axis missing, check if all controllers are plugged in
Watchdog not fed within 0.020000s
Loop time of 2.000000e-02s overrun

	RobotPeriodic(): 0.001448s
	TeleopPeriodic(): 0.018953s
Joystick Axis missing, check if all controllers are plugged in
Joystick Axis missing, check if all controllers are plugged in
Watchdog not fed within 0.020000s
Loop time of 2.000000e-02s overrun

	RobotPeriodic(): 0.000166s
	TeleopPeriodic(): 0.028966s
Joystick Axis missing, check if all controllers are plugged in
Joystick Axis missing, check if all controllers are plugged in
Watchdog not fed within 0.020000s
Loop time of 2.000000e-02s overrun

	RobotPeriodic(): 0.000667s
	TeleopPeriodic(): 0.031349s
Joystick Axis missing, check if all controllers are plugged in
Watchdog not fed within 0.020000s
Loop time of 2.000000e-02s overrun

	RobotPeriodic(): 0.000091s
	TeleopPeriodic(): 0.032254s
Joystick Axis missing, check if all controllers are plugged in
Watchdog not fed within 0.020000s
Loop time of 2.000000e-02s overrun

	RobotPeriodic(): 0.000093s
	TeleopPeriodic(): 0.037713s
Joystick Axis missing, check if all controllers are plugged in
Watchdog not fed within 0.020000s
Loop time of 2.000000e-02s overrun

	RobotPeriodic(): 0.000076s
	TeleopPeriodic(): 0.020605s
Joystick Axis missing, check if all controllers are plugged in
Watchdog not fed within 0.020000s
Loop time of 2.000000e-02s overrun

	RobotPeriodic(): 0.000103s
	TeleopPeriodic(): 0.027151s
Joystick Axis missing, check if all controllers are plugged in
Watchdog not fed within 0.020000s
Loop time of 2.000000e-02s overrun

	RobotPeriodic(): 0.000082s
	TeleopPeriodic(): 0.024511s
Joystick Axis missing, check if all controllers are plugged in
Watchdog not fed within 0.020000s
Loop time of 2.000000e-02s overrun

	RobotPeriodic(): 0.000084s
	TeleopPeriodic(): 0.020254s
Joystick Axis missing, check if all controllers are plugged in
Watchdog not fed within 0.020000s
Loop time of 2.000000e-02s overrun

	RobotPeriodic(): 0.000305s
	TeleopPeriodic(): 0.027130s
Joystick Axis missing, check if all controllers are plugged in
Joystick Axis missing, check if all controllers are plugged in
Watchdog not fed within 0.020000s
Loop time of 2.000000e-02s overrun

	RobotPeriodic(): 0.000090s
	TeleopPeriodic(): 0.034469s
Joystick Axis missing, check if all controllers are plugged in
Watchdog not fed within 0.020000s
Loop time of 2.000000e-02s overrun

	RobotPeriodic(): 0.000085s
	TeleopPeriodic(): 0.029305s
Joystick Axis missing, check if all controllers are plugged in
Watchdog not fed within 0.020000s
Loop time of 2.000000e-02s overrun

	RobotPeriodic(): 0.000067s
	TeleopPeriodic(): 0.023960s
Joystick Axis missing, check if all controllers are plugged in
Watchdog not fed within 0.020000s
Loop time of 2.000000e-02s overrun

	RobotPeriodic(): 0.000072s
	TeleopPeriodic(): 0.023754s
Joystick Axis missing, check if all controllers are plugged in
Watchdog not fed within 0.020000s
Loop time of 2.000000e-02s overrun

	RobotPeriodic(): 0.000317s
	TeleopPeriodic(): 0.025275s
Joystick Axis missing, check if all controllers are plugged in
Watchdog not fed within 0.020000s
Loop time of 2.000000e-02s overrun

	RobotPeriodic(): 0.000109s
	TeleopPeriodic(): 0.020538s
Joystick Axis missing, check if all controllers are plugged in
Joystick Axis missing, check if all controllers are plugged in
Watchdog not fed within 0.020000s
Loop time of 2.000000e-02s overrun

	RobotPeriodic(): 0.000084s
	TeleopPeriodic(): 0.024431s
Joystick Axis missing, check if all controllers are plugged in
Watchdog not fed within 0.020000s
Loop time of 2.000000e-02s overrun

	RobotPeriodic(): 0.000082s
	TeleopPeriodic(): 0.023626s
Climb mode active! Button combo being held!
Climb mode active! Button combo being held!
Climb mode active! Button combo being held!
Climb mode active! Button combo being held!
Climb mode active! Button combo being held!
Climb mode active! Button combo being held!
Climb mode active! Button combo being held!
Climb mode active! Button combo being held!
Climb mode active! Button combo being held!
Watchdog not fed within 0.020000s
Loop time of 2.000000e-02s overrun

	RobotPeriodic(): 0.000080s
	TeleopPeriodic(): 0.027061s
Watchdog not fed within 0.020000s
Loop time of 2.000000e-02s overrun

	RobotPeriodic(): 0.000237s
	TeleopPeriodic(): 0.030703s
Watchdog not fed within 0.020000s
Loop time of 2.000000e-02s overrun

	RobotPeriodic(): 0.000088s
	TeleopPeriodic(): 0.022439s
Watchdog not fed within 0.020000s
Loop time of 2.000000e-02s overrun

	RobotPeriodic(): 0.000082s
	TeleopPeriodic(): 0.023449s
Watchdog not fed within 0.020000s
Loop time of 2.000000e-02s overrun

	RobotPeriodic(): 0.000082s
	TeleopPeriodic(): 0.024114s
Pushing legs down!
Pushing legs down!
Pushing legs down!
Pushing legs down!
Pushing legs down!
Pushing legs down!
Pushing legs down!
Pushing legs down!
Pushing legs down!
Pushing legs down!
Pushing legs down!
Pushing legs down!
Pushing legs down!
Pushing legs down!
Pushing legs down!
Pushing legs down!
Pushing legs down!
Pushing legs down!
Pushing legs down!
Pushing legs down!
Pushing legs down!
Pushing legs down!
Pushing legs down!
Pushing legs down!
Pushing legs down!
Pushing legs down!
Pushing legs down!
Watchdog not fed within 0.020000s
Loop time of 2.000000e-02s overrun

	RobotPeriodic(): 0.000173s
	TeleopPeriodic(): 0.020555s
Pushing legs down!
Pushing legs down!
Pushing legs down!
Pushing legs down!
Pushing legs down!
Pushing legs down!
Pushing legs down!
Pushing legs down!
Pushing legs down!
Pushing legs down!
Pushing legs down!
Pushing legs down!
Pushing legs down!
Pushing legs down!
Pushing legs down!
Pushing legs down!
Pushing legs down!
Pushing legs down!
Pushing legs down!
Pushing legs down!
Pushing legs down!
Pushing legs down!
Pushing legs down!
Pushing legs down!
Pushing legs down!
Pushing legs down!
Pushing legs down!
Pushing legs down!
Pushing legs down!
Pushing legs down!
Pushing legs down!
Pushing legs down!
Pushing legs down!
Pushing legs down!
Pushing legs down!
Pushing legs down!
Pushing legs down!
Pushing legs down!
Pushing legs down!
Watchdog not fed within 0.020000s
Loop time of 2.000000e-02s overrun

	RobotPeriodic(): 0.000076s
	TeleopPeriodic(): 0.023771s
Pushing legs down!
Pushing legs down!
Pushing legs down!
Pushing legs down!
Pushing legs down!
Pushing legs down!
Pushing legs down!
Pushing legs down!
Pushing legs down!
Pushing legs down!
Pushing legs down!
Pushing legs down!
Pushing legs down!
Pushing legs down!
Pushing legs down!
Pushing legs down!
Pushing legs down!
Pushing legs down!
Pushing legs down!
Pushing legs down!
Pushing legs down!
Pushing legs down!
Pushing legs down!
Pushing legs down!
Pushing legs down!
Pushing legs down!
Pushing legs down!
Pushing legs down!
Pushing legs down!
Pushing legs down!
Pushing legs down!
Pushing legs down!
Pushing legs down!
Pushing legs down!
Pushing legs down!
Pushing legs down!
Pushing legs down!
Pushing legs down!
Pushing legs down!
Pushing legs down!
Pushing legs down!
Watchdog not fed within 0.020000s
Pushing legs down!
Loop time of 2.000000e-02s overrun

	RobotPeriodic(): 0.000108s
	TeleopPeriodic(): 0.022988s
Pushing legs down!
Pushing legs down!
Pushing legs down!
Pushing legs down!
Pushing legs down!
Pushing legs down!
Pushing legs down!
Pushing legs down!
Pushing legs down!
Pushing legs down!
Pushing legs down!
Pushing legs down!
Pushing legs down!
Pushing legs down!
Pushing legs down!
Pushing legs down!
Pushing legs down!
Pushing legs down!
Pushing legs down!
Pushing legs down!
Pushing legs down!
Pushing legs down!
Pushing legs down!
Pushing legs down!
Pushing legs down!
Pushing legs down!
Pushing legs down!
Pushing legs down!
Pushing legs down!
Pushing legs down!
Pushing legs down!
Pushing legs down!
Pushing legs down!
Pushing legs down!
Pushing legs down!
Pushing legs down!
Pushing legs down!
Pushing legs down!
Pushing legs down!
Pushing legs down!
Pushing legs down!
Pushing legs down!
Pushing legs down!
Pushing legs down!
Pushing legs down!
Pushing legs down!
Pushing legs down!
Pushing legs down!
Pushing legs down!
Pushing legs down!
Pushing legs down!
Pushing legs down!
Pushing legs down!
Pushing legs down!
Watchdog not fed within 0.020000s
Loop time of 2.000000e-02s overrun

	RobotPeriodic(): 0.001864s
	TeleopPeriodic(): 0.019860s
Pushing legs down!
Pushing legs down!
Pushing legs down!
Pushing legs down!
Pushing legs down!
Pushing legs down!
Pushing legs down!
Pushing legs down!
Pushing legs down!
Pushing legs down!
Pushing legs down!
Pushing legs down!
Pushing legs down!
Pushing legs down!
Pushing legs down!
Pushing legs down!
Pushing legs down!
Pushing legs down!
Pushing legs down!
Pushing legs down!
Pushing legs down!
Pushing legs down!
Pushing legs down!
Pushing legs down!
Pushing legs down!
Pushing legs down!
Pushing legs down!
Pushing legs down!
Pushing legs down!
Pushing legs down!
Pushing legs down!
Pushing legs down!
Pushing legs down!
Pushing legs down!
Pushing legs down!
Pushing legs down!
Pushing legs down!
Pushing legs down!
Pushing legs down!
Pushing legs down!
Pushing legs down!
Pushing legs down!
Pushing legs down!
Pushing legs down!
Pushing legs down!
Pushing legs down!
Pushing legs down!
Pushing legs down!
Watchdog not fed within 0.020000s
Loop time of 2.000000e-02s overrun

Pushing legs down!
	RobotPeriodic(): 0.000406s
	TeleopPeriodic(): 0.027679s
Pushing legs down!
Pushing legs down!
Pushing legs down!
Pushing legs down!
Pushing legs down!
Pushing legs down!
Pushing legs down!
Pushing legs down!
Pushing legs down!
Pushing legs down!
Pushing legs down!
Pushing legs down!
Pushing legs down!
Pushing legs down!
Pushing legs down!
Pushing legs down!
Pushing legs down!
Pushing legs down!
Pushing legs down!
Pushing legs down!
Pushing legs down!
Pushing legs down!
Pushing legs down!
Pushing legs down!
Pushing legs down!
Pushing legs down!
Pushing legs down!
Pushing legs down!
Pushing legs down!
Pushing legs down!
Pushing legs down!
Pushing legs down!
Pushing legs down!
Pushing legs down!
Pushing legs down!
Pushing legs down!
Pushing legs down!
Pushing legs down!
Pushing legs down!
Pushing legs down!
Pushing legs down!
Pushing legs down!
Watchdog not fed within 0.020000s
Loop time of 2.000000e-02s overrun

Pushing legs down!
	RobotPeriodic(): 0.000097s
	TeleopPeriodic(): 0.028011s
Pushing legs down!
Pushing legs down!
Pushing legs down!
Pushing legs down!
Pushing legs down!
Pushing legs down!
Pushing legs down!
Pushing legs down!
Pushing legs down!
Pushing legs down!
Pushing legs down!
Pushing legs down!
Pushing legs down!
Pushing legs down!
Pushing legs down!
Pushing legs down!
Pushing legs down!
Pushing legs down!
Pushing legs down!
Pushing legs down!
Pushing legs down!
Pushing legs down!
Pushing legs down!
Pushing legs down!
Pushing legs down!
Pushing legs down!
Pushing legs down!
Pushing legs down!
Pushing legs down!
Pushing legs down!
Pushing legs down!
Pushing legs down!
Pushing legs down!
Pushing legs down!
Pushing legs down!
Pushing legs down!
Pushing legs down!
Pushing legs down!
Watchdog not fed within 0.020000s
Loop time of 2.000000e-02s overrun

	RobotPeriodic(): 0.000311s
	TeleopPeriodic(): 0.020001s
Pushing legs down!
Pushing legs down!
Pushing legs down!
Pushing legs down!
Pushing legs down!
Pushing legs down!
Pushing legs down!
Pushing legs down!
Pushing legs down!
Pushing legs down!
Pushing legs down!
Pushing legs down!
Pushing legs down!
Pushing legs down!
Pushing legs down!
Pushing legs down!
Pushing legs down!
Pushing legs down!
Pushing legs down!
Pushing legs down!
Pushing legs down!
Pushing legs down!
Pushing legs down!
Pushing legs down!
Pushing legs down!
Pushing legs down!
Watchdog not fed within 0.020000s
Loop time of 2.000000e-02s overrun

	RobotPeriodic(): 0.000109s
	TeleopPeriodic(): 0.027377s
Watchdog not fed within 0.020000s
Loop time of 2.000000e-02s overrun

	RobotPeriodic(): 0.000668s
	TeleopPeriodic(): 0.030847s
Watchdog not fed within 0.020000s
Loop time of 2.000000e-02s overrun

	RobotPeriodic(): 0.000643s
	TeleopPeriodic(): 0.019555s
Watchdog not fed within 0.020000s
Loop time of 2.000000e-02s overrun

	RobotPeriodic(): 0.000195s
	TeleopPeriodic(): 0.026492s
Watchdog not fed within 0.020000s
Loop time of 2.000000e-02s overrun

	RobotPeriodic(): 0.000091s
	TeleopPeriodic(): 0.022185s
Watchdog not fed within 0.020000s
Loop time of 2.000000e-02s overrun

	RobotPeriodic(): 0.000080s
	TeleopPeriodic(): 0.027745s
Robot disabling.. DONE
