********** Robot program starting **********
   Welcome 5024!
-------------------
Robot Starting..
Creating Subsystems.. DONE
Creating Commands.. DONE
CS: Back: Connecting to USB camera on /dev/video1
Starting CameraServer.. DONE
CS: Front: Connecting to USB camera on /dev/video0
CS: Front: SetConfigJson: setting pixelFormat 1
CS: Front: set format 1 res 160x120
CS: Back: set format 1 res 160x120
CS: Front: SetConfigJson: setting width 160, height 120
CS: Front: SetConfigJson: setting property 'connect_verbose' to 1
CS: Front: SetConfigJson: setting property 'raw_brightness' to 50
CS: Front: SetConfigJson: setting property 'brightness' to 9
CS: Front: SetConfigJson: setting property 'raw_contrast' to 10
CS: Front: SetConfigJson: setting property 'contrast' to 100
CS: Front: SetConfigJson: setting property 'raw_saturation' to 20
CS: Front: SetConfigJson: setting property 'saturation' to 10
CS: Front: SetConfigJson: setting property 'white_balance_temperature_auto' to 0
CS: Front: SetConfigJson: setting property 'power_line_frequency' to 2
CS: Front: SetConfigJson: setting property 'white_balance_temperature' to 2800
CS: Front: SetConfigJson: setting property 'raw_sharpness' to 0
CS: Front: SetConfigJson: setting property 'sharpness' to 0
CS: Front: SetConfigJson: setting property 'backlight_compensation' to 0
CS: Front: SetConfigJson: setting property 'exposure_auto' to 1
CS: Front: SetConfigJson: setting property 'raw_exposure_absolute' to 78
CS: Front: SetConfigJson: setting property 'exposure_absolute' to 32
CS: Front: SetConfigJson: setting property 'pan_absolute' to 0
CS: Front: SetConfigJson: setting property 'tilt_absolute' to 0
CS: Front: SetConfigJson: setting property 'zoom_absolute' to 0
CS: Back: SetConfigJson: setting pixelFormat 1
CS: Back: SetConfigJson: setting width 160, height 120
CS: Back: SetConfigJson: setting property 'connect_verbose' to 1
CS: Back: SetConfigJson: setting property 'raw_brightness' to 50
CS: Back: SetConfigJson: setting property 'brightness' to 9
CS: Back: SetConfigJson: setting property 'raw_contrast' to 10
CS: Back: SetConfigJson: setting property 'contrast' to 100
CS: Back: SetConfigJson: setting property 'raw_saturation' to 20
CS: Back: SetConfigJson: setting property 'saturation' to 10
CS: Back: SetConfigJson: setting property 'white_balance_temperature_auto' to 0
CS: Back: SetConfigJson: setting property 'power_line_frequency' to 2
CS: Back: SetConfigJson: setting property 'white_balance_temperature' to 2800
CS: Back: SetConfigJson: setting property 'raw_sharpness' to 0
CS: Back: SetConfigJson: setting property 'sharpness' to 0
CS: Back: SetConfigJson: setting property 'backlight_compensation' to 0
CS: Back: SetConfigJson: setting property 'exposure_auto' to 1
CS: Back: SetConfigJson: setting property 'raw_exposure_absolute' to 78
CS: Back: SetConfigJson: setting property 'exposure_absolute' to 32
CS: Back: SetConfigJson: setting property 'pan_absolute' to 0
CS: Back: SetConfigJson: setting property 'tilt_absolute' to 0
CS: Back: SetConfigJson: setting property 'zoom_absolute' to 0
Setting camera config.. DONE
Resetting Gyro.. Instantiating navX-Sensor on SPI Port 4.
navX-Sensor Yaw Reset request ignored - startup calibration is currently in progress.
DONE
Connecting to telemetry table.. DONE
navX-Sensor startup initialization and startup calibration complete.
navX-Sensor onboard startup calibration complete.
navX-Sensor Yaw angle auto-reset to 0.0 due to startup calibration.
Robot disabling.. DONE
NT: server: client CONNECTED: 169.254.48.36 port 57318
NT: server: client CONNECTED: 10.50.24.23 port 53696
Watchdog not fed within 0.020000s
Loop time of 2.000000e-02s overrun

	RobotPeriodic(): 0.002057s
	DisabledPeriodic(): 0.019811s
Watchdog not fed within 0.020000s
Loop time of 2.000000e-02s overrun

	RobotPeriodic(): 0.000379s
	DisabledPeriodic(): 0.020415s
Watchdog not fed within 0.020000s
Loop time of 2.000000e-02s overrun

	RobotPeriodic(): 0.000659s
	DisabledPeriodic(): 0.020170s
Auto commands starting.. DONE
Resetting gyro.. navX-Sensor Software Yaw Reset completed.
DONE
Watchdog not fed within 0.020000s
Loop time of 2.000000e-02s overrun

	RobotPeriodic(): 0.000089s
	AutonomousPeriodic(): 0.039309s
	AutonomousInit(): 0.000984s
Joystick Axis missing, check if all controllers are plugged in
Joystick Axis missing, check if all controllers are plugged in
Watchdog not fed within 0.020000s
Loop time of 2.000000e-02s overrun

	RobotPeriodic(): 0.000207s
	AutonomousPeriodic(): 0.030814s
Joystick Axis missing, check if all controllers are plugged in
Watchdog not fed within 0.020000s
Loop time of 2.000000e-02s overrun

	RobotPeriodic(): 0.000086s
	AutonomousPeriodic(): 0.021082s
Joystick Axis missing, check if all controllers are plugged in
Joystick Axis missing, check if all controllers are plugged in
Watchdog not fed within 0.020000s
Loop time of 2.000000e-02s overrun

	RobotPeriodic(): 0.000388s
	AutonomousPeriodic(): 0.020286s
Joystick Axis missing, check if all controllers are plugged in
Joystick Axis missing, check if all controllers are plugged in
Watchdog not fed within 0.020000s
Loop time of 2.000000e-02s overrun

	RobotPeriodic(): 0.000137s
	AutonomousPeriodic(): 0.022371s
Joystick Axis missing, check if all controllers are plugged in
Watchdog not fed within 0.020000s
Loop time of 2.000000e-02s overrun

	RobotPeriodic(): 0.000078s
	AutonomousPeriodic(): 0.023564s
Joystick Axis missing, check if all controllers are plugged in
Watchdog not fed within 0.020000s
Loop time of 2.000000e-02s overrun

	RobotPeriodic(): 0.001534s
	AutonomousPeriodic(): 0.021928s
Joystick Axis missing, check if all controllers are plugged in
Watchdog not fed within 0.020000s
Loop time of 2.000000e-02s overrun

	RobotPeriodic(): 0.000098s
	AutonomousPeriodic(): 0.030996s
Joystick Axis missing, check if all controllers are plugged in
Watchdog not fed within 0.020000s
Loop time of 2.000000e-02s overrun

Joystick Axis missing, check if all controllers are plugged in
	RobotPeriodic(): 0.000121s
	AutonomousPeriodic(): 0.022904s
Watchdog not fed within 0.020000s
Loop time of 2.000000e-02s overrun

Joystick Axis missing, check if all controllers are plugged in
Watchdog not fed within 0.020000s
Loop time of 2.000000e-02s overrun

	RobotPeriodic(): 0.000924s
	AutonomousPeriodic(): 0.030491s
Joystick Axis missing, check if all controllers are plugged in
Joystick Axis missing, check if all controllers are plugged in
Watchdog not fed within 0.020000s
Loop time of 2.000000e-02s overrun

	RobotPeriodic(): 0.000092s
	AutonomousPeriodic(): 0.020996s
Joystick Axis missing, check if all controllers are plugged in
Robot disabling.. DONE
Teleop commands starting.. DONE
Joystick Axis missing, check if all controllers are plugged in
Watchdog not fed within 0.020000s
Loop time of 2.000000e-02s overrun

	RobotPeriodic(): 0.000081s
	TeleopPeriodic(): 0.031227s
Joystick Axis missing, check if all controllers are plugged in
Joystick Axis missing, check if all controllers are plugged in
Watchdog not fed within 0.020000s
Loop time of 2.000000e-02s overrun

	RobotPeriodic(): 0.000113s
	TeleopPeriodic(): 0.023887s
Joystick Axis missing, check if all controllers are plugged in
Watchdog not fed within 0.020000s
Loop time of 2.000000e-02s overrun

	RobotPeriodic(): 0.000353s
	TeleopPeriodic(): 0.025625s
Joystick Axis missing, check if all controllers are plugged in
Watchdog not fed within 0.020000s
Loop time of 2.000000e-02s overrun

	RobotPeriodic(): 0.000082s
	TeleopPeriodic(): 0.022357s
Joystick Axis missing, check if all controllers are plugged in
Watchdog not fed within 0.020000s
Loop time of 2.000000e-02s overrun

	RobotPeriodic(): 0.000100s
	TeleopPeriodic(): 0.021443s
Joystick Axis missing, check if all controllers are plugged in
Joystick Axis missing, check if all controllers are plugged in
Watchdog not fed within 0.020000s
Loop time of 2.000000e-02s overrun

	RobotPeriodic(): 0.002997s
	TeleopPeriodic(): 0.019899s
Joystick Axis missing, check if all controllers are plugged in
Watchdog not fed within 0.020000s
Loop time of 2.000000e-02s overrun

	RobotPeriodic(): 0.000084s
	TeleopPeriodic(): 0.027135s
Joystick Axis missing, check if all controllers are plugged in
Watchdog not fed within 0.020000s
Loop time of 2.000000e-02s overrun

	RobotPeriodic(): 0.000079s
	TeleopPeriodic(): 0.035963s
Joystick Axis missing, check if all controllers are plugged in
Watchdog not fed within 0.020000s
Loop time of 2.000000e-02s overrun

	RobotPeriodic(): 0.000090s
	TeleopPeriodic(): 0.022373s
Joystick Axis missing, check if all controllers are plugged in
Watchdog not fed within 0.020000s
Loop time of 2.000000e-02s overrun

	RobotPeriodic(): 0.000091s
	TeleopPeriodic(): 0.034313s
Joystick Axis missing, check if all controllers are plugged in
Joystick Axis missing, check if all controllers are plugged in
Joystick Axis missing, check if all controllers are plugged in
Watchdog not fed within 0.020000s
Loop time of 2.000000e-02s overrun

	RobotPeriodic(): 0.000131s
	TeleopPeriodic(): 0.026162s
Joystick Axis missing, check if all controllers are plugged in
Watchdog not fed within 0.020000s
Loop time of 2.000000e-02s overrun

	RobotPeriodic(): 0.000418s
	TeleopPeriodic(): 0.031593s
Joystick Axis missing, check if all controllers are plugged in
Watchdog not fed within 0.020000s
Loop time of 2.000000e-02s overrun

	RobotPeriodic(): 0.000109s
	TeleopPeriodic(): 0.024063s
Joystick Axis missing, check if all controllers are plugged in
Watchdog not fed within 0.020000s
Loop time of 2.000000e-02s overrun

	RobotPeriodic(): 0.000084s
	TeleopPeriodic(): 0.025588s
Joystick Axis missing, check if all controllers are plugged in
Watchdog not fed within 0.020000s
Loop time of 2.000000e-02s overrun

Joystick Axis missing, check if all controllers are plugged in
	RobotPeriodic(): 0.000716s
	TeleopPeriodic(): 0.024658s
Watchdog not fed within 0.020000s
Loop time of 2.000000e-02s overrun

Joystick Axis missing, check if all controllers are plugged in
	RobotPeriodic(): 0.000082s
	TeleopPeriodic(): 0.023980s
Joystick Axis missing, check if all controllers are plugged in
Watchdog not fed within 0.020000s
Loop time of 2.000000e-02s overrun

	RobotPeriodic(): 0.000440s
	TeleopPeriodic(): 0.020555s
Joystick Axis missing, check if all controllers are plugged in
Watchdog not fed within 0.020000s
Loop time of 2.000000e-02s overrun

	RobotPeriodic(): 0.000065s
	TeleopPeriodic(): 0.020940s
Joystick Axis missing, check if all controllers are plugged in
Watchdog not fed within 0.020000s
Loop time of 2.000000e-02s overrun

Joystick Axis missing, check if all controllers are plugged in
	RobotPeriodic(): 0.000086s
	TeleopPeriodic(): 0.022696s
Watchdog not fed within 0.020000s
Loop time of 2.000000e-02s overrun

Joystick Axis missing, check if all controllers are plugged in
	RobotPeriodic(): 0.001117s
	TeleopPeriodic(): 0.020557s
Joystick Axis missing, check if all controllers are plugged in
Watchdog not fed within 0.020000s
Loop time of 2.000000e-02s overrun

	RobotPeriodic(): 0.000115s
	TeleopPeriodic(): 0.020073s
Joystick Axis missing, check if all controllers are plugged in
Watchdog not fed within 0.020000s
Loop time of 2.000000e-02s overrun

	RobotPeriodic(): 0.000084s
	TeleopPeriodic(): 0.023753s
Joystick Axis missing, check if all controllers are plugged in
Joystick Axis missing, check if all controllers are plugged in
Watchdog not fed within 0.020000s
Loop time of 2.000000e-02s overrun

	RobotPeriodic(): 0.000137s
	TeleopPeriodic(): 0.025807s
Joystick Axis missing, check if all controllers are plugged in
Watchdog not fed within 0.020000s
Loop time of 2.000000e-02s overrun

	RobotPeriodic(): 0.000101s
	TeleopPeriodic(): 0.021672s
Joystick Axis missing, check if all controllers are plugged in
Watchdog not fed within 0.020000s
Loop time of 2.000000e-02s overrun

	RobotPeriodic(): 0.000090s
	TeleopPeriodic(): 0.026424s
Joystick Axis missing, check if all controllers are plugged in
Joystick Axis missing, check if all controllers are plugged in
Watchdog not fed within 0.020000s
Loop time of 2.000000e-02s overrun

	RobotPeriodic(): 0.000085s
	TeleopPeriodic(): 0.021646s
Joystick Axis missing, check if all controllers are plugged in
Watchdog not fed within 0.020000s
Loop time of 2.000000e-02s overrun

	RobotPeriodic(): 0.000087s
	TeleopPeriodic(): 0.026049s
Joystick Axis missing, check if all controllers are plugged in
Watchdog not fed within 0.020000s
Loop time of 2.000000e-02s overrun

	RobotPeriodic(): 0.000086s
	TeleopPeriodic(): 0.027905s
Joystick Axis missing, check if all controllers are plugged in
Watchdog not fed within 0.020000s
Loop time of 2.000000e-02s overrun

	RobotPeriodic(): 0.000087s
	TeleopPeriodic(): 0.023920s
Joystick Axis missing, check if all controllers are plugged in
Joystick Axis missing, check if all controllers are plugged in
Watchdog not fed within 0.020000s
Loop time of 2.000000e-02s overrun

	RobotPeriodic(): 0.000158s
	TeleopPeriodic(): 0.020175s
Joystick Axis missing, check if all controllers are plugged in
Joystick Axis missing, check if all controllers are plugged in
Watchdog not fed within 0.020000s
Loop time of 2.000000e-02s overrun

	RobotPeriodic(): 0.000102s
	TeleopPeriodic(): 0.022028s
Joystick Axis missing, check if all controllers are plugged in
Watchdog not fed within 0.020000s
Loop time of 2.000000e-02s overrun

	RobotPeriodic(): 0.000124s
	TeleopPeriodic(): 0.025880s
Joystick Axis missing, check if all controllers are plugged in
Watchdog not fed within 0.020000s
Loop time of 2.000000e-02s overrun

	RobotPeriodic(): 0.000339s
	TeleopPeriodic(): 0.020317s
Joystick Axis missing, check if all controllers are plugged in
Joystick Axis missing, check if all controllers are plugged in
Watchdog not fed within 0.020000s
Loop time of 2.000000e-02s overrun

	RobotPeriodic(): 0.000092s
	TeleopPeriodic(): 0.024150s
Joystick Axis missing, check if all controllers are plugged in
Watchdog not fed within 0.020000s
Loop time of 2.000000e-02s overrun

	RobotPeriodic(): 0.000082s
	TeleopPeriodic(): 0.022525s
Joystick Axis missing, check if all controllers are plugged in
Watchdog not fed within 0.020000s
Loop time of 2.000000e-02s overrun

	RobotPeriodic(): 0.011983s
	TeleopPeriodic(): 0.016715s
Joystick Axis missing, check if all controllers are plugged in
Watchdog not fed within 0.020000s
Loop time of 2.000000e-02s overrun

	RobotPeriodic(): 0.000081s
	TeleopPeriodic(): 0.036457s
Joystick Axis missing, check if all controllers are plugged in
Watchdog not fed within 0.020000s
Loop time of 2.000000e-02s overrun

	RobotPeriodic(): 0.000087s
	TeleopPeriodic(): 0.025144s
Joystick Axis missing, check if all controllers are plugged in
Joystick Axis missing, check if all controllers are plugged in
Watchdog not fed within 0.020000s
Loop time of 2.000000e-02s overrun

	RobotPeriodic(): 0.000099s
	TeleopPeriodic(): 0.030246s
Joystick Axis missing, check if all controllers are plugged in
Watchdog not fed within 0.020000s
Loop time of 2.000000e-02s overrun

	RobotPeriodic(): 0.000084s
	TeleopPeriodic(): 0.026413s
Joystick Axis missing, check if all controllers are plugged in
Watchdog not fed within 0.020000s
Loop time of 2.000000e-02s overrun

	RobotPeriodic(): 0.000127s
	TeleopPeriodic(): 0.027629s
Joystick Axis missing, check if all controllers are plugged in
Joystick Axis missing, check if all controllers are plugged in
Watchdog not fed within 0.020000s
Loop time of 2.000000e-02s overrun

	RobotPeriodic(): 0.001069s
	TeleopPeriodic(): 0.036044s
Joystick Axis missing, check if all controllers are plugged in
Watchdog not fed within 0.020000s
Loop time of 2.000000e-02s overrun

	RobotPeriodic(): 0.000085s
	TeleopPeriodic(): 0.032586s
Joystick Axis missing, check if all controllers are plugged in
Watchdog not fed within 0.020000s
Loop time of 2.000000e-02s overrun

	RobotPeriodic(): 0.000085s
	TeleopPeriodic(): 0.025972s
Joystick Axis missing, check if all controllers are plugged in
Watchdog not fed within 0.020000s
Loop time of 2.000000e-02s overrun

	RobotPeriodic(): 0.000735s
	TeleopPeriodic(): 0.020002s
Joystick Axis missing, check if all controllers are plugged in
Watchdog not fed within 0.020000s
Loop time of 2.000000e-02s overrun

	RobotPeriodic(): 0.000079s
	TeleopPeriodic(): 0.027975s
Joystick Axis missing, check if all controllers are plugged in
Watchdog not fed within 0.020000s
Loop time of 2.000000e-02s overrun

	RobotPeriodic(): 0.000079s
	TeleopPeriodic(): 0.032356s
Joystick Axis missing, check if all controllers are plugged in
Watchdog not fed within 0.020000s
Loop time of 2.000000e-02s overrun

	RobotPeriodic(): 0.000088s
	TeleopPeriodic(): 0.031941s
Joystick Axis missing, check if all controllers are plugged in
Joystick Axis missing, check if all controllers are plugged in
Watchdog not fed within 0.020000s
Loop time of 2.000000e-02s overrun

	RobotPeriodic(): 0.000085s
	TeleopPeriodic(): 0.023766s
Joystick Axis missing, check if all controllers are plugged in
Joystick Axis missing, check if all controllers are plugged in
Watchdog not fed within 0.020000s
Loop time of 2.000000e-02s overrun

	RobotPeriodic(): 0.000090s
	TeleopPeriodic(): 0.025681s
Joystick Axis missing, check if all controllers are plugged in
Watchdog not fed within 0.020000s
Loop time of 2.000000e-02s overrun

	RobotPeriodic(): 0.000763s
	TeleopPeriodic(): 0.021411s
Joystick Axis missing, check if all controllers are plugged in
Watchdog not fed within 0.020000s
Loop time of 2.000000e-02s overrun

	RobotPeriodic(): 0.000083s
	TeleopPeriodic(): 0.029359s
Joystick Axis missing, check if all controllers are plugged in
Watchdog not fed within 0.020000s
Loop time of 2.000000e-02s overrun

	RobotPeriodic(): 0.000084s
	TeleopPeriodic(): 0.026562s
Joystick Axis missing, check if all controllers are plugged in
Watchdog not fed within 0.020000s
Loop time of 2.000000e-02s overrun

	RobotPeriodic(): 0.000669s
	TeleopPeriodic(): 0.020196s
Joystick Axis missing, check if all controllers are plugged in
Watchdog not fed within 0.020000s
Loop time of 2.000000e-02s overrun

	RobotPeriodic(): 0.005056s
	TeleopPeriodic(): 0.020565s
Joystick Axis missing, check if all controllers are plugged in
Watchdog not fed within 0.020000s
Loop time of 2.000000e-02s overrun

	RobotPeriodic(): 0.000083s
	TeleopPeriodic(): 0.021324s
Joystick Axis missing, check if all controllers are plugged in
Watchdog not fed within 0.020000s
Loop time of 2.000000e-02s overrun

	RobotPeriodic(): 0.000140s
	TeleopPeriodic(): 0.023217s
Joystick Axis missing, check if all controllers are plugged in
Joystick Axis missing, check if all controllers are plugged in
Watchdog not fed within 0.020000s
Loop time of 2.000000e-02s overrun

	RobotPeriodic(): 0.000086s
	TeleopPeriodic(): 0.027013s
Joystick Axis missing, check if all controllers are plugged in
Joystick Axis missing, check if all controllers are plugged in
Watchdog not fed within 0.020000s
Loop time of 2.000000e-02s overrun

	RobotPeriodic(): 0.000086s
	TeleopPeriodic(): 0.026962s
Joystick Axis missing, check if all controllers are plugged in
Watchdog not fed within 0.020000s
Loop time of 2.000000e-02s overrun

	RobotPeriodic(): 0.006160s
	TeleopPeriodic(): 0.015211s
Joystick Axis missing, check if all controllers are plugged in
Watchdog not fed within 0.020000s
Loop time of 2.000000e-02s overrun

	RobotPeriodic(): 0.000095s
	TeleopPeriodic(): 0.020155s
Joystick Axis missing, check if all controllers are plugged in
Joystick Axis missing, check if all controllers are plugged in
Watchdog not fed within 0.020000s
Loop time of 2.000000e-02s overrun

	RobotPeriodic(): 0.000083s
	TeleopPeriodic(): 0.024229s
Joystick Axis missing, check if all controllers are plugged in
Watchdog not fed within 0.020000s
Loop time of 2.000000e-02s overrun

	RobotPeriodic(): 0.000084s
	TeleopPeriodic(): 0.027323s
Joystick Axis missing, check if all controllers are plugged in
Watchdog not fed within 0.020000s
Loop time of 2.000000e-02s overrun

	RobotPeriodic(): 0.000564s
	TeleopPeriodic(): 0.029584s
Joystick Axis missing, check if all controllers are plugged in
Watchdog not fed within 0.020000s
Loop time of 2.000000e-02s overrun

	RobotPeriodic(): 0.000080s
	TeleopPeriodic(): 0.025947s
Joystick Axis missing, check if all controllers are plugged in
Watchdog not fed within 0.020000s
Loop time of 2.000000e-02s overrun

	RobotPeriodic(): 0.000181s
	TeleopPeriodic(): 0.035416s
Joystick Axis missing, check if all controllers are plugged in
Joystick Axis missing, check if all controllers are plugged in
Watchdog not fed within 0.020000s
Loop time of 2.000000e-02s overrun

	RobotPeriodic(): 0.000073s
	TeleopPeriodic(): 0.034317s
Joystick Axis missing, check if all controllers are plugged in
Watchdog not fed within 0.020000s
Loop time of 2.000000e-02s overrun

	RobotPeriodic(): 0.000101s
	TeleopPeriodic(): 0.026915s
Joystick Axis missing, check if all controllers are plugged in
Watchdog not fed within 0.020000s
Loop time of 2.000000e-02s overrun

	RobotPeriodic(): 0.000082s
	TeleopPeriodic(): 0.027113s
Joystick Axis missing, check if all controllers are plugged in
Watchdog not fed within 0.020000s
Loop time of 2.000000e-02s overrun

	RobotPeriodic(): 0.000095s
	TeleopPeriodic(): 0.025586s
Joystick Axis missing, check if all controllers are plugged in
Watchdog not fed within 0.020000s
Loop time of 2.000000e-02s overrun

	RobotPeriodic(): 0.000083s
	TeleopPeriodic(): 0.025547s
Joystick Axis missing, check if all controllers are plugged in
Watchdog not fed within 0.020000s
Loop time of 2.000000e-02s overrun

	RobotPeriodic(): 0.000106s
	TeleopPeriodic(): 0.031970s
Joystick Axis missing, check if all controllers are plugged in
Watchdog not fed within 0.020000s
Loop time of 2.000000e-02s overrun

	RobotPeriodic(): 0.000347s
	TeleopPeriodic(): 0.026445s
Joystick Axis missing, check if all controllers are plugged in
Watchdog not fed within 0.020000s
Loop time of 2.000000e-02s overrun

	RobotPeriodic(): 0.000089s
	TeleopPeriodic(): 0.027988s
Joystick Axis missing, check if all controllers are plugged in
Watchdog not fed within 0.020000s
Loop time of 2.000000e-02s overrun

Joystick Axis missing, check if all controllers are plugged in
	RobotPeriodic(): 0.000132s
	TeleopPeriodic(): 0.021119s
Watchdog not fed within 0.020000s
Loop time of 2.000000e-02s overrun

	RobotPeriodic(): 0.000127s
	TeleopPeriodic(): 0.025549s
Joystick Axis missing, check if all controllers are plugged in
Climb mode active! Button combo being held!
Climb mode active! Button combo being held!
Climb mode active! Button combo being held!
Climb mode active! Button combo being held!
Climb mode active! Button combo being held!
Climb mode active! Button combo being held!
Climb mode active! Button combo being held!
Climb mode active! Button combo being held!
Climb mode active! Button combo being held!
Climb mode active! Button combo being held!
Climb mode active! Button combo being held!
Climb mode active! Button combo being held!
Climb mode active! Button combo being held!
Climb mode active! Button combo being held!
Climb mode active! Button combo being held!
Climb mode active! Button combo being held!
Climb mode active! Button combo being held!
Climb mode active! Button combo being held!
Climb mode active! Button combo being held!
Climb mode active! Button combo being held!
Climb mode active! Button combo being held!
Climb mode active! Button combo being held!
Climb mode active! Button combo being held!
Climb mode active! Button combo being held!
Watchdog not fed within 0.020000s
Loop time of 2.000000e-02s overrun

	RobotPeriodic(): 0.000089s
	TeleopPeriodic(): 0.024837s
Watchdog not fed within 0.020000s
Loop time of 2.000000e-02s overrun

	RobotPeriodic(): 0.000082s
	TeleopPeriodic(): 0.025129s
Watchdog not fed within 0.020000s
Loop time of 2.000000e-02s overrun

	RobotPeriodic(): 0.000097s
	TeleopPeriodic(): 0.025198s
Pushing legs down!
Pushing legs down!
Pushing legs down!
Pushing legs down!
Pushing legs down!
Pushing legs down!
Pushing legs down!
Pushing legs down!
Pushing legs down!
Pushing legs down!
Pushing legs down!
Pushing legs down!
Pushing legs down!
Pushing legs down!
Watchdog not fed within 0.020000s
Loop time of 2.000000e-02s overrun

	RobotPeriodic(): 0.001111s
	TeleopPeriodic(): 0.019176s
Pushing legs down!
Pushing legs down!
Pushing legs down!
Pushing legs down!
Pushing legs down!
Pushing legs down!
Pushing legs down!
Pushing legs down!
Pushing legs down!
Pushing legs down!
Pushing legs down!
Pushing legs down!
Pushing legs down!
Pushing legs down!
Pushing legs down!
Pushing legs down!
Pushing legs down!
Pushing legs down!
Pushing legs down!
Pushing legs down!
Pushing legs down!
Pushing legs down!
Pushing legs down!
Pushing legs down!
Pushing legs down!
Pushing legs down!
Pushing legs down!
Pushing legs down!
Pushing legs down!
Pushing legs down!
Pushing legs down!
Pushing legs down!
Pushing legs down!
Pushing legs down!
Pushing legs down!
Pushing legs down!
Pushing legs down!
Pushing legs down!
Pushing legs down!
Pushing legs down!
Pushing legs down!
Pushing legs down!
Pushing legs down!
Pushing legs down!
Pushing legs down!
Pushing legs down!
Pushing legs down!
Pushing legs down!
Pushing legs down!
Pushing legs down!
Pushing legs down!
Pushing legs down!
Pushing legs down!
Pushing legs down!
Pushing legs down!
Pushing legs down!
Pushing legs down!
Pushing legs down!
Pushing legs down!
Pushing legs down!
Pushing legs down!
Pushing legs down!
Pushing legs down!
Pushing legs down!
Pushing legs down!
Pushing legs down!
Pushing legs down!
Pushing legs down!
Pushing legs down!
Pushing legs down!
Pushing legs down!
Pushing legs down!
Pushing legs down!
Pushing legs down!
Pushing legs down!
Pushing legs down!
Pushing legs down!
Watchdog not fed within 0.020000s
Loop time of 2.000000e-02s overrun

Pushing legs down!
	RobotPeriodic(): 0.001393s
	TeleopPeriodic(): 0.026171s
Pushing legs down!
Pushing legs down!
Pushing legs down!
Pushing legs down!
Pushing legs down!
Pushing legs down!
Pushing legs down!
Pushing legs down!
Pushing legs down!
Pushing legs down!
Pushing legs down!
Pushing legs down!
Pushing legs down!
Pushing legs down!
Pushing legs down!
Pushing legs down!
Pushing legs down!
Pushing legs down!
Pushing legs down!
Pushing legs down!
Pushing legs down!
Pushing legs down!
Pushing legs down!
Pushing legs down!
Pushing legs down!
Pushing legs down!
Pushing legs down!
Pushing legs down!
Watchdog not fed within 0.020000s
Loop time of 2.000000e-02s overrun

Pushing legs down!
	RobotPeriodic(): 0.000252s
	TeleopPeriodic(): 0.034601s
Pushing legs down!
Pushing legs down!
Pushing legs down!
Pushing legs down!
Pushing legs down!
Pushing legs down!
Pushing legs down!
Pushing legs down!
Pushing legs down!
Pushing legs down!
Pushing legs down!
Pushing legs down!
Pushing legs down!
Pushing legs down!
Pushing legs down!
Pushing legs down!
Pushing legs down!
Pushing legs down!
Pushing legs down!
Pushing legs down!
Pushing legs down!
Pushing legs down!
Pushing legs down!
Pushing legs down!
Pushing legs down!
Pushing legs down!
Pushing legs down!
Pushing legs down!
Pushing legs down!
Pushing legs down!
Pushing legs down!
Pushing legs down!
Pushing legs down!
Pushing legs down!
Pushing legs down!
Pushing legs down!
Pushing legs down!
Pushing legs down!
Pushing legs down!
Pushing legs down!
Pushing legs down!
Pushing legs down!
Pushing legs down!
Watchdog not fed within 0.020000s
Loop time of 2.000000e-02s overrun

	RobotPeriodic(): 0.000112s
	TeleopPeriodic(): 0.020577s
Pushing legs down!
Pushing legs down!
Pushing legs down!
Pushing legs down!
Pushing legs down!
Pushing legs down!
Pushing legs down!
Pushing legs down!
Pushing legs down!
Pushing legs down!
Pushing legs down!
Pushing legs down!
Pushing legs down!
Pushing legs down!
Pushing legs down!
Pushing legs down!
Pushing legs down!
Pushing legs down!
Pushing legs down!
Pushing legs down!
Pushing legs down!
Pushing legs down!
Pushing legs down!
Pushing legs down!
Pushing legs down!
Pushing legs down!
Pushing legs down!
Pushing legs down!
Pushing legs down!
Watchdog not fed within 0.020000s
Pushing legs down!
Loop time of 2.000000e-02s overrun

	RobotPeriodic(): 0.000475s
	TeleopPeriodic(): 0.024291s
Pushing legs down!
Pushing legs down!
Pushing legs down!
Pushing legs down!
Pushing legs down!
Pushing legs down!
Pushing legs down!
Pushing legs down!
Pushing legs down!
Pushing legs down!
Pushing legs down!
Pushing legs down!
Pushing legs down!
Pushing legs down!
Pushing legs down!
Pushing legs down!
Pushing legs down!
Pushing legs down!
Pushing legs down!
Pushing legs down!
Pushing legs down!
Pushing legs down!
Pushing legs down!
Pushing legs down!
Pushing legs down!
Pushing legs down!
Pushing legs down!
Pushing legs down!
Watchdog not fed within 0.020000s
Pushing legs down!
Loop time of 2.000000e-02s overrun

	RobotPeriodic(): 0.000133s
	TeleopPeriodic(): 0.022588s
Pushing legs down!
Pushing legs down!
Pushing legs down!
Pushing legs down!
Pushing legs down!
Pushing legs down!
Pushing legs down!
Pushing legs down!
Pushing legs down!
Pushing legs down!
Pushing legs down!
Pushing legs down!
Pushing legs down!
Pushing legs down!
Pushing legs down!
Pushing legs down!
Pushing legs down!
Pushing legs down!
Pushing legs down!
Pushing legs down!
Pushing legs down!
Pushing legs down!
Pushing legs down!
Pushing legs down!
Pushing legs down!
Pushing legs down!
Pushing legs down!
Pushing legs down!
Pushing legs down!
Pushing legs down!
Pushing legs down!
Pushing legs down!
Watchdog not fed within 0.020000s
Loop time of 2.000000e-02s overrun

Pushing legs down!
Pushing legs down!
	RobotPeriodic(): 0.000485s
	TeleopPeriodic(): 0.032053s
Pushing legs down!
Pushing legs down!
Pushing legs down!
Pushing legs down!
Pushing legs down!
Pushing legs down!
Pushing legs down!
Pushing legs down!
Pushing legs down!
Pushing legs down!
Pushing legs down!
Pushing legs down!
Pushing legs down!
Pushing legs down!
Pushing legs down!
Pushing legs down!
Pushing legs down!
Pushing legs down!
Pushing legs down!
Pushing legs down!
Pushing legs down!
Pushing legs down!
Pushing legs down!
Pushing legs down!
Watchdog not fed within 0.020000s
Loop time of 2.000000e-02s overrun

Pushing legs down!
Pushing legs down!
Pushing legs down!
Pushing legs down!
	RobotPeriodic(): 0.001065s
	TeleopPeriodic(): 0.023307s
Pushing legs down!
Pushing legs down!
Pushing legs down!
Pushing legs down!
Pushing legs down!
Pushing legs down!
Pushing legs down!
Pushing legs down!
Pushing legs down!
Pushing legs down!
Pushing legs down!
Pushing legs down!
Pushing legs down!
Pushing legs down!
Pushing legs down!
Pushing legs down!
Pushing legs down!
Pushing legs down!
Pushing legs down!
Pushing legs down!
Pushing legs down!
Pushing legs down!
Pushing legs down!
Pushing legs down!
Watchdog not fed within 0.020000s
Pushing legs down!
Loop time of 2.000000e-02s overrun

Pushing legs down!
Pushing legs down!
Pushing legs down!
Pushing legs down!
	RobotPeriodic(): 0.000102s
	TeleopPeriodic(): 0.022566s
Pushing legs down!
Pushing legs down!
Pushing legs down!
Pushing legs down!
Pushing legs down!
Pushing legs down!
Pushing legs down!
Pushing legs down!
Pushing legs down!
Pushing legs down!
Pushing legs down!
Pushing legs down!
Pushing legs down!
Pushing legs down!
Pushing legs down!
Pushing legs down!
Pushing legs down!
Pushing legs down!
Pushing legs down!
Pushing legs down!
Pushing legs down!
Pushing legs down!
Pushing legs down!
Pushing legs down!
Pushing legs down!
Pushing legs down!
Pushing legs down!
Pushing legs down!
Pushing legs down!
Pushing legs down!
Pushing legs down!
Pushing legs down!
Watchdog not fed within 0.020000s
Loop time of 2.000000e-02s overrun

Pushing legs down!
	RobotPeriodic(): 0.000119s
	TeleopPeriodic(): 0.026419s
Pushing legs down!
Pushing legs down!
Pushing legs down!
Pushing legs down!
Pushing legs down!
Pushing legs down!
Pushing legs down!
Pushing legs down!
Pushing legs down!
Pushing legs down!
Pushing legs down!
Pushing legs down!
Pushing legs down!
Pushing legs down!
Pushing legs down!
Pushing legs down!
Pushing legs down!
Pushing legs down!
Pushing legs down!
Pushing legs down!
Pushing legs down!
Pushing legs down!
Pushing legs down!
Pushing legs down!
Pushing legs down!
Pushing legs down!
Pushing legs down!
Pushing legs down!
Pushing legs down!
Pushing legs down!
Pushing legs down!
Pushing legs down!
Pushing legs down!
Pushing legs down!
Pushing legs down!
Watchdog not fed within 0.020000s
Loop time of 2.000000e-02s overrun

Pushing legs down!
	RobotPeriodic(): 0.000108s
	TeleopPeriodic(): 0.036234s
Pushing legs down!
Pushing legs down!
Pushing legs down!
Pushing legs down!
Pushing legs down!
Pushing legs down!
Pushing legs down!
Pushing legs down!
Pushing legs down!
Pushing legs down!
Pushing legs down!
Pushing legs down!
Pushing legs down!
Pushing legs down!
Pushing legs down!
Pushing legs down!
Pushing legs down!
Pushing legs down!
Pushing legs down!
Pushing legs down!
Pushing legs down!
Pushing legs down!
Pushing legs down!
Pushing legs down!
Pushing legs down!
Pushing legs down!
Pushing legs down!
Pushing legs down!
Pushing legs down!
Pushing legs down!
Pushing legs down!
Pushing legs down!
Pushing legs down!
Pushing legs down!
Pushing legs down!
Pushing legs down!
Pushing legs down!
Pushing legs down!
Pushing legs down!
Pushing legs down!
Pushing legs down!
Pushing legs down!
Pushing legs down!
Watchdog not fed within 0.020000s
Pushing legs down!
Loop time of 2.000000e-02s overrun

	RobotPeriodic(): 0.000246s
	TeleopPeriodic(): 0.024194s
Pushing legs down!
Pushing legs down!
Pushing legs down!
Pushing legs down!
Pushing legs down!
Pushing legs down!
Pushing legs down!
Pushing legs down!
Pushing legs down!
Pushing legs down!
Pushing legs down!
Pushing legs down!
Pushing legs down!
Pushing legs down!
Pushing legs down!
Pushing legs down!
Pushing legs down!
Pushing legs down!
Pushing legs down!
Pushing legs down!
Pushing legs down!
Pushing legs down!
Pushing legs down!
Pushing legs down!
Pushing legs down!
Pushing legs down!
Pushing legs down!
Pushing legs down!
Pushing legs down!
Pushing legs down!
Pushing legs down!
Pushing legs down!
Pushing legs down!
Pushing legs down!
Pushing legs down!
Pushing legs down!
Watchdog not fed within 0.020000s
Loop time of 2.000000e-02s overrun

	RobotPeriodic(): 0.000077s
	TeleopPeriodic(): 0.028449s
Pushing legs down!
Watchdog not fed within 0.020000s
Loop time of 2.000000e-02s overrun

	RobotPeriodic(): 0.000086s
	TeleopPeriodic(): 0.027753s
Watchdog not fed within 0.020000s
Loop time of 2.000000e-02s overrun

	RobotPeriodic(): 0.000084s
	TeleopPeriodic(): 0.027188s
Watchdog not fed within 0.020000s
Loop time of 2.000000e-02s overrun

	RobotPeriodic(): 0.000083s
	TeleopPeriodic(): 0.022510s
Watchdog not fed within 0.020000s
Loop time of 2.000000e-02s overrun

	RobotPeriodic(): 0.000455s
	TeleopPeriodic(): 0.029389s
Watchdog not fed within 0.020000s
Loop time of 2.000000e-02s overrun

	RobotPeriodic(): 0.000088s
	TeleopPeriodic(): 0.027047s
Watchdog not fed within 0.020000s
Loop time of 2.000000e-02s overrun

	RobotPeriodic(): 0.000073s
	TeleopPeriodic(): 0.031684s
Watchdog not fed within 0.020000s
Loop time of 2.000000e-02s overrun

	RobotPeriodic(): 0.000066s
	TeleopPeriodic(): 0.023875s
Watchdog not fed within 0.020000s
Loop time of 2.000000e-02s overrun

	RobotPeriodic(): 0.000066s
	TeleopPeriodic(): 0.022717s
Watchdog not fed within 0.020000s
Loop time of 2.000000e-02s overrun

	RobotPeriodic(): 0.000088s
	TeleopPeriodic(): 0.032264s
Watchdog not fed within 0.020000s
Loop time of 2.000000e-02s overrun

	RobotPeriodic(): 0.000085s
	TeleopPeriodic(): 0.034620s
Watchdog not fed within 0.020000s
Loop time of 2.000000e-02s overrun

	RobotPeriodic(): 0.000069s
	TeleopPeriodic(): 0.022138s
Watchdog not fed within 0.020000s
Loop time of 2.000000e-02s overrun

	RobotPeriodic(): 0.000068s
	TeleopPeriodic(): 0.027656s
Watchdog not fed within 0.020000s
Loop time of 2.000000e-02s overrun

	RobotPeriodic(): 0.000077s
	TeleopPeriodic(): 0.025185s
Robot disabling.. DONE
