
********** Robot program starting **********
   Welcome 5024!
-------------------
Robot Starting..
Creating Subsystems.. DONE
Creating Commands.. DONE
CS: Back: Connecting to USB camera on /dev/video1
Starting CameraServer.. DONE
CS: Front: Connecting to USB camera on /dev/video0
CS: Front: SetConfigJson: setting pixelFormat 1
CS: Back: set format 1 res 160x120
CS: Front: set format 1 res 160x120
CS: Front: SetConfigJson: setting width 160, height 120
CS: Front: SetConfigJson: setting property 'connect_verbose' to 1
CS: Front: SetConfigJson: setting property 'raw_brightness' to 50
CS: Front: SetConfigJson: setting property 'brightness' to 9
CS: Front: SetConfigJson: setting property 'raw_contrast' to 10
CS: Front: SetConfigJson: setting property 'contrast' to 100
CS: Front: SetConfigJson: setting property 'raw_saturation' to 20
CS: Front: SetConfigJson: setting property 'saturation' to 10
CS: Front: SetConfigJson: setting property 'white_balance_temperature_auto' to 0
CS: Front: SetConfigJson: setting property 'power_line_frequency' to 2
CS: Front: SetConfigJson: setting property 'white_balance_temperature' to 2800
CS: Front: SetConfigJson: setting property 'raw_sharpness' to 0
CS: Front: SetConfigJson: setting property 'sharpness' to 0
CS: Front: SetConfigJson: setting property 'backlight_compensation' to 0
CS: Front: SetConfigJson: setting property 'exposure_auto' to 1
CS: Front: SetConfigJson: setting property 'raw_exposure_absolute' to 78
CS: Front: SetConfigJson: setting property 'exposure_absolute' to 32
CS: Front: SetConfigJson: setting property 'pan_absolute' to 0
CS: Front: SetConfigJson: setting property 'tilt_absolute' to 0
CS: Front: SetConfigJson: setting property 'zoom_absolute' to 0
CS: Back: SetConfigJson: setting pixelFormat 1
CS: Back: SetConfigJson: setting width 160, height 120
CS: Back: SetConfigJson: setting property 'connect_verbose' to 1
CS: Back: SetConfigJson: setting property 'raw_brightness' to 50
CS: Back: SetConfigJson: setting property 'brightness' to 9
CS: Back: SetConfigJson: setting property 'raw_contrast' to 10
CS: Back: SetConfigJson: setting property 'contrast' to 100
CS: Back: SetConfigJson: setting property 'raw_saturation' to 20
CS: Back: SetConfigJson: setting property 'saturation' to 10
CS: Back: SetConfigJson: setting property 'white_balance_temperature_auto' to 0
CS: Back: SetConfigJson: setting property 'power_line_frequency' to 2
CS: Back: SetConfigJson: setting property 'white_balance_temperature' to 2800
CS: Back: SetConfigJson: setting property 'raw_sharpness' to 0
CS: Back: SetConfigJson: setting property 'sharpness' to 0
CS: Back: SetConfigJson: setting property 'backlight_compensation' to 0
CS: Back: SetConfigJson: setting property 'exposure_auto' to 1
CS: Back: SetConfigJson: setting property 'raw_exposure_absolute' to 78
CS: Back: SetConfigJson: setting property 'exposure_absolute' to 32
CS: Back: SetConfigJson: setting property 'pan_absolute' to 0
CS: Back: SetConfigJson: setting property 'tilt_absolute' to 0
CS: Back: SetConfigJson: setting property 'zoom_absolute' to 0
Setting camera config.. DONE
Resetting Gyro.. Instantiating navX-Sensor on SPI Port 4.
navX-Sensor Yaw Reset request ignored - startup calibration is currently in progress.
DONE
Connecting to telemetry table.. DONE
navX-Sensor startup initialization and startup calibration complete.
navX-Sensor onboard startup calibration complete.
navX-Sensor Yaw angle auto-reset to 0.0 due to startup calibration.
Robot disabling.. DONE
NT: server: client CONNECTED: 10.50.24.22 port 52258
NT: server: client CONNECTED: 169.254.48.36 port 33394
NT: server: client CONNECTED: 10.50.24.22 port 52414
Watchdog not fed within 0.020000s
Loop time of 2.000000e-02s overrun

	RobotPeriodic(): 0.003654s
	DisabledPeriodic(): 0.017666s
Auto commands starting.. DONE
Resetting gyro.. navX-Sensor Software Yaw Reset completed.
DONE
Watchdog not fed within 0.020000s
Loop time of 2.000000e-02s overrun

	RobotPeriodic(): 0.000104s
	AutonomousPeriodic(): 0.032726s
	AutonomousInit(): 0.000191s
Joystick Axis missing, check if all controllers are plugged in
Joystick Axis missing, check if all controllers are plugged in
Watchdog not fed within 0.020000s
Loop time of 2.000000e-02s overrun

	RobotPeriodic(): 0.000080s
	AutonomousPeriodic(): 0.023389s
Joystick Axis missing, check if all controllers are plugged in
Watchdog not fed within 0.020000s
Loop time of 2.000000e-02s overrun

	RobotPeriodic(): 0.000084s
	AutonomousPeriodic(): 0.027782s
Joystick Axis missing, check if all controllers are plugged in
Watchdog not fed within 0.020000s
Loop time of 2.000000e-02s overrun

	RobotPeriodic(): 0.000086s
	AutonomousPeriodic(): 0.035007s
Joystick Axis missing, check if all controllers are plugged in
Watchdog not fed within 0.020000s
Loop time of 2.000000e-02s overrun

	RobotPeriodic(): 0.000087s
	AutonomousPeriodic(): 0.028172s
Joystick Axis missing, check if all controllers are plugged in
Watchdog not fed within 0.020000s
Loop time of 2.000000e-02s overrun

	RobotPeriodic(): 0.000086s
	AutonomousPeriodic(): 0.037174s
Joystick Axis missing, check if all controllers are plugged in
Watchdog not fed within 0.020000s
Loop time of 2.000000e-02s overrun

	RobotPeriodic(): 0.000109s
	AutonomousPeriodic(): 0.033975s
Joystick Axis missing, check if all controllers are plugged in
Watchdog not fed within 0.020000s
Loop time of 2.000000e-02s overrun

	RobotPeriodic(): 0.000082s
	AutonomousPeriodic(): 0.024980s
Joystick Axis missing, check if all controllers are plugged in
Watchdog not fed within 0.020000s
Loop time of 2.000000e-02s overrun

	RobotPeriodic(): 0.000109s
	AutonomousPeriodic(): 0.021344s
Joystick Axis missing, check if all controllers are plugged in
Joystick Axis missing, check if all controllers are plugged in
Watchdog not fed within 0.020000s
Loop time of 2.000000e-02s overrun

	RobotPeriodic(): 0.000223s
	AutonomousPeriodic(): 0.022267s
Joystick Axis missing, check if all controllers are plugged in
Watchdog not fed within 0.020000s
Loop time of 2.000000e-02s overrun

	RobotPeriodic(): 0.000081s
	AutonomousPeriodic(): 0.028073s
Joystick Axis missing, check if all controllers are plugged in
Watchdog not fed within 0.020000s
Loop time of 2.000000e-02s overrun

	RobotPeriodic(): 0.000080s
	AutonomousPeriodic(): 0.037228s
Joystick Axis missing, check if all controllers are plugged in
Watchdog not fed within 0.020000s
Loop time of 2.000000e-02s overrun

	RobotPeriodic(): 0.000091s
	AutonomousPeriodic(): 0.022502s
Joystick Axis missing, check if all controllers are plugged in
Watchdog not fed within 0.020000s
Loop time of 2.000000e-02s overrun

	RobotPeriodic(): 0.000085s
	AutonomousPeriodic(): 0.027979s
Joystick Axis missing, check if all controllers are plugged in
Robot disabling.. DONE
Teleop commands starting.. DONE
Watchdog not fed within 0.020000s
Loop time of 2.000000e-02s overrun

	RobotPeriodic(): 0.000083s
	TeleopPeriodic(): 0.021129s
Joystick Axis missing, check if all controllers are plugged in
Watchdog not fed within 0.020000s
Loop time of 2.000000e-02s overrun

	RobotPeriodic(): 0.000131s
	TeleopPeriodic(): 0.028055s
Joystick Axis missing, check if all controllers are plugged in
Watchdog not fed within 0.020000s
Loop time of 2.000000e-02s overrun

	RobotPeriodic(): 0.000076s
	TeleopPeriodic(): 0.028692s
Joystick Axis missing, check if all controllers are plugged in
Watchdog not fed within 0.020000s
Loop time of 2.000000e-02s overrun

	RobotPeriodic(): 0.001529s
	TeleopPeriodic(): 0.033504s
Joystick Axis missing, check if all controllers are plugged in
Watchdog not fed within 0.020000s
Loop time of 2.000000e-02s overrun

	RobotPeriodic(): 0.000103s
	TeleopPeriodic(): 0.027632s
Joystick Axis missing, check if all controllers are plugged in
Watchdog not fed within 0.020000s
Loop time of 2.000000e-02s overrun

	RobotPeriodic(): 0.000093s
	TeleopPeriodic(): 0.029805s
Joystick Axis missing, check if all controllers are plugged in
Watchdog not fed within 0.020000s
Loop time of 2.000000e-02s overrun

	RobotPeriodic(): 0.000081s
	TeleopPeriodic(): 0.028738s
Joystick Axis missing, check if all controllers are plugged in
Joystick Axis missing, check if all controllers are plugged in
Watchdog not fed within 0.020000s
Loop time of 2.000000e-02s overrun

	RobotPeriodic(): 0.000200s
	TeleopPeriodic(): 0.025549s
Joystick Axis missing, check if all controllers are plugged in
Watchdog not fed within 0.020000s
Loop time of 2.000000e-02s overrun

	RobotPeriodic(): 0.000268s
	TeleopPeriodic(): 0.023137s
Joystick Axis missing, check if all controllers are plugged in
Watchdog not fed within 0.020000s
Loop time of 2.000000e-02s overrun

	RobotPeriodic(): 0.000068s
	TeleopPeriodic(): 0.021926s
Joystick Axis missing, check if all controllers are plugged in
Joystick Axis missing, check if all controllers are plugged in
Watchdog not fed within 0.020000s
Loop time of 2.000000e-02s overrun

	RobotPeriodic(): 0.000084s
	TeleopPeriodic(): 0.027588s
Joystick Axis missing, check if all controllers are plugged in
Watchdog not fed within 0.020000s
Loop time of 2.000000e-02s overrun

	RobotPeriodic(): 0.000551s
	TeleopPeriodic(): 0.027384s
Joystick Axis missing, check if all controllers are plugged in
Watchdog not fed within 0.020000s
Loop time of 2.000000e-02s overrun

	RobotPeriodic(): 0.000089s
	TeleopPeriodic(): 0.043065s
Joystick Axis missing, check if all controllers are plugged in
Watchdog not fed within 0.020000s
Loop time of 2.000000e-02s overrun

	RobotPeriodic(): 0.000253s
	TeleopPeriodic(): 0.030755s
Joystick Axis missing, check if all controllers are plugged in
Watchdog not fed within 0.020000s
Loop time of 2.000000e-02s overrun

	RobotPeriodic(): 0.000086s
	TeleopPeriodic(): 0.033386s
Joystick Axis missing, check if all controllers are plugged in
Watchdog not fed within 0.020000s
Loop time of 2.000000e-02s overrun

	RobotPeriodic(): 0.001824s
	TeleopPeriodic(): 0.022702s
Joystick Axis missing, check if all controllers are plugged in
Joystick Axis missing, check if all controllers are plugged in
Joystick Axis missing, check if all controllers are plugged in
Watchdog not fed within 0.020000s
Loop time of 2.000000e-02s overrun

	RobotPeriodic(): 0.000081s
	TeleopPeriodic(): 0.027341s
Joystick Axis missing, check if all controllers are plugged in
Watchdog not fed within 0.020000s
Loop time of 2.000000e-02s overrun

	RobotPeriodic(): 0.000156s
	TeleopPeriodic(): 0.028814s
Joystick Axis missing, check if all controllers are plugged in
Watchdog not fed within 0.020000s
Loop time of 2.000000e-02s overrun

	RobotPeriodic(): 0.000091s
	TeleopPeriodic(): 0.020294s
Joystick Axis missing, check if all controllers are plugged in
Watchdog not fed within 0.020000s
Loop time of 2.000000e-02s overrun

Joystick Axis missing, check if all controllers are plugged in
	RobotPeriodic(): 0.000076s
	TeleopPeriodic(): 0.021770s
Joystick Axis missing, check if all controllers are plugged in
Watchdog not fed within 0.020000s
Loop time of 2.000000e-02s overrun

	RobotPeriodic(): 0.000119s
	TeleopPeriodic(): 0.021083s
Joystick Axis missing, check if all controllers are plugged in
Watchdog not fed within 0.020000s
Loop time of 2.000000e-02s overrun

	RobotPeriodic(): 0.000081s
	TeleopPeriodic(): 0.024532s
Joystick Axis missing, check if all controllers are plugged in
Watchdog not fed within 0.020000s
Loop time of 2.000000e-02s overrun

	RobotPeriodic(): 0.000093s
	TeleopPeriodic(): 0.024639s
Joystick Axis missing, check if all controllers are plugged in
Watchdog not fed within 0.020000s
Loop time of 2.000000e-02s overrun

	RobotPeriodic(): 0.000111s
	TeleopPeriodic(): 0.020076s
Joystick Axis missing, check if all controllers are plugged in
Watchdog not fed within 0.020000s
Loop time of 2.000000e-02s overrun

	RobotPeriodic(): 0.000066s
	TeleopPeriodic(): 0.024147s
Joystick Axis missing, check if all controllers are plugged in
Watchdog not fed within 0.020000s
Loop time of 2.000000e-02s overrun

	RobotPeriodic(): 0.000067s
	TeleopPeriodic(): 0.025254s
Joystick Axis missing, check if all controllers are plugged in
Joystick Axis missing, check if all controllers are plugged in
Watchdog not fed within 0.020000s
Loop time of 2.000000e-02s overrun

	RobotPeriodic(): 0.000285s
	TeleopPeriodic(): 0.024585s
Joystick Axis missing, check if all controllers are plugged in
Watchdog not fed within 0.020000s
Loop time of 2.000000e-02s overrun

	RobotPeriodic(): 0.000085s
	TeleopPeriodic(): 0.022386s
Joystick Axis missing, check if all controllers are plugged in
Watchdog not fed within 0.020000s
Loop time of 2.000000e-02s overrun

	RobotPeriodic(): 0.000089s
	TeleopPeriodic(): 0.030733s
Joystick Axis missing, check if all controllers are plugged in
Watchdog not fed within 0.020000s
Loop time of 2.000000e-02s overrun

	RobotPeriodic(): 0.000082s
	TeleopPeriodic(): 0.024030s
Joystick Axis missing, check if all controllers are plugged in
Joystick Axis missing, check if all controllers are plugged in
Joystick Axis missing, check if all controllers are plugged in
Joystick Axis missing, check if all controllers are plugged in
Watchdog not fed within 0.020000s
Loop time of 2.000000e-02s overrun

	RobotPeriodic(): 0.000090s
	TeleopPeriodic(): 0.021882s
Joystick Axis missing, check if all controllers are plugged in
	RobotPeriodic(): 0.000087s
	TeleopPeriodic(): 0.029375s
Watchdog not fed within 0.020000s
Loop time of 2.000000e-02s overrun

Joystick Axis missing, check if all controllers are plugged in
Watchdog not fed within 0.020000s
Loop time of 2.000000e-02s overrun

	RobotPeriodic(): 0.000098s
	TeleopPeriodic(): 0.027006s
Joystick Axis missing, check if all controllers are plugged in
Watchdog not fed within 0.020000s
Loop time of 2.000000e-02s overrun

	RobotPeriodic(): 0.000085s
	TeleopPeriodic(): 0.021350s
Joystick Axis missing, check if all controllers are plugged in
Watchdog not fed within 0.020000s
Loop time of 2.000000e-02s overrun

	RobotPeriodic(): 0.000070s
	TeleopPeriodic(): 0.022133s
Joystick Axis missing, check if all controllers are plugged in
Watchdog not fed within 0.020000s
Loop time of 2.000000e-02s overrun

Joystick Axis missing, check if all controllers are plugged in
	RobotPeriodic(): 0.000089s
	TeleopPeriodic(): 0.034551s
Joystick Axis missing, check if all controllers are plugged in
Watchdog not fed within 0.020000s
Loop time of 2.000000e-02s overrun

	RobotPeriodic(): 0.000083s
	TeleopPeriodic(): 0.027899s
Joystick Axis missing, check if all controllers are plugged in
Watchdog not fed within 0.020000s
Loop time of 2.000000e-02s overrun

	RobotPeriodic(): 0.000082s
	TeleopPeriodic(): 0.023458s
Joystick Axis missing, check if all controllers are plugged in
Watchdog not fed within 0.020000s
Loop time of 2.000000e-02s overrun

	RobotPeriodic(): 0.000082s
	TeleopPeriodic(): 0.031848s
Joystick Axis missing, check if all controllers are plugged in
Watchdog not fed within 0.020000s
Loop time of 2.000000e-02s overrun

	RobotPeriodic(): 0.000084s
	TeleopPeriodic(): 0.025355s
Joystick Axis missing, check if all controllers are plugged in
Watchdog not fed within 0.020000s
Loop time of 2.000000e-02s overrun

	RobotPeriodic(): 0.000177s
	TeleopPeriodic(): 0.022220s
Joystick Axis missing, check if all controllers are plugged in
Watchdog not fed within 0.020000s
Loop time of 2.000000e-02s overrun

	RobotPeriodic(): 0.000662s
	TeleopPeriodic(): 0.032460s
Joystick Axis missing, check if all controllers are plugged in
Watchdog not fed within 0.020000s
Loop time of 2.000000e-02s overrun

	RobotPeriodic(): 0.000087s
	TeleopPeriodic(): 0.021119s
Joystick Axis missing, check if all controllers are plugged in
Watchdog not fed within 0.020000s
Loop time of 2.000000e-02s overrun

	RobotPeriodic(): 0.000122s
	TeleopPeriodic(): 0.021984s
Joystick Axis missing, check if all controllers are plugged in
Watchdog not fed within 0.020000s
Loop time of 2.000000e-02s overrun

	RobotPeriodic(): 0.000080s
	TeleopPeriodic(): 0.027708s
Joystick Axis missing, check if all controllers are plugged in
Watchdog not fed within 0.020000s
Loop time of 2.000000e-02s overrun

	RobotPeriodic(): 0.000083s
	TeleopPeriodic(): 0.024729s
Joystick Axis missing, check if all controllers are plugged in
Watchdog not fed within 0.020000s
Loop time of 2.000000e-02s overrun

	RobotPeriodic(): 0.000365s
	TeleopPeriodic(): 0.029331s
Joystick Axis missing, check if all controllers are plugged in
Watchdog not fed within 0.020000s
Loop time of 2.000000e-02s overrun

	RobotPeriodic(): 0.000091s
	TeleopPeriodic(): 0.022274s
Joystick Axis missing, check if all controllers are plugged in
Joystick Axis missing, check if all controllers are plugged in
Watchdog not fed within 0.020000s
Loop time of 2.000000e-02s overrun

	RobotPeriodic(): 0.000085s
	TeleopPeriodic(): 0.025798s
Joystick Axis missing, check if all controllers are plugged in
Watchdog not fed within 0.020000s
Loop time of 2.000000e-02s overrun

	RobotPeriodic(): 0.000081s
	TeleopPeriodic(): 0.032030s
Joystick Axis missing, check if all controllers are plugged in
Watchdog not fed within 0.020000s
Loop time of 2.000000e-02s overrun

	RobotPeriodic(): 0.000460s
	TeleopPeriodic(): 0.032407s
Joystick Axis missing, check if all controllers are plugged in
Watchdog not fed within 0.020000s
Loop time of 2.000000e-02s overrun

	RobotPeriodic(): 0.000079s
	TeleopPeriodic(): 0.027992s
Joystick Axis missing, check if all controllers are plugged in
Watchdog not fed within 0.020000s
Loop time of 2.000000e-02s overrun

	RobotPeriodic(): 0.000081s
	TeleopPeriodic(): 0.024788s
Joystick Axis missing, check if all controllers are plugged in
Watchdog not fed within 0.020000s
Loop time of 2.000000e-02s overrun

	RobotPeriodic(): 0.000089s
	TeleopPeriodic(): 0.024424s
Joystick Axis missing, check if all controllers are plugged in
Watchdog not fed within 0.020000s
Loop time of 2.000000e-02s overrun

	RobotPeriodic(): 0.000084s
	TeleopPeriodic(): 0.037897s
Joystick Axis missing, check if all controllers are plugged in
Watchdog not fed within 0.020000s
Loop time of 2.000000e-02s overrun

	RobotPeriodic(): 0.000347s
	TeleopPeriodic(): 0.029856s
Joystick Axis missing, check if all controllers are plugged in
Watchdog not fed within 0.020000s
Loop time of 2.000000e-02s overrun

	RobotPeriodic(): 0.000085s
	TeleopPeriodic(): 0.024917s
Joystick Axis missing, check if all controllers are plugged in
Watchdog not fed within 0.020000s
Loop time of 2.000000e-02s overrun

	RobotPeriodic(): 0.000085s
	TeleopPeriodic(): 0.035959s
Joystick Axis missing, check if all controllers are plugged in
Watchdog not fed within 0.020000s
Loop time of 2.000000e-02s overrun

	RobotPeriodic(): 0.000075s
	TeleopPeriodic(): 0.032030s
Joystick Axis missing, check if all controllers are plugged in
Joystick Axis missing, check if all controllers are plugged in
Watchdog not fed within 0.020000s
Loop time of 2.000000e-02s overrun

	RobotPeriodic(): 0.000083s
	TeleopPeriodic(): 0.025113s
Joystick Axis missing, check if all controllers are plugged in
Watchdog not fed within 0.020000s
Loop time of 2.000000e-02s overrun

	RobotPeriodic(): 0.001695s
	TeleopPeriodic(): 0.019972s
Joystick Axis missing, check if all controllers are plugged in
Watchdog not fed within 0.020000s
Loop time of 2.000000e-02s overrun

	RobotPeriodic(): 0.000087s
	TeleopPeriodic(): 0.032167s
Joystick Axis missing, check if all controllers are plugged in
Watchdog not fed within 0.020000s
Loop time of 2.000000e-02s overrun

	RobotPeriodic(): 0.000463s
	TeleopPeriodic(): 0.020039s
Joystick Axis missing, check if all controllers are plugged in
Watchdog not fed within 0.020000s
Loop time of 2.000000e-02s overrun

	RobotPeriodic(): 0.000135s
	TeleopPeriodic(): 0.024218s
Joystick Axis missing, check if all controllers are plugged in
Watchdog not fed within 0.020000s
Loop time of 2.000000e-02s overrun

	RobotPeriodic(): 0.000068s
	TeleopPeriodic(): 0.033052s
Joystick Axis missing, check if all controllers are plugged in
Watchdog not fed within 0.020000s
Loop time of 2.000000e-02s overrun

	RobotPeriodic(): 0.000094s
	TeleopPeriodic(): 0.025681s
Joystick Axis missing, check if all controllers are plugged in
Watchdog not fed within 0.020000s
Loop time of 2.000000e-02s overrun

	RobotPeriodic(): 0.000088s
	TeleopPeriodic(): 0.021127s
Joystick Axis missing, check if all controllers are plugged in
Joystick Axis missing, check if all controllers are plugged in
Watchdog not fed within 0.020000s
Loop time of 2.000000e-02s overrun

	RobotPeriodic(): 0.004905s
	TeleopPeriodic(): 0.019050s
Joystick Axis missing, check if all controllers are plugged in
Watchdog not fed within 0.020000s
Loop time of 2.000000e-02s overrun

	RobotPeriodic(): 0.000097s
	TeleopPeriodic(): 0.022369s
Joystick Axis missing, check if all controllers are plugged in
Watchdog not fed within 0.020000s
Loop time of 2.000000e-02s overrun

	RobotPeriodic(): 0.000104s
	TeleopPeriodic(): 0.044009s
Joystick Axis missing, check if all controllers are plugged in
Watchdog not fed within 0.020000s
Loop time of 2.000000e-02s overrun

	RobotPeriodic(): 0.000086s
	TeleopPeriodic(): 0.023346s
Joystick Axis missing, check if all controllers are plugged in
Watchdog not fed within 0.020000s
Loop time of 2.000000e-02s overrun

	RobotPeriodic(): 0.000093s
	TeleopPeriodic(): 0.027520s
Joystick Axis missing, check if all controllers are plugged in
Watchdog not fed within 0.020000s
Loop time of 2.000000e-02s overrun

	RobotPeriodic(): 0.002423s
	TeleopPeriodic(): 0.028185s
Joystick Axis missing, check if all controllers are plugged in
Watchdog not fed within 0.020000s
Loop time of 2.000000e-02s overrun

	RobotPeriodic(): 0.000130s
	TeleopPeriodic(): 0.021471s
Joystick Axis missing, check if all controllers are plugged in
Watchdog not fed within 0.020000s
Loop time of 2.000000e-02s overrun

	RobotPeriodic(): 0.000069s
	TeleopPeriodic(): 0.026252s
Joystick Axis missing, check if all controllers are plugged in
Watchdog not fed within 0.020000s
Loop time of 2.000000e-02s overrun

	RobotPeriodic(): 0.000085s
	TeleopPeriodic(): 0.032355s
Joystick Axis missing, check if all controllers are plugged in
Watchdog not fed within 0.020000s
Loop time of 2.000000e-02s overrun

	RobotPeriodic(): 0.000261s
	TeleopPeriodic(): 0.022362s
Joystick Axis missing, check if all controllers are plugged in
Watchdog not fed within 0.020000s
Loop time of 2.000000e-02s overrun

	RobotPeriodic(): 0.000095s
	TeleopPeriodic(): 0.030860s
Joystick Axis missing, check if all controllers are plugged in
Joystick Axis missing, check if all controllers are plugged in
Watchdog not fed within 0.020000s
Loop time of 2.000000e-02s overrun

	RobotPeriodic(): 0.000735s
	TeleopPeriodic(): 0.028739s
Joystick Axis missing, check if all controllers are plugged in
Watchdog not fed within 0.020000s
Loop time of 2.000000e-02s overrun

	RobotPeriodic(): 0.000081s
	TeleopPeriodic(): 0.019969s
Joystick Axis missing, check if all controllers are plugged in
Watchdog not fed within 0.020000s
Loop time of 2.000000e-02s overrun

	RobotPeriodic(): 0.000535s
	TeleopPeriodic(): 0.022170s
Joystick Axis missing, check if all controllers are plugged in
Watchdog not fed within 0.020000s
Loop time of 2.000000e-02s overrun

	RobotPeriodic(): 0.001216s
	TeleopPeriodic(): 0.026054s
Joystick Axis missing, check if all controllers are plugged in
Watchdog not fed within 0.020000s
Climb mode active! Button combo being held!
Loop time of 2.000000e-02s overrun

	RobotPeriodic(): 0.000088s
	TeleopPeriodic(): 0.026521s
Climb mode active! Button combo being held!
Climb mode active! Button combo being held!
Climb mode active! Button combo being held!
Climb mode active! Button combo being held!
Watchdog not fed within 0.020000s
Loop time of 2.000000e-02s overrun

	RobotPeriodic(): 0.000086s
	TeleopPeriodic(): 0.028807s
Watchdog not fed within 0.020000s
Loop time of 2.000000e-02s overrun

	RobotPeriodic(): 0.000084s
	TeleopPeriodic(): 0.027414s
Watchdog not fed within 0.020000s
Loop time of 2.000000e-02s overrun

	RobotPeriodic(): 0.006587s
	TeleopPeriodic(): 0.017047s
Watchdog not fed within 0.020000s
Loop time of 2.000000e-02s overrun

	RobotPeriodic(): 0.000160s
	TeleopPeriodic(): 0.031077s
Watchdog not fed within 0.020000s
Loop time of 2.000000e-02s overrun

Pushing legs down!
	RobotPeriodic(): 0.000104s
	TeleopPeriodic(): 0.035713s
Pushing legs down!
Pushing legs down!
Pushing legs down!
Pushing legs down!
Pushing legs down!
Pushing legs down!
Pushing legs down!
Pushing legs down!
Pushing legs down!
Pushing legs down!
Pushing legs down!
Pushing legs down!
Pushing legs down!
Pushing legs down!
Pushing legs down!
Pushing legs down!
Pushing legs down!
Pushing legs down!
Pushing legs down!
Pushing legs down!
Pushing legs down!
Pushing legs down!
Pushing legs down!
Pushing legs down!
Pushing legs down!
Pushing legs down!
Pushing legs down!
Pushing legs down!
Pushing legs down!
Pushing legs down!
Watchdog not fed within 0.020000s
Loop time of 2.000000e-02s overrun

Pushing legs down!
	RobotPeriodic(): 0.000165s
	TeleopPeriodic(): 0.030257s
Pushing legs down!
Pushing legs down!
Pushing legs down!
Pushing legs down!
Pushing legs down!
Pushing legs down!
Pushing legs down!
Pushing legs down!
Pushing legs down!
Pushing legs down!
Pushing legs down!
Pushing legs down!
Pushing legs down!
Pushing legs down!
Pushing legs down!
Pushing legs down!
Pushing legs down!
Pushing legs down!
Pushing legs down!
Pushing legs down!
Pushing legs down!
Pushing legs down!
Pushing legs down!
Pushing legs down!
Pushing legs down!
Pushing legs down!
Pushing legs down!
Pushing legs down!
Pushing legs down!
Pushing legs down!
Pushing legs down!
Pushing legs down!
Pushing legs down!
Pushing legs down!
Pushing legs down!
Pushing legs down!
Pushing legs down!
Pushing legs down!
Pushing legs down!
Pushing legs down!
Pushing legs down!
Pushing legs down!
Pushing legs down!
Pushing legs down!
Pushing legs down!
Pushing legs down!
Pushing legs down!
Pushing legs down!
Watchdog not fed within 0.020000s
Loop time of 2.000000e-02s overrun

	RobotPeriodic(): 0.000134s
	TeleopPeriodic(): 0.022178s
Pushing legs down!
Pushing legs down!
Pushing legs down!
Pushing legs down!
Pushing legs down!
Pushing legs down!
Pushing legs down!
Pushing legs down!
Pushing legs down!
Pushing legs down!
Pushing legs down!
Pushing legs down!
Pushing legs down!
Pushing legs down!
Pushing legs down!
Pushing legs down!
Pushing legs down!
Pushing legs down!
Pushing legs down!
Pushing legs down!
Pushing legs down!
Pushing legs down!
Pushing legs down!
Pushing legs down!
Pushing legs down!
Pushing legs down!
Pushing legs down!
Pushing legs down!
Pushing legs down!
Pushing legs down!
Pushing legs down!
Pushing legs down!
Pushing legs down!
Pushing legs down!
Pushing legs down!
Pushing legs down!
Pushing legs down!
Pushing legs down!
Pushing legs down!
Watchdog not fed within 0.020000s
Loop time of 2.000000e-02s overrun

	RobotPeriodic(): 0.000085s
	TeleopPeriodic(): 0.020404s
Pushing legs down!
Pushing legs down!
Pushing legs down!
Pushing legs down!
Pushing legs down!
Pushing legs down!
Pushing legs down!
Pushing legs down!
Pushing legs down!
Pushing legs down!
Pushing legs down!
Pushing legs down!
Pushing legs down!
Pushing legs down!
Pushing legs down!
Pushing legs down!
Pushing legs down!
Pushing legs down!
Pushing legs down!
Pushing legs down!
Pushing legs down!
Pushing legs down!
Pushing legs down!
Pushing legs down!
Pushing legs down!
Pushing legs down!
Pushing legs down!
Pushing legs down!
Pushing legs down!
Pushing legs down!
Pushing legs down!
Pushing legs down!
Pushing legs down!
Pushing legs down!
Watchdog not fed within 0.020000s
Loop time of 2.000000e-02s overrun

	RobotPeriodic(): 0.003017s
	TeleopPeriodic(): 0.019298s
Pushing legs down!
Pushing legs down!
Pushing legs down!
Pushing legs down!
Pushing legs down!
Pushing legs down!
Pushing legs down!
Pushing legs down!
Pushing legs down!
Pushing legs down!
Pushing legs down!
Pushing legs down!
Pushing legs down!
Pushing legs down!
Pushing legs down!
Pushing legs down!
Pushing legs down!
Pushing legs down!
Pushing legs down!
Pushing legs down!
Pushing legs down!
Pushing legs down!
Pushing legs down!
Pushing legs down!
Pushing legs down!
Pushing legs down!
Pushing legs down!
Watchdog not fed within 0.020000s
Loop time of 2.000000e-02s overrun

Pushing legs down!
	RobotPeriodic(): 0.001298s
	TeleopPeriodic(): 0.027911s
Pushing legs down!
Pushing legs down!
Pushing legs down!
Pushing legs down!
Pushing legs down!
Pushing legs down!
Pushing legs down!
Pushing legs down!
Pushing legs down!
Pushing legs down!
Pushing legs down!
Pushing legs down!
Pushing legs down!
Pushing legs down!
Pushing legs down!
Pushing legs down!
Pushing legs down!
Pushing legs down!
Pushing legs down!
Pushing legs down!
Pushing legs down!
Pushing legs down!
Pushing legs down!
Pushing legs down!
Pushing legs down!
Pushing legs down!
Pushing legs down!
Pushing legs down!
Pushing legs down!
Pushing legs down!
Pushing legs down!
Pushing legs down!
Pushing legs down!
Pushing legs down!
Pushing legs down!
Pushing legs down!
Watchdog not fed within 0.020000s
Loop time of 2.000000e-02s overrun

	RobotPeriodic(): 0.000932s
	TeleopPeriodic(): 0.019960s
Pushing legs down!
Pushing legs down!
Pushing legs down!
Pushing legs down!
Pushing legs down!
Pushing legs down!
Pushing legs down!
Pushing legs down!
Pushing legs down!
Pushing legs down!
Pushing legs down!
Pushing legs down!
Pushing legs down!
Pushing legs down!
Pushing legs down!
Pushing legs down!
Pushing legs down!
Pushing legs down!
Pushing legs down!
Pushing legs down!
Pushing legs down!
Pushing legs down!
Pushing legs down!
Pushing legs down!
Pushing legs down!
Pushing legs down!
Pushing legs down!
Pushing legs down!
Pushing legs down!
Pushing legs down!
Pushing legs down!
Pushing legs down!
Pushing legs down!
Pushing legs down!
Watchdog not fed within 0.020000s
Loop time of 2.000000e-02s overrun

Pushing legs down!
	RobotPeriodic(): 0.000883s
	TeleopPeriodic(): 0.030677s
Pushing legs down!
Pushing legs down!
Pushing legs down!
Pushing legs down!
Pushing legs down!
Pushing legs down!
Pushing legs down!
Pushing legs down!
Pushing legs down!
Pushing legs down!
Pushing legs down!
Pushing legs down!
Pushing legs down!
Pushing legs down!
Pushing legs down!
Pushing legs down!
Pushing legs down!
Pushing legs down!
Pushing legs down!
Pushing legs down!
Pushing legs down!
Pushing legs down!
Pushing legs down!
Pushing legs down!
Pushing legs down!
Pushing legs down!
Pushing legs down!
Pushing legs down!
Pushing legs down!
Pushing legs down!
Pushing legs down!
Pushing legs down!
Pushing legs down!
Pushing legs down!
Pushing legs down!
Watchdog not fed within 0.020000s
Loop time of 2.000000e-02s overrun

	RobotPeriodic(): 0.002351s
	TeleopPeriodic(): 0.018652s
Pushing legs down!
Pushing legs down!
Pushing legs down!
Pushing legs down!
Pushing legs down!
Watchdog not fed within 0.020000s
Loop time of 2.000000e-02s overrun

	RobotPeriodic(): 0.000080s
	TeleopPeriodic(): 0.022973s
Watchdog not fed within 0.020000s
Loop time of 2.000000e-02s overrun

	RobotPeriodic(): 0.000083s
	TeleopPeriodic(): 0.030410s
Watchdog not fed within 0.020000s
Loop time of 2.000000e-02s overrun

	RobotPeriodic(): 0.000101s
	TeleopPeriodic(): 0.030307s
Watchdog not fed within 0.020000s
Loop time of 2.000000e-02s overrun

	RobotPeriodic(): 0.000092s
	TeleopPeriodic(): 0.022205s
Watchdog not fed within 0.020000s
Loop time of 2.000000e-02s overrun

	RobotPeriodic(): 0.000063s
	TeleopPeriodic(): 0.031264s
Watchdog not fed within 0.020000s
Loop time of 2.000000e-02s overrun

	RobotPeriodic(): 0.000079s
	TeleopPeriodic(): 0.027300s
Watchdog not fed within 0.020000s
Loop time of 2.000000e-02s overrun

	RobotPeriodic(): 0.000075s
	TeleopPeriodic(): 0.038054s
Watchdog not fed within 0.020000s
Loop time of 2.000000e-02s overrun

	RobotPeriodic(): 0.000072s
	TeleopPeriodic(): 0.023976s
Watchdog not fed within 0.020000s
Loop time of 2.000000e-02s overrun

	RobotPeriodic(): 0.000451s
	TeleopPeriodic(): 0.023683s
Watchdog not fed within 0.020000s
Loop time of 2.000000e-02s overrun

	RobotPeriodic(): 0.000085s
	TeleopPeriodic(): 0.024069s
Watchdog not fed within 0.020000s
Loop time of 2.000000e-02s overrun

	RobotPeriodic(): 0.000098s
	TeleopPeriodic(): 0.022624s
Watchdog not fed within 0.020000s
Loop time of 2.000000e-02s overrun

	RobotPeriodic(): 0.000065s
	TeleopPeriodic(): 0.025846s
Watchdog not fed within 0.020000s
Loop time of 2.000000e-02s overrun

	RobotPeriodic(): 0.000262s
	TeleopPeriodic(): 0.028404s
Watchdog not fed within 0.020000s
Loop time of 2.000000e-02s overrun

	RobotPeriodic(): 0.000065s
	TeleopPeriodic(): 0.028195s
Pushing legs down!
Pushing legs down!
Pushing legs down!
Pushing legs down!
Pushing legs down!
Pushing legs down!
Watchdog not fed within 0.020000s
Loop time of 2.000000e-02s overrun

	RobotPeriodic(): 0.000076s
	TeleopPeriodic(): 0.022244s
Robot disabling.. DONE
