
********** Robot program starting **********
   Welcome 5024!
-------------------
Robot Starting..
Creating Subsystems.. DONE
Creating Commands.. DONE
CS: Back: Connecting to USB camera on /dev/video1
Starting CameraServer.. DONE
CS: Front: Connecting to USB camera on /dev/video0
CS: Back: set format 1 res 160x120
CS: Front: SetConfigJson: setting pixelFormat 1
CS: Front: set format 1 res 160x120
CS: Front: SetConfigJson: setting width 160, height 120
CS: Front: SetConfigJson: setting property 'connect_verbose' to 1
CS: Front: SetConfigJson: setting property 'raw_brightness' to 50
CS: Front: SetConfigJson: setting property 'brightness' to 9
CS: Front: SetConfigJson: setting property 'raw_contrast' to 10
CS: Front: SetConfigJson: setting property 'contrast' to 100
CS: Front: SetConfigJson: setting property 'raw_saturation' to 20
CS: Front: SetConfigJson: setting property 'saturation' to 10
CS: Front: SetConfigJson: setting property 'white_balance_temperature_auto' to 0
CS: Front: SetConfigJson: setting property 'power_line_frequency' to 2
CS: Front: SetConfigJson: setting property 'white_balance_temperature' to 2800
CS: Front: SetConfigJson: setting property 'raw_sharpness' to 0
CS: Front: SetConfigJson: setting property 'sharpness' to 0
CS: Front: SetConfigJson: setting property 'backlight_compensation' to 0
CS: Front: SetConfigJson: setting property 'exposure_auto' to 1
CS: Front: SetConfigJson: setting property 'raw_exposure_absolute' to 78
CS: Front: SetConfigJson: setting property 'exposure_absolute' to 32
CS: Front: SetConfigJson: setting property 'pan_absolute' to 0
CS: Front: SetConfigJson: setting property 'tilt_absolute' to 0
CS: Front: SetConfigJson: setting property 'zoom_absolute' to 0
CS: Back: SetConfigJson: setting pixelFormat 1
CS: Back: SetConfigJson: setting width 160, height 120
CS: Back: SetConfigJson: setting property 'connect_verbose' to 1
CS: Back: SetConfigJson: setting property 'raw_brightness' to 50
CS: Back: SetConfigJson: setting property 'brightness' to 9
CS: Back: SetConfigJson: setting property 'raw_contrast' to 10
CS: Back: SetConfigJson: setting property 'contrast' to 100
CS: Back: SetConfigJson: setting property 'raw_saturation' to 20
CS: Back: SetConfigJson: setting property 'saturation' to 10
CS: Back: SetConfigJson: setting property 'white_balance_temperature_auto' to 0
CS: Back: SetConfigJson: setting property 'power_line_frequency' to 2
CS: Back: SetConfigJson: setting property 'white_balance_temperature' to 2800
CS: Back: SetConfigJson: setting property 'raw_sharpness' to 0
CS: Back: SetConfigJson: setting property 'sharpness' to 0
CS: Back: SetConfigJson: setting property 'backlight_compensation' to 0
CS: Back: SetConfigJson: setting property 'exposure_auto' to 1
CS: Back: SetConfigJson: setting property 'raw_exposure_absolute' to 78
CS: Back: SetConfigJson: setting property 'exposure_absolute' to 32
CS: Back: SetConfigJson: setting property 'pan_absolute' to 0
CS: Back: SetConfigJson: setting property 'tilt_absolute' to 0
CS: Back: SetConfigJson: setting property 'zoom_absolute' to 0
Setting camera config.. DONE
Resetting Gyro.. Instantiating navX-Sensor on SPI Port 4.
navX-Sensor Yaw Reset request ignored - startup calibration is currently in progress.
DONE
Connecting to telemetry table.. DONE
navX-Sensor startup initialization and startup calibration complete.
navX-Sensor onboard startup calibration complete.
navX-Sensor Yaw angle auto-reset to 0.0 due to startup calibration.
Robot disabling.. DONE
NT: server: client CONNECTED: 10.50.24.20 port 51638
NT: server: client CONNECTED: 169.254.48.36 port 50318
AutonomousInit starting.. DONE
Resetting gyro.. navX-Sensor Software Yaw Reset completed.
DONE
Joystick Axis missing, check if all controllers are plugged in
Watchdog not fed within 0.020000s
Loop time of 2.000000e-02s overrun

	RobotPeriodic(): 0.000242s
	AutonomousPeriodic(): 0.042743s
Joystick Axis missing, check if all controllers are plugged in
Watchdog not fed within 0.020000s
Loop time of 2.000000e-02s overrun

	RobotPeriodic(): 0.000118s
	AutonomousPeriodic(): 0.020492s
Watchdog not fed within 0.020000s
Loop time of 2.000000e-02s overrun

Joystick Axis missing, check if all controllers are plugged in
	RobotPeriodic(): 0.000139s
	AutonomousPeriodic(): 0.023487s
Watchdog not fed within 0.020000s
Loop time of 2.000000e-02s overrun

Joystick Axis missing, check if all controllers are plugged in
	RobotPeriodic(): 0.000129s
	AutonomousPeriodic(): 0.029622s
Joystick Axis missing, check if all controllers are plugged in
Watchdog not fed within 0.020000s
Loop time of 2.000000e-02s overrun

	RobotPeriodic(): 0.000212s
	AutonomousPeriodic(): 0.031802s
Joystick Axis missing, check if all controllers are plugged in
Watchdog not fed within 0.020000s
Loop time of 2.000000e-02s overrun

Joystick Axis missing, check if all controllers are plugged in
Watchdog not fed within 0.020000s
Loop time of 2.000000e-02s overrun

	RobotPeriodic(): 0.000143s
	AutonomousPeriodic(): 0.032049s
Joystick Axis missing, check if all controllers are plugged in
Watchdog not fed within 0.020000s
Loop time of 2.000000e-02s overrun

	RobotPeriodic(): 0.000276s
	AutonomousPeriodic(): 0.027330s
Joystick Axis missing, check if all controllers are plugged in
Watchdog not fed within 0.020000s
Loop time of 2.000000e-02s overrun

	RobotPeriodic(): 0.000574s
	AutonomousPeriodic(): 0.027427s
Joystick Axis missing, check if all controllers are plugged in
Watchdog not fed within 0.020000s
Loop time of 2.000000e-02s overrun

	RobotPeriodic(): 0.000124s
	AutonomousPeriodic(): 0.029628s
Joystick Axis missing, check if all controllers are plugged in
Watchdog not fed within 0.020000s
Loop time of 2.000000e-02s overrun

	RobotPeriodic(): 0.000132s
	AutonomousPeriodic(): 0.031785s
Joystick Axis missing, check if all controllers are plugged in
Watchdog not fed within 0.020000s
Loop time of 2.000000e-02s overrun

	RobotPeriodic(): 0.000350s
	AutonomousPeriodic(): 0.027799s
Joystick Axis missing, check if all controllers are plugged in
Watchdog not fed within 0.020000s
Loop time of 2.000000e-02s overrun

	RobotPeriodic(): 0.000247s
	AutonomousPeriodic(): 0.031480s
Joystick Axis missing, check if all controllers are plugged in
Watchdog not fed within 0.020000s
Loop time of 2.000000e-02s overrun

	RobotPeriodic(): 0.000702s
	AutonomousPeriodic(): 0.020302s
Joystick Axis missing, check if all controllers are plugged in
Watchdog not fed within 0.020000s
Loop time of 2.000000e-02s overrun

	RobotPeriodic(): 0.000276s
	AutonomousPeriodic(): 0.024385s
Joystick Axis missing, check if all controllers are plugged in
Robot disabling.. DONE
Teleop commands starting.. DONE
-- 321.267 since boot --
Finger Down!
-- 321.294 since boot --
Finger Down!
-- 321.317 since boot --
Finger Down!
-- 321.329 since boot --
Finger Down!
-- 321.353 since boot --
Finger Down!
-- 321.378 since boot --
Finger Down!
-- 321.401 since boot --
Finger Down!
Watchdog not fed within 0.020000s
Loop time of 2.000000e-02s overrun

-- 321.442 since boot --
Finger Down!
	RobotPeriodic(): 0.000798s
	TeleopPeriodic(): 0.025871s
Joystick Axis missing, check if all controllers are plugged in
-- 321.461 since boot --
Finger Down!
-- 321.492 since boot --
Finger Down!
-- 321.512 since boot --
Finger Down!
-- 321.527 since boot --
Finger Down!
-- 321.55 since boot --
Finger Down!
-- 321.58 since boot --
Finger Down!
-- 321.603 since boot --
Finger Down!
-- 321.631 since boot --
Finger Down!
-- 321.656 since boot --
Finger Down!
-- 321.682 since boot --
Finger Down!
-- 321.707 since boot --
Finger Down!
-- 321.721 since boot --
Finger Down!
-- 321.75 since boot --
Finger Down!
-- 321.787 since boot --
Finger Down!
-- 321.812 since boot --
Finger Down!
-- 321.827 since boot --
Finger Down!
-- 321.864 since boot --
Finger Down!
-- 321.877 since boot --
Finger Down!
-- 321.891 since boot --
Finger Down!
-- 321.915 since boot --
Finger Down!
-- 321.943 since boot --
Finger Down!
-- 321.979 since boot --
Finger Down!
-- 322.003 since boot --
Finger Down!
-- 322.032 since boot --
Finger Down!
-- 322.053 since boot --
Finger Down!
-- 322.072 since boot --
Finger Down!
-- 322.086 since boot --
Finger Down!
-- 322.118 since boot --
Finger Down!
-- 322.145 since boot --
Finger Down!
-- 322.171 since boot --
Finger Down!
-- 322.185 since boot --
Finger Down!
-- 322.222 since boot --
Finger Down!
-- 322.237 since boot --
Finger Down!
-- 322.262 since boot --
Finger Down!
Watchdog not fed within 0.020000s
Loop time of 2.000000e-02s overrun

-- 322.291 since boot --
Finger Down!
-- 322.317 since boot --
Finger Down!
-- 322.342 since boot --
Finger Down!
Joystick Axis missing, check if all controllers are plugged in
-- 322.357 since boot --
Finger Down!
-- 322.399 since boot --
Finger Down!
-- 322.423 since boot --
Finger Down!
-- 322.44 since boot --
Finger Down!
-- 322.478 since boot --
Finger Down!
	RobotPeriodic(): 0.000534s
	TeleopPeriodic(): 0.031440s
-- 322.505 since boot --
Finger Down!
-- 322.537 since boot --
Finger Down!
-- 322.556 since boot --
Finger Down!
-- 322.574 since boot --
Finger Down!
-- 322.6 since boot --
Finger Down!
-- 322.622 since boot --
Finger Down!
-- 322.65 since boot --
Finger Down!
-- 322.677 since boot --
Finger Down!
-- 322.702 since boot --
Finger Down!
-- 322.716 since boot --
Finger Down!
-- 322.749 since boot --
Finger Down!
-- 322.765 since boot --
Finger Down!
-- 322.78 since boot --
Finger Down!
-- 322.806 since boot --
Finger Down!
-- 322.842 since boot --
Finger Down!
-- 322.87 since boot --
Finger Down!
-- 322.896 since boot --
Finger Down!
-- 322.917 since boot --
Finger Down!
-- 322.938 since boot --
Finger Down!
-- 322.958 since boot --
Finger Down!
-- 322.976 since boot --
Finger Down!
-- 322.989 since boot --
Finger Down!
-- 323.029 since boot --
Finger Down!
-- 323.064 since boot --
Finger Down!
-- 323.078 since boot --
Finger Down!
-- 323.091 since boot --
Finger Down!
-- 323.127 since boot --
Finger Down!
-- 323.137 since boot --
Finger Down!
-- 323.142 since boot --
Finger Down!
-- 323.148 since boot --
Finger Down!
-- 323.156 since boot --
Finger Down!
-- 323.165 since boot --
Finger Down!
-- 323.173 since boot --
Finger Down!
-- 323.192 since boot --
Finger Down!
Watchdog not fed within 0.020000s
Loop time of 2.000000e-02s overrun

-- 323.235 since boot --
Finger Down!
-- 323.26 since boot --
Finger Down!
Joystick Axis missing, check if all controllers are plugged in
-- 323.279 since boot --
Finger Down!
-- 323.298 since boot --
Finger Down!
-- 323.323 since boot --
Finger Down!
-- 323.337 since boot --
Finger Down!
-- 323.349 since boot --
Finger Down!
-- 323.386 since boot --
Finger Down!
-- 323.413 since boot --
Finger Down!
-- 323.438 since boot --
Finger Down!
-- 323.469 since boot --
Finger Down!
-- 323.49 since boot --
Finger Down!
-- 323.504 since boot --
Finger Down!
-- 323.53 since boot --
Finger Down!
-- 323.552 since boot --
Finger Down!
-- 323.59 since boot --
Finger Down!
	RobotPeriodic(): 0.000980s
	TeleopPeriodic(): 0.027460s
-- 323.61 since boot --
Finger Down!
-- 323.64 since boot --
Finger Down!
-- 323.662 since boot --
Finger Down!
-- 323.689 since boot --
Finger Down!
-- 323.704 since boot --
Finger Down!
-- 323.74 since boot --
Finger Down!
-- 323.771 since boot --
Finger Down!
-- 323.796 since boot --
Finger Down!
-- 323.824 since boot --
Finger Down!
-- 323.844 since boot --
Finger Down!
-- 323.863 since boot --
Finger Down!
-- 323.886 since boot --
Finger Down!
-- 323.913 since boot --
Finger Down!
-- 323.951 since boot --
Finger Down!
-- 323.966 since boot --
Finger Down!
-- 323.979 since boot --
Finger Down!
-- 324.017 since boot --
Finger Down!
-- 324.031 since boot --
Finger Down!
-- 324.046 since boot --
Finger Down!
-- 324.071 since boot --
Finger Down!
-- 324.116 since boot --
Finger Down!
-- 324.136 since boot --
Finger Down!
-- 324.159 since boot --
Finger Down!
Joystick Axis missing, check if all controllers are plugged in
Watchdog not fed within 0.020000s
Loop time of 2.000000e-02s overrun

-- 324.186 since boot --
Finger Down!
-- 324.212 since boot --
Finger Down!
-- 324.227 since boot --
Finger Down!
-- 324.242 since boot --
Finger Down!
-- 324.301 since boot --
Finger Down!
-- 324.319 since boot --
Finger Down!
-- 324.334 since boot --
Finger Down!
-- 324.37 since boot --
Finger Down!
-- 324.385 since boot --
Finger Down!
-- 324.399 since boot --
Finger Down!
-- 324.425 since boot --
Finger Down!
-- 324.453 since boot --
Finger Down!
-- 324.492 since boot --
Finger Down!
-- 324.536 since boot --
Finger Down!
	RobotPeriodic(): 0.000889s
	TeleopPeriodic(): 0.022923s
-- 324.567 since boot --
Finger Down!
-- 324.583 since boot --
Finger Down!
-- 324.597 since boot --
Finger Down!
-- 324.635 since boot --
Finger Down!
-- 324.665 since boot --
Finger Down!
-- 324.691 since boot --
Finger Down!
-- 324.714 since boot --
Finger Down!
-- 324.743 since boot --
Finger Down!
-- 324.758 since boot --
Finger Down!
-- 324.783 since boot --
Finger Down!
-- 324.809 since boot --
Finger Down!
-- 324.846 since boot --
Finger Down!
-- 324.859 since boot --
Finger Down!
-- 324.885 since boot --
Finger Down!
-- 324.909 since boot --
Finger Down!
-- 324.935 since boot --
Finger Down!
-- 324.949 since boot --
Finger Down!
-- 324.979 since boot --
Finger Down!
-- 325.014 since boot --
Finger Down!
-- 325.029 since boot --
Finger Down!
-- 325.053 since boot --
Finger Down!
Joystick Axis missing, check if all controllers are plugged in
Watchdog not fed within 0.020000s
-- 325.097 since boot --
Loop time of 2.000000e-02s overrun

Finger Down!
-- 325.12 since boot --
Finger Down!
-- 325.14 since boot --
Finger Down!
-- 325.169 since boot --
Finger Down!
-- 325.206 since boot --
Finger Down!
-- 325.219 since boot --
Finger Down!
	RobotPeriodic(): 0.000123s
	TeleopPeriodic(): 0.023019s
Joystick Axis missing, check if all controllers are plugged in
Watchdog not fed within 0.020000s
Loop time of 2.000000e-02s overrun

	RobotPeriodic(): 0.000137s
	TeleopPeriodic(): 0.023845s
Joystick Axis missing, check if all controllers are plugged in
Watchdog not fed within 0.020000s
Loop time of 2.000000e-02s overrun

	RobotPeriodic(): 0.000265s
	TeleopPeriodic(): 0.022439s
Joystick Axis missing, check if all controllers are plugged in
Watchdog not fed within 0.020000s
Loop time of 2.000000e-02s overrun

	RobotPeriodic(): 0.000134s
	TeleopPeriodic(): 0.020501s
Joystick Axis missing, check if all controllers are plugged in
Watchdog not fed within 0.020000s
Loop time of 2.000000e-02s overrun

	RobotPeriodic(): 0.000421s
	TeleopPeriodic(): 0.023095s
Joystick Axis missing, check if all controllers are plugged in
Watchdog not fed within 0.020000s
Loop time of 2.000000e-02s overrun

	RobotPeriodic(): 0.000131s
	TeleopPeriodic(): 0.023641s
-- 330.443 since boot --
Finger Down!
-- 330.458 since boot --
Finger Down!
-- 330.496 since boot --
Finger Down!
-- 330.517 since boot --
Finger Down!
Joystick Axis missing, check if all controllers are plugged in
-- 330.55 since boot --
Finger Down!
-- 330.586 since boot --
Finger Down!
-- 330.601 since boot --
Finger Down!
-- 330.626 since boot --
Finger Down!
-- 330.635 since boot --
Finger Down!
-- 330.663 since boot --
Finger Down!
-- 330.702 since boot --
Finger Down!
-- 330.715 since boot --
Finger Down!
-- 330.747 since boot --
Finger Down!
-- 330.764 since boot --
Finger Down!
-- 330.785 since boot --
Finger Down!
-- 330.791 since boot --
Finger Down!
-- 330.795 since boot --
Finger Down!
-- 330.801 since boot --
Finger Down!
-- 330.806 since boot --
Finger Down!
-- 330.819 since boot --
Finger Down!
-- 330.834 since boot --
Finger Down!
-- 330.846 since boot --
Finger Down!
-- 330.856 since boot --
Finger Down!
-- 330.866 since boot --
Finger Down!
-- 330.876 since boot --
Finger Down!
-- 330.898 since boot --
Finger Down!
Watchdog not fed within 0.020000s
Loop time of 2.000000e-02s overrun

-- 330.925 since boot --
Finger Down!
-- 330.953 since boot --
Finger Down!
-- 330.98 since boot --
Finger Down!
-- 330.994 since boot --
Finger Down!
-- 331.019 since boot --
Finger Down!
-- 331.056 since boot --
Finger Down!
-- 331.069 since boot --
Finger Down!
-- 331.107 since boot --
Finger Down!
-- 331.122 since boot --
Finger Down!
-- 331.135 since boot --
Finger Down!
-- 331.158 since boot --
Finger Down!
-- 331.192 since boot --
Finger Down!
-- 331.217 since boot --
Finger Down!
-- 331.245 since boot --
Finger Down!
-- 331.273 since boot --
Finger Down!
-- 331.287 since boot --
Finger Down!
-- 331.311 since boot --
Finger Down!
-- 331.324 since boot --
Finger Down!
-- 331.337 since boot --
Finger Down!
	RobotPeriodic(): 0.014838s
	TeleopPeriodic(): 0.009594s
-- 331.391 since boot --
Finger Down!
-- 331.414 since boot --
Finger Down!
Joystick Axis missing, check if all controllers are plugged in
-- 331.429 since boot --
Finger Down!
-- 331.468 since boot --
Finger Down!
-- 331.483 since boot --
Finger Down!
-- 331.507 since boot --
Finger Down!
-- 331.534 since boot --
Finger Down!
-- 331.574 since boot --
Finger Down!
-- 331.599 since boot --
Finger Down!
-- 331.626 since boot --
Finger Down!
-- 331.65 since boot --
Finger Down!
-- 331.668 since boot --
Finger Down!
-- 331.682 since boot --
Finger Down!
-- 331.724 since boot --
Finger Down!
-- 331.753 since boot --
Finger Down!
-- 331.779 since boot --
Finger Down!
-- 331.818 since boot --
Finger Down!
-- 331.833 since boot --
Finger Down!
Watchdog not fed within 0.020000s
Loop time of 2.000000e-02s overrun

-- 331.86 since boot --
Finger Down!
-- 331.886 since boot --
Finger Down!
-- 331.922 since boot --
Finger Down!
-- 331.939 since boot --
Finger Down!
-- 331.953 since boot --
Finger Down!
-- 331.993 since boot --
Finger Down!
-- 332.018 since boot --
Finger Down!
-- 332.034 since boot --
Finger Down!
-- 332.073 since boot --
Finger Down!
-- 332.098 since boot --
Finger Down!
-- 332.113 since boot --
Finger Down!
-- 332.133 since boot --
Finger Down!
-- 332.162 since boot --
Finger Down!
-- 332.188 since boot --
Finger Down!
-- 332.212 since boot --
Finger Down!
-- 332.225 since boot --
Finger Down!
-- 332.252 since boot --
Finger Down!
-- 332.283 since boot --
Finger Down!
-- 332.298 since boot --
Finger Down!
Joystick Axis missing, check if all controllers are plugged in
-- 332.312 since boot --
Finger Down!
-- 332.349 since boot --
Finger Down!
-- 332.361 since boot --
Finger Down!
-- 332.384 since boot --
Finger Down!
-- 332.414 since boot --
Finger Down!
	RobotPeriodic(): 0.000504s
	TeleopPeriodic(): 0.020954s
-- 332.446 since boot --
Finger Down!
-- 332.459 since boot --
Finger Down!
-- 332.486 since boot --
Finger Down!
-- 332.514 since boot --
Finger Down!
-- 332.54 since boot --
Finger Down!
-- 332.555 since boot --
Finger Down!
-- 332.591 since boot --
Finger Down!
-- 332.632 since boot --
Finger Down!
-- 332.648 since boot --
Finger Down!
-- 332.679 since boot --
Finger Down!
-- 332.702 since boot --
Finger Down!
-- 332.714 since boot --
Finger Down!
Watchdog not fed within 0.020000s
-- 332.74 since boot --
Finger Down!
Loop time of 2.000000e-02s overrun

-- 332.765 since boot --
Finger Down!
-- 332.789 since boot --
Finger Down!
-- 332.834 since boot --
Finger Down!
-- 332.861 since boot --
Finger Down!
-- 332.877 since boot --
Finger Down!
-- 332.901 since boot --
Finger Down!
-- 332.916 since boot --
Finger Down!
-- 332.951 since boot --
Finger Down!
-- 332.981 since boot --
Finger Down!
-- 333.008 since boot --
Finger Down!
-- 333.019 since boot --
Finger Down!
-- 333.062 since boot --
Finger Down!
-- 333.079 since boot --
Finger Down!
-- 333.106 since boot --
Finger Down!
-- 333.136 since boot --
Finger Down!
-- 333.167 since boot --
Finger Down!
-- 333.189 since boot --
Finger Down!
Joystick Axis missing, check if all controllers are plugged in
-- 333.229 since boot --
Finger Down!
-- 333.255 since boot --
Finger Down!
-- 333.267 since boot --
Finger Down!
-- 333.272 since boot --
Finger Down!
-- 333.31 since boot --
Finger Down!
	RobotPeriodic(): 0.000320s
	TeleopPeriodic(): 0.031442s
-- 333.342 since boot --
Finger Down!
-- 333.368 since boot --
Finger Down!
-- 333.397 since boot --
Finger Down!
-- 333.425 since boot --
Finger Down!
-- 333.449 since boot --
Finger Down!
-- 333.474 since boot --
Finger Down!
-- 333.51 since boot --
Finger Down!
-- 333.527 since boot --
Finger Down!
-- 333.556 since boot --
Finger Down!
-- 333.58 since boot --
Finger Down!
-- 333.595 since boot --
Finger Down!
-- 333.62 since boot --
Finger Down!
Watchdog not fed within 0.020000s
Loop time of 2.000000e-02s overrun

-- 333.661 since boot --
Finger Down!
-- 333.686 since boot --
Finger Down!
-- 333.71 since boot --
Finger Down!
-- 333.734 since boot --
Finger Down!
-- 333.752 since boot --
Finger Down!
-- 333.776 since boot --
Finger Down!
-- 333.791 since boot --
Finger Down!
-- 333.826 since boot --
Finger Down!
-- 333.851 since boot --
Finger Down!
-- 333.882 since boot --
Finger Down!
-- 333.918 since boot --
Finger Down!
-- 333.936 since boot --
Finger Down!
-- 333.952 since boot --
Finger Down!
-- 333.984 since boot --
Finger Down!
-- 334.008 since boot --
Finger Down!
-- 334.057 since boot --
Finger Down!
-- 334.083 since boot --
Finger Down!
Joystick Axis missing, check if all controllers are plugged in
-- 334.114 since boot --
Finger Down!
-- 334.128 since boot --
Finger Down!
-- 334.141 since boot --
Finger Down!
-- 334.167 since boot --
Finger Down!
-- 334.191 since boot --
Finger Down!
-- 334.214 since boot --
Finger Down!
-- 334.24 since boot --
Finger Down!
-- 334.273 since boot --
Finger Down!
	RobotPeriodic(): 0.002108s
	TeleopPeriodic(): 0.022471s
-- 334.293 since boot --
Finger Down!
-- 334.307 since boot --
Finger Down!
-- 334.336 since boot --
Finger Down!
-- 334.363 since boot --
Finger Down!
-- 334.402 since boot --
Finger Down!
-- 334.416 since boot --
Finger Down!
-- 334.455 since boot --
Finger Down!
-- 334.476 since boot --
Finger Down!
-- 334.496 since boot --
Finger Down!
-- 334.507 since boot --
Finger Down!
-- 334.512 since boot --
Finger Down!
-- 334.523 since boot --
Finger Down!
-- 334.558 since boot --
Finger Down!
-- 334.577 since boot --
Finger Down!
-- 334.595 since boot --
Finger Down!
-- 334.613 since boot --
Finger Down!
-- 334.62 since boot --
Finger Down!
-- 334.628 since boot --
Finger Down!
-- 334.639 since boot --
Finger Down!
-- 334.648 since boot --
Finger Down!
-- 334.664 since boot --
Finger Down!
-- 334.669 since boot --
Finger Down!
-- 334.696 since boot --
Finger Down!
-- 334.724 since boot --
Finger Down!
-- 334.762 since boot --
Finger Down!
-- 334.777 since boot --
Finger Down!
-- 334.807 since boot --
Finger Down!
-- 334.826 since boot --
Finger Down!
-- 334.84 since boot --
Finger Down!
-- 334.866 since boot --
Finger Down!
Watchdog not fed within 0.020000s
-- 334.9 since boot --
Finger Down!
Loop time of 2.000000e-02s overrun

-- 334.933 since boot --
Finger Down!
-- 334.959 since boot --
Finger Down!
-- 334.969 since boot --
Finger Down!
-- 334.997 since boot --
Finger Down!
Joystick Axis missing, check if all controllers are plugged in
-- 335.022 since boot --
Finger Down!
-- 335.031 since boot --
Finger Down!
-- 335.038 since boot --
Finger Down!
-- 335.075 since boot --
Finger Down!
-- 335.112 since boot --
Finger Down!
-- 335.132 since boot --
Finger Down!
-- 335.146 since boot --
Finger Down!
-- 335.185 since boot --
Finger Down!
	RobotPeriodic(): 0.000392s
	TeleopPeriodic(): 0.030918s
Joystick Axis missing, check if all controllers are plugged in
Watchdog not fed within 0.020000s
Loop time of 2.000000e-02s overrun

	RobotPeriodic(): 0.000119s
	TeleopPeriodic(): 0.021924s
Joystick Axis missing, check if all controllers are plugged in
Watchdog not fed within 0.020000s
Loop time of 2.000000e-02s overrun

	RobotPeriodic(): 0.000124s
	TeleopPeriodic(): 0.028615s
Joystick Axis missing, check if all controllers are plugged in
Watchdog not fed within 0.020000s
Loop time of 2.000000e-02s overrun

	RobotPeriodic(): 0.000398s
	TeleopPeriodic(): 0.021769s
Joystick Axis missing, check if all controllers are plugged in
Watchdog not fed within 0.020000s
Loop time of 2.000000e-02s overrun

Joystick Axis missing, check if all controllers are plugged in
	RobotPeriodic(): 0.000102s
	TeleopPeriodic(): 0.032463s
Watchdog not fed within 0.020000s
Loop time of 2.000000e-02s overrun

Joystick Axis missing, check if all controllers are plugged in
	RobotPeriodic(): 0.000126s
	TeleopPeriodic(): 0.026809s
Watchdog not fed within 0.020000s
Loop time of 2.000000e-02s overrun

Joystick Axis missing, check if all controllers are plugged in
	RobotPeriodic(): 0.000421s
	TeleopPeriodic(): 0.019931s
Watchdog not fed within 0.020000s
Loop time of 2.000000e-02s overrun

Joystick Axis missing, check if all controllers are plugged in
	RobotPeriodic(): 0.000242s
	TeleopPeriodic(): 0.027682s
Watchdog not fed within 0.020000s
Loop time of 2.000000e-02s overrun

Joystick Axis missing, check if all controllers are plugged in
	RobotPeriodic(): 0.000138s
	TeleopPeriodic(): 0.022669s
Watchdog not fed within 0.020000s
Loop time of 2.000000e-02s overrun

Joystick Axis missing, check if all controllers are plugged in
	RobotPeriodic(): 0.000416s
	TeleopPeriodic(): 0.025711s
Watchdog not fed within 0.020000s
Loop time of 2.000000e-02s overrun

Joystick Axis missing, check if all controllers are plugged in
	RobotPeriodic(): 0.000132s
	TeleopPeriodic(): 0.019999s
Watchdog not fed within 0.020000s
Loop time of 2.000000e-02s overrun

Joystick Axis missing, check if all controllers are plugged in
-- 346.13 since boot --
Finger Down!
-- 346.144 since boot --
Finger Down!
-- 346.186 since boot --
Finger Down!
-- 346.196 since boot --
Finger Down!
-- 346.202 since boot --
Finger Down!
-- 346.223 since boot --
Finger Down!
-- 346.256 since boot --
Finger Down!
-- 346.267 since boot --
Finger Down!
-- 346.29 since boot --
Finger Down!
-- 346.297 since boot --
Finger Down!
-- 346.305 since boot --
Finger Down!
-- 346.315 since boot --
Finger Down!
-- 346.324 since boot --
Finger Down!
-- 346.333 since boot --
Finger Down!
-- 346.367 since boot --
Finger Down!
-- 346.393 since boot --
Finger Down!
-- 346.408 since boot --
Finger Down!
-- 346.448 since boot --
Finger Down!
-- 346.478 since boot --
Finger Down!
-- 346.504 since boot --
Finger Down!
-- 346.536 since boot --
Finger Down!
-- 346.557 since boot --
Finger Down!
-- 346.569 since boot --
Finger Down!
-- 346.593 since boot --
Finger Down!
-- 346.62 since boot --
Finger Down!
	RobotPeriodic(): 0.002157s
	TeleopPeriodic(): 0.021402s
-- 346.655 since boot --
Finger Down!
-- 346.673 since boot --
Finger Down!
-- 346.709 since boot --
Finger Down!
-- 346.739 since boot --
Finger Down!
-- 346.754 since boot --
Finger Down!
-- 346.769 since boot --
Finger Down!
-- 346.816 since boot --
Finger Down!
-- 346.832 since boot --
Finger Down!
-- 346.856 since boot --
Finger Down!
-- 346.877 since boot --
Finger Down!
-- 346.893 since boot --
Finger Down!
-- 346.919 since boot --
Finger Down!
Joystick Axis missing, check if all controllers are plugged in
-- 346.945 since boot --
Finger Down!
-- 346.972 since boot --
Finger Down!
-- 347.007 since boot --
Finger Down!
-- 347.019 since boot --
Finger Down!
-- 347.034 since boot --
Finger Down!
-- 347.072 since boot --
Finger Down!
-- 347.088 since boot --
Finger Down!
Watchdog not fed within 0.020000s
-- 347.112 since boot --
Loop time of 2.000000e-02s overrun

Finger Down!
-- 347.147 since boot --
Finger Down!
-- 347.175 since boot --
Finger Down!
-- 347.201 since boot --
Finger Down!
-- 347.223 since boot --
Finger Down!
-- 347.241 since boot --
Finger Down!
-- 347.266 since boot --
Finger Down!
-- 347.28 since boot --
Finger Down!
-- 347.312 since boot --
Finger Down!
-- 347.351 since boot --
Finger Down!
-- 347.371 since boot --
Finger Down!
-- 347.386 since boot --
Finger Down!
-- 347.428 since boot --
Finger Down!
-- 347.443 since boot --
Finger Down!
-- 347.468 since boot --
Finger Down!
-- 347.498 since boot --
Finger Down!
	RobotPeriodic(): 0.000566s
	TeleopPeriodic(): 0.022366s
-- 347.54 since boot --
Finger Down!
-- 347.566 since boot --
Finger Down!
-- 347.58 since boot --
Finger Down!
-- 347.602 since boot --
Finger Down!
-- 347.63 since boot --
Finger Down!
-- 347.646 since boot --
Finger Down!
Joystick Axis missing, check if all controllers are plugged in
Watchdog not fed within 0.020000s
Loop time of 2.000000e-02s overrun

	RobotPeriodic(): 0.000135s
	TeleopPeriodic(): 0.023804s
Joystick Axis missing, check if all controllers are plugged in
Watchdog not fed within 0.020000s
Loop time of 2.000000e-02s overrun

	RobotPeriodic(): 0.000180s
	TeleopPeriodic(): 0.020628s
Joystick Axis missing, check if all controllers are plugged in
Watchdog not fed within 0.020000s
Loop time of 2.000000e-02s overrun

	RobotPeriodic(): 0.000150s
	TeleopPeriodic(): 0.023671s
Joystick Axis missing, check if all controllers are plugged in
Watchdog not fed within 0.020000s
Loop time of 2.000000e-02s overrun

	RobotPeriodic(): 0.000132s
	TeleopPeriodic(): 0.025276s
Joystick Axis missing, check if all controllers are plugged in
Watchdog not fed within 0.020000s
Loop time of 2.000000e-02s overrun

	RobotPeriodic(): 0.000130s
	TeleopPeriodic(): 0.031986s
Joystick Axis missing, check if all controllers are plugged in
Joystick Axis missing, check if all controllers are plugged in
Watchdog not fed within 0.020000s
Loop time of 2.000000e-02s overrun

	RobotPeriodic(): 0.000138s
	TeleopPeriodic(): 0.025555s
Joystick Axis missing, check if all controllers are plugged in
Watchdog not fed within 0.020000s
Loop time of 2.000000e-02s overrun

	RobotPeriodic(): 0.000825s
	TeleopPeriodic(): 0.020066s
Joystick Axis missing, check if all controllers are plugged in
Watchdog not fed within 0.020000s
Loop time of 2.000000e-02s overrun

	RobotPeriodic(): 0.000132s
	TeleopPeriodic(): 0.021912s
Joystick Axis missing, check if all controllers are plugged in
Watchdog not fed within 0.020000s
Loop time of 2.000000e-02s overrun

	RobotPeriodic(): 0.000137s
	TeleopPeriodic(): 0.025760s
Joystick Axis missing, check if all controllers are plugged in
Watchdog not fed within 0.020000s
Loop time of 2.000000e-02s overrun

	RobotPeriodic(): 0.000123s
	TeleopPeriodic(): 0.023855s
Joystick Axis missing, check if all controllers are plugged in
Watchdog not fed within 0.020000s
Loop time of 2.000000e-02s overrun

	RobotPeriodic(): 0.000148s
	TeleopPeriodic(): 0.020144s
Joystick Axis missing, check if all controllers are plugged in
Watchdog not fed within 0.020000s
Loop time of 2.000000e-02s overrun

	RobotPeriodic(): 0.000234s
	TeleopPeriodic(): 0.021747s
Joystick Axis missing, check if all controllers are plugged in
	RobotPeriodic(): 0.000228s
	TeleopPeriodic(): 0.026628s
Watchdog not fed within 0.020000s
Loop time of 2.000000e-02s overrun

Joystick Axis missing, check if all controllers are plugged in
	RobotPeriodic(): 0.000127s
	TeleopPeriodic(): 0.024083s
Watchdog not fed within 0.020000s
Loop time of 2.000000e-02s overrun

Joystick Axis missing, check if all controllers are plugged in
	RobotPeriodic(): 0.000162s
	TeleopPeriodic(): 0.022456s
Watchdog not fed within 0.020000s
Loop time of 2.000000e-02s overrun

Joystick Axis missing, check if all controllers are plugged in
	RobotPeriodic(): 0.000241s
	TeleopPeriodic(): 0.020488s
Watchdog not fed within 0.020000s
Loop time of 2.000000e-02s overrun

Joystick Axis missing, check if all controllers are plugged in
	RobotPeriodic(): 0.000130s
	TeleopPeriodic(): 0.020218s
Watchdog not fed within 0.020000s
Loop time of 2.000000e-02s overrun

Joystick Axis missing, check if all controllers are plugged in
	RobotPeriodic(): 0.010776s
	TeleopPeriodic(): 0.009716s
Joystick Axis missing, check if all controllers are plugged in
Watchdog not fed within 0.020000s
Loop time of 2.000000e-02s overrun

Joystick Axis missing, check if all controllers are plugged in
	RobotPeriodic(): 0.000152s
	TeleopPeriodic(): 0.023321s
Watchdog not fed within 0.020000s
Loop time of 2.000000e-02s overrun

Joystick Axis missing, check if all controllers are plugged in
Watchdog not fed within 0.020000s
Loop time of 2.000000e-02s overrun

	RobotPeriodic(): 0.000137s
	TeleopPeriodic(): 0.032715s
Joystick Axis missing, check if all controllers are plugged in
Watchdog not fed within 0.020000s
Loop time of 2.000000e-02s overrun

	RobotPeriodic(): 0.000143s
	TeleopPeriodic(): 0.023632s
Joystick Axis missing, check if all controllers are plugged in
Watchdog not fed within 0.020000s
Loop time of 2.000000e-02s overrun

	RobotPeriodic(): 0.000162s
	TeleopPeriodic(): 0.024113s
Joystick Axis missing, check if all controllers are plugged in
Watchdog not fed within 0.020000s
Loop time of 2.000000e-02s overrun

	RobotPeriodic(): 0.003478s
	TeleopPeriodic(): 0.022300s
Joystick Axis missing, check if all controllers are plugged in
Watchdog not fed within 0.020000s
Loop time of 2.000000e-02s overrun

	RobotPeriodic(): 0.000222s
	TeleopPeriodic(): 0.022371s
Joystick Axis missing, check if all controllers are plugged in
Watchdog not fed within 0.020000s
Loop time of 2.000000e-02s overrun

	RobotPeriodic(): 0.000173s
	TeleopPeriodic(): 0.021064s
Joystick Axis missing, check if all controllers are plugged in
Joystick Axis missing, check if all controllers are plugged in
Watchdog not fed within 0.020000s
Loop time of 2.000000e-02s overrun

	RobotPeriodic(): 0.000486s
	TeleopPeriodic(): 0.024550s
Joystick Axis missing, check if all controllers are plugged in
Watchdog not fed within 0.020000s
Loop time of 2.000000e-02s overrun

	RobotPeriodic(): 0.000133s
	TeleopPeriodic(): 0.023263s
Joystick Axis missing, check if all controllers are plugged in
Watchdog not fed within 0.020000s
Loop time of 2.000000e-02s overrun

	RobotPeriodic(): 0.001114s
	TeleopPeriodic(): 0.023460s
Joystick Axis missing, check if all controllers are plugged in
Joystick Axis missing, check if all controllers are plugged in
Watchdog not fed within 0.020000s
Loop time of 2.000000e-02s overrun

	RobotPeriodic(): 0.000937s
	TeleopPeriodic(): 0.022637s
Joystick Axis missing, check if all controllers are plugged in
Watchdog not fed within 0.020000s
Loop time of 2.000000e-02s overrun

	RobotPeriodic(): 0.000411s
	TeleopPeriodic(): 0.027057s
Joystick Axis missing, check if all controllers are plugged in
Watchdog not fed within 0.020000s
Loop time of 2.000000e-02s overrun

	RobotPeriodic(): 0.000345s
	TeleopPeriodic(): 0.028160s
Joystick Axis missing, check if all controllers are plugged in
Watchdog not fed within 0.020000s
Loop time of 2.000000e-02s overrun

	RobotPeriodic(): 0.000143s
	TeleopPeriodic(): 0.025844s
Joystick Axis missing, check if all controllers are plugged in
Joystick Axis missing, check if all controllers are plugged in
Watchdog not fed within 0.020000s
Loop time of 2.000000e-02s overrun

	RobotPeriodic(): 0.000829s
	TeleopPeriodic(): 0.020044s
Joystick Axis missing, check if all controllers are plugged in
Watchdog not fed within 0.020000s
Loop time of 2.000000e-02s overrun

	RobotPeriodic(): 0.000139s
	TeleopPeriodic(): 0.020907s
Joystick Axis missing, check if all controllers are plugged in
Watchdog not fed within 0.020000s
Loop time of 2.000000e-02s overrun

	RobotPeriodic(): 0.000758s
	TeleopPeriodic(): 0.024590s
Joystick Axis missing, check if all controllers are plugged in
Watchdog not fed within 0.020000s
Loop time of 2.000000e-02s overrun

	RobotPeriodic(): 0.000121s
	TeleopPeriodic(): 0.026338s
Joystick Axis missing, check if all controllers are plugged in
Watchdog not fed within 0.020000s
Loop time of 2.000000e-02s overrun

	RobotPeriodic(): 0.000244s
	TeleopPeriodic(): 0.026527s
Joystick Axis missing, check if all controllers are plugged in
Watchdog not fed within 0.020000s
Loop time of 2.000000e-02s overrun

	RobotPeriodic(): 0.000320s
	TeleopPeriodic(): 0.022850s
Joystick Axis missing, check if all controllers are plugged in
Watchdog not fed within 0.020000s
Loop time of 2.000000e-02s overrun

	RobotPeriodic(): 0.000132s
	TeleopPeriodic(): 0.022050s
Joystick Axis missing, check if all controllers are plugged in
Watchdog not fed within 0.020000s
Loop time of 2.000000e-02s overrun

	RobotPeriodic(): 0.000253s
	TeleopPeriodic(): 0.020534s
Joystick Axis missing, check if all controllers are plugged in
Watchdog not fed within 0.020000s
Loop time of 2.000000e-02s overrun

	RobotPeriodic(): 0.000128s
	TeleopPeriodic(): 0.021983s
Joystick Axis missing, check if all controllers are plugged in
Watchdog not fed within 0.020000s
Loop time of 2.000000e-02s overrun

	RobotPeriodic(): 0.000352s
	TeleopPeriodic(): 0.027803s
Joystick Axis missing, check if all controllers are plugged in
Watchdog not fed within 0.020000s
Loop time of 2.000000e-02s overrun

	RobotPeriodic(): 0.000259s
	TeleopPeriodic(): 0.026017s
Joystick Axis missing, check if all controllers are plugged in
Watchdog not fed within 0.020000s
Loop time of 2.000000e-02s overrun

	RobotPeriodic(): 0.000127s
	TeleopPeriodic(): 0.026302s
Joystick Axis missing, check if all controllers are plugged in
Watchdog not fed within 0.020000s
Loop time of 2.000000e-02s overrun

	RobotPeriodic(): 0.000366s
	TeleopPeriodic(): 0.024009s
Joystick Axis missing, check if all controllers are plugged in
Watchdog not fed within 0.020000s
Loop time of 2.000000e-02s overrun

	RobotPeriodic(): 0.000186s
	TeleopPeriodic(): 0.023200s
Joystick Axis missing, check if all controllers are plugged in
Watchdog not fed within 0.020000s
Loop time of 2.000000e-02s overrun

	RobotPeriodic(): 0.000368s
	TeleopPeriodic(): 0.020280s
Joystick Axis missing, check if all controllers are plugged in
Joystick Axis missing, check if all controllers are plugged in
Watchdog not fed within 0.020000s
Loop time of 2.000000e-02s overrun

	RobotPeriodic(): 0.000139s
	TeleopPeriodic(): 0.032439s
Joystick Axis missing, check if all controllers are plugged in
Watchdog not fed within 0.020000s
Loop time of 2.000000e-02s overrun

	RobotPeriodic(): 0.000139s
	TeleopPeriodic(): 0.031576s
Joystick Axis missing, check if all controllers are plugged in
Watchdog not fed within 0.020000s
Loop time of 2.000000e-02s overrun

	RobotPeriodic(): 0.000134s
	TeleopPeriodic(): 0.024351s
Joystick Axis missing, check if all controllers are plugged in
Watchdog not fed within 0.020000s
Loop time of 2.000000e-02s overrun

	RobotPeriodic(): 0.000129s
	TeleopPeriodic(): 0.026244s
Joystick Axis missing, check if all controllers are plugged in
Watchdog not fed within 0.020000s
Loop time of 2.000000e-02s overrun

	RobotPeriodic(): 0.000124s
	TeleopPeriodic(): 0.028720s
Joystick Axis missing, check if all controllers are plugged in
Watchdog not fed within 0.020000s
Loop time of 2.000000e-02s overrun

	RobotPeriodic(): 0.000143s
	TeleopPeriodic(): 0.027234s
Joystick Axis missing, check if all controllers are plugged in
Watchdog not fed within 0.020000s
Loop time of 2.000000e-02s overrun

	RobotPeriodic(): 0.000133s
	TeleopPeriodic(): 0.028866s
Joystick Axis missing, check if all controllers are plugged in
Watchdog not fed within 0.020000s
Loop time of 2.000000e-02s overrun

	RobotPeriodic(): 0.000216s
	TeleopPeriodic(): 0.023386s
Joystick Axis missing, check if all controllers are plugged in
Watchdog not fed within 0.020000s
Loop time of 2.000000e-02s overrun

	RobotPeriodic(): 0.000421s
	TeleopPeriodic(): 0.024938s
Joystick Axis missing, check if all controllers are plugged in
Watchdog not fed within 0.020000s
Loop time of 2.000000e-02s overrun

	RobotPeriodic(): 0.000424s
	TeleopPeriodic(): 0.021139s
Joystick Axis missing, check if all controllers are plugged in
Watchdog not fed within 0.020000s
Loop time of 2.000000e-02s overrun

	RobotPeriodic(): 0.001644s
	TeleopPeriodic(): 0.023524s
Joystick Axis missing, check if all controllers are plugged in
Watchdog not fed within 0.020000s
Loop time of 2.000000e-02s overrun

	RobotPeriodic(): 0.000133s
	TeleopPeriodic(): 0.024865s
Joystick Axis missing, check if all controllers are plugged in
Joystick Axis missing, check if all controllers are plugged in
Watchdog not fed within 0.020000s
Loop time of 2.000000e-02s overrun

	RobotPeriodic(): 0.000120s
	TeleopPeriodic(): 0.031492s
Joystick Axis missing, check if all controllers are plugged in
Watchdog not fed within 0.020000s
Loop time of 2.000000e-02s overrun

	RobotPeriodic(): 0.000172s
	TeleopPeriodic(): 0.030321s
Joystick Axis missing, check if all controllers are plugged in
Watchdog not fed within 0.020000s
Loop time of 2.000000e-02s overrun

	RobotPeriodic(): 0.001530s
	TeleopPeriodic(): 0.020311s
Joystick Axis missing, check if all controllers are plugged in
Watchdog not fed within 0.020000s
Loop time of 2.000000e-02s overrun

	RobotPeriodic(): 0.000170s
	TeleopPeriodic(): 0.022501s
Joystick Axis missing, check if all controllers are plugged in
Watchdog not fed within 0.020000s
Loop time of 2.000000e-02s overrun

	RobotPeriodic(): 0.000137s
	TeleopPeriodic(): 0.025321s
Joystick Axis missing, check if all controllers are plugged in
Watchdog not fed within 0.020000s
Loop time of 2.000000e-02s overrun

	RobotPeriodic(): 0.000142s
	TeleopPeriodic(): 0.026709s
Joystick Axis missing, check if all controllers are plugged in
Watchdog not fed within 0.020000s
Loop time of 2.000000e-02s overrun

	RobotPeriodic(): 0.000138s
	TeleopPeriodic(): 0.025706s
Watchdog not fed within 0.020000s
Loop time of 2.000000e-02s overrun

	RobotPeriodic(): 0.000131s
	TeleopPeriodic(): 0.026701s
Watchdog not fed within 0.020000s
Loop time of 2.000000e-02s overrun

	RobotPeriodic(): 0.000161s
	TeleopPeriodic(): 0.026838s
Watchdog not fed within 0.020000s
Loop time of 2.000000e-02s overrun

	RobotPeriodic(): 0.000126s
	TeleopPeriodic(): 0.021010s
-- 417.775 since boot --
Pushing legs down!
-- 417.792 since boot --
Pushing legs down!
-- 417.814 since boot --
Pushing legs down!
-- 417.859 since boot --
Pushing legs down!
-- 417.886 since boot --
Pushing legs down!
-- 417.901 since boot --
Pushing legs down!
-- 417.94 since boot --
Pushing legs down!
-- 417.955 since boot --
Pushing legs down!
-- 417.979 since boot --
Pushing legs down!
-- 418.006 since boot --
Pushing legs down!
-- 418.044 since boot --
Pushing legs down!
-- 418.068 since boot --
Pushing legs down!
-- 418.095 since boot --
Pushing legs down!
-- 418.121 since boot --
Pushing legs down!
-- 418.135 since boot --
Pushing legs down!
-- 418.148 since boot --
Pushing legs down!
-- 418.189 since boot --
Pushing legs down!
-- 418.212 since boot --
Pushing legs down!
-- 418.236 since boot --
Pushing legs down!
-- 418.276 since boot --
Pushing legs down!
-- 418.291 since boot --
Pushing legs down!
-- 418.318 since boot --
Pushing legs down!
Watchdog not fed within 0.020000s
Loop time of 2.000000e-02s overrun

-- 418.346 since boot --
Pushing legs down!
	RobotPeriodic(): 0.002511s
	TeleopPeriodic(): 0.024747s
-- 418.387 since boot --
Pushing legs down!
-- 418.401 since boot --
Pushing legs down!
-- 418.435 since boot --
Pushing legs down!
-- 418.462 since boot --
Pushing legs down!
-- 418.479 since boot --
Pushing legs down!
-- 418.494 since boot --
Pushing legs down!
-- 418.528 since boot --
Pushing legs down!
-- 418.56 since boot --
Pushing legs down!
-- 418.584 since boot --
Pushing legs down!
-- 418.614 since boot --
Pushing legs down!
-- 418.637 since boot --
Pushing legs down!
-- 418.651 since boot --
Pushing legs down!
-- 418.678 since boot --
Pushing legs down!
-- 418.707 since boot --
Pushing legs down!
-- 418.743 since boot --
Pushing legs down!
-- 418.758 since boot --
Pushing legs down!
-- 418.795 since boot --
Pushing legs down!
-- 418.808 since boot --
Pushing legs down!
-- 418.823 since boot --
Pushing legs down!
-- 418.846 since boot --
Pushing legs down!
-- 418.882 since boot --
Pushing legs down!
-- 418.91 since boot --
Pushing legs down!
-- 418.935 since boot --
Pushing legs down!
-- 418.963 since boot --
Pushing legs down!
-- 418.988 since boot --
Pushing legs down!
-- 419.002 since boot --
Pushing legs down!
-- 419.016 since boot --
Pushing legs down!
-- 419.038 since boot --
Pushing legs down!
-- 419.063 since boot --
Pushing legs down!
-- 419.09 since boot --
Pushing legs down!
-- 419.116 since boot --
Pushing legs down!
-- 419.143 since boot --
Pushing legs down!
-- 419.162 since boot --
Pushing legs down!
-- 419.177 since boot --
Pushing legs down!
-- 419.202 since boot --
Pushing legs down!
Watchdog not fed within 0.020000s
Loop time of 2.000000e-02s overrun

-- 419.231 since boot --
Pushing legs down!
-- 419.268 since boot --
Pushing legs down!
	RobotPeriodic(): 0.000612s
	TeleopPeriodic(): 0.027869s
-- 419.294 since boot --
Pushing legs down!
-- 419.321 since boot --
Pushing legs down!
-- 419.347 since boot --
Pushing legs down!
-- 419.362 since boot --
Pushing legs down!
-- 419.376 since boot --
Pushing legs down!
-- 419.413 since boot --
Pushing legs down!
-- 419.444 since boot --
Pushing legs down!
-- 419.466 since boot --
Pushing legs down!
-- 419.498 since boot --
Pushing legs down!
-- 419.517 since boot --
Pushing legs down!
-- 419.531 since boot --
Pushing legs down!
-- 419.558 since boot --
Pushing legs down!
-- 419.579 since boot --
Pushing legs down!
-- 419.621 since boot --
Pushing legs down!
-- 419.637 since boot --
Pushing legs down!
-- 419.651 since boot --
Pushing legs down!
-- 419.686 since boot --
Pushing legs down!
-- 419.705 since boot --
Pushing legs down!
-- 419.724 since boot --
Pushing legs down!
-- 419.738 since boot --
Pushing legs down!
-- 419.775 since boot --
Pushing legs down!
-- 419.801 since boot --
Pushing legs down!
-- 419.818 since boot --
Pushing legs down!
-- 419.837 since boot --
Pushing legs down!
-- 419.862 since boot --
Pushing legs down!
-- 419.889 since boot --
Pushing legs down!
-- 419.905 since boot --
Pushing legs down!
-- 419.926 since boot --
Pushing legs down!
-- 419.95 since boot --
Pushing legs down!
-- 419.991 since boot --
Pushing legs down!
-- 420.002 since boot --
Pushing legs down!
-- 420.006 since boot --
Pushing legs down!
-- 420.012 since boot --
Pushing legs down!
-- 420.039 since boot --
Pushing legs down!
-- 420.046 since boot --
Pushing legs down!
-- 420.051 since boot --
Pushing legs down!
-- 420.056 since boot --
Pushing legs down!
-- 420.061 since boot --
Pushing legs down!
-- 420.067 since boot --
Pushing legs down!
-- 420.113 since boot --
Pushing legs down!
-- 420.141 since boot --
Pushing legs down!
-- 420.165 since boot --
Pushing legs down!
-- 420.19 since boot --
Pushing legs down!
-- 420.217 since boot --
Pushing legs down!
-- 420.24 since boot --
Pushing legs down!
-- 420.254 since boot --
Pushing legs down!
-- 420.268 since boot --
Pushing legs down!
Watchdog not fed within 0.020000s
Loop time of 2.000000e-02s overrun

	RobotPeriodic(): 0.017145s
	TeleopPeriodic(): 0.009283s
-- 420.319 since boot --
Pushing legs down!
-- 420.342 since boot --
Pushing legs down!
-- 420.356 since boot --
Pushing legs down!
-- 420.393 since boot --
Pushing legs down!
-- 420.407 since boot --
Pushing legs down!
-- 420.421 since boot --
Pushing legs down!
-- 420.445 since boot --
Pushing legs down!
-- 420.471 since boot --
Pushing legs down!
-- 420.51 since boot --
Pushing legs down!
-- 420.534 since boot --
Pushing legs down!
-- 420.557 since boot --
Pushing legs down!
-- 420.584 since boot --
Pushing legs down!
-- 420.597 since boot --
Pushing legs down!
-- 420.611 since boot --
Pushing legs down!
-- 420.647 since boot --
Pushing legs down!
-- 420.676 since boot --
Pushing legs down!
-- 420.701 since boot --
Pushing legs down!
-- 420.739 since boot --
Pushing legs down!
-- 420.754 since boot --
Pushing legs down!
-- 420.785 since boot --
Pushing legs down!
-- 420.811 since boot --
Pushing legs down!
-- 420.84 since boot --
Pushing legs down!
-- 420.864 since boot --
Pushing legs down!
-- 420.895 since boot --
Pushing legs down!
-- 420.93 since boot --
Pushing legs down!
-- 420.945 since boot --
Pushing legs down!
-- 420.957 since boot --
Pushing legs down!
-- 420.993 since boot --
Pushing legs down!
-- 421.014 since boot --
Pushing legs down!
-- 421.045 since boot --
Pushing legs down!
-- 421.074 since boot --
Pushing legs down!
-- 421.1 since boot --
Pushing legs down!
-- 421.113 since boot --
Pushing legs down!
-- 421.137 since boot --
Pushing legs down!
-- 421.164 since boot --
Pushing legs down!
-- 421.2 since boot --
Pushing legs down!
-- 421.214 since boot --
Pushing legs down!
Watchdog not fed within 0.020000s
Loop time of 2.000000e-02s overrun

-- 421.249 since boot --
Pushing legs down!
	RobotPeriodic(): 0.003197s
	TeleopPeriodic(): 0.026414s
-- 421.269 since boot --
Pushing legs down!
-- 421.296 since boot --
Pushing legs down!
-- 421.332 since boot --
Pushing legs down!
-- 421.357 since boot --
Pushing legs down!
-- 421.391 since boot --
Pushing legs down!
-- 421.413 since boot --
Pushing legs down!
-- 421.429 since boot --
Pushing legs down!
-- 421.449 since boot --
Pushing legs down!
-- 421.468 since boot --
Pushing legs down!
-- 421.482 since boot --
Pushing legs down!
-- 421.526 since boot --
Pushing legs down!
-- 421.563 since boot --
Pushing legs down!
-- 421.577 since boot --
Pushing legs down!
-- 421.604 since boot --
Pushing legs down!
-- 421.628 since boot --
Pushing legs down!
-- 421.644 since boot --
Pushing legs down!
-- 421.681 since boot --
Pushing legs down!
-- 421.699 since boot --
Pushing legs down!
-- 421.739 since boot --
Pushing legs down!
-- 421.764 since boot --
Pushing legs down!
-- 421.789 since boot --
Pushing legs down!
-- 421.813 since boot --
Pushing legs down!
-- 421.828 since boot --
Pushing legs down!
-- 421.84 since boot --
Pushing legs down!
-- 421.879 since boot --
Pushing legs down!
-- 421.904 since boot --
Pushing legs down!
-- 421.932 since boot --
Pushing legs down!
-- 421.971 since boot --
Pushing legs down!
-- 421.986 since boot --
Pushing legs down!
-- 422.012 since boot --
Pushing legs down!
-- 422.039 since boot --
Pushing legs down!
-- 422.056 since boot --
Pushing legs down!
-- 422.093 since boot --
Pushing legs down!
-- 422.103 since boot --
Pushing legs down!
Watchdog not fed within 0.020000s
Loop time of 2.000000e-02s overrun

-- 422.146 since boot --
Pushing legs down!
	RobotPeriodic(): 0.001034s
	TeleopPeriodic(): 0.035363s
-- 422.175 since boot --
Pushing legs down!
-- 422.192 since boot --
Pushing legs down!
-- 422.228 since boot --
Pushing legs down!
-- 422.258 since boot --
Pushing legs down!
-- 422.283 since boot --
Pushing legs down!
-- 422.31 since boot --
Pushing legs down!
-- 422.336 since boot --
Pushing legs down!
-- 422.362 since boot --
Pushing legs down!
-- 422.377 since boot --
Pushing legs down!
-- 422.403 since boot --
Pushing legs down!
-- 422.447 since boot --
Pushing legs down!
-- 422.461 since boot --
Pushing legs down!
-- 422.5 since boot --
Pushing legs down!
-- 422.516 since boot --
Pushing legs down!
-- 422.541 since boot --
Pushing legs down!
-- 422.58 since boot --
Pushing legs down!
-- 422.604 since boot --
Pushing legs down!
-- 422.63 since boot --
Pushing legs down!
-- 422.656 since boot --
Pushing legs down!
-- 422.68 since boot --
Pushing legs down!
-- 422.692 since boot --
Pushing legs down!
-- 422.707 since boot --
Pushing legs down!
-- 422.745 since boot --
Pushing legs down!
-- 422.778 since boot --
Pushing legs down!
-- 422.801 since boot --
Pushing legs down!
-- 422.838 since boot --
Pushing legs down!
-- 422.856 since boot --
Pushing legs down!
-- 422.871 since boot --
Pushing legs down!
-- 422.899 since boot --
Pushing legs down!
-- 422.923 since boot --
Pushing legs down!
-- 422.96 since boot --
Pushing legs down!
-- 422.979 since boot --
Pushing legs down!
-- 423.014 since boot --
Pushing legs down!
-- 423.028 since boot --
Pushing legs down!
-- 423.052 since boot --
Pushing legs down!
-- 423.067 since boot --
Pushing legs down!
Watchdog not fed within 0.020000s
Loop time of 2.000000e-02s overrun

-- 423.103 since boot --
Pushing legs down!
	RobotPeriodic(): 0.000225s
	TeleopPeriodic(): 0.025457s
-- 423.134 since boot --
Pushing legs down!
-- 423.163 since boot --
Pushing legs down!
-- 423.199 since boot --
Pushing legs down!
-- 423.218 since boot --
Pushing legs down!
-- 423.233 since boot --
Pushing legs down!
-- 423.256 since boot --
Pushing legs down!
-- 423.283 since boot --
Pushing legs down!
-- 423.321 since boot --
Pushing legs down!
-- 423.339 since boot --
Pushing legs down!
-- 423.379 since boot --
Pushing legs down!
-- 423.407 since boot --
Pushing legs down!
-- 423.422 since boot --
Pushing legs down!
-- 423.435 since boot --
Pushing legs down!
-- 423.483 since boot --
Pushing legs down!
-- 423.502 since boot --
Pushing legs down!
-- 423.528 since boot --
Pushing legs down!
-- 423.561 since boot --
Pushing legs down!
-- 423.588 since boot --
Pushing legs down!
-- 423.616 since boot --
Pushing legs down!
-- 423.644 since boot --
Pushing legs down!
-- 423.675 since boot --
Pushing legs down!
-- 423.699 since boot --
Pushing legs down!
-- 423.729 since boot --
Pushing legs down!
-- 423.751 since boot --
Pushing legs down!
-- 423.766 since boot --
Pushing legs down!
-- 423.783 since boot --
Pushing legs down!
-- 423.788 since boot --
Pushing legs down!
-- 423.792 since boot --
Pushing legs down!
-- 423.813 since boot --
Pushing legs down!
-- 423.825 since boot --
Pushing legs down!
-- 423.842 since boot --
Pushing legs down!
-- 423.847 since boot --
Pushing legs down!
-- 423.851 since boot --
Pushing legs down!
-- 423.878 since boot --
Pushing legs down!
-- 423.907 since boot --
Pushing legs down!
-- 423.933 since boot --
Pushing legs down!
-- 423.946 since boot --
Pushing legs down!
-- 423.959 since boot --
Pushing legs down!
Watchdog not fed within 0.020000s
Loop time of 2.000000e-02s overrun

-- 423.996 since boot --
Pushing legs down!
	RobotPeriodic(): 0.000377s
	TeleopPeriodic(): 0.027468s
-- 424.026 since boot --
Pushing legs down!
-- 424.044 since boot --
Pushing legs down!
-- 424.058 since boot --
Pushing legs down!
-- 424.098 since boot --
Pushing legs down!
-- 424.112 since boot --
Pushing legs down!
-- 424.139 since boot --
Pushing legs down!
-- 424.165 since boot --
Pushing legs down!
-- 424.2 since boot --
Pushing legs down!
-- 424.227 since boot --
Pushing legs down!
-- 424.254 since boot --
Pushing legs down!
-- 424.283 since boot --
Pushing legs down!
-- 424.299 since boot --
Pushing legs down!
-- 424.314 since boot --
Pushing legs down!
-- 424.357 since boot --
Pushing legs down!
-- 424.38 since boot --
Pushing legs down!
-- 424.407 since boot --
Pushing legs down!
-- 424.449 since boot --
Pushing legs down!
-- 424.465 since boot --
Pushing legs down!
-- 424.49 since boot --
Pushing legs down!
-- 424.517 since boot --
Pushing legs down!
-- 424.557 since boot --
Pushing legs down!
-- 424.574 since boot --
Pushing legs down!
-- 424.613 since boot --
Pushing legs down!
-- 424.637 since boot --
Pushing legs down!
-- 424.65 since boot --
Pushing legs down!
-- 424.663 since boot --
Pushing legs down!
-- 424.699 since boot --
Pushing legs down!
-- 424.728 since boot --
Pushing legs down!
-- 424.75 since boot --
Pushing legs down!
-- 424.775 since boot --
Pushing legs down!
-- 424.807 since boot --
Pushing legs down!
-- 424.822 since boot --
Pushing legs down!
-- 424.848 since boot --
Pushing legs down!
Watchdog not fed within 0.020000s
Loop time of 2.000000e-02s overrun

-- 424.895 since boot --
Pushing legs down!
	RobotPeriodic(): 0.006019s
	TeleopPeriodic(): 0.022524s
-- 424.921 since boot --
Pushing legs down!
-- 424.956 since boot --
Pushing legs down!
-- 424.975 since boot --
Pushing legs down!
-- 424.99 since boot --
Pushing legs down!
-- 425.017 since boot --
Pushing legs down!
-- 425.061 since boot --
Pushing legs down!
-- 425.085 since boot --
Pushing legs down!
-- 425.111 since boot --
Pushing legs down!
-- 425.139 since boot --
Pushing legs down!
-- 425.166 since boot --
Pushing legs down!
-- 425.182 since boot --
Pushing legs down!
-- 425.221 since boot --
Pushing legs down!
-- 425.256 since boot --
Pushing legs down!
-- 425.277 since boot --
Pushing legs down!
-- 425.311 since boot --
Pushing legs down!
-- 425.333 since boot --
Pushing legs down!
-- 425.348 since boot --
Pushing legs down!
-- 425.373 since boot --
Pushing legs down!
-- 425.401 since boot --
Pushing legs down!
-- 425.443 since boot --
Pushing legs down!
-- 425.47 since boot --
Pushing legs down!
-- 425.499 since boot --
Pushing legs down!
-- 425.526 since boot --
Pushing legs down!
-- 425.54 since boot --
Pushing legs down!
-- 425.554 since boot --
Pushing legs down!
-- 425.589 since boot --
Pushing legs down!
-- 425.618 since boot --
Pushing legs down!
-- 425.644 since boot --
Pushing legs down!
-- 425.682 since boot --
Pushing legs down!
-- 425.696 since boot --
Pushing legs down!
-- 425.71 since boot --
Pushing legs down!
-- 425.735 since boot --
Pushing legs down!
-- 425.762 since boot --
Pushing legs down!
-- 425.802 since boot --
Pushing legs down!
-- 425.817 since boot --
Pushing legs down!
Watchdog not fed within 0.020000s
Loop time of 2.000000e-02s overrun

-- 425.852 since boot --
Pushing legs down!
	RobotPeriodic(): 0.000746s
	TeleopPeriodic(): 0.025629s
-- 425.88 since boot --
Pushing legs down!
-- 425.894 since boot --
Pushing legs down!
-- 425.908 since boot --
Pushing legs down!
-- 425.946 since boot --
Pushing legs down!
-- 425.972 since boot --
Pushing legs down!
-- 425.998 since boot --
Pushing legs down!
-- 426.023 since boot --
Pushing legs down!
-- 426.049 since boot --
Pushing legs down!
-- 426.073 since boot --
Pushing legs down!
-- 426.086 since boot --
Pushing legs down!
-- 426.113 since boot --
Pushing legs down!
-- 426.154 since boot --
Pushing legs down!
-- 426.168 since boot --
Pushing legs down!
-- 426.206 since boot --
Pushing legs down!
-- 426.221 since boot --
Pushing legs down!
-- 426.247 since boot --
Pushing legs down!
-- 426.279 since boot --
Pushing legs down!
-- 426.305 since boot --
Pushing legs down!
-- 426.336 since boot --
Pushing legs down!
-- 426.366 since boot --
Pushing legs down!
-- 426.39 since boot --
Pushing legs down!
-- 426.404 since boot --
Pushing legs down!
-- 426.418 since boot --
Pushing legs down!
-- 426.456 since boot --
Pushing legs down!
-- 426.487 since boot --
Pushing legs down!
-- 426.51 since boot --
Pushing legs down!
-- 426.546 since boot --
Pushing legs down!
-- 426.567 since boot --
Pushing legs down!
-- 426.581 since boot --
Pushing legs down!
-- 426.607 since boot --
Pushing legs down!
-- 426.634 since boot --
Pushing legs down!
-- 426.674 since boot --
Pushing legs down!
-- 426.697 since boot --
Pushing legs down!
-- 426.723 since boot --
Pushing legs down!
-- 426.744 since boot --
Pushing legs down!
-- 426.762 since boot --
Pushing legs down!
-- 426.778 since boot --
Pushing legs down!
Watchdog not fed within 0.020000s
Loop time of 2.000000e-02s overrun

-- 426.828 since boot --
Pushing legs down!
	RobotPeriodic(): 0.000890s
	TeleopPeriodic(): 0.032339s
-- 426.859 since boot --
Pushing legs down!
-- 426.893 since boot --
Pushing legs down!
Watchdog not fed within 0.020000s
Loop time of 2.000000e-02s overrun

	RobotPeriodic(): 0.000465s
	TeleopPeriodic(): 0.020634s
Watchdog not fed within 0.020000s
Loop time of 2.000000e-02s overrun

	RobotPeriodic(): 0.000124s
	TeleopPeriodic(): 0.029983s
Watchdog not fed within 0.020000s
Loop time of 2.000000e-02s overrun

	RobotPeriodic(): 0.000130s
	TeleopPeriodic(): 0.022238s
Watchdog not fed within 0.020000s
Loop time of 2.000000e-02s overrun

	RobotPeriodic(): 0.000139s
	TeleopPeriodic(): 0.020389s
-- 431.666 since boot --
Pushing legs down!
-- 431.694 since boot --
Pushing legs down!
Watchdog not fed within 0.020000s
Loop time of 2.000000e-02s overrun

	RobotPeriodic(): 0.000134s
	TeleopPeriodic(): 0.021084s
Watchdog not fed within 0.020000s
Loop time of 2.000000e-02s overrun

	RobotPeriodic(): 0.001078s
	TeleopPeriodic(): 0.021466s
Watchdog not fed within 0.020000s
Loop time of 2.000000e-02s overrun

	RobotPeriodic(): 0.000328s
	TeleopPeriodic(): 0.024617s
Watchdog not fed within 0.020000s
Loop time of 2.000000e-02s overrun

	RobotPeriodic(): 0.000245s
	TeleopPeriodic(): 0.025645s
Watchdog not fed within 0.020000s
Loop time of 2.000000e-02s overrun

	RobotPeriodic(): 0.000117s
	TeleopPeriodic(): 0.024545s
Watchdog not fed within 0.020000s
Loop time of 2.000000e-02s overrun

	RobotPeriodic(): 0.000137s
	TeleopPeriodic(): 0.021619s
Watchdog not fed within 0.020000s
Loop time of 2.000000e-02s overrun

	RobotPeriodic(): 0.000147s
	TeleopPeriodic(): 0.026872s
Watchdog not fed within 0.020000s
Loop time of 2.000000e-02s overrun

	RobotPeriodic(): 0.000135s
	TeleopPeriodic(): 0.025135s
Watchdog not fed within 0.020000s
Loop time of 2.000000e-02s overrun

	RobotPeriodic(): 0.000166s
	TeleopPeriodic(): 0.020176s
Watchdog not fed within 0.020000s
Loop time of 2.000000e-02s overrun

	RobotPeriodic(): 0.000127s
	TeleopPeriodic(): 0.028622s
Watchdog not fed within 0.020000s
Loop time of 2.000000e-02s overrun

	RobotPeriodic(): 0.000103s
	TeleopPeriodic(): 0.022780s
Watchdog not fed within 0.020000s
Loop time of 2.000000e-02s overrun

	RobotPeriodic(): 0.000121s
	TeleopPeriodic(): 0.024874s
Robot disabling.. DONE
